# JRE version: OpenJDK Runtime Environment (8.0_191-b12) (build 1.8.0_191-b12)
# Java VM: OpenJDK 64-Bit Server VM (25.191-b12 mixed mode linux-amd64 compressed oops)
Heap:
 PSYoungGen      total 160256K, used 3327K [0x00000000f5d00000, 0x00000000fff00000, 0x0000000100000000)
  eden space 154624K, 0% used [0x00000000f5d00000,0x00000000f5d00000,0x00000000ff400000)
  from space 5632K, 59% used [0x00000000ff400000,0x00000000ff73fd20,0x00000000ff980000)
  to   space 5120K, 0% used [0x00000000ffa00000,0x00000000ffa00000,0x00000000fff00000)
 ParOldGen       total 334848K, used 217470K [0x00000000e1600000, 0x00000000f5d00000, 0x00000000f5d00000)
  object space 334848K, 64% used [0x00000000e1600000,0x00000000eea5f8c0,0x00000000f5d00000)
 Metaspace       used 51912K, capacity 55510K, committed 55680K, reserved 1097728K
  class space    used 6604K, capacity 7502K, committed 7552K, reserved 1048576K
GC Heap History (250 events):
Event: 13416.217 GC heap after
Heap after GC invocations=5363 (full 13):
 PSYoungGen      total 159744K, used 5144K [0x00000000f5d00000, 0x0000000100000000, 0x0000000100000000)
  eden space 152064K, 0% used [0x00000000f5d00000,0x00000000f5d00000,0x00000000ff180000)
  from space 7680K, 66% used [0x00000000ff880000,0x00000000ffd860d0,0x0000000100000000)
  to   space 7168K, 0% used [0x00000000ff180000,0x00000000ff180000,0x00000000ff880000)
 ParOldGen       total 334848K, used 311212K [0x00000000e1600000, 0x00000000f5d00000, 0x00000000f5d00000)
  object space 334848K, 92% used [0x00000000e1600000,0x00000000f45eb200,0x00000000f5d00000)
 Metaspace       used 51921K, capacity 55540K, committed 55680K, reserved 1097728K
  class space    used 6607K, capacity 7507K, committed 7552K, reserved 1048576K
}
Event: 13417.610 GC heap before
{Heap before GC invocations=5364 (full 13):
 PSYoungGen      total 159744K, used 157208K [0x00000000f5d00000, 0x0000000100000000, 0x0000000100000000)
  eden space 152064K, 100% used [0x00000000f5d00000,0x00000000ff180000,0x00000000ff180000)
  from space 7680K, 66% used [0x00000000ff880000,0x00000000ffd860d0,0x0000000100000000)
  to   space 7168K, 0% used [0x00000000ff180000,0x00000000ff180000,0x00000000ff880000)
 ParOldGen       total 334848K, used 311212K [0x00000000e1600000, 0x00000000f5d00000, 0x00000000f5d00000)
  object space 334848K, 92% used [0x00000000e1600000,0x00000000f45eb200,0x00000000f5d00000)
 Metaspace       used 51921K, capacity 55540K, committed 55680K, reserved 1097728K
  class space    used 6607K, capacity 7507K, committed 7552K, reserved 1048576K
Event: 13417.618 GC heap after
Heap after GC invocations=5364 (full 13):
 PSYoungGen      total 159232K, used 5668K [0x00000000f5d00000, 0x0000000100000000, 0x0000000100000000)
  eden space 152064K, 0% used [0x00000000f5d00000,0x00000000f5d00000,0x00000000ff180000)
  from space 7168K, 79% used [0x00000000ff180000,0x00000000ff7092f0,0x00000000ff880000)
  to   space 7680K, 0% used [0x00000000ff880000,0x00000000ff880000,0x0000000100000000)
 ParOldGen       total 334848K, used 311340K [0x00000000e1600000, 0x00000000f5d00000, 0x00000000f5d00000)
  object space 334848K, 92% used [0x00000000e1600000,0x00000000f460b200,0x00000000f5d00000)
 Metaspace       used 51921K, capacity 55540K, committed 55680K, reserved 1097728K
  class space    used 6607K, capacity 7507K, committed 7552K, reserved 1048576K
}
Event: 13419.061 GC heap before
{Heap before GC invocations=5365 (full 13):
 PSYoungGen      total 159232K, used 157732K [0x00000000f5d00000, 0x0000000100000000, 0x0000000100000000)
  eden space 152064K, 100% used [0x00000000f5d00000,0x00000000ff180000,0x00000000ff180000)
  from space 7168K, 79% used [0x00000000ff180000,0x00000000ff7092f0,0x00000000ff880000)
  to   space 7680K, 0% used [0x00000000ff880000,0x00000000ff880000,0x0000000100000000)
 ParOldGen       total 334848K, used 311340K [0x00000000e1600000, 0x00000000f5d00000, 0x00000000f5d00000)
  object space 334848K, 92% used [0x00000000e1600000,0x00000000f460b200,0x00000000f5d00000)
 Metaspace       used 51921K, capacity 55540K, committed 55680K, reserved 1097728K
  class space    used 6607K, capacity 7507K, committed 7552K, reserved 1048576K
Event: 13419.068 GC heap after
Heap after GC invocations=5365 (full 13):
 PSYoungGen      total 159232K, used 5572K [0x00000000f5d00000, 0x0000000100000000, 0x0000000100000000)
  eden space 151552K, 0% used [0x00000000f5d00000,0x00000000f5d00000,0x00000000ff100000)
  from space 7680K, 72% used [0x00000000ff880000,0x00000000ffdf12f0,0x0000000100000000)
  to   space 7680K, 0% used [0x00000000ff100000,0x00000000ff100000,0x00000000ff880000)
 ParOldGen       total 334848K, used 311428K [0x00000000e1600000, 0x00000000f5d00000, 0x00000000f5d00000)
  object space 334848K, 93% used [0x00000000e1600000,0x00000000f4621200,0x00000000f5d00000)
 Metaspace       used 51921K, capacity 55540K, committed 55680K, reserved 1097728K
  class space    used 6607K, capacity 7507K, committed 7552K, reserved 1048576K
}
Event: 13420.512 GC heap before
{Heap before GC invocations=5366 (full 13):
 PSYoungGen      total 159232K, used 157124K [0x00000000f5d00000, 0x0000000100000000, 0x0000000100000000)
  eden space 151552K, 100% used [0x00000000f5d00000,0x00000000ff100000,0x00000000ff100000)
  from space 7680K, 72% used [0x00000000ff880000,0x00000000ffdf12f0,0x0000000100000000)
  to   space 7680K, 0% used [0x00000000ff100000,0x00000000ff100000,0x00000000ff880000)
 ParOldGen       total 334848K, used 311428K [0x00000000e1600000, 0x00000000f5d00000, 0x00000000f5d00000)
  object space 334848K, 93% used [0x00000000e1600000,0x00000000f4621200,0x00000000f5d00000)
 Metaspace       used 51921K, capacity 55540K, committed 55680K, reserved 1097728K
  class space    used 6607K, capacity 7507K, committed 7552K, reserved 1048576K
Event: 13420.519 GC heap after
Heap after GC invocations=5366 (full 13):
 PSYoungGen      total 157184K, used 5316K [0x00000000f5d00000, 0x00000000fff00000, 0x0000000100000000)
  eden space 151552K, 0% used [0x00000000f5d00000,0x00000000f5d00000,0x00000000ff100000)
  from space 5632K, 94% used [0x00000000ff100000,0x00000000ff6312f0,0x00000000ff680000)
  to   space 7168K, 0% used [0x00000000ff800000,0x00000000ff800000,0x00000000fff00000)
 ParOldGen       total 334848K, used 311564K [0x00000000e1600000, 0x00000000f5d00000, 0x00000000f5d00000)
  object space 334848K, 93% used [0x00000000e1600000,0x00000000f4643200,0x00000000f5d00000)
 Metaspace       used 51921K, capacity 55540K, committed 55680K, reserved 1097728K
  class space    used 6607K, capacity 7507K, committed 7552K, reserved 1048576K
}
Event: 13421.779 GC heap before
{Heap before GC invocations=5367 (full 13):
 PSYoungGen      total 157184K, used 156868K [0x00000000f5d00000, 0x00000000fff00000, 0x0000000100000000)
  eden space 151552K, 100% used [0x00000000f5d00000,0x00000000ff100000,0x00000000ff100000)
  from space 5632K, 94% used [0x00000000ff100000,0x00000000ff6312f0,0x00000000ff680000)
  to   space 7168K, 0% used [0x00000000ff800000,0x00000000ff800000,0x00000000fff00000)
 ParOldGen       total 334848K, used 311564K [0x00000000e1600000, 0x00000000f5d00000, 0x00000000f5d00000)
  object space 334848K, 93% used [0x00000000e1600000,0x00000000f4643200,0x00000000f5d00000)
 Metaspace       used 51923K, capacity 55540K, committed 55680K, reserved 1097728K
  class space    used 6607K, capacity 7507K, committed 7552K, reserved 1048576K
Event: 13421.791 GC heap after
Heap after GC invocations=5367 (full 13):
 PSYoungGen      total 157696K, used 7167K [0x00000000f5d00000, 0x0000000100000000, 0x0000000100000000)
  eden space 150528K, 0% used [0x00000000f5d00000,0x00000000f5d00000,0x00000000ff000000)
  from space 7168K, 99% used [0x00000000ff800000,0x00000000ffeffc78,0x00000000fff00000)
  to   space 8192K, 0% used [0x00000000ff000000,0x00000000ff000000,0x00000000ff800000)
 ParOldGen       total 334848K, used 312202K [0x00000000e1600000, 0x00000000f5d00000, 0x00000000f5d00000)
  object space 334848K, 93% used [0x00000000e1600000,0x00000000f46e2890,0x00000000f5d00000)
 Metaspace       used 51923K, capacity 55540K, committed 55680K, reserved 1097728K
  class space    used 6607K, capacity 7507K, committed 7552K, reserved 1048576K
}
Event: 13423.163 GC heap before
{Heap before GC invocations=5368 (full 13):
 PSYoungGen      total 157696K, used 157695K [0x00000000f5d00000, 0x0000000100000000, 0x0000000100000000)
  eden space 150528K, 100% used [0x00000000f5d00000,0x00000000ff000000,0x00000000ff000000)
  from space 7168K, 99% used [0x00000000ff800000,0x00000000ffeffc78,0x00000000fff00000)
  to   space 8192K, 0% used [0x00000000ff000000,0x00000000ff000000,0x00000000ff800000)
 ParOldGen       total 334848K, used 312202K [0x00000000e1600000, 0x00000000f5d00000, 0x00000000f5d00000)
  object space 334848K, 93% used [0x00000000e1600000,0x00000000f46e2890,0x00000000f5d00000)
 Metaspace       used 51923K, capacity 55540K, committed 55680K, reserved 1097728K
  class space    used 6607K, capacity 7507K, committed 7552K, reserved 1048576K
Event: 13423.171 GC heap after
Heap after GC invocations=5368 (full 13):
 PSYoungGen      total 158208K, used 7263K [0x00000000f5d00000, 0x0000000100000000, 0x0000000100000000)
  eden space 150528K, 0% used [0x00000000f5d00000,0x00000000f5d00000,0x00000000ff000000)
  from space 7680K, 94% used [0x00000000ff000000,0x00000000ff717c78,0x00000000ff780000)
  to   space 8704K, 0% used [0x00000000ff780000,0x00000000ff780000,0x0000000100000000)
 ParOldGen       total 334848K, used 312338K [0x00000000e1600000, 0x00000000f5d00000, 0x00000000f5d00000)
  object space 334848K, 93% used [0x00000000e1600000,0x00000000f4704890,0x00000000f5d00000)
 Metaspace       used 51923K, capacity 55540K, committed 55680K, reserved 1097728K
  class space    used 6607K, capacity 7507K, committed 7552K, reserved 1048576K
}
Event: 13424.567 GC heap before
{Heap before GC invocations=5369 (full 13):
 PSYoungGen      total 158208K, used 157791K [0x00000000f5d00000, 0x0000000100000000, 0x0000000100000000)
  eden space 150528K, 100% used [0x00000000f5d00000,0x00000000ff000000,0x00000000ff000000)
  from space 7680K, 94% used [0x00000000ff000000,0x00000000ff717c78,0x00000000ff780000)
  to   space 8704K, 0% used [0x00000000ff780000,0x00000000ff780000,0x0000000100000000)
 ParOldGen       total 334848K, used 312338K [0x00000000e1600000, 0x00000000f5d00000, 0x00000000f5d00000)
  object space 334848K, 93% used [0x00000000e1600000,0x00000000f4704890,0x00000000f5d00000)
 Metaspace       used 51923K, capacity 55540K, committed 55680K, reserved 1097728K
  class space    used 6607K, capacity 7507K, committed 7552K, reserved 1048576K
Event: 13424.575 GC heap after
Heap after GC invocations=5369 (full 13):
 PSYoungGen      total 157184K, used 7359K [0x00000000f5d00000, 0x0000000100000000, 0x0000000100000000)
  eden space 148480K, 0% used [0x00000000f5d00000,0x00000000f5d00000,0x00000000fee00000)
  from space 8704K, 84% used [0x00000000ff780000,0x00000000ffeafc78,0x0000000100000000)
  to   space 9216K, 0% used [0x00000000fee00000,0x00000000fee00000,0x00000000ff700000)
 ParOldGen       total 334848K, used 312338K [0x00000000e1600000, 0x00000000f5d00000, 0x00000000f5d00000)
  object space 334848K, 93% used [0x00000000e1600000,0x00000000f4704890,0x00000000f5d00000)
 Metaspace       used 51923K, capacity 55540K, committed 55680K, reserved 1097728K
  class space    used 6607K, capacity 7507K, committed 7552K, reserved 1048576K
}
Event: 13425.972 GC heap before
{Heap before GC invocations=5370 (full 13):
 PSYoungGen      total 157184K, used 155817K [0x00000000f5d00000, 0x0000000100000000, 0x0000000100000000)
  eden space 148480K, 99% used [0x00000000f5d00000,0x00000000fedfaa30,0x00000000fee00000)
  from space 8704K, 84% used [0x00000000ff780000,0x00000000ffeafc78,0x0000000100000000)
  to   space 9216K, 0% used [0x00000000fee00000,0x00000000fee00000,0x00000000ff700000)
 ParOldGen       total 334848K, used 312338K [0x00000000e1600000, 0x00000000f5d00000, 0x00000000f5d00000)
  object space 334848K, 93% used [0x00000000e1600000,0x00000000f4704890,0x00000000f5d00000)
 Metaspace       used 51925K, capacity 55540K, committed 55680K, reserved 1097728K
  class space    used 6607K, capacity 7507K, committed 7552K, reserved 1048576K
Event: 13425.980 GC heap after
Heap after GC invocations=5370 (full 13):
 PSYoungGen      total 156672K, used 7853K [0x00000000f5d00000, 0x0000000100000000, 0x0000000100000000)
  eden space 148480K, 0% used [0x00000000f5d00000,0x00000000f5d00000,0x00000000fee00000)
  from space 8192K, 95% used [0x00000000fee00000,0x00000000ff5ab6a0,0x00000000ff600000)
  to   space 9728K, 0% used [0x00000000ff680000,0x00000000ff680000,0x0000000100000000)
 ParOldGen       total 334848K, used 312378K [0x00000000e1600000, 0x00000000f5d00000, 0x00000000f5d00000)
  object space 334848K, 93% used [0x00000000e1600000,0x00000000f470e890,0x00000000f5d00000)
 Metaspace       used 51925K, capacity 55540K, committed 55680K, reserved 1097728K
  class space    used 6607K, capacity 7507K, committed 7552K, reserved 1048576K
}
Event: 13427.264 GC heap before
{Heap before GC invocations=5371 (full 13):
 PSYoungGen      total 156672K, used 156333K [0x00000000f5d00000, 0x0000000100000000, 0x0000000100000000)
  eden space 148480K, 100% used [0x00000000f5d00000,0x00000000fee00000,0x00000000fee00000)
  from space 8192K, 95% used [0x00000000fee00000,0x00000000ff5ab6a0,0x00000000ff600000)
  to   space 9728K, 0% used [0x00000000ff680000,0x00000000ff680000,0x0000000100000000)
 ParOldGen       total 334848K, used 312378K [0x00000000e1600000, 0x00000000f5d00000, 0x00000000f5d00000)
  object space 334848K, 93% used [0x00000000e1600000,0x00000000f470e890,0x00000000f5d00000)
 Metaspace       used 51925K, capacity 55540K, committed 55680K, reserved 1097728K
  class space    used 6607K, capacity 7507K, committed 7552K, reserved 1048576K
Event: 13427.273 GC heap after
Heap after GC invocations=5371 (full 13):
 PSYoungGen      total 156160K, used 8176K [0x00000000f5d00000, 0x0000000100000000, 0x0000000100000000)
  eden space 146432K, 0% used [0x00000000f5d00000,0x00000000f5d00000,0x00000000fec00000)
  from space 9728K, 84% used [0x00000000ff680000,0x00000000ffe7c338,0x0000000100000000)
  to   space 10240K, 0% used [0x00000000fec00000,0x00000000fec00000,0x00000000ff600000)
 ParOldGen       total 334848K, used 312458K [0x00000000e1600000, 0x00000000f5d00000, 0x00000000f5d00000)
  object space 334848K, 93% used [0x00000000e1600000,0x00000000f4722890,0x00000000f5d00000)
 Metaspace       used 51925K, capacity 55540K, committed 55680K, reserved 1097728K
  class space    used 6607K, capacity 7507K, committed 7552K, reserved 1048576K
}
Event: 13428.660 GC heap before
{Heap before GC invocations=5372 (full 13):
 PSYoungGen      total 156160K, used 154608K [0x00000000f5d00000, 0x0000000100000000, 0x0000000100000000)
  eden space 146432K, 100% used [0x00000000f5d00000,0x00000000fec00000,0x00000000fec00000)
  from space 9728K, 84% used [0x00000000ff680000,0x00000000ffe7c338,0x0000000100000000)
  to   space 10240K, 0% used [0x00000000fec00000,0x00000000fec00000,0x00000000ff600000)
 ParOldGen       total 334848K, used 312458K [0x00000000e1600000, 0x00000000f5d00000, 0x00000000f5d00000)
  object space 334848K, 93% used [0x00000000e1600000,0x00000000f4722890,0x00000000f5d00000)
 Metaspace       used 51925K, capacity 55540K, committed 55680K, reserved 1097728K
  class space    used 6607K, capacity 7507K, committed 7552K, reserved 1048576K
Event: 13428.667 GC heap after
Heap after GC invocations=5372 (full 13):
 PSYoungGen      total 155136K, used 8255K [0x00000000f5d00000, 0x0000000100000000, 0x0000000100000000)
  eden space 146432K, 0% used [0x00000000f5d00000,0x00000000f5d00000,0x00000000fec00000)
  from space 8704K, 94% used [0x00000000fec00000,0x00000000ff40fcf8,0x00000000ff480000)
  to   space 10752K, 0% used [0x00000000ff580000,0x00000000ff580000,0x0000000100000000)
 ParOldGen       total 334848K, used 312514K [0x00000000e1600000, 0x00000000f5d00000, 0x00000000f5d00000)
  object space 334848K, 93% used [0x00000000e1600000,0x00000000f4730890,0x00000000f5d00000)
 Metaspace       used 51925K, capacity 55540K, committed 55680K, reserved 1097728K
  class space    used 6607K, capacity 7507K, committed 7552K, reserved 1048576K
}
Event: 13430.019 GC heap before
{Heap before GC invocations=5373 (full 13):
 PSYoungGen      total 155136K, used 154687K [0x00000000f5d00000, 0x0000000100000000, 0x0000000100000000)
  eden space 146432K, 100% used [0x00000000f5d00000,0x00000000fec00000,0x00000000fec00000)
  from space 8704K, 94% used [0x00000000fec00000,0x00000000ff40fcf8,0x00000000ff480000)
  to   space 10752K, 0% used [0x00000000ff580000,0x00000000ff580000,0x0000000100000000)
 ParOldGen       total 334848K, used 312514K [0x00000000e1600000, 0x00000000f5d00000, 0x00000000f5d00000)
  object space 334848K, 93% used [0x00000000e1600000,0x00000000f4730890,0x00000000f5d00000)
 Metaspace       used 51925K, capacity 55540K, committed 55680K, reserved 1097728K
  class space    used 6607K, capacity 7507K, committed 7552K, reserved 1048576K
Event: 13430.027 GC heap after
Heap after GC invocations=5373 (full 13):
 PSYoungGen      total 156672K, used 7103K [0x00000000f5d00000, 0x0000000100000000, 0x0000000100000000)
  eden space 145920K, 0% used [0x00000000f5d00000,0x00000000f5d00000,0x00000000feb80000)
  from space 10752K, 66% used [0x00000000ff580000,0x00000000ffc6fcf8,0x0000000100000000)
  to   space 10240K, 0% used [0x00000000feb80000,0x00000000feb80000,0x00000000ff580000)
 ParOldGen       total 334848K, used 313762K [0x00000000e1600000, 0x00000000f5d00000, 0x00000000f5d00000)
  object space 334848K, 93% used [0x00000000e1600000,0x00000000f4868890,0x00000000f5d00000)
 Metaspace       used 51925K, capacity 55540K, committed 55680K, reserved 1097728K
  class space    used 6607K, capacity 7507K, committed 7552K, reserved 1048576K
}
Event: 13431.459 GC heap before
{Heap before GC invocations=5374 (full 13):
 PSYoungGen      total 156672K, used 153023K [0x00000000f5d00000, 0x0000000100000000, 0x0000000100000000)
  eden space 145920K, 100% used [0x00000000f5d00000,0x00000000feb80000,0x00000000feb80000)
  from space 10752K, 66% used [0x00000000ff580000,0x00000000ffc6fcf8,0x0000000100000000)
  to   space 10240K, 0% used [0x00000000feb80000,0x00000000feb80000,0x00000000ff580000)
 ParOldGen       total 334848K, used 313762K [0x00000000e1600000, 0x00000000f5d00000, 0x00000000f5d00000)
  object space 334848K, 93% used [0x00000000e1600000,0x00000000f4868890,0x00000000f5d00000)
 Metaspace       used 51925K, capacity 55540K, committed 55680K, reserved 1097728K
  class space    used 6607K, capacity 7507K, committed 7552K, reserved 1048576K
Event: 13431.467 GC heap after
Heap after GC invocations=5374 (full 13):
 PSYoungGen      total 156160K, used 7007K [0x00000000f5d00000, 0x00000000fff80000, 0x0000000100000000)
  eden space 145920K, 0% used [0x00000000f5d00000,0x00000000f5d00000,0x00000000feb80000)
  from space 10240K, 68% used [0x00000000feb80000,0x00000000ff257cf8,0x00000000ff580000)
  to   space 10240K, 0% used [0x00000000ff580000,0x00000000ff580000,0x00000000fff80000)
 ParOldGen       total 334848K, used 313866K [0x00000000e1600000, 0x00000000f5d00000, 0x00000000f5d00000)
  object space 334848K, 93% used [0x00000000e1600000,0x00000000f4882890,0x00000000f5d00000)
 Metaspace       used 51925K, capacity 55540K, committed 55680K, reserved 1097728K
  class space    used 6607K, capacity 7507K, committed 7552K, reserved 1048576K
}
Event: 13432.860 GC heap before
{Heap before GC invocations=5375 (full 13):
 PSYoungGen      total 156160K, used 152927K [0x00000000f5d00000, 0x00000000fff80000, 0x0000000100000000)
  eden space 145920K, 100% used [0x00000000f5d00000,0x00000000feb80000,0x00000000feb80000)
  from space 10240K, 68% used [0x00000000feb80000,0x00000000ff257cf8,0x00000000ff580000)
  to   space 10240K, 0% used [0x00000000ff580000,0x00000000ff580000,0x00000000fff80000)
 ParOldGen       total 334848K, used 313866K [0x00000000e1600000, 0x00000000f5d00000, 0x00000000f5d00000)
  object space 334848K, 93% used [0x00000000e1600000,0x00000000f4882890,0x00000000f5d00000)
 Metaspace       used 51925K, capacity 55540K, committed 55680K, reserved 1097728K
  class space    used 6607K, capacity 7507K, committed 7552K, reserved 1048576K
Event: 13432.868 GC heap after
Heap after GC invocations=5375 (full 13):
 PSYoungGen      total 156160K, used 5983K [0x00000000f5d00000, 0x00000000fff00000, 0x0000000100000000)
  eden space 146432K, 0% used [0x00000000f5d00000,0x00000000f5d00000,0x00000000fec00000)
  from space 9728K, 61% used [0x00000000ff580000,0x00000000ffb57cf8,0x00000000fff00000)
  to   space 9728K, 0% used [0x00000000fec00000,0x00000000fec00000,0x00000000ff580000)
 ParOldGen       total 334848K, used 315090K [0x00000000e1600000, 0x00000000f5d00000, 0x00000000f5d00000)
  object space 334848K, 94% used [0x00000000e1600000,0x00000000f49b4890,0x00000000f5d00000)
 Metaspace       used 51925K, capacity 55540K, committed 55680K, reserved 1097728K
  class space    used 6607K, capacity 7507K, committed 7552K, reserved 1048576K
}
Event: 13434.066 GC heap before
{Heap before GC invocations=5376 (full 13):
 PSYoungGen      total 156160K, used 152415K [0x00000000f5d00000, 0x00000000fff00000, 0x0000000100000000)
  eden space 146432K, 100% used [0x00000000f5d00000,0x00000000fec00000,0x00000000fec00000)
  from space 9728K, 61% used [0x00000000ff580000,0x00000000ffb57cf8,0x00000000fff00000)
  to   space 9728K, 0% used [0x00000000fec00000,0x00000000fec00000,0x00000000ff580000)
 ParOldGen       total 334848K, used 315090K [0x00000000e1600000, 0x00000000f5d00000, 0x00000000f5d00000)
  object space 334848K, 94% used [0x00000000e1600000,0x00000000f49b4890,0x00000000f5d00000)
 Metaspace       used 51925K, capacity 55540K, committed 55680K, reserved 1097728K
  class space    used 6607K, capacity 7507K, committed 7552K, reserved 1048576K
Event: 13434.075 GC heap after
Heap after GC invocations=5376 (full 13):
 PSYoungGen      total 156160K, used 8037K [0x00000000f5d00000, 0x0000000100000000, 0x0000000100000000)
  eden space 146432K, 0% used [0x00000000f5d00000,0x00000000f5d00000,0x00000000fec00000)
  from space 9728K, 82% used [0x00000000fec00000,0x00000000ff3d9738,0x00000000ff580000)
  to   space 10240K, 0% used [0x00000000ff600000,0x00000000ff600000,0x0000000100000000)
 ParOldGen       total 334848K, used 315130K [0x00000000e1600000, 0x00000000f5d00000, 0x00000000f5d00000)
  object space 334848K, 94% used [0x00000000e1600000,0x00000000f49be890,0x00000000f5d00000)
 Metaspace       used 51925K, capacity 55540K, committed 55680K, reserved 1097728K
  class space    used 6607K, capacity 7507K, committed 7552K, reserved 1048576K
}
Event: 13435.414 GC heap before
{Heap before GC invocations=5377 (full 13):
 PSYoungGen      total 156160K, used 154469K [0x00000000f5d00000, 0x0000000100000000, 0x0000000100000000)
  eden space 146432K, 100% used [0x00000000f5d00000,0x00000000fec00000,0x00000000fec00000)
  from space 9728K, 82% used [0x00000000fec00000,0x00000000ff3d9738,0x00000000ff580000)
  to   space 10240K, 0% used [0x00000000ff600000,0x00000000ff600000,0x0000000100000000)
 ParOldGen       total 334848K, used 315130K [0x00000000e1600000, 0x00000000f5d00000, 0x00000000f5d00000)
  object space 334848K, 94% used [0x00000000e1600000,0x00000000f49be890,0x00000000f5d00000)
 Metaspace       used 51925K, capacity 55540K, committed 55680K, reserved 1097728K
  class space    used 6607K, capacity 7507K, committed 7552K, reserved 1048576K
Event: 13435.423 GC heap after
Heap after GC invocations=5377 (full 13):
 PSYoungGen      total 156672K, used 8005K [0x00000000f5d00000, 0x0000000100000000, 0x0000000100000000)
  eden space 146432K, 0% used [0x00000000f5d00000,0x00000000f5d00000,0x00000000fec00000)
  from space 10240K, 78% used [0x00000000ff600000,0x00000000ffdd1738,0x0000000100000000)
  to   space 10240K, 0% used [0x00000000fec00000,0x00000000fec00000,0x00000000ff600000)
 ParOldGen       total 334848K, used 315282K [0x00000000e1600000, 0x00000000f5d00000, 0x00000000f5d00000)
  object space 334848K, 94% used [0x00000000e1600000,0x00000000f49e4890,0x00000000f5d00000)
 Metaspace       used 51925K, capacity 55540K, committed 55680K, reserved 1097728K
  class space    used 6607K, capacity 7507K, committed 7552K, reserved 1048576K
}
Event: 13436.768 GC heap before
{Heap before GC invocations=5378 (full 13):
 PSYoungGen      total 156672K, used 154437K [0x00000000f5d00000, 0x0000000100000000, 0x0000000100000000)
  eden space 146432K, 100% used [0x00000000f5d00000,0x00000000fec00000,0x00000000fec00000)
  from space 10240K, 78% used [0x00000000ff600000,0x00000000ffdd1738,0x0000000100000000)
  to   space 10240K, 0% used [0x00000000fec00000,0x00000000fec00000,0x00000000ff600000)
 ParOldGen       total 334848K, used 315282K [0x00000000e1600000, 0x00000000f5d00000, 0x00000000f5d00000)
  object space 334848K, 94% used [0x00000000e1600000,0x00000000f49e4890,0x00000000f5d00000)
 Metaspace       used 51925K, capacity 55540K, committed 55680K, reserved 1097728K
  class space    used 6607K, capacity 7507K, committed 7552K, reserved 1048576K
Event: 13436.779 GC heap after
Heap after GC invocations=5378 (full 13):
 PSYoungGen      total 154624K, used 7909K [0x00000000f5d00000, 0x0000000100000000, 0x0000000100000000)
  eden space 146432K, 0% used [0x00000000f5d00000,0x00000000f5d00000,0x00000000fec00000)
  from space 8192K, 96% used [0x00000000fec00000,0x00000000ff3b9738,0x00000000ff400000)
  to   space 10752K, 0% used [0x00000000ff580000,0x00000000ff580000,0x0000000100000000)
 ParOldGen       total 334848K, used 315394K [0x00000000e1600000, 0x00000000f5d00000, 0x00000000f5d00000)
  object space 334848K, 94% used [0x00000000e1600000,0x00000000f4a00890,0x00000000f5d00000)
 Metaspace       used 51925K, capacity 55540K, committed 55680K, reserved 1097728K
  class space    used 6607K, capacity 7507K, committed 7552K, reserved 1048576K
}
Event: 13438.117 GC heap before
{Heap before GC invocations=5379 (full 13):
 PSYoungGen      total 154624K, used 154341K [0x00000000f5d00000, 0x0000000100000000, 0x0000000100000000)
  eden space 146432K, 100% used [0x00000000f5d00000,0x00000000fec00000,0x00000000fec00000)
  from space 8192K, 96% used [0x00000000fec00000,0x00000000ff3b9738,0x00000000ff400000)
  to   space 10752K, 0% used [0x00000000ff580000,0x00000000ff580000,0x0000000100000000)
 ParOldGen       total 334848K, used 315394K [0x00000000e1600000, 0x00000000f5d00000, 0x00000000f5d00000)
  object space 334848K, 94% used [0x00000000e1600000,0x00000000f4a00890,0x00000000f5d00000)
 Metaspace       used 51925K, capacity 55540K, committed 55680K, reserved 1097728K
  class space    used 6607K, capacity 7507K, committed 7552K, reserved 1048576K
Event: 13438.125 GC heap after
Heap after GC invocations=5379 (full 13):
 PSYoungGen      total 156672K, used 6661K [0x00000000f5d00000, 0x0000000100000000, 0x0000000100000000)
  eden space 145920K, 0% used [0x00000000f5d00000,0x00000000f5d00000,0x00000000feb80000)
  from space 10752K, 61% used [0x00000000ff580000,0x00000000ffc01738,0x0000000100000000)
  to   space 10240K, 0% used [0x00000000feb80000,0x00000000feb80000,0x00000000ff580000)
 ParOldGen       total 334848K, used 316834K [0x00000000e1600000, 0x00000000f5d00000, 0x00000000f5d00000)
  object space 334848K, 94% used [0x00000000e1600000,0x00000000f4b68890,0x00000000f5d00000)
 Metaspace       used 51925K, capacity 55540K, committed 55680K, reserved 1097728K
  class space    used 6607K, capacity 7507K, committed 7552K, reserved 1048576K
}
Event: 13439.420 GC heap before
{Heap before GC invocations=5380 (full 13):
 PSYoungGen      total 156672K, used 152581K [0x00000000f5d00000, 0x0000000100000000, 0x0000000100000000)
  eden space 145920K, 100% used [0x00000000f5d00000,0x00000000feb80000,0x00000000feb80000)
  from space 10752K, 61% used [0x00000000ff580000,0x00000000ffc01738,0x0000000100000000)
  to   space 10240K, 0% used [0x00000000feb80000,0x00000000feb80000,0x00000000ff580000)
 ParOldGen       total 334848K, used 316834K [0x00000000e1600000, 0x00000000f5d00000, 0x00000000f5d00000)
  object space 334848K, 94% used [0x00000000e1600000,0x00000000f4b68890,0x00000000f5d00000)
 Metaspace       used 51925K, capacity 55540K, committed 55680K, reserved 1097728K
  class space    used 6607K, capacity 7507K, committed 7552K, reserved 1048576K
Event: 13439.427 GC heap after
Heap after GC invocations=5380 (full 13):
 PSYoungGen      total 156160K, used 6251K [0x00000000f5d00000, 0x00000000fff80000, 0x0000000100000000)
  eden space 145920K, 0% used [0x00000000f5d00000,0x00000000f5d00000,0x00000000feb80000)
  from space 10240K, 61% used [0x00000000feb80000,0x00000000ff19af60,0x00000000ff580000)
  to   space 10240K, 0% used [0x00000000ff580000,0x00000000ff580000,0x00000000fff80000)
 ParOldGen       total 334848K, used 316842K [0x00000000e1600000, 0x00000000f5d00000, 0x00000000f5d00000)
  object space 334848K, 94% used [0x00000000e1600000,0x00000000f4b6a890,0x00000000f5d00000)
 Metaspace       used 51925K, capacity 55540K, committed 55680K, reserved 1097728K
  class space    used 6607K, capacity 7507K, committed 7552K, reserved 1048576K
}
Event: 13440.815 GC heap before
{Heap before GC invocations=5381 (full 13):
 PSYoungGen      total 156160K, used 152171K [0x00000000f5d00000, 0x00000000fff80000, 0x0000000100000000)
  eden space 145920K, 100% used [0x00000000f5d00000,0x00000000feb80000,0x00000000feb80000)
  from space 10240K, 61% used [0x00000000feb80000,0x00000000ff19af60,0x00000000ff580000)
  to   space 10240K, 0% used [0x00000000ff580000,0x00000000ff580000,0x00000000fff80000)
 ParOldGen       total 334848K, used 316842K [0x00000000e1600000, 0x00000000f5d00000, 0x00000000f5d00000)
  object space 334848K, 94% used [0x00000000e1600000,0x00000000f4b6a890,0x00000000f5d00000)
 Metaspace       used 51925K, capacity 55540K, committed 55680K, reserved 1097728K
  class space    used 6607K, capacity 7507K, committed 7552K, reserved 1048576K
Event: 13440.822 GC heap after
Heap after GC invocations=5381 (full 13):
 PSYoungGen      total 156160K, used 6187K [0x00000000f5d00000, 0x00000000fff00000, 0x0000000100000000)
  eden space 146432K, 0% used [0x00000000f5d00000,0x00000000f5d00000,0x00000000fec00000)
  from space 9728K, 63% used [0x00000000ff580000,0x00000000ffb8af60,0x00000000fff00000)
  to   space 9728K, 0% used [0x00000000fec00000,0x00000000fec00000,0x00000000ff580000)
 ParOldGen       total 334848K, used 316898K [0x00000000e1600000, 0x00000000f5d00000, 0x00000000f5d00000)
  object space 334848K, 94% used [0x00000000e1600000,0x00000000f4b78890,0x00000000f5d00000)
 Metaspace       used 51925K, capacity 55540K, committed 55680K, reserved 1097728K
  class space    used 6607K, capacity 7507K, committed 7552K, reserved 1048576K
}
Event: 13442.212 GC heap before
{Heap before GC invocations=5382 (full 13):
 PSYoungGen      total 156160K, used 152619K [0x00000000f5d00000, 0x00000000fff00000, 0x0000000100000000)
  eden space 146432K, 100% used [0x00000000f5d00000,0x00000000fec00000,0x00000000fec00000)
  from space 9728K, 63% used [0x00000000ff580000,0x00000000ffb8af60,0x00000000fff00000)
  to   space 9728K, 0% used [0x00000000fec00000,0x00000000fec00000,0x00000000ff580000)
 ParOldGen       total 334848K, used 316898K [0x00000000e1600000, 0x00000000f5d00000, 0x00000000f5d00000)
  object space 334848K, 94% used [0x00000000e1600000,0x00000000f4b78890,0x00000000f5d00000)
 Metaspace       used 51925K, capacity 55540K, committed 55680K, reserved 1097728K
  class space    used 6607K, capacity 7507K, committed 7552K, reserved 1048576K
Event: 13442.219 GC heap after
Heap after GC invocations=5382 (full 13):
 PSYoungGen      total 156160K, used 4555K [0x00000000f5d00000, 0x0000000100000000, 0x0000000100000000)
  eden space 146432K, 0% used [0x00000000f5d00000,0x00000000f5d00000,0x00000000fec00000)
  from space 9728K, 46% used [0x00000000fec00000,0x00000000ff072f60,0x00000000ff580000)
  to   space 9728K, 0% used [0x00000000ff680000,0x00000000ff680000,0x0000000100000000)
 ParOldGen       total 334848K, used 318690K [0x00000000e1600000, 0x00000000f5d00000, 0x00000000f5d00000)
  object space 334848K, 95% used [0x00000000e1600000,0x00000000f4d38890,0x00000000f5d00000)
 Metaspace       used 51925K, capacity 55540K, committed 55680K, reserved 1097728K
  class space    used 6607K, capacity 7507K, committed 7552K, reserved 1048576K
}
Event: 13443.616 GC heap before
{Heap before GC invocations=5383 (full 13):
 PSYoungGen      total 156160K, used 150987K [0x00000000f5d00000, 0x0000000100000000, 0x0000000100000000)
  eden space 146432K, 100% used [0x00000000f5d00000,0x00000000fec00000,0x00000000fec00000)
  from space 9728K, 46% used [0x00000000fec00000,0x00000000ff072f60,0x00000000ff580000)
  to   space 9728K, 0% used [0x00000000ff680000,0x00000000ff680000,0x0000000100000000)
 ParOldGen       total 334848K, used 318690K [0x00000000e1600000, 0x00000000f5d00000, 0x00000000f5d00000)
  object space 334848K, 95% used [0x00000000e1600000,0x00000000f4d38890,0x00000000f5d00000)
 Metaspace       used 51925K, capacity 55540K, committed 55680K, reserved 1097728K
  class space    used 6607K, capacity 7507K, committed 7552K, reserved 1048576K
Event: 13443.622 GC heap after
Heap after GC invocations=5383 (full 13):
 PSYoungGen      total 157184K, used 4395K [0x00000000f5d00000, 0x0000000100000000, 0x0000000100000000)
  eden space 147456K, 0% used [0x00000000f5d00000,0x00000000f5d00000,0x00000000fed00000)
  from space 9728K, 45% used [0x00000000ff680000,0x00000000ffacaf60,0x0000000100000000)
  to   space 9728K, 0% used [0x00000000fed00000,0x00000000fed00000,0x00000000ff680000)
 ParOldGen       total 334848K, used 318898K [0x00000000e1600000, 0x00000000f5d00000, 0x00000000f5d00000)
  object space 334848K, 95% used [0x00000000e1600000,0x00000000f4d6c890,0x00000000f5d00000)
 Metaspace       used 51925K, capacity 55540K, committed 55680K, reserved 1097728K
  class space    used 6607K, capacity 7507K, committed 7552K, reserved 1048576K
}
Event: 13444.968 GC heap before
{Heap before GC invocations=5384 (full 13):
 PSYoungGen      total 157184K, used 151851K [0x00000000f5d00000, 0x0000000100000000, 0x0000000100000000)
  eden space 147456K, 100% used [0x00000000f5d00000,0x00000000fed00000,0x00000000fed00000)
  from space 9728K, 45% used [0x00000000ff680000,0x00000000ffacaf60,0x0000000100000000)
  to   space 9728K, 0% used [0x00000000fed00000,0x00000000fed00000,0x00000000ff680000)
 ParOldGen       total 334848K, used 318898K [0x00000000e1600000, 0x00000000f5d00000, 0x00000000f5d00000)
  object space 334848K, 95% used [0x00000000e1600000,0x00000000f4d6c890,0x00000000f5d00000)
 Metaspace       used 51925K, capacity 55540K, committed 55680K, reserved 1097728K
  class space    used 6607K, capacity 7507K, committed 7552K, reserved 1048576K
Event: 13444.975 GC heap after
Heap after GC invocations=5384 (full 13):
 PSYoungGen      total 157184K, used 4901K [0x00000000f5d00000, 0x0000000100000000, 0x0000000100000000)
  eden space 147456K, 0% used [0x00000000f5d00000,0x00000000f5d00000,0x00000000fed00000)
  from space 9728K, 50% used [0x00000000fed00000,0x00000000ff1c9738,0x00000000ff680000)
  to   space 9728K, 0% used [0x00000000ff680000,0x00000000ff680000,0x0000000100000000)
 ParOldGen       total 334848K, used 318978K [0x00000000e1600000, 0x00000000f5d00000, 0x00000000f5d00000)
  object space 334848K, 95% used [0x00000000e1600000,0x00000000f4d80890,0x00000000f5d00000)
 Metaspace       used 51925K, capacity 55540K, committed 55680K, reserved 1097728K
  class space    used 6607K, capacity 7507K, committed 7552K, reserved 1048576K
}
Event: 13446.366 GC heap before
{Heap before GC invocations=5385 (full 13):
 PSYoungGen      total 157184K, used 152357K [0x00000000f5d00000, 0x0000000100000000, 0x0000000100000000)
  eden space 147456K, 100% used [0x00000000f5d00000,0x00000000fed00000,0x00000000fed00000)
  from space 9728K, 50% used [0x00000000fed00000,0x00000000ff1c9738,0x00000000ff680000)
  to   space 9728K, 0% used [0x00000000ff680000,0x00000000ff680000,0x0000000100000000)
 ParOldGen       total 334848K, used 318978K [0x00000000e1600000, 0x00000000f5d00000, 0x00000000f5d00000)
  object space 334848K, 95% used [0x00000000e1600000,0x00000000f4d80890,0x00000000f5d00000)
 Metaspace       used 51925K, capacity 55540K, committed 55680K, reserved 1097728K
  class space    used 6607K, capacity 7507K, committed 7552K, reserved 1048576K
Event: 13446.373 GC heap after
Heap after GC invocations=5385 (full 13):
 PSYoungGen      total 157184K, used 4965K [0x00000000f5d00000, 0x0000000100000000, 0x0000000100000000)
  eden space 147456K, 0% used [0x00000000f5d00000,0x00000000f5d00000,0x00000000fed00000)
  from space 9728K, 51% used [0x00000000ff680000,0x00000000ffb59738,0x0000000100000000)
  to   space 9728K, 0% used [0x00000000fed00000,0x00000000fed00000,0x00000000ff680000)
 ParOldGen       total 334848K, used 319010K [0x00000000e1600000, 0x00000000f5d00000, 0x00000000f5d00000)
  object space 334848K, 95% used [0x00000000e1600000,0x00000000f4d88890,0x00000000f5d00000)
 Metaspace       used 51925K, capacity 55540K, committed 55680K, reserved 1097728K
  class space    used 6607K, capacity 7507K, committed 7552K, reserved 1048576K
}
Event: 13447.772 GC heap before
{Heap before GC invocations=5386 (full 13):
 PSYoungGen      total 157184K, used 152420K [0x00000000f5d00000, 0x0000000100000000, 0x0000000100000000)
  eden space 147456K, 99% used [0x00000000f5d00000,0x00000000fecff9a8,0x00000000fed00000)
  from space 9728K, 51% used [0x00000000ff680000,0x00000000ffb59738,0x0000000100000000)
  to   space 9728K, 0% used [0x00000000fed00000,0x00000000fed00000,0x00000000ff680000)
 ParOldGen       total 334848K, used 319010K [0x00000000e1600000, 0x00000000f5d00000, 0x00000000f5d00000)
  object space 334848K, 95% used [0x00000000e1600000,0x00000000f4d88890,0x00000000f5d00000)
 Metaspace       used 51925K, capacity 55540K, committed 55680K, reserved 1097728K
  class space    used 6607K, capacity 7507K, committed 7552K, reserved 1048576K
Event: 13447.779 GC heap after
Heap after GC invocations=5386 (full 13):
 PSYoungGen      total 157184K, used 4370K [0x00000000f5d00000, 0x0000000100000000, 0x0000000100000000)
  eden space 147456K, 0% used [0x00000000f5d00000,0x00000000f5d00000,0x00000000fed00000)
  from space 9728K, 44% used [0x00000000fed00000,0x00000000ff144818,0x00000000ff680000)
  to   space 9728K, 0% used [0x00000000ff680000,0x00000000ff680000,0x0000000100000000)
 ParOldGen       total 334848K, used 320370K [0x00000000e1600000, 0x00000000f5d00000, 0x00000000f5d00000)
  object space 334848K, 95% used [0x00000000e1600000,0x00000000f4edc890,0x00000000f5d00000)
 Metaspace       used 51925K, capacity 55540K, committed 55680K, reserved 1097728K
  class space    used 6607K, capacity 7507K, committed 7552K, reserved 1048576K
}
Event: 13449.010 GC heap before
{Heap before GC invocations=5387 (full 13):
 PSYoungGen      total 157184K, used 151826K [0x00000000f5d00000, 0x0000000100000000, 0x0000000100000000)
  eden space 147456K, 100% used [0x00000000f5d00000,0x00000000fed00000,0x00000000fed00000)
  from space 9728K, 44% used [0x00000000fed00000,0x00000000ff144818,0x00000000ff680000)
  to   space 9728K, 0% used [0x00000000ff680000,0x00000000ff680000,0x0000000100000000)
 ParOldGen       total 334848K, used 320370K [0x00000000e1600000, 0x00000000f5d00000, 0x00000000f5d00000)
  object space 334848K, 95% used [0x00000000e1600000,0x00000000f4edc890,0x00000000f5d00000)
 Metaspace       used 51925K, capacity 55540K, committed 55680K, reserved 1097728K
  class space    used 6607K, capacity 7507K, committed 7552K, reserved 1048576K
Event: 13449.017 GC heap after
Heap after GC invocations=5387 (full 13):
 PSYoungGen      total 156160K, used 4773K [0x00000000f5d00000, 0x00000000fff00000, 0x0000000100000000)
  eden space 147456K, 0% used [0x00000000f5d00000,0x00000000f5d00000,0x00000000fed00000)
  from space 8704K, 54% used [0x00000000ff680000,0x00000000ffb29530,0x00000000fff00000)
  to   space 9216K, 0% used [0x00000000fed00000,0x00000000fed00000,0x00000000ff600000)
 ParOldGen       total 334848K, used 320746K [0x00000000e1600000, 0x00000000f5d00000, 0x00000000f5d00000)
  object space 334848K, 95% used [0x00000000e1600000,0x00000000f4f3a890,0x00000000f5d00000)
 Metaspace       used 51925K, capacity 55540K, committed 55680K, reserved 1097728K
  class space    used 6607K, capacity 7507K, committed 7552K, reserved 1048576K
}
Event: 13450.362 GC heap before
{Heap before GC invocations=5388 (full 13):
 PSYoungGen      total 156160K, used 152229K [0x00000000f5d00000, 0x00000000fff00000, 0x0000000100000000)
  eden space 147456K, 100% used [0x00000000f5d00000,0x00000000fed00000,0x00000000fed00000)
  from space 8704K, 54% used [0x00000000ff680000,0x00000000ffb29530,0x00000000fff00000)
  to   space 9216K, 0% used [0x00000000fed00000,0x00000000fed00000,0x00000000ff600000)
 ParOldGen       total 334848K, used 320746K [0x00000000e1600000, 0x00000000f5d00000, 0x00000000f5d00000)
  object space 334848K, 95% used [0x00000000e1600000,0x00000000f4f3a890,0x00000000f5d00000)
 Metaspace       used 51925K, capacity 55540K, committed 55680K, reserved 1097728K
  class space    used 6607K, capacity 7507K, committed 7552K, reserved 1048576K
Event: 13450.371 GC heap after
Heap after GC invocations=5388 (full 13):
 PSYoungGen      total 156672K, used 4773K [0x00000000f5d00000, 0x0000000100000000, 0x0000000100000000)
  eden space 147456K, 0% used [0x00000000f5d00000,0x00000000f5d00000,0x00000000fed00000)
  from space 9216K, 51% used [0x00000000fed00000,0x00000000ff1a9530,0x00000000ff600000)
  to   space 9216K, 0% used [0x00000000ff700000,0x00000000ff700000,0x0000000100000000)
 ParOldGen       total 334848K, used 320762K [0x00000000e1600000, 0x00000000f5d00000, 0x00000000f5d00000)
  object space 334848K, 95% used [0x00000000e1600000,0x00000000f4f3e890,0x00000000f5d00000)
 Metaspace       used 51925K, capacity 55540K, committed 55680K, reserved 1097728K
  class space    used 6607K, capacity 7507K, committed 7552K, reserved 1048576K
}
Event: 13451.717 GC heap before
{Heap before GC invocations=5389 (full 13):
 PSYoungGen      total 156672K, used 152229K [0x00000000f5d00000, 0x0000000100000000, 0x0000000100000000)
  eden space 147456K, 100% used [0x00000000f5d00000,0x00000000fed00000,0x00000000fed00000)
  from space 9216K, 51% used [0x00000000fed00000,0x00000000ff1a9530,0x00000000ff600000)
  to   space 9216K, 0% used [0x00000000ff700000,0x00000000ff700000,0x0000000100000000)
 ParOldGen       total 334848K, used 320762K [0x00000000e1600000, 0x00000000f5d00000, 0x00000000f5d00000)
  object space 334848K, 95% used [0x00000000e1600000,0x00000000f4f3e890,0x00000000f5d00000)
 Metaspace       used 51925K, capacity 55540K, committed 55680K, reserved 1097728K
  class space    used 6607K, capacity 7507K, committed 7552K, reserved 1048576K
Event: 13451.724 GC heap after
Heap after GC invocations=5389 (full 13):
 PSYoungGen      total 157696K, used 4741K [0x00000000f5d00000, 0x0000000100000000, 0x0000000100000000)
  eden space 148480K, 0% used [0x00000000f5d00000,0x00000000f5d00000,0x00000000fee00000)
  from space 9216K, 51% used [0x00000000ff700000,0x00000000ffba1530,0x0000000100000000)
  to   space 9216K, 0% used [0x00000000fee00000,0x00000000fee00000,0x00000000ff700000)
 ParOldGen       total 334848K, used 320794K [0x00000000e1600000, 0x00000000f5d00000, 0x00000000f5d00000)
  object space 334848K, 95% used [0x00000000e1600000,0x00000000f4f46890,0x00000000f5d00000)
 Metaspace       used 51925K, capacity 55540K, committed 55680K, reserved 1097728K
  class space    used 6607K, capacity 7507K, committed 7552K, reserved 1048576K
}
Event: 13453.109 GC heap before
{Heap before GC invocations=5390 (full 13):
 PSYoungGen      total 157696K, used 153221K [0x00000000f5d00000, 0x0000000100000000, 0x0000000100000000)
  eden space 148480K, 100% used [0x00000000f5d00000,0x00000000fee00000,0x00000000fee00000)
  from space 9216K, 51% used [0x00000000ff700000,0x00000000ffba1530,0x0000000100000000)
  to   space 9216K, 0% used [0x00000000fee00000,0x00000000fee00000,0x00000000ff700000)
 ParOldGen       total 334848K, used 320794K [0x00000000e1600000, 0x00000000f5d00000, 0x00000000f5d00000)
  object space 334848K, 95% used [0x00000000e1600000,0x00000000f4f46890,0x00000000f5d00000)
 Metaspace       used 51925K, capacity 55540K, committed 55680K, reserved 1097728K
  class space    used 6607K, capacity 7507K, committed 7552K, reserved 1048576K
Event: 13453.116 GC heap after
Heap after GC invocations=5390 (full 13):
 PSYoungGen      total 153600K, used 4709K [0x00000000f5d00000, 0x00000000fff00000, 0x0000000100000000)
  eden space 148480K, 0% used [0x00000000f5d00000,0x00000000f5d00000,0x00000000fee00000)
  from space 5120K, 91% used [0x00000000fee00000,0x00000000ff299530,0x00000000ff300000)
  to   space 8704K, 0% used [0x00000000ff680000,0x00000000ff680000,0x00000000fff00000)
 ParOldGen       total 334848K, used 320850K [0x00000000e1600000, 0x00000000f5d00000, 0x00000000f5d00000)
  object space 334848K, 95% used [0x00000000e1600000,0x00000000f4f54890,0x00000000f5d00000)
 Metaspace       used 51925K, capacity 55540K, committed 55680K, reserved 1097728K
  class space    used 6607K, capacity 7507K, committed 7552K, reserved 1048576K
}
Event: 13454.412 GC heap before
{Heap before GC invocations=5391 (full 13):
 PSYoungGen      total 153600K, used 153189K [0x00000000f5d00000, 0x00000000fff00000, 0x0000000100000000)
  eden space 148480K, 100% used [0x00000000f5d00000,0x00000000fee00000,0x00000000fee00000)
  from space 5120K, 91% used [0x00000000fee00000,0x00000000ff299530,0x00000000ff300000)
  to   space 8704K, 0% used [0x00000000ff680000,0x00000000ff680000,0x00000000fff00000)
 ParOldGen       total 334848K, used 320850K [0x00000000e1600000, 0x00000000f5d00000, 0x00000000f5d00000)
  object space 334848K, 95% used [0x00000000e1600000,0x00000000f4f54890,0x00000000f5d00000)
 Metaspace       used 51925K, capacity 55540K, committed 55680K, reserved 1097728K
  class space    used 6607K, capacity 7507K, committed 7552K, reserved 1048576K
Event: 13454.418 GC heap after
Heap after GC invocations=5391 (full 13):
 PSYoungGen      total 156672K, used 3231K [0x00000000f5d00000, 0x0000000100000000, 0x0000000100000000)
  eden space 147968K, 0% used [0x00000000f5d00000,0x00000000f5d00000,0x00000000fed80000)
  from space 8704K, 37% used [0x00000000ff680000,0x00000000ff9a7c78,0x00000000fff00000)
  to   space 9216K, 0% used [0x00000000fed80000,0x00000000fed80000,0x00000000ff680000)
 ParOldGen       total 334848K, used 322568K [0x00000000e1600000, 0x00000000f5d00000, 0x00000000f5d00000)
  object space 334848K, 96% used [0x00000000e1600000,0x00000000f5102148,0x00000000f5d00000)
 Metaspace       used 51925K, capacity 55540K, committed 55680K, reserved 1097728K
  class space    used 6607K, capacity 7507K, committed 7552K, reserved 1048576K
}
Event: 13455.718 GC heap before
{Heap before GC invocations=5392 (full 13):
 PSYoungGen      total 156672K, used 151199K [0x00000000f5d00000, 0x0000000100000000, 0x0000000100000000)
  eden space 147968K, 100% used [0x00000000f5d00000,0x00000000fed80000,0x00000000fed80000)
  from space 8704K, 37% used [0x00000000ff680000,0x00000000ff9a7c78,0x00000000fff00000)
  to   space 9216K, 0% used [0x00000000fed80000,0x00000000fed80000,0x00000000ff680000)
 ParOldGen       total 334848K, used 322568K [0x00000000e1600000, 0x00000000f5d00000, 0x00000000f5d00000)
  object space 334848K, 96% used [0x00000000e1600000,0x00000000f5102148,0x00000000f5d00000)
 Metaspace       used 51925K, capacity 55540K, committed 55680K, reserved 1097728K
  class space    used 6607K, capacity 7507K, committed 7552K, reserved 1048576K
Event: 13455.725 GC heap after
Heap after GC invocations=5392 (full 13):
 PSYoungGen      total 157184K, used 3743K [0x00000000f5d00000, 0x00000000fff80000, 0x0000000100000000)
  eden space 147968K, 0% used [0x00000000f5d00000,0x00000000f5d00000,0x00000000fed80000)
  from space 9216K, 40% used [0x00000000fed80000,0x00000000ff127d28,0x00000000ff680000)
  to   space 8704K, 0% used [0x00000000ff700000,0x00000000ff700000,0x00000000fff80000)
 ParOldGen       total 334848K, used 322696K [0x00000000e1600000, 0x00000000f5d00000, 0x00000000f5d00000)
  object space 334848K, 96% used [0x00000000e1600000,0x00000000f5122148,0x00000000f5d00000)
 Metaspace       used 51925K, capacity 55540K, committed 55680K, reserved 1097728K
  class space    used 6607K, capacity 7507K, committed 7552K, reserved 1048576K
}
Event: 13457.118 GC heap before
{Heap before GC invocations=5393 (full 13):
 PSYoungGen      total 157184K, used 151711K [0x00000000f5d00000, 0x00000000fff80000, 0x0000000100000000)
  eden space 147968K, 100% used [0x00000000f5d00000,0x00000000fed80000,0x00000000fed80000)
  from space 9216K, 40% used [0x00000000fed80000,0x00000000ff127d28,0x00000000ff680000)
  to   space 8704K, 0% used [0x00000000ff700000,0x00000000ff700000,0x00000000fff80000)
 ParOldGen       total 334848K, used 322696K [0x00000000e1600000, 0x00000000f5d00000, 0x00000000f5d00000)
  object space 334848K, 96% used [0x00000000e1600000,0x00000000f5122148,0x00000000f5d00000)
 Metaspace       used 51925K, capacity 55540K, committed 55680K, reserved 1097728K
  class space    used 6607K, capacity 7507K, committed 7552K, reserved 1048576K
Event: 13457.125 GC heap after
Heap after GC invocations=5393 (full 13):
 PSYoungGen      total 157696K, used 3212K [0x00000000f5d00000, 0x00000000fff80000, 0x0000000100000000)
  eden space 148992K, 0% used [0x00000000f5d00000,0x00000000f5d00000,0x00000000fee80000)
  from space 8704K, 36% used [0x00000000ff700000,0x00000000ffa23158,0x00000000fff80000)
  to   space 8704K, 0% used [0x00000000fee80000,0x00000000fee80000,0x00000000ff700000)
 ParOldGen       total 334848K, used 322728K [0x00000000e1600000, 0x00000000f5d00000, 0x00000000f5d00000)
  object space 334848K, 96% used [0x00000000e1600000,0x00000000f512a148,0x00000000f5d00000)
 Metaspace       used 51925K, capacity 55540K, committed 55680K, reserved 1097728K
  class space    used 6607K, capacity 7507K, committed 7552K, reserved 1048576K
}
Event: 13458.564 GC heap before
{Heap before GC invocations=5394 (full 13):
 PSYoungGen      total 157696K, used 152204K [0x00000000f5d00000, 0x00000000fff80000, 0x0000000100000000)
  eden space 148992K, 100% used [0x00000000f5d00000,0x00000000fee80000,0x00000000fee80000)
  from space 8704K, 36% used [0x00000000ff700000,0x00000000ffa23158,0x00000000fff80000)
  to   space 8704K, 0% used [0x00000000fee80000,0x00000000fee80000,0x00000000ff700000)
 ParOldGen       total 334848K, used 322728K [0x00000000e1600000, 0x00000000f5d00000, 0x00000000f5d00000)
  object space 334848K, 96% used [0x00000000e1600000,0x00000000f512a148,0x00000000f5d00000)
 Metaspace       used 51925K, capacity 55540K, committed 55680K, reserved 1097728K
  class space    used 6607K, capacity 7507K, committed 7552K, reserved 1048576K
Event: 13458.570 GC heap after
Heap after GC invocations=5394 (full 13):
 PSYoungGen      total 157696K, used 3148K [0x00000000f5d00000, 0x0000000100000000, 0x0000000100000000)
  eden space 148992K, 0% used [0x00000000f5d00000,0x00000000f5d00000,0x00000000fee80000)
  from space 8704K, 36% used [0x00000000fee80000,0x00000000ff193158,0x00000000ff700000)
  to   space 8704K, 0% used [0x00000000ff780000,0x00000000ff780000,0x0000000100000000)
 ParOldGen       total 334848K, used 322776K [0x00000000e1600000, 0x00000000f5d00000, 0x00000000f5d00000)
  object space 334848K, 96% used [0x00000000e1600000,0x00000000f5136148,0x00000000f5d00000)
 Metaspace       used 51925K, capacity 55540K, committed 55680K, reserved 1097728K
  class space    used 6607K, capacity 7507K, committed 7552K, reserved 1048576K
}
Event: 13459.966 GC heap before
{Heap before GC invocations=5395 (full 13):
 PSYoungGen      total 157696K, used 152140K [0x00000000f5d00000, 0x0000000100000000, 0x0000000100000000)
  eden space 148992K, 100% used [0x00000000f5d00000,0x00000000fee80000,0x00000000fee80000)
  from space 8704K, 36% used [0x00000000fee80000,0x00000000ff193158,0x00000000ff700000)
  to   space 8704K, 0% used [0x00000000ff780000,0x00000000ff780000,0x0000000100000000)
 ParOldGen       total 334848K, used 322776K [0x00000000e1600000, 0x00000000f5d00000, 0x00000000f5d00000)
  object space 334848K, 96% used [0x00000000e1600000,0x00000000f5136148,0x00000000f5d00000)
 Metaspace       used 51925K, capacity 55540K, committed 55680K, reserved 1097728K
  class space    used 6607K, capacity 7507K, committed 7552K, reserved 1048576K
Event: 13459.971 GC heap after
Heap after GC invocations=5395 (full 13):
 PSYoungGen      total 158208K, used 2693K [0x00000000f5d00000, 0x0000000100000000, 0x0000000100000000)
  eden space 149504K, 0% used [0x00000000f5d00000,0x00000000f5d00000,0x00000000fef00000)
  from space 8704K, 30% used [0x00000000ff780000,0x00000000ffa21758,0x0000000100000000)
  to   space 8704K, 0% used [0x00000000fef00000,0x00000000fef00000,0x00000000ff780000)
 ParOldGen       total 334848K, used 322832K [0x00000000e1600000, 0x00000000f5d00000, 0x00000000f5d00000)
  object space 334848K, 96% used [0x00000000e1600000,0x00000000f5144148,0x00000000f5d00000)
 Metaspace       used 51925K, capacity 55540K, committed 55680K, reserved 1097728K
  class space    used 6607K, capacity 7507K, committed 7552K, reserved 1048576K
}
Event: 13461.462 GC heap before
{Heap before GC invocations=5396 (full 13):
 PSYoungGen      total 158208K, used 152197K [0x00000000f5d00000, 0x0000000100000000, 0x0000000100000000)
  eden space 149504K, 100% used [0x00000000f5d00000,0x00000000fef00000,0x00000000fef00000)
  from space 8704K, 30% used [0x00000000ff780000,0x00000000ffa21758,0x0000000100000000)
  to   space 8704K, 0% used [0x00000000fef00000,0x00000000fef00000,0x00000000ff780000)
 ParOldGen       total 334848K, used 322832K [0x00000000e1600000, 0x00000000f5d00000, 0x00000000f5d00000)
  object space 334848K, 96% used [0x00000000e1600000,0x00000000f5144148,0x00000000f5d00000)
 Metaspace       used 51925K, capacity 55540K, committed 55680K, reserved 1097728K
  class space    used 6607K, capacity 7507K, committed 7552K, reserved 1048576K
Event: 13461.467 GC heap after
Heap after GC invocations=5396 (full 13):
 PSYoungGen      total 158208K, used 2629K [0x00000000f5d00000, 0x0000000100000000, 0x0000000100000000)
  eden space 149504K, 0% used [0x00000000f5d00000,0x00000000f5d00000,0x00000000fef00000)
  from space 8704K, 30% used [0x00000000fef00000,0x00000000ff191758,0x00000000ff780000)
  to   space 8704K, 0% used [0x00000000ff780000,0x00000000ff780000,0x0000000100000000)
 ParOldGen       total 334848K, used 322856K [0x00000000e1600000, 0x00000000f5d00000, 0x00000000f5d00000)
  object space 334848K, 96% used [0x00000000e1600000,0x00000000f514a148,0x00000000f5d00000)
 Metaspace       used 51925K, capacity 55540K, committed 55680K, reserved 1097728K
  class space    used 6607K, capacity 7507K, committed 7552K, reserved 1048576K
}
Event: 13462.913 GC heap before
{Heap before GC invocations=5397 (full 13):
 PSYoungGen      total 158208K, used 152133K [0x00000000f5d00000, 0x0000000100000000, 0x0000000100000000)
  eden space 149504K, 100% used [0x00000000f5d00000,0x00000000fef00000,0x00000000fef00000)
  from space 8704K, 30% used [0x00000000fef00000,0x00000000ff191758,0x00000000ff780000)
  to   space 8704K, 0% used [0x00000000ff780000,0x00000000ff780000,0x0000000100000000)
 ParOldGen       total 334848K, used 322856K [0x00000000e1600000, 0x00000000f5d00000, 0x00000000f5d00000)
  object space 334848K, 96% used [0x00000000e1600000,0x00000000f514a148,0x00000000f5d00000)
 Metaspace       used 51925K, capacity 55540K, committed 55680K, reserved 1097728K
  class space    used 6607K, capacity 7507K, committed 7552K, reserved 1048576K
Event: 13462.919 GC heap after
Heap after GC invocations=5397 (full 13):
 PSYoungGen      total 158208K, used 2693K [0x00000000f5d00000, 0x0000000100000000, 0x0000000100000000)
  eden space 149504K, 0% used [0x00000000f5d00000,0x00000000f5d00000,0x00000000fef00000)
  from space 8704K, 30% used [0x00000000ff780000,0x00000000ffa21758,0x0000000100000000)
  to   space 8704K, 0% used [0x00000000fef00000,0x00000000fef00000,0x00000000ff780000)
 ParOldGen       total 334848K, used 322880K [0x00000000e1600000, 0x00000000f5d00000, 0x00000000f5d00000)
  object space 334848K, 96% used [0x00000000e1600000,0x00000000f5150148,0x00000000f5d00000)
 Metaspace       used 51925K, capacity 55540K, committed 55680K, reserved 1097728K
  class space    used 6607K, capacity 7507K, committed 7552K, reserved 1048576K
}
Event: 13464.369 GC heap before
{Heap before GC invocations=5398 (full 13):
 PSYoungGen      total 158208K, used 152197K [0x00000000f5d00000, 0x0000000100000000, 0x0000000100000000)
  eden space 149504K, 100% used [0x00000000f5d00000,0x00000000fef00000,0x00000000fef00000)
  from space 8704K, 30% used [0x00000000ff780000,0x00000000ffa21758,0x0000000100000000)
  to   space 8704K, 0% used [0x00000000fef00000,0x00000000fef00000,0x00000000ff780000)
 ParOldGen       total 334848K, used 322880K [0x00000000e1600000, 0x00000000f5d00000, 0x00000000f5d00000)
  object space 334848K, 96% used [0x00000000e1600000,0x00000000f5150148,0x00000000f5d00000)
 Metaspace       used 51925K, capacity 55540K, committed 55680K, reserved 1097728K
  class space    used 6607K, capacity 7507K, committed 7552K, reserved 1048576K
Event: 13464.375 GC heap after
Heap after GC invocations=5398 (full 13):
 PSYoungGen      total 152576K, used 2661K [0x00000000f5d00000, 0x00000000fff00000, 0x0000000100000000)
  eden space 149504K, 0% used [0x00000000f5d00000,0x00000000f5d00000,0x00000000fef00000)
  from space 3072K, 86% used [0x00000000fef00000,0x00000000ff199758,0x00000000ff200000)
  to   space 8192K, 0% used [0x00000000ff700000,0x00000000ff700000,0x00000000fff00000)
 ParOldGen       total 334848K, used 322912K [0x00000000e1600000, 0x00000000f5d00000, 0x00000000f5d00000)
  object space 334848K, 96% used [0x00000000e1600000,0x00000000f5158148,0x00000000f5d00000)
 Metaspace       used 51925K, capacity 55540K, committed 55680K, reserved 1097728K
  class space    used 6607K, capacity 7507K, committed 7552K, reserved 1048576K
}
Event: 13465.861 GC heap before
{Heap before GC invocations=5399 (full 13):
 PSYoungGen      total 152576K, used 152165K [0x00000000f5d00000, 0x00000000fff00000, 0x0000000100000000)
  eden space 149504K, 100% used [0x00000000f5d00000,0x00000000fef00000,0x00000000fef00000)
  from space 3072K, 86% used [0x00000000fef00000,0x00000000ff199758,0x00000000ff200000)
  to   space 8192K, 0% used [0x00000000ff700000,0x00000000ff700000,0x00000000fff00000)
 ParOldGen       total 334848K, used 322912K [0x00000000e1600000, 0x00000000f5d00000, 0x00000000f5d00000)
  object space 334848K, 96% used [0x00000000e1600000,0x00000000f5158148,0x00000000f5d00000)
 Metaspace       used 51925K, capacity 55540K, committed 55680K, reserved 1097728K
  class space    used 6607K, capacity 7507K, committed 7552K, reserved 1048576K
Event: 13465.867 GC heap after
Heap after GC invocations=5399 (full 13):
 PSYoungGen      total 157696K, used 2629K [0x00000000f5d00000, 0x0000000100000000, 0x0000000100000000)
  eden space 149504K, 0% used [0x00000000f5d00000,0x00000000f5d00000,0x00000000fef00000)
  from space 8192K, 32% used [0x00000000ff700000,0x00000000ff991758,0x00000000fff00000)
  to   space 8192K, 0% used [0x00000000fef00000,0x00000000fef00000,0x00000000ff700000)
 ParOldGen       total 334848K, used 322968K [0x00000000e1600000, 0x00000000f5d00000, 0x00000000f5d00000)
  object space 334848K, 96% used [0x00000000e1600000,0x00000000f5166148,0x00000000f5d00000)
 Metaspace       used 51925K, capacity 55540K, committed 55680K, reserved 1097728K
  class space    used 6607K, capacity 7507K, committed 7552K, reserved 1048576K
}
Event: 13467.360 GC heap before
{Heap before GC invocations=5400 (full 13):
 PSYoungGen      total 157696K, used 152133K [0x00000000f5d00000, 0x0000000100000000, 0x0000000100000000)
  eden space 149504K, 100% used [0x00000000f5d00000,0x00000000fef00000,0x00000000fef00000)
  from space 8192K, 32% used [0x00000000ff700000,0x00000000ff991758,0x00000000fff00000)
  to   space 8192K, 0% used [0x00000000fef00000,0x00000000fef00000,0x00000000ff700000)
 ParOldGen       total 334848K, used 322968K [0x00000000e1600000, 0x00000000f5d00000, 0x00000000f5d00000)
  object space 334848K, 96% used [0x00000000e1600000,0x00000000f5166148,0x00000000f5d00000)
 Metaspace       used 51925K, capacity 55540K, committed 55680K, reserved 1097728K
  class space    used 6607K, capacity 7507K, committed 7552K, reserved 1048576K
Event: 13467.366 GC heap after
Heap after GC invocations=5400 (full 13):
 PSYoungGen      total 157696K, used 2565K [0x00000000f5d00000, 0x0000000100000000, 0x0000000100000000)
  eden space 149504K, 0% used [0x00000000f5d00000,0x00000000f5d00000,0x00000000fef00000)
  from space 8192K, 31% used [0x00000000fef00000,0x00000000ff181758,0x00000000ff700000)
  to   space 8192K, 0% used [0x00000000ff800000,0x00000000ff800000,0x0000000100000000)
 ParOldGen       total 334848K, used 323056K [0x00000000e1600000, 0x00000000f5d00000, 0x00000000f5d00000)
  object space 334848K, 96% used [0x00000000e1600000,0x00000000f517c148,0x00000000f5d00000)
 Metaspace       used 51925K, capacity 55540K, committed 55680K, reserved 1097728K
  class space    used 6607K, capacity 7507K, committed 7552K, reserved 1048576K
}
Event: 13468.816 GC heap before
{Heap before GC invocations=5401 (full 13):
 PSYoungGen      total 157696K, used 152069K [0x00000000f5d00000, 0x0000000100000000, 0x0000000100000000)
  eden space 149504K, 100% used [0x00000000f5d00000,0x00000000fef00000,0x00000000fef00000)
  from space 8192K, 31% used [0x00000000fef00000,0x00000000ff181758,0x00000000ff700000)
  to   space 8192K, 0% used [0x00000000ff800000,0x00000000ff800000,0x0000000100000000)
 ParOldGen       total 334848K, used 323056K [0x00000000e1600000, 0x00000000f5d00000, 0x00000000f5d00000)
  object space 334848K, 96% used [0x00000000e1600000,0x00000000f517c148,0x00000000f5d00000)
 Metaspace       used 51925K, capacity 55540K, committed 55680K, reserved 1097728K
  class space    used 6607K, capacity 7507K, committed 7552K, reserved 1048576K
Event: 13468.822 GC heap after
Heap after GC invocations=5401 (full 13):
 PSYoungGen      total 157696K, used 2661K [0x00000000f5d00000, 0x00000000fff00000, 0x0000000100000000)
  eden space 150528K, 0% used [0x00000000f5d00000,0x00000000f5d00000,0x00000000ff000000)
  from space 7168K, 37% used [0x00000000ff800000,0x00000000ffa99758,0x00000000fff00000)
  to   space 7680K, 0% used [0x00000000ff000000,0x00000000ff000000,0x00000000ff780000)
 ParOldGen       total 334848K, used 323144K [0x00000000e1600000, 0x00000000f5d00000, 0x00000000f5d00000)
  object space 334848K, 96% used [0x00000000e1600000,0x00000000f5192148,0x00000000f5d00000)
 Metaspace       used 51925K, capacity 55540K, committed 55680K, reserved 1097728K
  class space    used 6607K, capacity 7507K, committed 7552K, reserved 1048576K
}
Event: 13470.314 GC heap before
{Heap before GC invocations=5402 (full 13):
 PSYoungGen      total 157696K, used 153189K [0x00000000f5d00000, 0x00000000fff00000, 0x0000000100000000)
  eden space 150528K, 100% used [0x00000000f5d00000,0x00000000ff000000,0x00000000ff000000)
  from space 7168K, 37% used [0x00000000ff800000,0x00000000ffa99758,0x00000000fff00000)
  to   space 7680K, 0% used [0x00000000ff000000,0x00000000ff000000,0x00000000ff780000)
 ParOldGen       total 334848K, used 323144K [0x00000000e1600000, 0x00000000f5d00000, 0x00000000f5d00000)
  object space 334848K, 96% used [0x00000000e1600000,0x00000000f5192148,0x00000000f5d00000)
 Metaspace       used 51925K, capacity 55540K, committed 55680K, reserved 1097728K
  class space    used 6607K, capacity 7507K, committed 7552K, reserved 1048576K
Event: 13470.320 GC heap after
Heap after GC invocations=5402 (full 13):
 PSYoungGen      total 158208K, used 2501K [0x00000000f5d00000, 0x0000000100000000, 0x0000000100000000)
  eden space 150528K, 0% used [0x00000000f5d00000,0x00000000f5d00000,0x00000000ff000000)
  from space 7680K, 32% used [0x00000000ff000000,0x00000000ff271758,0x00000000ff780000)
  to   space 7680K, 0% used [0x00000000ff880000,0x00000000ff880000,0x0000000100000000)
 ParOldGen       total 334848K, used 323288K [0x00000000e1600000, 0x00000000f5d00000, 0x00000000f5d00000)
  object space 334848K, 96% used [0x00000000e1600000,0x00000000f51b6148,0x00000000f5d00000)
 Metaspace       used 51925K, capacity 55540K, committed 55680K, reserved 1097728K
  class space    used 6607K, capacity 7507K, committed 7552K, reserved 1048576K
}
Event: 13471.817 GC heap before
{Heap before GC invocations=5403 (full 13):
 PSYoungGen      total 158208K, used 153029K [0x00000000f5d00000, 0x0000000100000000, 0x0000000100000000)
  eden space 150528K, 100% used [0x00000000f5d00000,0x00000000ff000000,0x00000000ff000000)
  from space 7680K, 32% used [0x00000000ff000000,0x00000000ff271758,0x00000000ff780000)
  to   space 7680K, 0% used [0x00000000ff880000,0x00000000ff880000,0x0000000100000000)
 ParOldGen       total 334848K, used 323288K [0x00000000e1600000, 0x00000000f5d00000, 0x00000000f5d00000)
  object space 334848K, 96% used [0x00000000e1600000,0x00000000f51b6148,0x00000000f5d00000)
 Metaspace       used 51925K, capacity 55540K, committed 55680K, reserved 1097728K
  class space    used 6607K, capacity 7507K, committed 7552K, reserved 1048576K
Event: 13471.823 GC heap after
Heap after GC invocations=5403 (full 13):
 PSYoungGen      total 158208K, used 2661K [0x00000000f5d00000, 0x00000000fff00000, 0x0000000100000000)
  eden space 151552K, 0% used [0x00000000f5d00000,0x00000000f5d00000,0x00000000ff100000)
  from space 6656K, 39% used [0x00000000ff880000,0x00000000ffb19758,0x00000000fff00000)
  to   space 7168K, 0% used [0x00000000ff100000,0x00000000ff100000,0x00000000ff800000)
 ParOldGen       total 334848K, used 323304K [0x00000000e1600000, 0x00000000f5d00000, 0x00000000f5d00000)
  object space 334848K, 96% used [0x00000000e1600000,0x00000000f51ba148,0x00000000f5d00000)
 Metaspace       used 51925K, capacity 55540K, committed 55680K, reserved 1097728K
  class space    used 6607K, capacity 7507K, committed 7552K, reserved 1048576K
}
Event: 13473.320 GC heap before
{Heap before GC invocations=5404 (full 13):
 PSYoungGen      total 158208K, used 154213K [0x00000000f5d00000, 0x00000000fff00000, 0x0000000100000000)
  eden space 151552K, 100% used [0x00000000f5d00000,0x00000000ff100000,0x00000000ff100000)
  from space 6656K, 39% used [0x00000000ff880000,0x00000000ffb19758,0x00000000fff00000)
  to   space 7168K, 0% used [0x00000000ff100000,0x00000000ff100000,0x00000000ff800000)
 ParOldGen       total 334848K, used 323304K [0x00000000e1600000, 0x00000000f5d00000, 0x00000000f5d00000)
  object space 334848K, 96% used [0x00000000e1600000,0x00000000f51ba148,0x00000000f5d00000)
 Metaspace       used 51925K, capacity 55540K, committed 55680K, reserved 1097728K
  class space    used 6607K, capacity 7507K, committed 7552K, reserved 1048576K
Event: 13473.326 GC heap after
Heap after GC invocations=5404 (full 13):
 PSYoungGen      total 158720K, used 2629K [0x00000000f5d00000, 0x0000000100000000, 0x0000000100000000)
  eden space 151552K, 0% used [0x00000000f5d00000,0x00000000f5d00000,0x00000000ff100000)
  from space 7168K, 36% used [0x00000000ff100000,0x00000000ff391758,0x00000000ff800000)
  to   space 7168K, 0% used [0x00000000ff900000,0x00000000ff900000,0x0000000100000000)
 ParOldGen       total 334848K, used 323320K [0x00000000e1600000, 0x00000000f5d00000, 0x00000000f5d00000)
  object space 334848K, 96% used [0x00000000e1600000,0x00000000f51be148,0x00000000f5d00000)
 Metaspace       used 51925K, capacity 55540K, committed 55680K, reserved 1097728K
  class space    used 6607K, capacity 7507K, committed 7552K, reserved 1048576K
}
Event: 13474.865 GC heap before
{Heap before GC invocations=5405 (full 13):
 PSYoungGen      total 158720K, used 154181K [0x00000000f5d00000, 0x0000000100000000, 0x0000000100000000)
  eden space 151552K, 100% used [0x00000000f5d00000,0x00000000ff100000,0x00000000ff100000)
  from space 7168K, 36% used [0x00000000ff100000,0x00000000ff391758,0x00000000ff800000)
  to   space 7168K, 0% used [0x00000000ff900000,0x00000000ff900000,0x0000000100000000)
 ParOldGen       total 334848K, used 323320K [0x00000000e1600000, 0x00000000f5d00000, 0x00000000f5d00000)
  object space 334848K, 96% used [0x00000000e1600000,0x00000000f51be148,0x00000000f5d00000)
 Metaspace       used 51925K, capacity 55540K, committed 55680K, reserved 1097728K
  class space    used 6607K, capacity 7507K, committed 7552K, reserved 1048576K
Event: 13474.871 GC heap after
Heap after GC invocations=5405 (full 13):
 PSYoungGen      total 159744K, used 2629K [0x00000000f5d00000, 0x0000000100000000, 0x0000000100000000)
  eden space 152576K, 0% used [0x00000000f5d00000,0x00000000f5d00000,0x00000000ff200000)
  from space 7168K, 36% used [0x00000000ff900000,0x00000000ffb91758,0x0000000100000000)
  to   space 7168K, 0% used [0x00000000ff200000,0x00000000ff200000,0x00000000ff900000)
 ParOldGen       total 334848K, used 323360K [0x00000000e1600000, 0x00000000f5d00000, 0x00000000f5d00000)
  object space 334848K, 96% used [0x00000000e1600000,0x00000000f51c8148,0x00000000f5d00000)
 Metaspace       used 51925K, capacity 55540K, committed 55680K, reserved 1097728K
  class space    used 6607K, capacity 7507K, committed 7552K, reserved 1048576K
}
Event: 13476.373 GC heap before
{Heap before GC invocations=5406 (full 13):
 PSYoungGen      total 159744K, used 155205K [0x00000000f5d00000, 0x0000000100000000, 0x0000000100000000)
  eden space 152576K, 100% used [0x00000000f5d00000,0x00000000ff200000,0x00000000ff200000)
  from space 7168K, 36% used [0x00000000ff900000,0x00000000ffb91758,0x0000000100000000)
  to   space 7168K, 0% used [0x00000000ff200000,0x00000000ff200000,0x00000000ff900000)
 ParOldGen       total 334848K, used 323360K [0x00000000e1600000, 0x00000000f5d00000, 0x00000000f5d00000)
  object space 334848K, 96% used [0x00000000e1600000,0x00000000f51c8148,0x00000000f5d00000)
 Metaspace       used 51925K, capacity 55540K, committed 55680K, reserved 1097728K
  class space    used 6607K, capacity 7507K, committed 7552K, reserved 1048576K
Event: 13476.382 GC heap after
Heap after GC invocations=5406 (full 13):
 PSYoungGen      total 155648K, used 2661K [0x00000000f5d00000, 0x00000000fff00000, 0x0000000100000000)
  eden space 152576K, 0% used [0x00000000f5d00000,0x00000000f5d00000,0x00000000ff200000)
  from space 3072K, 86% used [0x00000000ff200000,0x00000000ff499758,0x00000000ff500000)
  to   space 6656K, 0% used [0x00000000ff880000,0x00000000ff880000,0x00000000fff00000)
 ParOldGen       total 334848K, used 323480K [0x00000000e1600000, 0x00000000f5d00000, 0x00000000f5d00000)
  object space 334848K, 96% used [0x00000000e1600000,0x00000000f51e6148,0x00000000f5d00000)
 Metaspace       used 51925K, capacity 55540K, committed 55680K, reserved 1097728K
  class space    used 6607K, capacity 7507K, committed 7552K, reserved 1048576K
}
Event: 13477.911 GC heap before
{Heap before GC invocations=5407 (full 13):
 PSYoungGen      total 155648K, used 155237K [0x00000000f5d00000, 0x00000000fff00000, 0x0000000100000000)
  eden space 152576K, 100% used [0x00000000f5d00000,0x00000000ff200000,0x00000000ff200000)
  from space 3072K, 86% used [0x00000000ff200000,0x00000000ff499758,0x00000000ff500000)
  to   space 6656K, 0% used [0x00000000ff880000,0x00000000ff880000,0x00000000fff00000)
 ParOldGen       total 334848K, used 323480K [0x00000000e1600000, 0x00000000f5d00000, 0x00000000f5d00000)
  object space 334848K, 96% used [0x00000000e1600000,0x00000000f51e6148,0x00000000f5d00000)
 Metaspace       used 51925K, capacity 55540K, committed 55680K, reserved 1097728K
  class space    used 6607K, capacity 7507K, committed 7552K, reserved 1048576K
Event: 13477.917 GC heap after
Heap after GC invocations=5407 (full 13):
 PSYoungGen      total 159232K, used 2117K [0x00000000f5d00000, 0x0000000100000000, 0x0000000100000000)
  eden space 152576K, 0% used [0x00000000f5d00000,0x00000000f5d00000,0x00000000ff200000)
  from space 6656K, 31% used [0x00000000ff880000,0x00000000ffa916a8,0x00000000fff00000)
  to   space 6656K, 0% used [0x00000000ff200000,0x00000000ff200000,0x00000000ff880000)
 ParOldGen       total 334848K, used 324152K [0x00000000e1600000, 0x00000000f5d00000, 0x00000000f5d00000)
  object space 334848K, 96% used [0x00000000e1600000,0x00000000f528e1f8,0x00000000f5d00000)
 Metaspace       used 51925K, capacity 55540K, committed 55680K, reserved 1097728K
  class space    used 6607K, capacity 7507K, committed 7552K, reserved 1048576K
}
Event: 13479.370 GC heap before
{Heap before GC invocations=5408 (full 13):
 PSYoungGen      total 159232K, used 154693K [0x00000000f5d00000, 0x0000000100000000, 0x0000000100000000)
  eden space 152576K, 100% used [0x00000000f5d00000,0x00000000ff200000,0x00000000ff200000)
  from space 6656K, 31% used [0x00000000ff880000,0x00000000ffa916a8,0x00000000fff00000)
  to   space 6656K, 0% used [0x00000000ff200000,0x00000000ff200000,0x00000000ff880000)
 ParOldGen       total 334848K, used 324152K [0x00000000e1600000, 0x00000000f5d00000, 0x00000000f5d00000)
  object space 334848K, 96% used [0x00000000e1600000,0x00000000f528e1f8,0x00000000f5d00000)
 Metaspace       used 51925K, capacity 55540K, committed 55680K, reserved 1097728K
  class space    used 6607K, capacity 7507K, committed 7552K, reserved 1048576K
Event: 13479.376 GC heap after
Heap after GC invocations=5408 (full 13):
 PSYoungGen      total 159232K, used 1541K [0x00000000f5d00000, 0x0000000100000000, 0x0000000100000000)
  eden space 152576K, 0% used [0x00000000f5d00000,0x00000000f5d00000,0x00000000ff200000)
  from space 6656K, 23% used [0x00000000ff200000,0x00000000ff3816a8,0x00000000ff880000)
  to   space 6656K, 0% used [0x00000000ff980000,0x00000000ff980000,0x0000000100000000)
 ParOldGen       total 334848K, used 324904K [0x00000000e1600000, 0x00000000f5d00000, 0x00000000f5d00000)
  object space 334848K, 97% used [0x00000000e1600000,0x00000000f534a1f8,0x00000000f5d00000)
 Metaspace       used 51925K, capacity 55540K, committed 55680K, reserved 1097728K
  class space    used 6607K, capacity 7507K, committed 7552K, reserved 1048576K
}
Event: 13480.866 GC heap before
{Heap before GC invocations=5409 (full 13):
 PSYoungGen      total 159232K, used 154117K [0x00000000f5d00000, 0x0000000100000000, 0x0000000100000000)
  eden space 152576K, 100% used [0x00000000f5d00000,0x00000000ff200000,0x00000000ff200000)
  from space 6656K, 23% used [0x00000000ff200000,0x00000000ff3816a8,0x00000000ff880000)
  to   space 6656K, 0% used [0x00000000ff980000,0x00000000ff980000,0x0000000100000000)
 ParOldGen       total 334848K, used 324904K [0x00000000e1600000, 0x00000000f5d00000, 0x00000000f5d00000)
  object space 334848K, 97% used [0x00000000e1600000,0x00000000f534a1f8,0x00000000f5d00000)
 Metaspace       used 51925K, capacity 55540K, committed 55680K, reserved 1097728K
  class space    used 6607K, capacity 7507K, committed 7552K, reserved 1048576K
Event: 13480.873 GC heap after
Heap after GC invocations=5409 (full 13):
 PSYoungGen      total 160256K, used 1509K [0x00000000f5d00000, 0x0000000100000000, 0x0000000100000000)
  eden space 153600K, 0% used [0x00000000f5d00000,0x00000000f5d00000,0x00000000ff300000)
  from space 6656K, 22% used [0x00000000ff980000,0x00000000ffaf96a8,0x0000000100000000)
  to   space 6656K, 0% used [0x00000000ff300000,0x00000000ff300000,0x00000000ff980000)
 ParOldGen       total 334848K, used 324936K [0x00000000e1600000, 0x00000000f5d00000, 0x00000000f5d00000)
  object space 334848K, 97% used [0x00000000e1600000,0x00000000f53521f8,0x00000000f5d00000)
 Metaspace       used 51925K, capacity 55540K, committed 55680K, reserved 1097728K
  class space    used 6607K, capacity 7507K, committed 7552K, reserved 1048576K
}
Event: 13482.419 GC heap before
{Heap before GC invocations=5410 (full 13):
 PSYoungGen      total 160256K, used 155109K [0x00000000f5d00000, 0x0000000100000000, 0x0000000100000000)
  eden space 153600K, 100% used [0x00000000f5d00000,0x00000000ff300000,0x00000000ff300000)
  from space 6656K, 22% used [0x00000000ff980000,0x00000000ffaf96a8,0x0000000100000000)
  to   space 6656K, 0% used [0x00000000ff300000,0x00000000ff300000,0x00000000ff980000)
 ParOldGen       total 334848K, used 324936K [0x00000000e1600000, 0x00000000f5d00000, 0x00000000f5d00000)
  object space 334848K, 97% used [0x00000000e1600000,0x00000000f53521f8,0x00000000f5d00000)
 Metaspace       used 51925K, capacity 55540K, committed 55680K, reserved 1097728K
  class space    used 6607K, capacity 7507K, committed 7552K, reserved 1048576K
Event: 13482.424 GC heap after
Heap after GC invocations=5410 (full 13):
 PSYoungGen      total 160256K, used 800K [0x00000000f5d00000, 0x0000000100000000, 0x0000000100000000)
  eden space 153600K, 0% used [0x00000000f5d00000,0x00000000f5d00000,0x00000000ff300000)
  from space 6656K, 12% used [0x00000000ff300000,0x00000000ff3c8000,0x00000000ff980000)
  to   space 6656K, 0% used [0x00000000ff980000,0x00000000ff980000,0x0000000100000000)
 ParOldGen       total 334848K, used 325702K [0x00000000e1600000, 0x00000000f5d00000, 0x00000000f5d00000)
  object space 334848K, 97% used [0x00000000e1600000,0x00000000f54118a0,0x00000000f5d00000)
 Metaspace       used 51925K, capacity 55540K, committed 55680K, reserved 1097728K
  class space    used 6607K, capacity 7507K, committed 7552K, reserved 1048576K
}
Event: 13483.965 GC heap before
{Heap before GC invocations=5411 (full 13):
 PSYoungGen      total 160256K, used 154400K [0x00000000f5d00000, 0x0000000100000000, 0x0000000100000000)
  eden space 153600K, 100% used [0x00000000f5d00000,0x00000000ff300000,0x00000000ff300000)
  from space 6656K, 12% used [0x00000000ff300000,0x00000000ff3c8000,0x00000000ff980000)
  to   space 6656K, 0% used [0x00000000ff980000,0x00000000ff980000,0x0000000100000000)
 ParOldGen       total 334848K, used 325702K [0x00000000e1600000, 0x00000000f5d00000, 0x00000000f5d00000)
  object space 334848K, 97% used [0x00000000e1600000,0x00000000f54118a0,0x00000000f5d00000)
 Metaspace       used 51925K, capacity 55540K, committed 55680K, reserved 1097728K
  class space    used 6607K, capacity 7507K, committed 7552K, reserved 1048576K
Event: 13483.970 GC heap after
Heap after GC invocations=5411 (full 13):
 PSYoungGen      total 159232K, used 832K [0x00000000f5d00000, 0x00000000fff00000, 0x0000000100000000)
  eden space 153600K, 0% used [0x00000000f5d00000,0x00000000f5d00000,0x00000000ff300000)
  from space 5632K, 14% used [0x00000000ff980000,0x00000000ffa50000,0x00000000fff00000)
  to   space 6144K, 0% used [0x00000000ff300000,0x00000000ff300000,0x00000000ff900000)
 ParOldGen       total 334848K, used 325718K [0x00000000e1600000, 0x00000000f5d00000, 0x00000000f5d00000)
  object space 334848K, 97% used [0x00000000e1600000,0x00000000f54158a0,0x00000000f5d00000)
 Metaspace       used 51925K, capacity 55540K, committed 55680K, reserved 1097728K
  class space    used 6607K, capacity 7507K, committed 7552K, reserved 1048576K
}
Event: 13485.510 GC heap before
{Heap before GC invocations=5412 (full 13):
 PSYoungGen      total 159232K, used 154432K [0x00000000f5d00000, 0x00000000fff00000, 0x0000000100000000)
  eden space 153600K, 100% used [0x00000000f5d00000,0x00000000ff300000,0x00000000ff300000)
  from space 5632K, 14% used [0x00000000ff980000,0x00000000ffa50000,0x00000000fff00000)
  to   space 6144K, 0% used [0x00000000ff300000,0x00000000ff300000,0x00000000ff900000)
 ParOldGen       total 334848K, used 325718K [0x00000000e1600000, 0x00000000f5d00000, 0x00000000f5d00000)
  object space 334848K, 97% used [0x00000000e1600000,0x00000000f54158a0,0x00000000f5d00000)
 Metaspace       used 51925K, capacity 55540K, committed 55680K, reserved 1097728K
  class space    used 6607K, capacity 7507K, committed 7552K, reserved 1048576K
Event: 13485.515 GC heap after
Heap after GC invocations=5412 (full 13):
 PSYoungGen      total 159744K, used 800K [0x00000000f5d00000, 0x0000000100000000, 0x0000000100000000)
  eden space 153600K, 0% used [0x00000000f5d00000,0x00000000f5d00000,0x00000000ff300000)
  from space 6144K, 13% used [0x00000000ff300000,0x00000000ff3c8000,0x00000000ff900000)
  to   space 6144K, 0% used [0x00000000ffa00000,0x00000000ffa00000,0x0000000100000000)
 ParOldGen       total 334848K, used 325814K [0x00000000e1600000, 0x00000000f5d00000, 0x00000000f5d00000)
  object space 334848K, 97% used [0x00000000e1600000,0x00000000f542d8a0,0x00000000f5d00000)
 Metaspace       used 51925K, capacity 55540K, committed 55680K, reserved 1097728K
  class space    used 6607K, capacity 7507K, committed 7552K, reserved 1048576K
}
Event: 13486.966 GC heap before
{Heap before GC invocations=5413 (full 13):
 PSYoungGen      total 159744K, used 154400K [0x00000000f5d00000, 0x0000000100000000, 0x0000000100000000)
  eden space 153600K, 100% used [0x00000000f5d00000,0x00000000ff300000,0x00000000ff300000)
  from space 6144K, 13% used [0x00000000ff300000,0x00000000ff3c8000,0x00000000ff900000)
  to   space 6144K, 0% used [0x00000000ffa00000,0x00000000ffa00000,0x0000000100000000)
 ParOldGen       total 334848K, used 325814K [0x00000000e1600000, 0x00000000f5d00000, 0x00000000f5d00000)
  object space 334848K, 97% used [0x00000000e1600000,0x00000000f542d8a0,0x00000000f5d00000)
 Metaspace       used 51925K, capacity 55540K, committed 55680K, reserved 1097728K
  class space    used 6607K, capacity 7507K, committed 7552K, reserved 1048576K
Event: 13486.971 GC heap after
Heap after GC invocations=5413 (full 13):
 PSYoungGen      total 160768K, used 928K [0x00000000f5d00000, 0x0000000100000000, 0x0000000100000000)
  eden space 154624K, 0% used [0x00000000f5d00000,0x00000000f5d00000,0x00000000ff400000)
  from space 6144K, 15% used [0x00000000ffa00000,0x00000000ffae8000,0x0000000100000000)
  to   space 6144K, 0% used [0x00000000ff400000,0x00000000ff400000,0x00000000ffa00000)
 ParOldGen       total 334848K, used 325838K [0x00000000e1600000, 0x00000000f5d00000, 0x00000000f5d00000)
  object space 334848K, 97% used [0x00000000e1600000,0x00000000f54338a0,0x00000000f5d00000)
 Metaspace       used 51925K, capacity 55540K, committed 55680K, reserved 1097728K
  class space    used 6607K, capacity 7507K, committed 7552K, reserved 1048576K
}
Event: 13488.513 GC heap before
{Heap before GC invocations=5414 (full 13):
 PSYoungGen      total 160768K, used 155552K [0x00000000f5d00000, 0x0000000100000000, 0x0000000100000000)
  eden space 154624K, 100% used [0x00000000f5d00000,0x00000000ff400000,0x00000000ff400000)
  from space 6144K, 15% used [0x00000000ffa00000,0x00000000ffae8000,0x0000000100000000)
  to   space 6144K, 0% used [0x00000000ff400000,0x00000000ff400000,0x00000000ffa00000)
 ParOldGen       total 334848K, used 325838K [0x00000000e1600000, 0x00000000f5d00000, 0x00000000f5d00000)
  object space 334848K, 97% used [0x00000000e1600000,0x00000000f54338a0,0x00000000f5d00000)
 Metaspace       used 51925K, capacity 55540K, committed 55680K, reserved 1097728K
  class space    used 6607K, capacity 7507K, committed 7552K, reserved 1048576K
Event: 13488.518 GC heap after
Heap after GC invocations=5414 (full 13):
 PSYoungGen      total 160768K, used 960K [0x00000000f5d00000, 0x0000000100000000, 0x0000000100000000)
  eden space 154624K, 0% used [0x00000000f5d00000,0x00000000f5d00000,0x00000000ff400000)
  from space 6144K, 15% used [0x00000000ff400000,0x00000000ff4f0000,0x00000000ffa00000)
  to   space 6144K, 0% used [0x00000000ffa00000,0x00000000ffa00000,0x0000000100000000)
 ParOldGen       total 334848K, used 325854K [0x00000000e1600000, 0x00000000f5d00000, 0x00000000f5d00000)
  object space 334848K, 97% used [0x00000000e1600000,0x00000000f54378a0,0x00000000f5d00000)
 Metaspace       used 51925K, capacity 55540K, committed 55680K, reserved 1097728K
  class space    used 6607K, capacity 7507K, committed 7552K, reserved 1048576K
}
Event: 13490.020 GC heap before
{Heap before GC invocations=5415 (full 13):
 PSYoungGen      total 160768K, used 155584K [0x00000000f5d00000, 0x0000000100000000, 0x0000000100000000)
  eden space 154624K, 100% used [0x00000000f5d00000,0x00000000ff400000,0x00000000ff400000)
  from space 6144K, 15% used [0x00000000ff400000,0x00000000ff4f0000,0x00000000ffa00000)
  to   space 6144K, 0% used [0x00000000ffa00000,0x00000000ffa00000,0x0000000100000000)
 ParOldGen       total 334848K, used 325854K [0x00000000e1600000, 0x00000000f5d00000, 0x00000000f5d00000)
  object space 334848K, 97% used [0x00000000e1600000,0x00000000f54378a0,0x00000000f5d00000)
 Metaspace       used 51925K, capacity 55540K, committed 55680K, reserved 1097728K
  class space    used 6607K, capacity 7507K, committed 7552K, reserved 1048576K
Event: 13490.025 GC heap after
Heap after GC invocations=5415 (full 13):
 PSYoungGen      total 159744K, used 960K [0x00000000f5d00000, 0x00000000fff00000, 0x0000000100000000)
  eden space 154624K, 0% used [0x00000000f5d00000,0x00000000f5d00000,0x00000000ff400000)
  from space 5120K, 18% used [0x00000000ffa00000,0x00000000ffaf0000,0x00000000fff00000)
  to   space 5632K, 0% used [0x00000000ff400000,0x00000000ff400000,0x00000000ff980000)
 ParOldGen       total 334848K, used 325870K [0x00000000e1600000, 0x00000000f5d00000, 0x00000000f5d00000)
  object space 334848K, 97% used [0x00000000e1600000,0x00000000f543b8a0,0x00000000f5d00000)
 Metaspace       used 51925K, capacity 55540K, committed 55680K, reserved 1097728K
  class space    used 6607K, capacity 7507K, committed 7552K, reserved 1048576K
}
Event: 13491.560 GC heap before
{Heap before GC invocations=5416 (full 13):
 PSYoungGen      total 159744K, used 155584K [0x00000000f5d00000, 0x00000000fff00000, 0x0000000100000000)
  eden space 154624K, 100% used [0x00000000f5d00000,0x00000000ff400000,0x00000000ff400000)
  from space 5120K, 18% used [0x00000000ffa00000,0x00000000ffaf0000,0x00000000fff00000)
  to   space 5632K, 0% used [0x00000000ff400000,0x00000000ff400000,0x00000000ff980000)
 ParOldGen       total 334848K, used 325870K [0x00000000e1600000, 0x00000000f5d00000, 0x00000000f5d00000)
  object space 334848K, 97% used [0x00000000e1600000,0x00000000f543b8a0,0x00000000f5d00000)
 Metaspace       used 51925K, capacity 55540K, committed 55680K, reserved 1097728K
  class space    used 6607K, capacity 7507K, committed 7552K, reserved 1048576K
Event: 13491.565 GC heap after
Heap after GC invocations=5416 (full 13):
 PSYoungGen      total 160256K, used 896K [0x00000000f5d00000, 0x0000000100000000, 0x0000000100000000)
  eden space 154624K, 0% used [0x00000000f5d00000,0x00000000f5d00000,0x00000000ff400000)
  from space 5632K, 15% used [0x00000000ff400000,0x00000000ff4e0000,0x00000000ff980000)
  to   space 5632K, 0% used [0x00000000ffa80000,0x00000000ffa80000,0x0000000100000000)
 ParOldGen       total 334848K, used 326014K [0x00000000e1600000, 0x00000000f5d00000, 0x00000000f5d00000)
  object space 334848K, 97% used [0x00000000e1600000,0x00000000f545f8a0,0x00000000f5d00000)
 Metaspace       used 51925K, capacity 55540K, committed 55680K, reserved 1097728K
  class space    used 6607K, capacity 7507K, committed 7552K, reserved 1048576K
}
Event: 13493.017 GC heap before
{Heap before GC invocations=5417 (full 13):
 PSYoungGen      total 160256K, used 155520K [0x00000000f5d00000, 0x0000000100000000, 0x0000000100000000)
  eden space 154624K, 100% used [0x00000000f5d00000,0x00000000ff400000,0x00000000ff400000)
  from space 5632K, 15% used [0x00000000ff400000,0x00000000ff4e0000,0x00000000ff980000)
  to   space 5632K, 0% used [0x00000000ffa80000,0x00000000ffa80000,0x0000000100000000)
 ParOldGen       total 334848K, used 326014K [0x00000000e1600000, 0x00000000f5d00000, 0x00000000f5d00000)
  object space 334848K, 97% used [0x00000000e1600000,0x00000000f545f8a0,0x00000000f5d00000)
 Metaspace       used 51925K, capacity 55540K, committed 55680K, reserved 1097728K
  class space    used 6607K, capacity 7507K, committed 7552K, reserved 1048576K
Event: 13493.022 GC heap after
Heap after GC invocations=5417 (full 13):
 PSYoungGen      total 160256K, used 1248K [0x00000000f5d00000, 0x00000000fff00000, 0x0000000100000000)
  eden space 155648K, 0% used [0x00000000f5d00000,0x00000000f5d00000,0x00000000ff500000)
  from space 4608K, 27% used [0x00000000ffa80000,0x00000000ffbb8000,0x00000000fff00000)
  to   space 5120K, 0% used [0x00000000ff500000,0x00000000ff500000,0x00000000ffa00000)
 ParOldGen       total 334848K, used 326030K [0x00000000e1600000, 0x00000000f5d00000, 0x00000000f5d00000)
  object space 334848K, 97% used [0x00000000e1600000,0x00000000f54638a0,0x00000000f5d00000)
 Metaspace       used 51925K, capacity 55540K, committed 55680K, reserved 1097728K
  class space    used 6607K, capacity 7507K, committed 7552K, reserved 1048576K
}
Event: 13494.608 GC heap before
{Heap before GC invocations=5418 (full 13):
 PSYoungGen      total 160256K, used 156896K [0x00000000f5d00000, 0x00000000fff00000, 0x0000000100000000)
  eden space 155648K, 100% used [0x00000000f5d00000,0x00000000ff500000,0x00000000ff500000)
  from space 4608K, 27% used [0x00000000ffa80000,0x00000000ffbb8000,0x00000000fff00000)
  to   space 5120K, 0% used [0x00000000ff500000,0x00000000ff500000,0x00000000ffa00000)
 ParOldGen       total 334848K, used 326030K [0x00000000e1600000, 0x00000000f5d00000, 0x00000000f5d00000)
  object space 334848K, 97% used [0x00000000e1600000,0x00000000f54638a0,0x00000000f5d00000)
 Metaspace       used 51925K, capacity 55540K, committed 55680K, reserved 1097728K
  class space    used 6607K, capacity 7507K, committed 7552K, reserved 1048576K
Event: 13494.613 GC heap after
Heap after GC invocations=5418 (full 13):
 PSYoungGen      total 160768K, used 1120K [0x00000000f5d00000, 0x0000000100000000, 0x0000000100000000)
  eden space 155648K, 0% used [0x00000000f5d00000,0x00000000f5d00000,0x00000000ff500000)
  from space 5120K, 21% used [0x00000000ff500000,0x00000000ff618000,0x00000000ffa00000)
  to   space 5120K, 0% used [0x00000000ffb00000,0x00000000ffb00000,0x0000000100000000)
 ParOldGen       total 334848K, used 326158K [0x00000000e1600000, 0x00000000f5d00000, 0x00000000f5d00000)
  object space 334848K, 97% used [0x00000000e1600000,0x00000000f54838a0,0x00000000f5d00000)
 Metaspace       used 51925K, capacity 55540K, committed 55680K, reserved 1097728K
  class space    used 6607K, capacity 7507K, committed 7552K, reserved 1048576K
}
Event: 13496.116 GC heap before
{Heap before GC invocations=5419 (full 13):
 PSYoungGen      total 160768K, used 156768K [0x00000000f5d00000, 0x0000000100000000, 0x0000000100000000)
  eden space 155648K, 100% used [0x00000000f5d00000,0x00000000ff500000,0x00000000ff500000)
  from space 5120K, 21% used [0x00000000ff500000,0x00000000ff618000,0x00000000ffa00000)
  to   space 5120K, 0% used [0x00000000ffb00000,0x00000000ffb00000,0x0000000100000000)
 ParOldGen       total 334848K, used 326158K [0x00000000e1600000, 0x00000000f5d00000, 0x00000000f5d00000)
  object space 334848K, 97% used [0x00000000e1600000,0x00000000f54838a0,0x00000000f5d00000)
 Metaspace       used 51925K, capacity 55540K, committed 55680K, reserved 1097728K
  class space    used 6607K, capacity 7507K, committed 7552K, reserved 1048576K
Event: 13496.121 GC heap after
Heap after GC invocations=5419 (full 13):
 PSYoungGen      total 161792K, used 1216K [0x00000000f5d00000, 0x0000000100000000, 0x0000000100000000)
  eden space 156672K, 0% used [0x00000000f5d00000,0x00000000f5d00000,0x00000000ff600000)
  from space 5120K, 23% used [0x00000000ffb00000,0x00000000ffc30000,0x0000000100000000)
  to   space 5120K, 0% used [0x00000000ff600000,0x00000000ff600000,0x00000000ffb00000)
 ParOldGen       total 334848K, used 326174K [0x00000000e1600000, 0x00000000f5d00000, 0x00000000f5d00000)
  object space 334848K, 97% used [0x00000000e1600000,0x00000000f54878a0,0x00000000f5d00000)
 Metaspace       used 51925K, capacity 55540K, committed 55680K, reserved 1097728K
  class space    used 6607K, capacity 7507K, committed 7552K, reserved 1048576K
}
Event: 13497.666 GC heap before
{Heap before GC invocations=5420 (full 13):
 PSYoungGen      total 161792K, used 157888K [0x00000000f5d00000, 0x0000000100000000, 0x0000000100000000)
  eden space 156672K, 100% used [0x00000000f5d00000,0x00000000ff600000,0x00000000ff600000)
  from space 5120K, 23% used [0x00000000ffb00000,0x00000000ffc30000,0x0000000100000000)
  to   space 5120K, 0% used [0x00000000ff600000,0x00000000ff600000,0x00000000ffb00000)
 ParOldGen       total 334848K, used 326174K [0x00000000e1600000, 0x00000000f5d00000, 0x00000000f5d00000)
  object space 334848K, 97% used [0x00000000e1600000,0x00000000f54878a0,0x00000000f5d00000)
 Metaspace       used 51925K, capacity 55540K, committed 55680K, reserved 1097728K
  class space    used 6607K, capacity 7507K, committed 7552K, reserved 1048576K
Event: 13497.671 GC heap after
Heap after GC invocations=5420 (full 13):
 PSYoungGen      total 158208K, used 1471K [0x00000000f5d00000, 0x00000000fff00000, 0x0000000100000000)
  eden space 156672K, 0% used [0x00000000f5d00000,0x00000000f5d00000,0x00000000ff600000)
  from space 1536K, 95% used [0x00000000ff600000,0x00000000ff76fc78,0x00000000ff780000)
  to   space 4608K, 0% used [0x00000000ffa80000,0x00000000ffa80000,0x00000000fff00000)
 ParOldGen       total 334848K, used 326190K [0x00000000e1600000, 0x00000000f5d00000, 0x00000000f5d00000)
  object space 334848K, 97% used [0x00000000e1600000,0x00000000f548b8a0,0x00000000f5d00000)
 Metaspace       used 51925K, capacity 55540K, committed 55680K, reserved 1097728K
  class space    used 6607K, capacity 7507K, committed 7552K, reserved 1048576K
}
Event: 13499.261 GC heap before
{Heap before GC invocations=5421 (full 13):
 PSYoungGen      total 158208K, used 158143K [0x00000000f5d00000, 0x00000000fff00000, 0x0000000100000000)
  eden space 156672K, 100% used [0x00000000f5d00000,0x00000000ff600000,0x00000000ff600000)
  from space 1536K, 95% used [0x00000000ff600000,0x00000000ff76fc78,0x00000000ff780000)
  to   space 4608K, 0% used [0x00000000ffa80000,0x00000000ffa80000,0x00000000fff00000)
 ParOldGen       total 334848K, used 326190K [0x00000000e1600000, 0x00000000f5d00000, 0x00000000f5d00000)
  object space 334848K, 97% used [0x00000000e1600000,0x00000000f548b8a0,0x00000000f5d00000)
 Metaspace       used 51925K, capacity 55540K, committed 55680K, reserved 1097728K
  class space    used 6607K, capacity 7507K, committed 7552K, reserved 1048576K
Event: 13499.267 GC heap after
Heap after GC invocations=5421 (full 13):
 PSYoungGen      total 161280K, used 1311K [0x00000000f5d00000, 0x0000000100000000, 0x0000000100000000)
  eden space 156672K, 0% used [0x00000000f5d00000,0x00000000f5d00000,0x00000000ff600000)
  from space 4608K, 28% used [0x00000000ffa80000,0x00000000ffbc7c78,0x00000000fff00000)
  to   space 4608K, 0% used [0x00000000ff600000,0x00000000ff600000,0x00000000ffa80000)
 ParOldGen       total 334848K, used 326350K [0x00000000e1600000, 0x00000000f5d00000, 0x00000000f5d00000)
  object space 334848K, 97% used [0x00000000e1600000,0x00000000f54b38a0,0x00000000f5d00000)
 Metaspace       used 51925K, capacity 55540K, committed 55680K, reserved 1097728K
  class space    used 6607K, capacity 7507K, committed 7552K, reserved 1048576K
}
Event: 13500.859 GC heap before
{Heap before GC invocations=5422 (full 13):
 PSYoungGen      total 161280K, used 157983K [0x00000000f5d00000, 0x0000000100000000, 0x0000000100000000)
  eden space 156672K, 100% used [0x00000000f5d00000,0x00000000ff600000,0x00000000ff600000)
  from space 4608K, 28% used [0x00000000ffa80000,0x00000000ffbc7c78,0x00000000fff00000)
  to   space 4608K, 0% used [0x00000000ff600000,0x00000000ff600000,0x00000000ffa80000)
 ParOldGen       total 334848K, used 326350K [0x00000000e1600000, 0x00000000f5d00000, 0x00000000f5d00000)
  object space 334848K, 97% used [0x00000000e1600000,0x00000000f54b38a0,0x00000000f5d00000)
 Metaspace       used 51925K, capacity 55540K, committed 55680K, reserved 1097728K
  class space    used 6607K, capacity 7507K, committed 7552K, reserved 1048576K
Event: 13500.865 GC heap after
Heap after GC invocations=5422 (full 13):
 PSYoungGen      total 161280K, used 1279K [0x00000000f5d00000, 0x00000000fff00000, 0x0000000100000000)
  eden space 156672K, 0% used [0x00000000f5d00000,0x00000000f5d00000,0x00000000ff600000)
  from space 4608K, 27% used [0x00000000ff600000,0x00000000ff73fc78,0x00000000ffa80000)
  to   space 4096K, 0% used [0x00000000ffb00000,0x00000000ffb00000,0x00000000fff00000)
 ParOldGen       total 334848K, used 326430K [0x00000000e1600000, 0x00000000f5d00000, 0x00000000f5d00000)
  object space 334848K, 97% used [0x00000000e1600000,0x00000000f54c78a0,0x00000000f5d00000)
 Metaspace       used 51925K, capacity 55540K, committed 55680K, reserved 1097728K
  class space    used 6607K, capacity 7507K, committed 7552K, reserved 1048576K
}
Event: 13502.467 GC heap before
{Heap before GC invocations=5423 (full 13):
 PSYoungGen      total 161280K, used 157951K [0x00000000f5d00000, 0x00000000fff00000, 0x0000000100000000)
  eden space 156672K, 100% used [0x00000000f5d00000,0x00000000ff600000,0x00000000ff600000)
  from space 4608K, 27% used [0x00000000ff600000,0x00000000ff73fc78,0x00000000ffa80000)
  to   space 4096K, 0% used [0x00000000ffb00000,0x00000000ffb00000,0x00000000fff00000)
 ParOldGen       total 334848K, used 326430K [0x00000000e1600000, 0x00000000f5d00000, 0x00000000f5d00000)
  object space 334848K, 97% used [0x00000000e1600000,0x00000000f54c78a0,0x00000000f5d00000)
 Metaspace       used 51925K, capacity 55540K, committed 55680K, reserved 1097728K
  class space    used 6607K, capacity 7507K, committed 7552K, reserved 1048576K
Event: 13502.472 GC heap after
Heap after GC invocations=5423 (full 13):
 PSYoungGen      total 161792K, used 1247K [0x00000000f5d00000, 0x00000000fff80000, 0x0000000100000000)
  eden space 157696K, 0% used [0x00000000f5d00000,0x00000000f5d00000,0x00000000ff700000)
  from space 4096K, 30% used [0x00000000ffb00000,0x00000000ffc37c78,0x00000000fff00000)
  to   space 4096K, 0% used [0x00000000ff700000,0x00000000ff700000,0x00000000ffb00000)
 ParOldGen       total 334848K, used 326502K [0x00000000e1600000, 0x00000000f5d00000, 0x00000000f5d00000)
  object space 334848K, 97% used [0x00000000e1600000,0x00000000f54d98a0,0x00000000f5d00000)
 Metaspace       used 51925K, capacity 55540K, committed 55680K, reserved 1097728K
  class space    used 6607K, capacity 7507K, committed 7552K, reserved 1048576K
}
Event: 13504.069 GC heap before
{Heap before GC invocations=5424 (full 13):
 PSYoungGen      total 161792K, used 158943K [0x00000000f5d00000, 0x00000000fff80000, 0x0000000100000000)
  eden space 157696K, 100% used [0x00000000f5d00000,0x00000000ff700000,0x00000000ff700000)
  from space 4096K, 30% used [0x00000000ffb00000,0x00000000ffc37c78,0x00000000fff00000)
  to   space 4096K, 0% used [0x00000000ff700000,0x00000000ff700000,0x00000000ffb00000)
 ParOldGen       total 334848K, used 326502K [0x00000000e1600000, 0x00000000f5d00000, 0x00000000f5d00000)
  object space 334848K, 97% used [0x00000000e1600000,0x00000000f54d98a0,0x00000000f5d00000)
 Metaspace       used 51925K, capacity 55540K, committed 55680K, reserved 1097728K
  class space    used 6607K, capacity 7507K, committed 7552K, reserved 1048576K
Event: 13504.074 GC heap after
Heap after GC invocations=5424 (full 13):
 PSYoungGen      total 161792K, used 1343K [0x00000000f5d00000, 0x00000000fff00000, 0x0000000100000000)
  eden space 157696K, 0% used [0x00000000f5d00000,0x00000000f5d00000,0x00000000ff700000)
  from space 4096K, 32% used [0x00000000ff700000,0x00000000ff84fc78,0x00000000ffb00000)
  to   space 3584K, 0% used [0x00000000ffb80000,0x00000000ffb80000,0x00000000fff00000)
 ParOldGen       total 334848K, used 326518K [0x00000000e1600000, 0x00000000f5d00000, 0x00000000f5d00000)
  object space 334848K, 97% used [0x00000000e1600000,0x00000000f54dd8a0,0x00000000f5d00000)
 Metaspace       used 51925K, capacity 55540K, committed 55680K, reserved 1097728K
  class space    used 6607K, capacity 7507K, committed 7552K, reserved 1048576K
}
Event: 13505.680 GC heap before
{Heap before GC invocations=5425 (full 13):
 PSYoungGen      total 161792K, used 159039K [0x00000000f5d00000, 0x00000000fff00000, 0x0000000100000000)
  eden space 157696K, 100% used [0x00000000f5d00000,0x00000000ff700000,0x00000000ff700000)
  from space 4096K, 32% used [0x00000000ff700000,0x00000000ff84fc78,0x00000000ffb00000)
  to   space 3584K, 0% used [0x00000000ffb80000,0x00000000ffb80000,0x00000000fff00000)
 ParOldGen       total 334848K, used 326518K [0x00000000e1600000, 0x00000000f5d00000, 0x00000000f5d00000)
  object space 334848K, 97% used [0x00000000e1600000,0x00000000f54dd8a0,0x00000000f5d00000)
 Metaspace       used 51925K, capacity 55540K, committed 55680K, reserved 1097728K
  class space    used 6607K, capacity 7507K, committed 7552K, reserved 1048576K
Event: 13505.686 GC heap after
Heap after GC invocations=5425 (full 13):
 PSYoungGen      total 162304K, used 1895K [0x00000000f5d00000, 0x00000000fff80000, 0x0000000100000000)
  eden space 158720K, 0% used [0x00000000f5d00000,0x00000000f5d00000,0x00000000ff800000)
  from space 3584K, 52% used [0x00000000ffb80000,0x00000000ffd59d70,0x00000000fff00000)
  to   space 3584K, 0% used [0x00000000ff800000,0x00000000ff800000,0x00000000ffb80000)
 ParOldGen       total 334848K, used 326534K [0x00000000e1600000, 0x00000000f5d00000, 0x00000000f5d00000)
  object space 334848K, 97% used [0x00000000e1600000,0x00000000f54e18a0,0x00000000f5d00000)
 Metaspace       used 51925K, capacity 55540K, committed 55680K, reserved 1097728K
  class space    used 6607K, capacity 7507K, committed 7552K, reserved 1048576K
}
Event: 13507.168 GC heap before
{Heap before GC invocations=5426 (full 13):
 PSYoungGen      total 162304K, used 160615K [0x00000000f5d00000, 0x00000000fff80000, 0x0000000100000000)
  eden space 158720K, 100% used [0x00000000f5d00000,0x00000000ff800000,0x00000000ff800000)
  from space 3584K, 52% used [0x00000000ffb80000,0x00000000ffd59d70,0x00000000fff00000)
  to   space 3584K, 0% used [0x00000000ff800000,0x00000000ff800000,0x00000000ffb80000)
 ParOldGen       total 334848K, used 326534K [0x00000000e1600000, 0x00000000f5d00000, 0x00000000f5d00000)
  object space 334848K, 97% used [0x00000000e1600000,0x00000000f54e18a0,0x00000000f5d00000)
 Metaspace       used 51925K, capacity 55540K, committed 55680K, reserved 1097728K
  class space    used 6607K, capacity 7507K, committed 7552K, reserved 1048576K
Event: 13507.174 GC heap after
Heap after GC invocations=5426 (full 13):
 PSYoungGen      total 162304K, used 2790K [0x00000000f5d00000, 0x0000000100000000, 0x0000000100000000)
  eden space 158720K, 0% used [0x00000000f5d00000,0x00000000f5d00000,0x00000000ff800000)
  from space 3584K, 77% used [0x00000000ff800000,0x00000000ffab9978,0x00000000ffb80000)
  to   space 4096K, 0% used [0x00000000ffc00000,0x00000000ffc00000,0x0000000100000000)
 ParOldGen       total 334848K, used 326598K [0x00000000e1600000, 0x00000000f5d00000, 0x00000000f5d00000)
  object space 334848K, 97% used [0x00000000e1600000,0x00000000f54f18a0,0x00000000f5d00000)
 Metaspace       used 51925K, capacity 55540K, committed 55680K, reserved 1097728K
  class space    used 6607K, capacity 7507K, committed 7552K, reserved 1048576K
}
Event: 13508.769 GC heap before
{Heap before GC invocations=5427 (full 13):
 PSYoungGen      total 162304K, used 161510K [0x00000000f5d00000, 0x0000000100000000, 0x0000000100000000)
  eden space 158720K, 100% used [0x00000000f5d00000,0x00000000ff800000,0x00000000ff800000)
  from space 3584K, 77% used [0x00000000ff800000,0x00000000ffab9978,0x00000000ffb80000)
  to   space 4096K, 0% used [0x00000000ffc00000,0x00000000ffc00000,0x0000000100000000)
 ParOldGen       total 334848K, used 326598K [0x00000000e1600000, 0x00000000f5d00000, 0x00000000f5d00000)
  object space 334848K, 97% used [0x00000000e1600000,0x00000000f54f18a0,0x00000000f5d00000)
 Metaspace       used 51927K, capacity 55540K, committed 55680K, reserved 1097728K
  class space    used 6607K, capacity 7507K, committed 7552K, reserved 1048576K
Event: 13508.774 GC heap after
Heap after GC invocations=5427 (full 13):
 PSYoungGen      total 162816K, used 2854K [0x00000000f5d00000, 0x0000000100000000, 0x0000000100000000)
  eden space 158720K, 0% used [0x00000000f5d00000,0x00000000f5d00000,0x00000000ff800000)
  from space 4096K, 69% used [0x00000000ffc00000,0x00000000ffec9978,0x0000000100000000)
  to   space 4096K, 0% used [0x00000000ff800000,0x00000000ff800000,0x00000000ffc00000)
 ParOldGen       total 334848K, used 326630K [0x00000000e1600000, 0x00000000f5d00000, 0x00000000f5d00000)
  object space 334848K, 97% used [0x00000000e1600000,0x00000000f54f98a0,0x00000000f5d00000)
 Metaspace       used 51927K, capacity 55540K, committed 55680K, reserved 1097728K
  class space    used 6607K, capacity 7507K, committed 7552K, reserved 1048576K
}
Event: 13510.362 GC heap before
{Heap before GC invocations=5428 (full 13):
 PSYoungGen      total 162816K, used 161574K [0x00000000f5d00000, 0x0000000100000000, 0x0000000100000000)
  eden space 158720K, 100% used [0x00000000f5d00000,0x00000000ff800000,0x00000000ff800000)
  from space 4096K, 69% used [0x00000000ffc00000,0x00000000ffec9978,0x0000000100000000)
  to   space 4096K, 0% used [0x00000000ff800000,0x00000000ff800000,0x00000000ffc00000)
 ParOldGen       total 334848K, used 326630K [0x00000000e1600000, 0x00000000f5d00000, 0x00000000f5d00000)
  object space 334848K, 97% used [0x00000000e1600000,0x00000000f54f98a0,0x00000000f5d00000)
 Metaspace       used 51927K, capacity 55540K, committed 55680K, reserved 1097728K
  class space    used 6607K, capacity 7507K, committed 7552K, reserved 1048576K
Event: 13510.368 GC heap after
Heap after GC invocations=5428 (full 13):
 PSYoungGen      total 161792K, used 2758K [0x00000000f5d00000, 0x0000000100000000, 0x0000000100000000)
  eden space 158720K, 0% used [0x00000000f5d00000,0x00000000f5d00000,0x00000000ff800000)
  from space 3072K, 89% used [0x00000000ff800000,0x00000000ffab1968,0x00000000ffb00000)
  to   space 4608K, 0% used [0x00000000ffb80000,0x00000000ffb80000,0x0000000100000000)
 ParOldGen       total 334848K, used 326766K [0x00000000e1600000, 0x00000000f5d00000, 0x00000000f5d00000)
  object space 334848K, 97% used [0x00000000e1600000,0x00000000f551b8a0,0x00000000f5d00000)
 Metaspace       used 51927K, capacity 55540K, committed 55680K, reserved 1097728K
  class space    used 6607K, capacity 7507K, committed 7552K, reserved 1048576K
}
Event: 13511.959 GC heap before
{Heap before GC invocations=5429 (full 13):
 PSYoungGen      total 161792K, used 161478K [0x00000000f5d00000, 0x0000000100000000, 0x0000000100000000)
  eden space 158720K, 100% used [0x00000000f5d00000,0x00000000ff800000,0x00000000ff800000)
  from space 3072K, 89% used [0x00000000ff800000,0x00000000ffab1968,0x00000000ffb00000)
  to   space 4608K, 0% used [0x00000000ffb80000,0x00000000ffb80000,0x0000000100000000)
 ParOldGen       total 334848K, used 326766K [0x00000000e1600000, 0x00000000f5d00000, 0x00000000f5d00000)
  object space 334848K, 97% used [0x00000000e1600000,0x00000000f551b8a0,0x00000000f5d00000)
 Metaspace       used 51927K, capacity 55540K, committed 55680K, reserved 1097728K
  class space    used 6607K, capacity 7507K, committed 7552K, reserved 1048576K
Event: 13511.964 GC heap after
Heap after GC invocations=5429 (full 13):
 PSYoungGen      total 162304K, used 2694K [0x00000000f5d00000, 0x0000000100000000, 0x0000000100000000)
  eden space 157696K, 0% used [0x00000000f5d00000,0x00000000f5d00000,0x00000000ff700000)
  from space 4608K, 58% used [0x00000000ffb80000,0x00000000ffe21968,0x0000000100000000)
  to   space 4608K, 0% used [0x00000000ff700000,0x00000000ff700000,0x00000000ffb80000)
 ParOldGen       total 334848K, used 326846K [0x00000000e1600000, 0x00000000f5d00000, 0x00000000f5d00000)
  object space 334848K, 97% used [0x00000000e1600000,0x00000000f552f8a0,0x00000000f5d00000)
 Metaspace       used 51927K, capacity 55540K, committed 55680K, reserved 1097728K
  class space    used 6607K, capacity 7507K, committed 7552K, reserved 1048576K
}
Event: 13513.510 GC heap before
{Heap before GC invocations=5430 (full 13):
 PSYoungGen      total 162304K, used 160390K [0x00000000f5d00000, 0x0000000100000000, 0x0000000100000000)
  eden space 157696K, 100% used [0x00000000f5d00000,0x00000000ff700000,0x00000000ff700000)
  from space 4608K, 58% used [0x00000000ffb80000,0x00000000ffe21968,0x0000000100000000)
  to   space 4608K, 0% used [0x00000000ff700000,0x00000000ff700000,0x00000000ffb80000)
 ParOldGen       total 334848K, used 326846K [0x00000000e1600000, 0x00000000f5d00000, 0x00000000f5d00000)
  object space 334848K, 97% used [0x00000000e1600000,0x00000000f552f8a0,0x00000000f5d00000)
 Metaspace       used 51927K, capacity 55540K, committed 55680K, reserved 1097728K
  class space    used 6607K, capacity 7507K, committed 7552K, reserved 1048576K
Event: 13513.515 GC heap after
Heap after GC invocations=5430 (full 13):
 PSYoungGen      total 162304K, used 2879K [0x00000000f5d00000, 0x0000000100000000, 0x0000000100000000)
  eden space 157696K, 0% used [0x00000000f5d00000,0x00000000f5d00000,0x00000000ff700000)
  from space 4608K, 62% used [0x00000000ff700000,0x00000000ff9cff20,0x00000000ffb80000)
  to   space 4608K, 0% used [0x00000000ffb80000,0x00000000ffb80000,0x0000000100000000)
 ParOldGen       total 334848K, used 326870K [0x00000000e1600000, 0x00000000f5d00000, 0x00000000f5d00000)
  object space 334848K, 97% used [0x00000000e1600000,0x00000000f55358a0,0x00000000f5d00000)
 Metaspace       used 51927K, capacity 55540K, committed 55680K, reserved 1097728K
  class space    used 6607K, capacity 7507K, committed 7552K, reserved 1048576K
}
Event: 13515.065 GC heap before
{Heap before GC invocations=5431 (full 13):
 PSYoungGen      total 162304K, used 160575K [0x00000000f5d00000, 0x0000000100000000, 0x0000000100000000)
  eden space 157696K, 100% used [0x00000000f5d00000,0x00000000ff700000,0x00000000ff700000)
  from space 4608K, 62% used [0x00000000ff700000,0x00000000ff9cff20,0x00000000ffb80000)
  to   space 4608K, 0% used [0x00000000ffb80000,0x00000000ffb80000,0x0000000100000000)
 ParOldGen       total 334848K, used 326870K [0x00000000e1600000, 0x00000000f5d00000, 0x00000000f5d00000)
  object space 334848K, 97% used [0x00000000e1600000,0x00000000f55358a0,0x00000000f5d00000)
 Metaspace       used 51927K, capacity 55540K, committed 55680K, reserved 1097728K
  class space    used 6607K, capacity 7507K, committed 7552K, reserved 1048576K
Event: 13515.071 GC heap after
Heap after GC invocations=5431 (full 13):
 PSYoungGen      total 162304K, used 2783K [0x00000000f5d00000, 0x0000000100000000, 0x0000000100000000)
  eden space 157696K, 0% used [0x00000000f5d00000,0x00000000f5d00000,0x00000000ff700000)
  from space 4608K, 60% used [0x00000000ffb80000,0x00000000ffe37f20,0x0000000100000000)
  to   space 4608K, 0% used [0x00000000ff700000,0x00000000ff700000,0x00000000ffb80000)
 ParOldGen       total 334848K, used 326942K [0x00000000e1600000, 0x00000000f5d00000, 0x00000000f5d00000)
  object space 334848K, 97% used [0x00000000e1600000,0x00000000f55478a0,0x00000000f5d00000)
 Metaspace       used 51927K, capacity 55540K, committed 55680K, reserved 1097728K
  class space    used 6607K, capacity 7507K, committed 7552K, reserved 1048576K
}
Event: 13516.617 GC heap before
{Heap before GC invocations=5432 (full 13):
 PSYoungGen      total 162304K, used 160479K [0x00000000f5d00000, 0x0000000100000000, 0x0000000100000000)
  eden space 157696K, 100% used [0x00000000f5d00000,0x00000000ff700000,0x00000000ff700000)
  from space 4608K, 60% used [0x00000000ffb80000,0x00000000ffe37f20,0x0000000100000000)
  to   space 4608K, 0% used [0x00000000ff700000,0x00000000ff700000,0x00000000ffb80000)
 ParOldGen       total 334848K, used 326942K [0x00000000e1600000, 0x00000000f5d00000, 0x00000000f5d00000)
  object space 334848K, 97% used [0x00000000e1600000,0x00000000f55478a0,0x00000000f5d00000)
 Metaspace       used 51927K, capacity 55540K, committed 55680K, reserved 1097728K
  class space    used 6607K, capacity 7507K, committed 7552K, reserved 1048576K
Event: 13516.623 GC heap after
Heap after GC invocations=5432 (full 13):
 PSYoungGen      total 162304K, used 2591K [0x00000000f5d00000, 0x0000000100000000, 0x0000000100000000)
  eden space 157696K, 0% used [0x00000000f5d00000,0x00000000f5d00000,0x00000000ff700000)
  from space 4608K, 56% used [0x00000000ff700000,0x00000000ff987f20,0x00000000ffb80000)
  to   space 4608K, 0% used [0x00000000ffb80000,0x00000000ffb80000,0x0000000100000000)
 ParOldGen       total 334848K, used 327238K [0x00000000e1600000, 0x00000000f5d00000, 0x00000000f5d00000)
  object space 334848K, 97% used [0x00000000e1600000,0x00000000f55918a0,0x00000000f5d00000)
 Metaspace       used 51927K, capacity 55540K, committed 55680K, reserved 1097728K
  class space    used 6607K, capacity 7507K, committed 7552K, reserved 1048576K
}
Event: 13518.213 GC heap before
{Heap before GC invocations=5433 (full 13):
 PSYoungGen      total 162304K, used 160287K [0x00000000f5d00000, 0x0000000100000000, 0x0000000100000000)
  eden space 157696K, 100% used [0x00000000f5d00000,0x00000000ff700000,0x00000000ff700000)
  from space 4608K, 56% used [0x00000000ff700000,0x00000000ff987f20,0x00000000ffb80000)
  to   space 4608K, 0% used [0x00000000ffb80000,0x00000000ffb80000,0x0000000100000000)
 ParOldGen       total 334848K, used 327238K [0x00000000e1600000, 0x00000000f5d00000, 0x00000000f5d00000)
  object space 334848K, 97% used [0x00000000e1600000,0x00000000f55918a0,0x00000000f5d00000)
 Metaspace       used 51927K, capacity 55540K, committed 55680K, reserved 1097728K
  class space    used 6607K, capacity 7507K, committed 7552K, reserved 1048576K
Event: 13518.219 GC heap after
Heap after GC invocations=5433 (full 13):
 PSYoungGen      total 162304K, used 2591K [0x00000000f5d00000, 0x0000000100000000, 0x0000000100000000)
  eden space 157696K, 0% used [0x00000000f5d00000,0x00000000f5d00000,0x00000000ff700000)
  from space 4608K, 56% used [0x00000000ffb80000,0x00000000ffe07f20,0x0000000100000000)
  to   space 4608K, 0% used [0x00000000ff700000,0x00000000ff700000,0x00000000ffb80000)
 ParOldGen       total 334848K, used 327262K [0x00000000e1600000, 0x00000000f5d00000, 0x00000000f5d00000)
  object space 334848K, 97% used [0x00000000e1600000,0x00000000f55978a0,0x00000000f5d00000)
 Metaspace       used 51927K, capacity 55540K, committed 55680K, reserved 1097728K
  class space    used 6607K, capacity 7507K, committed 7552K, reserved 1048576K
}
Event: 13519.811 GC heap before
{Heap before GC invocations=5434 (full 13):
 PSYoungGen      total 162304K, used 160287K [0x00000000f5d00000, 0x0000000100000000, 0x0000000100000000)
  eden space 157696K, 100% used [0x00000000f5d00000,0x00000000ff700000,0x00000000ff700000)
  from space 4608K, 56% used [0x00000000ffb80000,0x00000000ffe07f20,0x0000000100000000)
  to   space 4608K, 0% used [0x00000000ff700000,0x00000000ff700000,0x00000000ffb80000)
 ParOldGen       total 334848K, used 327262K [0x00000000e1600000, 0x00000000f5d00000, 0x00000000f5d00000)
  object space 334848K, 97% used [0x00000000e1600000,0x00000000f55978a0,0x00000000f5d00000)
 Metaspace       used 51927K, capacity 55540K, committed 55680K, reserved 1097728K
  class space    used 6607K, capacity 7507K, committed 7552K, reserved 1048576K
Event: 13519.817 GC heap after
Heap after GC invocations=5434 (full 13):
 PSYoungGen      total 162304K, used 2559K [0x00000000f5d00000, 0x0000000100000000, 0x0000000100000000)
  eden space 157696K, 0% used [0x00000000f5d00000,0x00000000f5d00000,0x00000000ff700000)
  from space 4608K, 55% used [0x00000000ff700000,0x00000000ff97ff20,0x00000000ffb80000)
  to   space 4608K, 0% used [0x00000000ffb80000,0x00000000ffb80000,0x0000000100000000)
 ParOldGen       total 334848K, used 327382K [0x00000000e1600000, 0x00000000f5d00000, 0x00000000f5d00000)
  object space 334848K, 97% used [0x00000000e1600000,0x00000000f55b58a0,0x00000000f5d00000)
 Metaspace       used 51927K, capacity 55540K, committed 55680K, reserved 1097728K
  class space    used 6607K, capacity 7507K, committed 7552K, reserved 1048576K
}
Event: 13521.366 GC heap before
{Heap before GC invocations=5435 (full 13):
 PSYoungGen      total 162304K, used 160255K [0x00000000f5d00000, 0x0000000100000000, 0x0000000100000000)
  eden space 157696K, 100% used [0x00000000f5d00000,0x00000000ff700000,0x00000000ff700000)
  from space 4608K, 55% used [0x00000000ff700000,0x00000000ff97ff20,0x00000000ffb80000)
  to   space 4608K, 0% used [0x00000000ffb80000,0x00000000ffb80000,0x0000000100000000)
 ParOldGen       total 334848K, used 327382K [0x00000000e1600000, 0x00000000f5d00000, 0x00000000f5d00000)
  object space 334848K, 97% used [0x00000000e1600000,0x00000000f55b58a0,0x00000000f5d00000)
 Metaspace       used 51927K, capacity 55540K, committed 55680K, reserved 1097728K
  class space    used 6607K, capacity 7507K, committed 7552K, reserved 1048576K
Event: 13521.372 GC heap after
Heap after GC invocations=5435 (full 13):
 PSYoungGen      total 161280K, used 2526K [0x00000000f5d00000, 0x00000000fff00000, 0x0000000100000000)
  eden space 157696K, 0% used [0x00000000f5d00000,0x00000000f5d00000,0x00000000ff700000)
  from space 3584K, 70% used [0x00000000ffb80000,0x00000000ffdf7b08,0x00000000fff00000)
  to   space 4096K, 0% used [0x00000000ff700000,0x00000000ff700000,0x00000000ffb00000)
 ParOldGen       total 334848K, used 327406K [0x00000000e1600000, 0x00000000f5d00000, 0x00000000f5d00000)
  object space 334848K, 97% used [0x00000000e1600000,0x00000000f55bb8a0,0x00000000f5d00000)
 Metaspace       used 51927K, capacity 55540K, committed 55680K, reserved 1097728K
  class space    used 6607K, capacity 7507K, committed 7552K, reserved 1048576K
}
Event: 13522.963 GC heap before
{Heap before GC invocations=5436 (full 13):
 PSYoungGen      total 161280K, used 160222K [0x00000000f5d00000, 0x00000000fff00000, 0x0000000100000000)
  eden space 157696K, 100% used [0x00000000f5d00000,0x00000000ff700000,0x00000000ff700000)
  from space 3584K, 70% used [0x00000000ffb80000,0x00000000ffdf7b08,0x00000000fff00000)
  to   space 4096K, 0% used [0x00000000ff700000,0x00000000ff700000,0x00000000ffb00000)
 ParOldGen       total 334848K, used 327406K [0x00000000e1600000, 0x00000000f5d00000, 0x00000000f5d00000)
  object space 334848K, 97% used [0x00000000e1600000,0x00000000f55bb8a0,0x00000000f5d00000)
 Metaspace       used 51927K, capacity 55540K, committed 55680K, reserved 1097728K
  class space    used 6607K, capacity 7507K, committed 7552K, reserved 1048576K
Event: 13522.968 GC heap after
Heap after GC invocations=5436 (full 13):
 PSYoungGen      total 161792K, used 2590K [0x00000000f5d00000, 0x0000000100000000, 0x0000000100000000)
  eden space 157696K, 0% used [0x00000000f5d00000,0x00000000f5d00000,0x00000000ff700000)
  from space 4096K, 63% used [0x00000000ff700000,0x00000000ff987b08,0x00000000ffb00000)
  to   space 4096K, 0% used [0x00000000ffc00000,0x00000000ffc00000,0x0000000100000000)
 ParOldGen       total 334848K, used 327422K [0x00000000e1600000, 0x00000000f5d00000, 0x00000000f5d00000)
  object space 334848K, 97% used [0x00000000e1600000,0x00000000f55bf8a0,0x00000000f5d00000)
 Metaspace       used 51927K, capacity 55540K, committed 55680K, reserved 1097728K
  class space    used 6607K, capacity 7507K, committed 7552K, reserved 1048576K
}
Event: 13524.525 GC heap before
{Heap before GC invocations=5437 (full 13):
 PSYoungGen      total 161792K, used 160286K [0x00000000f5d00000, 0x0000000100000000, 0x0000000100000000)
  eden space 157696K, 100% used [0x00000000f5d00000,0x00000000ff700000,0x00000000ff700000)
  from space 4096K, 63% used [0x00000000ff700000,0x00000000ff987b08,0x00000000ffb00000)
  to   space 4096K, 0% used [0x00000000ffc00000,0x00000000ffc00000,0x0000000100000000)
 ParOldGen       total 334848K, used 327422K [0x00000000e1600000, 0x00000000f5d00000, 0x00000000f5d00000)
  object space 334848K, 97% used [0x00000000e1600000,0x00000000f55bf8a0,0x00000000f5d00000)
 Metaspace       used 51927K, capacity 55540K, committed 55680K, reserved 1097728K
  class space    used 6607K, capacity 7507K, committed 7552K, reserved 1048576K
Event: 13524.539 GC heap after
Heap after GC invocations=5437 (full 13):
 PSYoungGen      total 162816K, used 2750K [0x00000000f5d00000, 0x0000000100000000, 0x0000000100000000)
  eden space 158720K, 0% used [0x00000000f5d00000,0x00000000f5d00000,0x00000000ff800000)
  from space 4096K, 67% used [0x00000000ffc00000,0x00000000ffeafb08,0x0000000100000000)
  to   space 4096K, 0% used [0x00000000ff800000,0x00000000ff800000,0x00000000ffc00000)
 ParOldGen       total 334848K, used 327470K [0x00000000e1600000, 0x00000000f5d00000, 0x00000000f5d00000)
  object space 334848K, 97% used [0x00000000e1600000,0x00000000f55cb8a0,0x00000000f5d00000)
 Metaspace       used 51927K, capacity 55540K, committed 55680K, reserved 1097728K
  class space    used 6607K, capacity 7507K, committed 7552K, reserved 1048576K
}
Event: 13526.118 GC heap before
{Heap before GC invocations=5438 (full 13):
 PSYoungGen      total 162816K, used 161470K [0x00000000f5d00000, 0x0000000100000000, 0x0000000100000000)
  eden space 158720K, 100% used [0x00000000f5d00000,0x00000000ff800000,0x00000000ff800000)
  from space 4096K, 67% used [0x00000000ffc00000,0x00000000ffeafb08,0x0000000100000000)
  to   space 4096K, 0% used [0x00000000ff800000,0x00000000ff800000,0x00000000ffc00000)
 ParOldGen       total 334848K, used 327470K [0x00000000e1600000, 0x00000000f5d00000, 0x00000000f5d00000)
  object space 334848K, 97% used [0x00000000e1600000,0x00000000f55cb8a0,0x00000000f5d00000)
 Metaspace       used 51927K, capacity 55540K, committed 55680K, reserved 1097728K
  class space    used 6607K, capacity 7507K, committed 7552K, reserved 1048576K
Event: 13526.124 GC heap after
Heap after GC invocations=5438 (full 13):
 PSYoungGen      total 162816K, used 2654K [0x00000000f5d00000, 0x0000000100000000, 0x0000000100000000)
  eden space 158720K, 0% used [0x00000000f5d00000,0x00000000f5d00000,0x00000000ff800000)
  from space 4096K, 64% used [0x00000000ff800000,0x00000000ffa97b08,0x00000000ffc00000)
  to   space 4096K, 0% used [0x00000000ffc00000,0x00000000ffc00000,0x0000000100000000)
 ParOldGen       total 334848K, used 327526K [0x00000000e1600000, 0x00000000f5d00000, 0x00000000f5d00000)
  object space 334848K, 97% used [0x00000000e1600000,0x00000000f55d98a0,0x00000000f5d00000)
 Metaspace       used 51927K, capacity 55540K, committed 55680K, reserved 1097728K
  class space    used 6607K, capacity 7507K, committed 7552K, reserved 1048576K
}
Event: 13527.760 GC heap before
{Heap before GC invocations=5439 (full 13):
 PSYoungGen      total 162816K, used 161374K [0x00000000f5d00000, 0x0000000100000000, 0x0000000100000000)
  eden space 158720K, 100% used [0x00000000f5d00000,0x00000000ff800000,0x00000000ff800000)
  from space 4096K, 64% used [0x00000000ff800000,0x00000000ffa97b08,0x00000000ffc00000)
  to   space 4096K, 0% used [0x00000000ffc00000,0x00000000ffc00000,0x0000000100000000)
 ParOldGen       total 334848K, used 327526K [0x00000000e1600000, 0x00000000f5d00000, 0x00000000f5d00000)
  object space 334848K, 97% used [0x00000000e1600000,0x00000000f55d98a0,0x00000000f5d00000)
 Metaspace       used 51927K, capacity 55540K, committed 55680K, reserved 1097728K
  class space    used 6607K, capacity 7507K, committed 7552K, reserved 1048576K
Event: 13527.766 GC heap after
Heap after GC invocations=5439 (full 13):
 PSYoungGen      total 162816K, used 2655K [0x00000000f5d00000, 0x0000000100000000, 0x0000000100000000)
  eden space 158720K, 0% used [0x00000000f5d00000,0x00000000f5d00000,0x00000000ff800000)
  from space 4096K, 64% used [0x00000000ffc00000,0x00000000ffe97c70,0x0000000100000000)
  to   space 4096K, 0% used [0x00000000ff800000,0x00000000ff800000,0x00000000ffc00000)
 ParOldGen       total 334848K, used 327630K [0x00000000e1600000, 0x00000000f5d00000, 0x00000000f5d00000)
  object space 334848K, 97% used [0x00000000e1600000,0x00000000f55f38a0,0x00000000f5d00000)
 Metaspace       used 51927K, capacity 55540K, committed 55680K, reserved 1097728K
  class space    used 6607K, capacity 7507K, committed 7552K, reserved 1048576K
}
Event: 13529.364 GC heap before
{Heap before GC invocations=5440 (full 13):
 PSYoungGen      total 162816K, used 161375K [0x00000000f5d00000, 0x0000000100000000, 0x0000000100000000)
  eden space 158720K, 100% used [0x00000000f5d00000,0x00000000ff800000,0x00000000ff800000)
  from space 4096K, 64% used [0x00000000ffc00000,0x00000000ffe97c70,0x0000000100000000)
  to   space 4096K, 0% used [0x00000000ff800000,0x00000000ff800000,0x00000000ffc00000)
 ParOldGen       total 334848K, used 327630K [0x00000000e1600000, 0x00000000f5d00000, 0x00000000f5d00000)
  object space 334848K, 97% used [0x00000000e1600000,0x00000000f55f38a0,0x00000000f5d00000)
 Metaspace       used 51928K, capacity 55540K, committed 55680K, reserved 1097728K
  class space    used 6607K, capacity 7507K, committed 7552K, reserved 1048576K
Event: 13529.369 GC heap after
Heap after GC invocations=5440 (full 13):
 PSYoungGen      total 162816K, used 2110K [0x00000000f5d00000, 0x0000000100000000, 0x0000000100000000)
  eden space 158720K, 0% used [0x00000000f5d00000,0x00000000f5d00000,0x00000000ff800000)
  from space 4096K, 51% used [0x00000000ff800000,0x00000000ffa0fb08,0x00000000ffc00000)
  to   space 4096K, 0% used [0x00000000ffc00000,0x00000000ffc00000,0x0000000100000000)
 ParOldGen       total 334848K, used 328238K [0x00000000e1600000, 0x00000000f5d00000, 0x00000000f5d00000)
  object space 334848K, 98% used [0x00000000e1600000,0x00000000f568b8a0,0x00000000f5d00000)
 Metaspace       used 51928K, capacity 55540K, committed 55680K, reserved 1097728K
  class space    used 6607K, capacity 7507K, committed 7552K, reserved 1048576K
}
Event: 13530.965 GC heap before
{Heap before GC invocations=5441 (full 13):
 PSYoungGen      total 162816K, used 160830K [0x00000000f5d00000, 0x0000000100000000, 0x0000000100000000)
  eden space 158720K, 100% used [0x00000000f5d00000,0x00000000ff800000,0x00000000ff800000)
  from space 4096K, 51% used [0x00000000ff800000,0x00000000ffa0fb08,0x00000000ffc00000)
  to   space 4096K, 0% used [0x00000000ffc00000,0x00000000ffc00000,0x0000000100000000)
 ParOldGen       total 334848K, used 328238K [0x00000000e1600000, 0x00000000f5d00000, 0x00000000f5d00000)
  object space 334848K, 98% used [0x00000000e1600000,0x00000000f568b8a0,0x00000000f5d00000)
 Metaspace       used 51928K, capacity 55540K, committed 55680K, reserved 1097728K
  class space    used 6607K, capacity 7507K, committed 7552K, reserved 1048576K
Event: 13530.970 GC heap after
Heap after GC invocations=5441 (full 13):
 PSYoungGen      total 162816K, used 1215K [0x00000000f5d00000, 0x0000000100000000, 0x0000000100000000)
  eden space 158720K, 0% used [0x00000000f5d00000,0x00000000f5d00000,0x00000000ff800000)
  from space 4096K, 29% used [0x00000000ffc00000,0x00000000ffd2fc70,0x0000000100000000)
  to   space 4096K, 0% used [0x00000000ff800000,0x00000000ff800000,0x00000000ffc00000)
 ParOldGen       total 334848K, used 329309K [0x00000000e1600000, 0x00000000f5d00000, 0x00000000f5d00000)
  object space 334848K, 98% used [0x00000000e1600000,0x00000000f5797738,0x00000000f5d00000)
 Metaspace       used 51928K, capacity 55540K, committed 55680K, reserved 1097728K
  class space    used 6607K, capacity 7507K, committed 7552K, reserved 1048576K
}
Event: 13532.613 GC heap before
{Heap before GC invocations=5442 (full 13):
 PSYoungGen      total 162816K, used 159935K [0x00000000f5d00000, 0x0000000100000000, 0x0000000100000000)
  eden space 158720K, 100% used [0x00000000f5d00000,0x00000000ff800000,0x00000000ff800000)
  from space 4096K, 29% used [0x00000000ffc00000,0x00000000ffd2fc70,0x0000000100000000)
  to   space 4096K, 0% used [0x00000000ff800000,0x00000000ff800000,0x00000000ffc00000)
 ParOldGen       total 334848K, used 329309K [0x00000000e1600000, 0x00000000f5d00000, 0x00000000f5d00000)
  object space 334848K, 98% used [0x00000000e1600000,0x00000000f5797738,0x00000000f5d00000)
 Metaspace       used 51928K, capacity 55540K, committed 55680K, reserved 1097728K
  class space    used 6607K, capacity 7507K, committed 7552K, reserved 1048576K
Event: 13532.618 GC heap after
Heap after GC invocations=5442 (full 13):
 PSYoungGen      total 162816K, used 1087K [0x00000000f5d00000, 0x0000000100000000, 0x0000000100000000)
  eden space 158720K, 0% used [0x00000000f5d00000,0x00000000f5d00000,0x00000000ff800000)
  from space 4096K, 26% used [0x00000000ff800000,0x00000000ff90fc70,0x00000000ffc00000)
  to   space 4096K, 0% used [0x00000000ffc00000,0x00000000ffc00000,0x0000000100000000)
 ParOldGen       total 334848K, used 329429K [0x00000000e1600000, 0x00000000f5d00000, 0x00000000f5d00000)
  object space 334848K, 98% used [0x00000000e1600000,0x00000000f57b5738,0x00000000f5d00000)
 Metaspace       used 51928K, capacity 55540K, committed 55680K, reserved 1097728K
  class space    used 6607K, capacity 7507K, committed 7552K, reserved 1048576K
}
Event: 13534.259 GC heap before
{Heap before GC invocations=5443 (full 13):
 PSYoungGen      total 162816K, used 159807K [0x00000000f5d00000, 0x0000000100000000, 0x0000000100000000)
  eden space 158720K, 100% used [0x00000000f5d00000,0x00000000ff800000,0x00000000ff800000)
  from space 4096K, 26% used [0x00000000ff800000,0x00000000ff90fc70,0x00000000ffc00000)
  to   space 4096K, 0% used [0x00000000ffc00000,0x00000000ffc00000,0x0000000100000000)
 ParOldGen       total 334848K, used 329429K [0x00000000e1600000, 0x00000000f5d00000, 0x00000000f5d00000)
  object space 334848K, 98% used [0x00000000e1600000,0x00000000f57b5738,0x00000000f5d00000)
 Metaspace       used 51928K, capacity 55540K, committed 55680K, reserved 1097728K
  class space    used 6607K, capacity 7507K, committed 7552K, reserved 1048576K
Event: 13534.264 GC heap after
Heap after GC invocations=5443 (full 13):
 PSYoungGen      total 162816K, used 1087K [0x00000000f5d00000, 0x0000000100000000, 0x0000000100000000)
  eden space 158720K, 0% used [0x00000000f5d00000,0x00000000f5d00000,0x00000000ff800000)
  from space 4096K, 26% used [0x00000000ffc00000,0x00000000ffd0fc70,0x0000000100000000)
  to   space 4096K, 0% used [0x00000000ff800000,0x00000000ff800000,0x00000000ffc00000)
 ParOldGen       total 334848K, used 329493K [0x00000000e1600000, 0x00000000f5d00000, 0x00000000f5d00000)
  object space 334848K, 98% used [0x00000000e1600000,0x00000000f57c5738,0x00000000f5d00000)
 Metaspace       used 51928K, capacity 55540K, committed 55680K, reserved 1097728K
  class space    used 6607K, capacity 7507K, committed 7552K, reserved 1048576K
}
Event: 13535.864 GC heap before
{Heap before GC invocations=5444 (full 13):
 PSYoungGen      total 162816K, used 159807K [0x00000000f5d00000, 0x0000000100000000, 0x0000000100000000)
  eden space 158720K, 100% used [0x00000000f5d00000,0x00000000ff800000,0x00000000ff800000)
  from space 4096K, 26% used [0x00000000ffc00000,0x00000000ffd0fc70,0x0000000100000000)
  to   space 4096K, 0% used [0x00000000ff800000,0x00000000ff800000,0x00000000ffc00000)
 ParOldGen       total 334848K, used 329493K [0x00000000e1600000, 0x00000000f5d00000, 0x00000000f5d00000)
  object space 334848K, 98% used [0x00000000e1600000,0x00000000f57c5738,0x00000000f5d00000)
 Metaspace       used 51928K, capacity 55540K, committed 55680K, reserved 1097728K
  class space    used 6607K, capacity 7507K, committed 7552K, reserved 1048576K
Event: 13535.869 GC heap after
Heap after GC invocations=5444 (full 13):
 PSYoungGen      total 162816K, used 1151K [0x00000000f5d00000, 0x0000000100000000, 0x0000000100000000)
  eden space 158720K, 0% used [0x00000000f5d00000,0x00000000f5d00000,0x00000000ff800000)
  from space 4096K, 28% used [0x00000000ff800000,0x00000000ff91fc70,0x00000000ffc00000)
  to   space 4096K, 0% used [0x00000000ffc00000,0x00000000ffc00000,0x0000000100000000)
 ParOldGen       total 334848K, used 329509K [0x00000000e1600000, 0x00000000f5d00000, 0x00000000f5d00000)
  object space 334848K, 98% used [0x00000000e1600000,0x00000000f57c9738,0x00000000f5d00000)
 Metaspace       used 51928K, capacity 55540K, committed 55680K, reserved 1097728K
  class space    used 6607K, capacity 7507K, committed 7552K, reserved 1048576K
}
Event: 13537.468 GC heap before
{Heap before GC invocations=5445 (full 13):
 PSYoungGen      total 162816K, used 159871K [0x00000000f5d00000, 0x0000000100000000, 0x0000000100000000)
  eden space 158720K, 100% used [0x00000000f5d00000,0x00000000ff800000,0x00000000ff800000)
  from space 4096K, 28% used [0x00000000ff800000,0x00000000ff91fc70,0x00000000ffc00000)
  to   space 4096K, 0% used [0x00000000ffc00000,0x00000000ffc00000,0x0000000100000000)
 ParOldGen       total 334848K, used 329509K [0x00000000e1600000, 0x00000000f5d00000, 0x00000000f5d00000)
  object space 334848K, 98% used [0x00000000e1600000,0x00000000f57c9738,0x00000000f5d00000)
 Metaspace       used 51928K, capacity 55540K, committed 55680K, reserved 1097728K
  class space    used 6607K, capacity 7507K, committed 7552K, reserved 1048576K
Event: 13537.475 GC heap after
Heap after GC invocations=5445 (full 13):
 PSYoungGen      total 162816K, used 1215K [0x00000000f5d00000, 0x0000000100000000, 0x0000000100000000)
  eden space 158720K, 0% used [0x00000000f5d00000,0x00000000f5d00000,0x00000000ff800000)
  from space 4096K, 29% used [0x00000000ffc00000,0x00000000ffd2fc70,0x0000000100000000)
  to   space 4096K, 0% used [0x00000000ff800000,0x00000000ff800000,0x00000000ffc00000)
 ParOldGen       total 334848K, used 329597K [0x00000000e1600000, 0x00000000f5d00000, 0x00000000f5d00000)
  object space 334848K, 98% used [0x00000000e1600000,0x00000000f57df738,0x00000000f5d00000)
 Metaspace       used 51928K, capacity 55540K, committed 55680K, reserved 1097728K
  class space    used 6607K, capacity 7507K, committed 7552K, reserved 1048576K
}
Event: 13539.065 GC heap before
{Heap before GC invocations=5446 (full 13):
 PSYoungGen      total 162816K, used 159935K [0x00000000f5d00000, 0x0000000100000000, 0x0000000100000000)
  eden space 158720K, 100% used [0x00000000f5d00000,0x00000000ff800000,0x00000000ff800000)
  from space 4096K, 29% used [0x00000000ffc00000,0x00000000ffd2fc70,0x0000000100000000)
  to   space 4096K, 0% used [0x00000000ff800000,0x00000000ff800000,0x00000000ffc00000)
 ParOldGen       total 334848K, used 329597K [0x00000000e1600000, 0x00000000f5d00000, 0x00000000f5d00000)
  object space 334848K, 98% used [0x00000000e1600000,0x00000000f57df738,0x00000000f5d00000)
 Metaspace       used 51928K, capacity 55540K, committed 55680K, reserved 1097728K
  class space    used 6607K, capacity 7507K, committed 7552K, reserved 1048576K
Event: 13539.070 GC heap after
Heap after GC invocations=5446 (full 13):
 PSYoungGen      total 162816K, used 1216K [0x00000000f5d00000, 0x0000000100000000, 0x0000000100000000)
  eden space 158720K, 0% used [0x00000000f5d00000,0x00000000f5d00000,0x00000000ff800000)
  from space 4096K, 29% used [0x00000000ff800000,0x00000000ff930000,0x00000000ffc00000)
  to   space 4096K, 0% used [0x00000000ffc00000,0x00000000ffc00000,0x0000000100000000)
 ParOldGen       total 334848K, used 329629K [0x00000000e1600000, 0x00000000f5d00000, 0x00000000f5d00000)
  object space 334848K, 98% used [0x00000000e1600000,0x00000000f57e7738,0x00000000f5d00000)
 Metaspace       used 51928K, capacity 55540K, committed 55680K, reserved 1097728K
  class space    used 6607K, capacity 7507K, committed 7552K, reserved 1048576K
}
Event: 13540.614 GC heap before
{Heap before GC invocations=5447 (full 13):
 PSYoungGen      total 162816K, used 159936K [0x00000000f5d00000, 0x0000000100000000, 0x0000000100000000)
  eden space 158720K, 100% used [0x00000000f5d00000,0x00000000ff800000,0x00000000ff800000)
  from space 4096K, 29% used [0x00000000ff800000,0x00000000ff930000,0x00000000ffc00000)
  to   space 4096K, 0% used [0x00000000ffc00000,0x00000000ffc00000,0x0000000100000000)
 ParOldGen       total 334848K, used 329629K [0x00000000e1600000, 0x00000000f5d00000, 0x00000000f5d00000)
  object space 334848K, 98% used [0x00000000e1600000,0x00000000f57e7738,0x00000000f5d00000)
 Metaspace       used 51928K, capacity 55540K, committed 55680K, reserved 1097728K
  class space    used 6607K, capacity 7507K, committed 7552K, reserved 1048576K
Event: 13540.620 GC heap after
Heap after GC invocations=5447 (full 13):
 PSYoungGen      total 162816K, used 2303K [0x00000000f5d00000, 0x0000000100000000, 0x0000000100000000)
  eden space 158720K, 0% used [0x00000000f5d00000,0x00000000f5d00000,0x00000000ff800000)
  from space 4096K, 56% used [0x00000000ffc00000,0x00000000ffe3fe80,0x0000000100000000)
  to   space 4096K, 0% used [0x00000000ff800000,0x00000000ff800000,0x00000000ffc00000)
 ParOldGen       total 334848K, used 329725K [0x00000000e1600000, 0x00000000f5d00000, 0x00000000f5d00000)
  object space 334848K, 98% used [0x00000000e1600000,0x00000000f57ff738,0x00000000f5d00000)
 Metaspace       used 51928K, capacity 55540K, committed 55680K, reserved 1097728K
  class space    used 6607K, capacity 7507K, committed 7552K, reserved 1048576K
}
Event: 13542.158 GC heap before
{Heap before GC invocations=5448 (full 13):
 PSYoungGen      total 162816K, used 161023K [0x00000000f5d00000, 0x0000000100000000, 0x0000000100000000)
  eden space 158720K, 100% used [0x00000000f5d00000,0x00000000ff800000,0x00000000ff800000)
  from space 4096K, 56% used [0x00000000ffc00000,0x00000000ffe3fe80,0x0000000100000000)
  to   space 4096K, 0% used [0x00000000ff800000,0x00000000ff800000,0x00000000ffc00000)
 ParOldGen       total 334848K, used 329725K [0x00000000e1600000, 0x00000000f5d00000, 0x00000000f5d00000)
  object space 334848K, 98% used [0x00000000e1600000,0x00000000f57ff738,0x00000000f5d00000)
 Metaspace       used 51928K, capacity 55540K, committed 55680K, reserved 1097728K
  class space    used 6607K, capacity 7507K, committed 7552K, reserved 1048576K
Event: 13542.164 GC heap after
Heap after GC invocations=5448 (full 13):
 PSYoungGen      total 162816K, used 2463K [0x00000000f5d00000, 0x0000000100000000, 0x0000000100000000)
  eden space 158720K, 0% used [0x00000000f5d00000,0x00000000f5d00000,0x00000000ff800000)
  from space 4096K, 60% used [0x00000000ff800000,0x00000000ffa67e80,0x00000000ffc00000)
  to   space 4096K, 0% used [0x00000000ffc00000,0x00000000ffc00000,0x0000000100000000)
 ParOldGen       total 334848K, used 329749K [0x00000000e1600000, 0x00000000f5d00000, 0x00000000f5d00000)
  object space 334848K, 98% used [0x00000000e1600000,0x00000000f5805738,0x00000000f5d00000)
 Metaspace       used 51928K, capacity 55540K, committed 55680K, reserved 1097728K
  class space    used 6607K, capacity 7507K, committed 7552K, reserved 1048576K
}
Event: 13543.717 GC heap before
{Heap before GC invocations=5449 (full 13):
 PSYoungGen      total 162816K, used 161183K [0x00000000f5d00000, 0x0000000100000000, 0x0000000100000000)
  eden space 158720K, 100% used [0x00000000f5d00000,0x00000000ff800000,0x00000000ff800000)
  from space 4096K, 60% used [0x00000000ff800000,0x00000000ffa67e80,0x00000000ffc00000)
  to   space 4096K, 0% used [0x00000000ffc00000,0x00000000ffc00000,0x0000000100000000)
 ParOldGen       total 334848K, used 329749K [0x00000000e1600000, 0x00000000f5d00000, 0x00000000f5d00000)
  object space 334848K, 98% used [0x00000000e1600000,0x00000000f5805738,0x00000000f5d00000)
 Metaspace       used 51928K, capacity 55540K, committed 55680K, reserved 1097728K
  class space    used 6607K, capacity 7507K, committed 7552K, reserved 1048576K
Event: 13543.723 GC heap after
Heap after GC invocations=5449 (full 13):
 PSYoungGen      total 162816K, used 2367K [0x00000000f5d00000, 0x0000000100000000, 0x0000000100000000)
  eden space 158720K, 0% used [0x00000000f5d00000,0x00000000f5d00000,0x00000000ff800000)
  from space 4096K, 57% used [0x00000000ffc00000,0x00000000ffe4fe80,0x0000000100000000)
  to   space 4096K, 0% used [0x00000000ff800000,0x00000000ff800000,0x00000000ffc00000)
 ParOldGen       total 334848K, used 329853K [0x00000000e1600000, 0x00000000f5d00000, 0x00000000f5d00000)
  object space 334848K, 98% used [0x00000000e1600000,0x00000000f581f738,0x00000000f5d00000)
 Metaspace       used 51928K, capacity 55540K, committed 55680K, reserved 1097728K
  class space    used 6607K, capacity 7507K, committed 7552K, reserved 1048576K
}
Event: 13545.315 GC heap before
{Heap before GC invocations=5450 (full 13):
 PSYoungGen      total 162816K, used 161087K [0x00000000f5d00000, 0x0000000100000000, 0x0000000100000000)
  eden space 158720K, 100% used [0x00000000f5d00000,0x00000000ff800000,0x00000000ff800000)
  from space 4096K, 57% used [0x00000000ffc00000,0x00000000ffe4fe80,0x0000000100000000)
  to   space 4096K, 0% used [0x00000000ff800000,0x00000000ff800000,0x00000000ffc00000)
 ParOldGen       total 334848K, used 329853K [0x00000000e1600000, 0x00000000f5d00000, 0x00000000f5d00000)
  object space 334848K, 98% used [0x00000000e1600000,0x00000000f581f738,0x00000000f5d00000)
 Metaspace       used 51928K, capacity 55540K, committed 55680K, reserved 1097728K
  class space    used 6607K, capacity 7507K, committed 7552K, reserved 1048576K
Event: 13545.321 GC heap after
Heap after GC invocations=5450 (full 13):
 PSYoungGen      total 162816K, used 2751K [0x00000000f5d00000, 0x0000000100000000, 0x0000000100000000)
  eden space 158720K, 0% used [0x00000000f5d00000,0x00000000f5d00000,0x00000000ff800000)
  from space 4096K, 67% used [0x00000000ff800000,0x00000000ffaafc70,0x00000000ffc00000)
  to   space 4096K, 0% used [0x00000000ffc00000,0x00000000ffc00000,0x0000000100000000)
 ParOldGen       total 334848K, used 329877K [0x00000000e1600000, 0x00000000f5d00000, 0x00000000f5d00000)
  object space 334848K, 98% used [0x00000000e1600000,0x00000000f5825738,0x00000000f5d00000)
 Metaspace       used 51928K, capacity 55540K, committed 55680K, reserved 1097728K
  class space    used 6607K, capacity 7507K, committed 7552K, reserved 1048576K
}
Event: 13546.870 GC heap before
{Heap before GC invocations=5451 (full 13):
 PSYoungGen      total 162816K, used 161471K [0x00000000f5d00000, 0x0000000100000000, 0x0000000100000000)
  eden space 158720K, 100% used [0x00000000f5d00000,0x00000000ff800000,0x00000000ff800000)
  from space 4096K, 67% used [0x00000000ff800000,0x00000000ffaafc70,0x00000000ffc00000)
  to   space 4096K, 0% used [0x00000000ffc00000,0x00000000ffc00000,0x0000000100000000)
 ParOldGen       total 334848K, used 329877K [0x00000000e1600000, 0x00000000f5d00000, 0x00000000f5d00000)
  object space 334848K, 98% used [0x00000000e1600000,0x00000000f5825738,0x00000000f5d00000)
 Metaspace       used 51928K, capacity 55540K, committed 55680K, reserved 1097728K
  class space    used 6607K, capacity 7507K, committed 7552K, reserved 1048576K
Event: 13546.876 GC heap after
Heap after GC invocations=5451 (full 13):
 PSYoungGen      total 162816K, used 2655K [0x00000000f5d00000, 0x0000000100000000, 0x0000000100000000)
  eden space 158720K, 0% used [0x00000000f5d00000,0x00000000f5d00000,0x00000000ff800000)
  from space 4096K, 64% used [0x00000000ffc00000,0x00000000ffe97c70,0x0000000100000000)
  to   space 4096K, 0% used [0x00000000ff800000,0x00000000ff800000,0x00000000ffc00000)
 ParOldGen       total 334848K, used 330005K [0x00000000e1600000, 0x00000000f5d00000, 0x00000000f5d00000)
  object space 334848K, 98% used [0x00000000e1600000,0x00000000f5845738,0x00000000f5d00000)
 Metaspace       used 51928K, capacity 55540K, committed 55680K, reserved 1097728K
  class space    used 6607K, capacity 7507K, committed 7552K, reserved 1048576K
}
Event: 13548.412 GC heap before
{Heap before GC invocations=5452 (full 13):
 PSYoungGen      total 162816K, used 161375K [0x00000000f5d00000, 0x0000000100000000, 0x0000000100000000)
  eden space 158720K, 100% used [0x00000000f5d00000,0x00000000ff800000,0x00000000ff800000)
  from space 4096K, 64% used [0x00000000ffc00000,0x00000000ffe97c70,0x0000000100000000)
  to   space 4096K, 0% used [0x00000000ff800000,0x00000000ff800000,0x00000000ffc00000)
 ParOldGen       total 334848K, used 330005K [0x00000000e1600000, 0x00000000f5d00000, 0x00000000f5d00000)
  object space 334848K, 98% used [0x00000000e1600000,0x00000000f5845738,0x00000000f5d00000)
 Metaspace       used 51928K, capacity 55540K, committed 55680K, reserved 1097728K
  class space    used 6607K, capacity 7507K, committed 7552K, reserved 1048576K
Event: 13548.418 GC heap after
Heap after GC invocations=5452 (full 13):
 PSYoungGen      total 162816K, used 2687K [0x00000000f5d00000, 0x0000000100000000, 0x0000000100000000)
  eden space 158720K, 0% used [0x00000000f5d00000,0x00000000f5d00000,0x00000000ff800000)
  from space 4096K, 65% used [0x00000000ff800000,0x00000000ffa9fc70,0x00000000ffc00000)
  to   space 4096K, 0% used [0x00000000ffc00000,0x00000000ffc00000,0x0000000100000000)
 ParOldGen       total 334848K, used 330117K [0x00000000e1600000, 0x00000000f5d00000, 0x00000000f5d00000)
  object space 334848K, 98% used [0x00000000e1600000,0x00000000f5861738,0x00000000f5d00000)
 Metaspace       used 51928K, capacity 55540K, committed 55680K, reserved 1097728K
  class space    used 6607K, capacity 7507K, committed 7552K, reserved 1048576K
}
Event: 13549.916 GC heap before
{Heap before GC invocations=5453 (full 13):
 PSYoungGen      total 162816K, used 161407K [0x00000000f5d00000, 0x0000000100000000, 0x0000000100000000)
  eden space 158720K, 100% used [0x00000000f5d00000,0x00000000ff800000,0x00000000ff800000)
  from space 4096K, 65% used [0x00000000ff800000,0x00000000ffa9fc70,0x00000000ffc00000)
  to   space 4096K, 0% used [0x00000000ffc00000,0x00000000ffc00000,0x0000000100000000)
 ParOldGen       total 334848K, used 330117K [0x00000000e1600000, 0x00000000f5d00000, 0x00000000f5d00000)
  object space 334848K, 98% used [0x00000000e1600000,0x00000000f5861738,0x00000000f5d00000)
 Metaspace       used 51930K, capacity 55540K, committed 55680K, reserved 1097728K
  class space    used 6607K, capacity 7507K, committed 7552K, reserved 1048576K
Event: 13549.922 GC heap after
Heap after GC invocations=5453 (full 13):
 PSYoungGen      total 162816K, used 2815K [0x00000000f5d00000, 0x0000000100000000, 0x0000000100000000)
  eden space 158720K, 0% used [0x00000000f5d00000,0x00000000f5d00000,0x00000000ff800000)
  from space 4096K, 68% used [0x00000000ffc00000,0x00000000ffebfc70,0x0000000100000000)
  to   space 4096K, 0% used [0x00000000ff800000,0x00000000ff800000,0x00000000ffc00000)
 ParOldGen       total 334848K, used 330133K [0x00000000e1600000, 0x00000000f5d00000, 0x00000000f5d00000)
  object space 334848K, 98% used [0x00000000e1600000,0x00000000f5865738,0x00000000f5d00000)
 Metaspace       used 51930K, capacity 55540K, committed 55680K, reserved 1097728K
  class space    used 6607K, capacity 7507K, committed 7552K, reserved 1048576K
}
Event: 13551.509 GC heap before
{Heap before GC invocations=5454 (full 13):
 PSYoungGen      total 162816K, used 161535K [0x00000000f5d00000, 0x0000000100000000, 0x0000000100000000)
  eden space 158720K, 100% used [0x00000000f5d00000,0x00000000ff800000,0x00000000ff800000)
  from space 4096K, 68% used [0x00000000ffc00000,0x00000000ffebfc70,0x0000000100000000)
  to   space 4096K, 0% used [0x00000000ff800000,0x00000000ff800000,0x00000000ffc00000)
 ParOldGen       total 334848K, used 330133K [0x00000000e1600000, 0x00000000f5d00000, 0x00000000f5d00000)
  object space 334848K, 98% used [0x00000000e1600000,0x00000000f5865738,0x00000000f5d00000)
 Metaspace       used 51930K, capacity 55540K, committed 55680K, reserved 1097728K
  class space    used 6607K, capacity 7507K, committed 7552K, reserved 1048576K
Event: 13551.515 GC heap after
Heap after GC invocations=5454 (full 13):
 PSYoungGen      total 162816K, used 2719K [0x00000000f5d00000, 0x0000000100000000, 0x0000000100000000)
  eden space 158720K, 0% used [0x00000000f5d00000,0x00000000f5d00000,0x00000000ff800000)
  from space 4096K, 66% used [0x00000000ff800000,0x00000000ffaa7c70,0x00000000ffc00000)
  to   space 4096K, 0% used [0x00000000ffc00000,0x00000000ffc00000,0x0000000100000000)
 ParOldGen       total 334848K, used 330229K [0x00000000e1600000, 0x00000000f5d00000, 0x00000000f5d00000)
  object space 334848K, 98% used [0x00000000e1600000,0x00000000f587d738,0x00000000f5d00000)
 Metaspace       used 51930K, capacity 55540K, committed 55680K, reserved 1097728K
  class space    used 6607K, capacity 7507K, committed 7552K, reserved 1048576K
}
Event: 13553.021 GC heap before
{Heap before GC invocations=5455 (full 13):
 PSYoungGen      total 162816K, used 161439K [0x00000000f5d00000, 0x0000000100000000, 0x0000000100000000)
  eden space 158720K, 100% used [0x00000000f5d00000,0x00000000ff800000,0x00000000ff800000)
  from space 4096K, 66% used [0x00000000ff800000,0x00000000ffaa7c70,0x00000000ffc00000)
  to   space 4096K, 0% used [0x00000000ffc00000,0x00000000ffc00000,0x0000000100000000)
 ParOldGen       total 334848K, used 330229K [0x00000000e1600000, 0x00000000f5d00000, 0x00000000f5d00000)
  object space 334848K, 98% used [0x00000000e1600000,0x00000000f587d738,0x00000000f5d00000)
 Metaspace       used 51930K, capacity 55540K, committed 55680K, reserved 1097728K
  class space    used 6607K, capacity 7507K, committed 7552K, reserved 1048576K
Event: 13553.028 GC heap after
Heap after GC invocations=5455 (full 13):
 PSYoungGen      total 162816K, used 2751K [0x00000000f5d00000, 0x0000000100000000, 0x0000000100000000)
  eden space 158720K, 0% used [0x00000000f5d00000,0x00000000f5d00000,0x00000000ff800000)
  from space 4096K, 67% used [0x00000000ffc00000,0x00000000ffeafc70,0x0000000100000000)
  to   space 4096K, 0% used [0x00000000ff800000,0x00000000ff800000,0x00000000ffc00000)
 ParOldGen       total 334848K, used 330245K [0x00000000e1600000, 0x00000000f5d00000, 0x00000000f5d00000)
  object space 334848K, 98% used [0x00000000e1600000,0x00000000f5881738,0x00000000f5d00000)
 Metaspace       used 51930K, capacity 55540K, committed 55680K, reserved 1097728K
  class space    used 6607K, capacity 7507K, committed 7552K, reserved 1048576K
}
Event: 13554.569 GC heap before
{Heap before GC invocations=5456 (full 13):
 PSYoungGen      total 162816K, used 161471K [0x00000000f5d00000, 0x0000000100000000, 0x0000000100000000)
  eden space 158720K, 100% used [0x00000000f5d00000,0x00000000ff800000,0x00000000ff800000)
  from space 4096K, 67% used [0x00000000ffc00000,0x00000000ffeafc70,0x0000000100000000)
  to   space 4096K, 0% used [0x00000000ff800000,0x00000000ff800000,0x00000000ffc00000)
 ParOldGen       total 334848K, used 330245K [0x00000000e1600000, 0x00000000f5d00000, 0x00000000f5d00000)
  object space 334848K, 98% used [0x00000000e1600000,0x00000000f5881738,0x00000000f5d00000)
 Metaspace       used 51930K, capacity 55540K, committed 55680K, reserved 1097728K
  class space    used 6607K, capacity 7507K, committed 7552K, reserved 1048576K
Event: 13554.575 GC heap after
Heap after GC invocations=5456 (full 13):
 PSYoungGen      total 162816K, used 2687K [0x00000000f5d00000, 0x0000000100000000, 0x0000000100000000)
  eden space 158720K, 0% used [0x00000000f5d00000,0x00000000f5d00000,0x00000000ff800000)
  from space 4096K, 65% used [0x00000000ff800000,0x00000000ffa9fc70,0x00000000ffc00000)
  to   space 4096K, 0% used [0x00000000ffc00000,0x00000000ffc00000,0x0000000100000000)
 ParOldGen       total 334848K, used 330325K [0x00000000e1600000, 0x00000000f5d00000, 0x00000000f5d00000)
  object space 334848K, 98% used [0x00000000e1600000,0x00000000f5895738,0x00000000f5d00000)
 Metaspace       used 51930K, capacity 55540K, committed 55680K, reserved 1097728K
  class space    used 6607K, capacity 7507K, committed 7552K, reserved 1048576K
}
Event: 13556.070 GC heap before
{Heap before GC invocations=5457 (full 13):
 PSYoungGen      total 162816K, used 161407K [0x00000000f5d00000, 0x0000000100000000, 0x0000000100000000)
  eden space 158720K, 100% used [0x00000000f5d00000,0x00000000ff800000,0x00000000ff800000)
  from space 4096K, 65% used [0x00000000ff800000,0x00000000ffa9fc70,0x00000000ffc00000)
  to   space 4096K, 0% used [0x00000000ffc00000,0x00000000ffc00000,0x0000000100000000)
 ParOldGen       total 334848K, used 330325K [0x00000000e1600000, 0x00000000f5d00000, 0x00000000f5d00000)
  object space 334848K, 98% used [0x00000000e1600000,0x00000000f5895738,0x00000000f5d00000)
 Metaspace       used 51930K, capacity 55540K, committed 55680K, reserved 1097728K
  class space    used 6607K, capacity 7507K, committed 7552K, reserved 1048576K
Event: 13556.079 GC heap after
Heap after GC invocations=5457 (full 13):
 PSYoungGen      total 162816K, used 2713K [0x00000000f5d00000, 0x0000000100000000, 0x0000000100000000)
  eden space 158720K, 0% used [0x00000000f5d00000,0x00000000f5d00000,0x00000000ff800000)
  from space 4096K, 66% used [0x00000000ffc00000,0x00000000ffea6460,0x0000000100000000)
  to   space 4096K, 0% used [0x00000000ff800000,0x00000000ff800000,0x00000000ffc00000)
 ParOldGen       total 334848K, used 330333K [0x00000000e1600000, 0x00000000f5d00000, 0x00000000f5d00000)
  object space 334848K, 98% used [0x00000000e1600000,0x00000000f5897738,0x00000000f5d00000)
 Metaspace       used 51930K, capacity 55540K, committed 55680K, reserved 1097728K
  class space    used 6607K, capacity 7507K, committed 7552K, reserved 1048576K
}
Event: 13557.610 GC heap before
{Heap before GC invocations=5458 (full 13):
 PSYoungGen      total 162816K, used 161433K [0x00000000f5d00000, 0x0000000100000000, 0x0000000100000000)
  eden space 158720K, 100% used [0x00000000f5d00000,0x00000000ff800000,0x00000000ff800000)
  from space 4096K, 66% used [0x00000000ffc00000,0x00000000ffea6460,0x0000000100000000)
  to   space 4096K, 0% used [0x00000000ff800000,0x00000000ff800000,0x00000000ffc00000)
 ParOldGen       total 334848K, used 330333K [0x00000000e1600000, 0x00000000f5d00000, 0x00000000f5d00000)
  object space 334848K, 98% used [0x00000000e1600000,0x00000000f5897738,0x00000000f5d00000)
 Metaspace       used 51930K, capacity 55540K, committed 55680K, reserved 1097728K
  class space    used 6607K, capacity 7507K, committed 7552K, reserved 1048576K
Event: 13557.616 GC heap after
Heap after GC invocations=5458 (full 13):
 PSYoungGen      total 162816K, used 2681K [0x00000000f5d00000, 0x0000000100000000, 0x0000000100000000)
  eden space 158720K, 0% used [0x00000000f5d00000,0x00000000f5d00000,0x00000000ff800000)
  from space 4096K, 65% used [0x00000000ff800000,0x00000000ffa9e460,0x00000000ffc00000)
  to   space 4096K, 0% used [0x00000000ffc00000,0x00000000ffc00000,0x0000000100000000)
 ParOldGen       total 334848K, used 330389K [0x00000000e1600000, 0x00000000f5d00000, 0x00000000f5d00000)
  object space 334848K, 98% used [0x00000000e1600000,0x00000000f58a5738,0x00000000f5d00000)
 Metaspace       used 51930K, capacity 55540K, committed 55680K, reserved 1097728K
  class space    used 6607K, capacity 7507K, committed 7552K, reserved 1048576K
}
Event: 13559.119 GC heap before
{Heap before GC invocations=5459 (full 13):
 PSYoungGen      total 162816K, used 161401K [0x00000000f5d00000, 0x0000000100000000, 0x0000000100000000)
  eden space 158720K, 100% used [0x00000000f5d00000,0x00000000ff800000,0x00000000ff800000)
  from space 4096K, 65% used [0x00000000ff800000,0x00000000ffa9e460,0x00000000ffc00000)
  to   space 4096K, 0% used [0x00000000ffc00000,0x00000000ffc00000,0x0000000100000000)
 ParOldGen       total 334848K, used 330389K [0x00000000e1600000, 0x00000000f5d00000, 0x00000000f5d00000)
  object space 334848K, 98% used [0x00000000e1600000,0x00000000f58a5738,0x00000000f5d00000)
 Metaspace       used 51930K, capacity 55540K, committed 55680K, reserved 1097728K
  class space    used 6607K, capacity 7507K, committed 7552K, reserved 1048576K
Event: 13559.124 GC heap after
Heap after GC invocations=5459 (full 13):
 PSYoungGen      total 162816K, used 2585K [0x00000000f5d00000, 0x0000000100000000, 0x0000000100000000)
  eden space 158720K, 0% used [0x00000000f5d00000,0x00000000f5d00000,0x00000000ff800000)
  from space 4096K, 63% used [0x00000000ffc00000,0x00000000ffe86460,0x0000000100000000)
  to   space 4096K, 0% used [0x00000000ff800000,0x00000000ff800000,0x00000000ffc00000)
 ParOldGen       total 334848K, used 330461K [0x00000000e1600000, 0x00000000f5d00000, 0x00000000f5d00000)
  object space 334848K, 98% used [0x00000000e1600000,0x00000000f58b7738,0x00000000f5d00000)
 Metaspace       used 51930K, capacity 55540K, committed 55680K, reserved 1097728K
  class space    used 6607K, capacity 7507K, committed 7552K, reserved 1048576K
}
Event: 13560.665 GC heap before
{Heap before GC invocations=5460 (full 13):
 PSYoungGen      total 162816K, used 161305K [0x00000000f5d00000, 0x0000000100000000, 0x0000000100000000)
  eden space 158720K, 100% used [0x00000000f5d00000,0x00000000ff800000,0x00000000ff800000)
  from space 4096K, 63% used [0x00000000ffc00000,0x00000000ffe86460,0x0000000100000000)
  to   space 4096K, 0% used [0x00000000ff800000,0x00000000ff800000,0x00000000ffc00000)
 ParOldGen       total 334848K, used 330461K [0x00000000e1600000, 0x00000000f5d00000, 0x00000000f5d00000)
  object space 334848K, 98% used [0x00000000e1600000,0x00000000f58b7738,0x00000000f5d00000)
 Metaspace       used 51930K, capacity 55540K, committed 55680K, reserved 1097728K
  class space    used 6607K, capacity 7507K, committed 7552K, reserved 1048576K
Event: 13560.670 GC heap after
Heap after GC invocations=5460 (full 13):
 PSYoungGen      total 162816K, used 2527K [0x00000000f5d00000, 0x0000000100000000, 0x0000000100000000)
  eden space 158720K, 0% used [0x00000000f5d00000,0x00000000f5d00000,0x00000000ff800000)
  from space 4096K, 61% used [0x00000000ff800000,0x00000000ffa77c78,0x00000000ffc00000)
  to   space 4096K, 0% used [0x00000000ffc00000,0x00000000ffc00000,0x0000000100000000)
 ParOldGen       total 334848K, used 330621K [0x00000000e1600000, 0x00000000f5d00000, 0x00000000f5d00000)
  object space 334848K, 98% used [0x00000000e1600000,0x00000000f58df738,0x00000000f5d00000)
 Metaspace       used 51930K, capacity 55540K, committed 55680K, reserved 1097728K
  class space    used 6607K, capacity 7507K, committed 7552K, reserved 1048576K
}
Event: 13562.260 GC heap before
{Heap before GC invocations=5461 (full 13):
 PSYoungGen      total 162816K, used 161247K [0x00000000f5d00000, 0x0000000100000000, 0x0000000100000000)
  eden space 158720K, 100% used [0x00000000f5d00000,0x00000000ff800000,0x00000000ff800000)
  from space 4096K, 61% used [0x00000000ff800000,0x00000000ffa77c78,0x00000000ffc00000)
  to   space 4096K, 0% used [0x00000000ffc00000,0x00000000ffc00000,0x0000000100000000)
 ParOldGen       total 334848K, used 330621K [0x00000000e1600000, 0x00000000f5d00000, 0x00000000f5d00000)
  object space 334848K, 98% used [0x00000000e1600000,0x00000000f58df738,0x00000000f5d00000)
 Metaspace       used 51930K, capacity 55540K, committed 55680K, reserved 1097728K
  class space    used 6607K, capacity 7507K, committed 7552K, reserved 1048576K
Event: 13562.265 GC heap after
Heap after GC invocations=5461 (full 13):
 PSYoungGen      total 162816K, used 2495K [0x00000000f5d00000, 0x0000000100000000, 0x0000000100000000)
  eden space 158720K, 0% used [0x00000000f5d00000,0x00000000f5d00000,0x00000000ff800000)
  from space 4096K, 60% used [0x00000000ffc00000,0x00000000ffe6fc78,0x0000000100000000)
  to   space 4096K, 0% used [0x00000000ff800000,0x00000000ff800000,0x00000000ffc00000)
 ParOldGen       total 334848K, used 330645K [0x00000000e1600000, 0x00000000f5d00000, 0x00000000f5d00000)
  object space 334848K, 98% used [0x00000000e1600000,0x00000000f58e5738,0x00000000f5d00000)
 Metaspace       used 51930K, capacity 55540K, committed 55680K, reserved 1097728K
  class space    used 6607K, capacity 7507K, committed 7552K, reserved 1048576K
}
Event: 13563.814 GC heap before
{Heap before GC invocations=5462 (full 13):
 PSYoungGen      total 162816K, used 161215K [0x00000000f5d00000, 0x0000000100000000, 0x0000000100000000)
  eden space 158720K, 100% used [0x00000000f5d00000,0x00000000ff800000,0x00000000ff800000)
  from space 4096K, 60% used [0x00000000ffc00000,0x00000000ffe6fc78,0x0000000100000000)
  to   space 4096K, 0% used [0x00000000ff800000,0x00000000ff800000,0x00000000ffc00000)
 ParOldGen       total 334848K, used 330645K [0x00000000e1600000, 0x00000000f5d00000, 0x00000000f5d00000)
  object space 334848K, 98% used [0x00000000e1600000,0x00000000f58e5738,0x00000000f5d00000)
 Metaspace       used 51930K, capacity 55540K, committed 55680K, reserved 1097728K
  class space    used 6607K, capacity 7507K, committed 7552K, reserved 1048576K
Event: 13563.819 GC heap after
Heap after GC invocations=5462 (full 13):
 PSYoungGen      total 162816K, used 1503K [0x00000000f5d00000, 0x0000000100000000, 0x0000000100000000)
  eden space 158720K, 0% used [0x00000000f5d00000,0x00000000f5d00000,0x00000000ff800000)
  from space 4096K, 36% used [0x00000000ff800000,0x00000000ff977c78,0x00000000ffc00000)
  to   space 4096K, 0% used [0x00000000ffc00000,0x00000000ffc00000,0x0000000100000000)
 ParOldGen       total 334848K, used 331797K [0x00000000e1600000, 0x00000000f5d00000, 0x00000000f5d00000)
  object space 334848K, 99% used [0x00000000e1600000,0x00000000f5a05738,0x00000000f5d00000)
 Metaspace       used 51930K, capacity 55540K, committed 55680K, reserved 1097728K
  class space    used 6607K, capacity 7507K, committed 7552K, reserved 1048576K
}
Event: 13565.409 GC heap before
{Heap before GC invocations=5463 (full 13):
 PSYoungGen      total 162816K, used 160223K [0x00000000f5d00000, 0x0000000100000000, 0x0000000100000000)
  eden space 158720K, 100% used [0x00000000f5d00000,0x00000000ff800000,0x00000000ff800000)
  from space 4096K, 36% used [0x00000000ff800000,0x00000000ff977c78,0x00000000ffc00000)
  to   space 4096K, 0% used [0x00000000ffc00000,0x00000000ffc00000,0x0000000100000000)
 ParOldGen       total 334848K, used 331797K [0x00000000e1600000, 0x00000000f5d00000, 0x00000000f5d00000)
  object space 334848K, 99% used [0x00000000e1600000,0x00000000f5a05738,0x00000000f5d00000)
 Metaspace       used 51930K, capacity 55540K, committed 55680K, reserved 1097728K
  class space    used 6607K, capacity 7507K, committed 7552K, reserved 1048576K
Event: 13565.414 GC heap after
Heap after GC invocations=5463 (full 13):
 PSYoungGen      total 162816K, used 1471K [0x00000000f5d00000, 0x0000000100000000, 0x0000000100000000)
  eden space 158720K, 0% used [0x00000000f5d00000,0x00000000f5d00000,0x00000000ff800000)
  from space 4096K, 35% used [0x00000000ffc00000,0x00000000ffd6fc78,0x0000000100000000)
  to   space 4096K, 0% used [0x00000000ff800000,0x00000000ff800000,0x00000000ffc00000)
 ParOldGen       total 334848K, used 331917K [0x00000000e1600000, 0x00000000f5d00000, 0x00000000f5d00000)
  object space 334848K, 99% used [0x00000000e1600000,0x00000000f5a23738,0x00000000f5d00000)
 Metaspace       used 51930K, capacity 55540K, committed 55680K, reserved 1097728K
  class space    used 6607K, capacity 7507K, committed 7552K, reserved 1048576K
}
Event: 13566.964 GC heap before
{Heap before GC invocations=5464 (full 13):
 PSYoungGen      total 162816K, used 160191K [0x00000000f5d00000, 0x0000000100000000, 0x0000000100000000)
  eden space 158720K, 100% used [0x00000000f5d00000,0x00000000ff800000,0x00000000ff800000)
  from space 4096K, 35% used [0x00000000ffc00000,0x00000000ffd6fc78,0x0000000100000000)
  to   space 4096K, 0% used [0x00000000ff800000,0x00000000ff800000,0x00000000ffc00000)
 ParOldGen       total 334848K, used 331917K [0x00000000e1600000, 0x00000000f5d00000, 0x00000000f5d00000)
  object space 334848K, 99% used [0x00000000e1600000,0x00000000f5a23738,0x00000000f5d00000)
 Metaspace       used 51930K, capacity 55540K, committed 55680K, reserved 1097728K
  class space    used 6607K, capacity 7507K, committed 7552K, reserved 1048576K
Event: 13566.970 GC heap after
Heap after GC invocations=5464 (full 13):
 PSYoungGen      total 161280K, used 2086K [0x00000000f5d00000, 0x00000000fff00000, 0x0000000100000000)
  eden space 158720K, 0% used [0x00000000f5d00000,0x00000000f5d00000,0x00000000ff800000)
  from space 2560K, 81% used [0x00000000ff800000,0x00000000ffa09ad0,0x00000000ffa80000)
  to   space 3584K, 0% used [0x00000000ffb80000,0x00000000ffb80000,0x00000000fff00000)
 ParOldGen       total 334848K, used 331965K [0x00000000e1600000, 0x00000000f5d00000, 0x00000000f5d00000)
  object space 334848K, 99% used [0x00000000e1600000,0x00000000f5a2f738,0x00000000f5d00000)
 Metaspace       used 51930K, capacity 55540K, committed 55680K, reserved 1097728K
  class space    used 6607K, capacity 7507K, committed 7552K, reserved 1048576K
}
Event: 13568.417 GC heap before
{Heap before GC invocations=5465 (full 13):
 PSYoungGen      total 161280K, used 160806K [0x00000000f5d00000, 0x00000000fff00000, 0x0000000100000000)
  eden space 158720K, 100% used [0x00000000f5d00000,0x00000000ff800000,0x00000000ff800000)
  from space 2560K, 81% used [0x00000000ff800000,0x00000000ffa09ad0,0x00000000ffa80000)
  to   space 3584K, 0% used [0x00000000ffb80000,0x00000000ffb80000,0x00000000fff00000)
 ParOldGen       total 334848K, used 331965K [0x00000000e1600000, 0x00000000f5d00000, 0x00000000f5d00000)
  object space 334848K, 99% used [0x00000000e1600000,0x00000000f5a2f738,0x00000000f5d00000)
 Metaspace       used 51930K, capacity 55540K, committed 55680K, reserved 1097728K
  class space    used 6607K, capacity 7507K, committed 7552K, reserved 1048576K
Event: 13568.424 GC heap after
Heap after GC invocations=5465 (full 13):
 PSYoungGen      total 161792K, used 3308K [0x00000000f5d00000, 0x0000000100000000, 0x0000000100000000)
  eden space 158208K, 0% used [0x00000000f5d00000,0x00000000f5d00000,0x00000000ff780000)
  from space 3584K, 92% used [0x00000000ffb80000,0x00000000ffebb390,0x00000000fff00000)
  to   space 4096K, 0% used [0x00000000ff780000,0x00000000ff780000,0x00000000ffb80000)
 ParOldGen       total 334848K, used 332117K [0x00000000e1600000, 0x00000000f5d00000, 0x00000000f5d00000)
  object space 334848K, 99% used [0x00000000e1600000,0x00000000f5a55738,0x00000000f5d00000)
 Metaspace       used 51930K, capacity 55540K, committed 55680K, reserved 1097728K
  class space    used 6607K, capacity 7507K, committed 7552K, reserved 1048576K
}
Event: 13569.960 GC heap before
{Heap before GC invocations=5466 (full 13):
 PSYoungGen      total 161792K, used 161516K [0x00000000f5d00000, 0x0000000100000000, 0x0000000100000000)
  eden space 158208K, 100% used [0x00000000f5d00000,0x00000000ff780000,0x00000000ff780000)
  from space 3584K, 92% used [0x00000000ffb80000,0x00000000ffebb390,0x00000000fff00000)
  to   space 4096K, 0% used [0x00000000ff780000,0x00000000ff780000,0x00000000ffb80000)
 ParOldGen       total 334848K, used 332117K [0x00000000e1600000, 0x00000000f5d00000, 0x00000000f5d00000)
  object space 334848K, 99% used [0x00000000e1600000,0x00000000f5a55738,0x00000000f5d00000)
 Metaspace       used 51930K, capacity 55540K, committed 55680K, reserved 1097728K
  class space    used 6607K, capacity 7507K, committed 7552K, reserved 1048576K
Event: 13569.966 GC heap after
Heap after GC invocations=5466 (full 13):
 PSYoungGen      total 162304K, used 3276K [0x00000000f5d00000, 0x0000000100000000, 0x0000000100000000)
  eden space 158208K, 0% used [0x00000000f5d00000,0x00000000f5d00000,0x00000000ff780000)
  from space 4096K, 80% used [0x00000000ff780000,0x00000000ffab3390,0x00000000ffb80000)
  to   space 4096K, 0% used [0x00000000ffc00000,0x00000000ffc00000,0x0000000100000000)
 ParOldGen       total 334848K, used 332165K [0x00000000e1600000, 0x00000000f5d00000, 0x00000000f5d00000)
  object space 334848K, 99% used [0x00000000e1600000,0x00000000f5a61738,0x00000000f5d00000)
 Metaspace       used 51930K, capacity 55540K, committed 55680K, reserved 1097728K
  class space    used 6607K, capacity 7507K, committed 7552K, reserved 1048576K
}
Event: 13571.465 GC heap before
{Heap before GC invocations=5467 (full 13):
 PSYoungGen      total 162304K, used 161484K [0x00000000f5d00000, 0x0000000100000000, 0x0000000100000000)
  eden space 158208K, 100% used [0x00000000f5d00000,0x00000000ff780000,0x00000000ff780000)
  from space 4096K, 80% used [0x00000000ff780000,0x00000000ffab3390,0x00000000ffb80000)
  to   space 4096K, 0% used [0x00000000ffc00000,0x00000000ffc00000,0x0000000100000000)
 ParOldGen       total 334848K, used 332165K [0x00000000e1600000, 0x00000000f5d00000, 0x00000000f5d00000)
  object space 334848K, 99% used [0x00000000e1600000,0x00000000f5a61738,0x00000000f5d00000)
 Metaspace       used 51930K, capacity 55540K, committed 55680K, reserved 1097728K
  class space    used 6607K, capacity 7507K, committed 7552K, reserved 1048576K
Event: 13571.472 GC heap after
Heap after GC invocations=5467 (full 13):
 PSYoungGen      total 161792K, used 3308K [0x00000000f5d00000, 0x0000000100000000, 0x0000000100000000)
  eden space 157696K, 0% used [0x00000000f5d00000,0x00000000f5d00000,0x00000000ff700000)
  from space 4096K, 80% used [0x00000000ffc00000,0x00000000fff3b380,0x0000000100000000)
  to   space 4608K, 0% used [0x00000000ff700000,0x00000000ff700000,0x00000000ffb80000)
 ParOldGen       total 334848K, used 332237K [0x00000000e1600000, 0x00000000f5d00000, 0x00000000f5d00000)
  object space 334848K, 99% used [0x00000000e1600000,0x00000000f5a73738,0x00000000f5d00000)
 Metaspace       used 51930K, capacity 55540K, committed 55680K, reserved 1097728K
  class space    used 6607K, capacity 7507K, committed 7552K, reserved 1048576K
}
Event: 13573.010 GC heap before
{Heap before GC invocations=5468 (full 13):
 PSYoungGen      total 161792K, used 161004K [0x00000000f5d00000, 0x0000000100000000, 0x0000000100000000)
  eden space 157696K, 100% used [0x00000000f5d00000,0x00000000ff700000,0x00000000ff700000)
  from space 4096K, 80% used [0x00000000ffc00000,0x00000000fff3b380,0x0000000100000000)
  to   space 4608K, 0% used [0x00000000ff700000,0x00000000ff700000,0x00000000ffb80000)
 ParOldGen       total 334848K, used 332237K [0x00000000e1600000, 0x00000000f5d00000, 0x00000000f5d00000)
  object space 334848K, 99% used [0x00000000e1600000,0x00000000f5a73738,0x00000000f5d00000)
 Metaspace       used 51930K, capacity 55540K, committed 55680K, reserved 1097728K
  class space    used 6607K, capacity 7507K, committed 7552K, reserved 1048576K
Event: 13573.016 GC heap after
Heap after GC invocations=5468 (full 13):
 PSYoungGen      total 162304K, used 3276K [0x00000000f5d00000, 0x0000000100000000, 0x0000000100000000)
  eden space 157696K, 0% used [0x00000000f5d00000,0x00000000f5d00000,0x00000000ff700000)
  from space 4608K, 71% used [0x00000000ff700000,0x00000000ffa33380,0x00000000ffb80000)
  to   space 4608K, 0% used [0x00000000ffb80000,0x00000000ffb80000,0x0000000100000000)
 ParOldGen       total 334848K, used 332341K [0x00000000e1600000, 0x00000000f5d00000, 0x00000000f5d00000)
  object space 334848K, 99% used [0x00000000e1600000,0x00000000f5a8d738,0x00000000f5d00000)
 Metaspace       used 51930K, capacity 55540K, committed 55680K, reserved 1097728K
  class space    used 6607K, capacity 7507K, committed 7552K, reserved 1048576K
}
Event: 13574.511 GC heap before
{Heap before GC invocations=5469 (full 13):
 PSYoungGen      total 162304K, used 160972K [0x00000000f5d00000, 0x0000000100000000, 0x0000000100000000)
  eden space 157696K, 100% used [0x00000000f5d00000,0x00000000ff700000,0x00000000ff700000)
  from space 4608K, 71% used [0x00000000ff700000,0x00000000ffa33380,0x00000000ffb80000)
  to   space 4608K, 0% used [0x00000000ffb80000,0x00000000ffb80000,0x0000000100000000)
 ParOldGen       total 334848K, used 332341K [0x00000000e1600000, 0x00000000f5d00000, 0x00000000f5d00000)
  object space 334848K, 99% used [0x00000000e1600000,0x00000000f5a8d738,0x00000000f5d00000)
 Metaspace       used 51930K, capacity 55540K, committed 55680K, reserved 1097728K
  class space    used 6607K, capacity 7507K, committed 7552K, reserved 1048576K
Event: 13574.517 GC heap after
Heap after GC invocations=5469 (full 13):
 PSYoungGen      total 162304K, used 3276K [0x00000000f5d00000, 0x0000000100000000, 0x0000000100000000)
  eden space 157696K, 0% used [0x00000000f5d00000,0x00000000f5d00000,0x00000000ff700000)
  from space 4608K, 71% used [0x00000000ffb80000,0x00000000ffeb3380,0x0000000100000000)
  to   space 4608K, 0% used [0x00000000ff700000,0x00000000ff700000,0x00000000ffb80000)
 ParOldGen       total 334848K, used 332357K [0x00000000e1600000, 0x00000000f5d00000, 0x00000000f5d00000)
  object space 334848K, 99% used [0x00000000e1600000,0x00000000f5a91738,0x00000000f5d00000)
 Metaspace       used 51930K, capacity 55540K, committed 55680K, reserved 1097728K
  class space    used 6607K, capacity 7507K, committed 7552K, reserved 1048576K
}
Event: 13576.017 GC heap before
{Heap before GC invocations=5470 (full 13):
 PSYoungGen      total 162304K, used 160972K [0x00000000f5d00000, 0x0000000100000000, 0x0000000100000000)
  eden space 157696K, 100% used [0x00000000f5d00000,0x00000000ff700000,0x00000000ff700000)
  from space 4608K, 71% used [0x00000000ffb80000,0x00000000ffeb3380,0x0000000100000000)
  to   space 4608K, 0% used [0x00000000ff700000,0x00000000ff700000,0x00000000ffb80000)
 ParOldGen       total 334848K, used 332357K [0x00000000e1600000, 0x00000000f5d00000, 0x00000000f5d00000)
  object space 334848K, 99% used [0x00000000e1600000,0x00000000f5a91738,0x00000000f5d00000)
 Metaspace       used 51930K, capacity 55540K, committed 55680K, reserved 1097728K
  class space    used 6607K, capacity 7507K, committed 7552K, reserved 1048576K
Event: 13576.023 GC heap after
Heap after GC invocations=5470 (full 13):
 PSYoungGen      total 162304K, used 3340K [0x00000000f5d00000, 0x0000000100000000, 0x0000000100000000)
  eden space 157696K, 0% used [0x00000000f5d00000,0x00000000f5d00000,0x00000000ff700000)
  from space 4608K, 72% used [0x00000000ff700000,0x00000000ffa43380,0x00000000ffb80000)
  to   space 4608K, 0% used [0x00000000ffb80000,0x00000000ffb80000,0x0000000100000000)
 ParOldGen       total 334848K, used 332445K [0x00000000e1600000, 0x00000000f5d00000, 0x00000000f5d00000)
  object space 334848K, 99% used [0x00000000e1600000,0x00000000f5aa7738,0x00000000f5d00000)
 Metaspace       used 51930K, capacity 55540K, committed 55680K, reserved 1097728K
  class space    used 6607K, capacity 7507K, committed 7552K, reserved 1048576K
}
Event: 13577.519 GC heap before
{Heap before GC invocations=5471 (full 13):
 PSYoungGen      total 162304K, used 161036K [0x00000000f5d00000, 0x0000000100000000, 0x0000000100000000)
  eden space 157696K, 100% used [0x00000000f5d00000,0x00000000ff700000,0x00000000ff700000)
  from space 4608K, 72% used [0x00000000ff700000,0x00000000ffa43380,0x00000000ffb80000)
  to   space 4608K, 0% used [0x00000000ffb80000,0x00000000ffb80000,0x0000000100000000)
 ParOldGen       total 334848K, used 332445K [0x00000000e1600000, 0x00000000f5d00000, 0x00000000f5d00000)
  object space 334848K, 99% used [0x00000000e1600000,0x00000000f5aa7738,0x00000000f5d00000)
 Metaspace       used 51930K, capacity 55540K, committed 55680K, reserved 1097728K
  class space    used 6607K, capacity 7507K, committed 7552K, reserved 1048576K
Event: 13577.525 GC heap after
Heap after GC invocations=5471 (full 13):
 PSYoungGen      total 162304K, used 3340K [0x00000000f5d00000, 0x0000000100000000, 0x0000000100000000)
  eden space 157696K, 0% used [0x00000000f5d00000,0x00000000f5d00000,0x00000000ff700000)
  from space 4608K, 72% used [0x00000000ffb80000,0x00000000ffec3380,0x0000000100000000)
  to   space 4608K, 0% used [0x00000000ff700000,0x00000000ff700000,0x00000000ffb80000)
 ParOldGen       total 334848K, used 332461K [0x00000000e1600000, 0x00000000f5d00000, 0x00000000f5d00000)
  object space 334848K, 99% used [0x00000000e1600000,0x00000000f5aab738,0x00000000f5d00000)
 Metaspace       used 51930K, capacity 55540K, committed 55680K, reserved 1097728K
  class space    used 6607K, capacity 7507K, committed 7552K, reserved 1048576K
}
Event: 13579.063 GC heap before
{Heap before GC invocations=5472 (full 13):
 PSYoungGen      total 162304K, used 161036K [0x00000000f5d00000, 0x0000000100000000, 0x0000000100000000)
  eden space 157696K, 100% used [0x00000000f5d00000,0x00000000ff700000,0x00000000ff700000)
  from space 4608K, 72% used [0x00000000ffb80000,0x00000000ffec3380,0x0000000100000000)
  to   space 4608K, 0% used [0x00000000ff700000,0x00000000ff700000,0x00000000ffb80000)
 ParOldGen       total 334848K, used 332461K [0x00000000e1600000, 0x00000000f5d00000, 0x00000000f5d00000)
  object space 334848K, 99% used [0x00000000e1600000,0x00000000f5aab738,0x00000000f5d00000)
 Metaspace       used 51930K, capacity 55540K, committed 55680K, reserved 1097728K
  class space    used 6607K, capacity 7507K, committed 7552K, reserved 1048576K
Event: 13579.069 GC heap after
Heap after GC invocations=5472 (full 13):
 PSYoungGen      total 162304K, used 3020K [0x00000000f5d00000, 0x0000000100000000, 0x0000000100000000)
  eden space 157696K, 0% used [0x00000000f5d00000,0x00000000f5d00000,0x00000000ff700000)
  from space 4608K, 65% used [0x00000000ff700000,0x00000000ff9f3380,0x00000000ffb80000)
  to   space 4608K, 0% used [0x00000000ffb80000,0x00000000ffb80000,0x0000000100000000)
 ParOldGen       total 334848K, used 332797K [0x00000000e1600000, 0x00000000f5d00000, 0x00000000f5d00000)
  object space 334848K, 99% used [0x00000000e1600000,0x00000000f5aff738,0x00000000f5d00000)
 Metaspace       used 51930K, capacity 55540K, committed 55680K, reserved 1097728K
  class space    used 6607K, capacity 7507K, committed 7552K, reserved 1048576K
}
Event: 13580.517 GC heap before
{Heap before GC invocations=5473 (full 13):
 PSYoungGen      total 162304K, used 160716K [0x00000000f5d00000, 0x0000000100000000, 0x0000000100000000)
  eden space 157696K, 100% used [0x00000000f5d00000,0x00000000ff700000,0x00000000ff700000)
  from space 4608K, 65% used [0x00000000ff700000,0x00000000ff9f3380,0x00000000ffb80000)
  to   space 4608K, 0% used [0x00000000ffb80000,0x00000000ffb80000,0x0000000100000000)
 ParOldGen       total 334848K, used 332797K [0x00000000e1600000, 0x00000000f5d00000, 0x00000000f5d00000)
  object space 334848K, 99% used [0x00000000e1600000,0x00000000f5aff738,0x00000000f5d00000)
 Metaspace       used 51930K, capacity 55540K, committed 55680K, reserved 1097728K
  class space    used 6607K, capacity 7507K, committed 7552K, reserved 1048576K
Event: 13580.524 GC heap after
Heap after GC invocations=5473 (full 13):
 PSYoungGen      total 162304K, used 3590K [0x00000000f5d00000, 0x0000000100000000, 0x0000000100000000)
  eden space 157696K, 0% used [0x00000000f5d00000,0x00000000f5d00000,0x00000000ff700000)
  from space 4608K, 77% used [0x00000000ffb80000,0x00000000fff01948,0x0000000100000000)
  to   space 4608K, 0% used [0x00000000ff700000,0x00000000ff700000,0x00000000ffb80000)
 ParOldGen       total 334848K, used 332813K [0x00000000e1600000, 0x00000000f5d00000, 0x00000000f5d00000)
  object space 334848K, 99% used [0x00000000e1600000,0x00000000f5b03738,0x00000000f5d00000)
 Metaspace       used 51930K, capacity 55540K, committed 55680K, reserved 1097728K
  class space    used 6607K, capacity 7507K, committed 7552K, reserved 1048576K
}
Event: 13582.064 GC heap before
{Heap before GC invocations=5474 (full 13):
 PSYoungGen      total 162304K, used 161286K [0x00000000f5d00000, 0x0000000100000000, 0x0000000100000000)
  eden space 157696K, 100% used [0x00000000f5d00000,0x00000000ff700000,0x00000000ff700000)
  from space 4608K, 77% used [0x00000000ffb80000,0x00000000fff01948,0x0000000100000000)
  to   space 4608K, 0% used [0x00000000ff700000,0x00000000ff700000,0x00000000ffb80000)
 ParOldGen       total 334848K, used 332813K [0x00000000e1600000, 0x00000000f5d00000, 0x00000000f5d00000)
  object space 334848K, 99% used [0x00000000e1600000,0x00000000f5b03738,0x00000000f5d00000)
 Metaspace       used 51930K, capacity 55540K, committed 55680K, reserved 1097728K
  class space    used 6607K, capacity 7507K, committed 7552K, reserved 1048576K
Event: 13582.070 GC heap after
Heap after GC invocations=5474 (full 13):
 PSYoungGen      total 162304K, used 3558K [0x00000000f5d00000, 0x0000000100000000, 0x0000000100000000)
  eden space 157696K, 0% used [0x00000000f5d00000,0x00000000f5d00000,0x00000000ff700000)
  from space 4608K, 77% used [0x00000000ff700000,0x00000000ffa79948,0x00000000ffb80000)
  to   space 4608K, 0% used [0x00000000ffb80000,0x00000000ffb80000,0x0000000100000000)
 ParOldGen       total 334848K, used 332829K [0x00000000e1600000, 0x00000000f5d00000, 0x00000000f5d00000)
  object space 334848K, 99% used [0x00000000e1600000,0x00000000f5b07738,0x00000000f5d00000)
 Metaspace       used 51930K, capacity 55540K, committed 55680K, reserved 1097728K
  class space    used 6607K, capacity 7507K, committed 7552K, reserved 1048576K
}
Event: 13583.531 GC heap before
{Heap before GC invocations=5475 (full 13):
 PSYoungGen      total 162304K, used 161254K [0x00000000f5d00000, 0x0000000100000000, 0x0000000100000000)
  eden space 157696K, 100% used [0x00000000f5d00000,0x00000000ff700000,0x00000000ff700000)
  from space 4608K, 77% used [0x00000000ff700000,0x00000000ffa79948,0x00000000ffb80000)
  to   space 4608K, 0% used [0x00000000ffb80000,0x00000000ffb80000,0x0000000100000000)
 ParOldGen       total 334848K, used 332829K [0x00000000e1600000, 0x00000000f5d00000, 0x00000000f5d00000)
  object space 334848K, 99% used [0x00000000e1600000,0x00000000f5b07738,0x00000000f5d00000)
 Metaspace       used 51930K, capacity 55540K, committed 55680K, reserved 1097728K
  class space    used 6607K, capacity 7507K, committed 7552K, reserved 1048576K
Event: 13583.544 GC heap after
Heap after GC invocations=5475 (full 13):
 PSYoungGen      total 161280K, used 4038K [0x00000000f5d00000, 0x0000000100000000, 0x0000000100000000)
  eden space 156672K, 0% used [0x00000000f5d00000,0x00000000f5d00000,0x00000000ff600000)
  from space 4608K, 87% used [0x00000000ffb80000,0x00000000fff71b70,0x0000000100000000)
  to   space 5120K, 0% used [0x00000000ff600000,0x00000000ff600000,0x00000000ffb00000)
 ParOldGen       total 334848K, used 333053K [0x00000000e1600000, 0x00000000f5d00000, 0x00000000f5d00000)
  object space 334848K, 99% used [0x00000000e1600000,0x00000000f5b3f738,0x00000000f5d00000)
 Metaspace       used 51930K, capacity 55540K, committed 55680K, reserved 1097728K
  class space    used 6607K, capacity 7507K, committed 7552K, reserved 1048576K
}
Event: 13585.068 GC heap before
{Heap before GC invocations=5476 (full 13):
 PSYoungGen      total 161280K, used 160710K [0x00000000f5d00000, 0x0000000100000000, 0x0000000100000000)
  eden space 156672K, 100% used [0x00000000f5d00000,0x00000000ff600000,0x00000000ff600000)
  from space 4608K, 87% used [0x00000000ffb80000,0x00000000fff71b70,0x0000000100000000)
  to   space 5120K, 0% used [0x00000000ff600000,0x00000000ff600000,0x00000000ffb00000)
 ParOldGen       total 334848K, used 333053K [0x00000000e1600000, 0x00000000f5d00000, 0x00000000f5d00000)
  object space 334848K, 99% used [0x00000000e1600000,0x00000000f5b3f738,0x00000000f5d00000)
 Metaspace       used 51930K, capacity 55540K, committed 55680K, reserved 1097728K
  class space    used 6607K, capacity 7507K, committed 7552K, reserved 1048576K
Event: 13585.074 GC heap after
Heap after GC invocations=5476 (full 13):
 PSYoungGen      total 161792K, used 3942K [0x00000000f5d00000, 0x0000000100000000, 0x0000000100000000)
  eden space 156672K, 0% used [0x00000000f5d00000,0x00000000f5d00000,0x00000000ff600000)
  from space 5120K, 77% used [0x00000000ff600000,0x00000000ff9d9b70,0x00000000ffb00000)
  to   space 5120K, 0% used [0x00000000ffb00000,0x00000000ffb00000,0x0000000100000000)
 ParOldGen       total 334848K, used 333093K [0x00000000e1600000, 0x00000000f5d00000, 0x00000000f5d00000)
  object space 334848K, 99% used [0x00000000e1600000,0x00000000f5b49738,0x00000000f5d00000)
 Metaspace       used 51930K, capacity 55540K, committed 55680K, reserved 1097728K
  class space    used 6607K, capacity 7507K, committed 7552K, reserved 1048576K
}
Event: 13586.566 GC heap before
{Heap before GC invocations=5477 (full 13):
 PSYoungGen      total 161792K, used 160614K [0x00000000f5d00000, 0x0000000100000000, 0x0000000100000000)
  eden space 156672K, 100% used [0x00000000f5d00000,0x00000000ff600000,0x00000000ff600000)
  from space 5120K, 77% used [0x00000000ff600000,0x00000000ff9d9b70,0x00000000ffb00000)
  to   space 5120K, 0% used [0x00000000ffb00000,0x00000000ffb00000,0x0000000100000000)
 ParOldGen       total 334848K, used 333093K [0x00000000e1600000, 0x00000000f5d00000, 0x00000000f5d00000)
  object space 334848K, 99% used [0x00000000e1600000,0x00000000f5b49738,0x00000000f5d00000)
 Metaspace       used 51930K, capacity 55540K, committed 55680K, reserved 1097728K
  class space    used 6607K, capacity 7507K, committed 7552K, reserved 1048576K
Event: 13586.572 GC heap after
Heap after GC invocations=5477 (full 13):
 PSYoungGen      total 160768K, used 4486K [0x00000000f5d00000, 0x0000000100000000, 0x0000000100000000)
  eden space 155648K, 0% used [0x00000000f5d00000,0x00000000f5d00000,0x00000000ff500000)
  from space 5120K, 87% used [0x00000000ffb00000,0x00000000fff61960,0x0000000100000000)
  to   space 5632K, 0% used [0x00000000ff500000,0x00000000ff500000,0x00000000ffa80000)
 ParOldGen       total 334848K, used 333109K [0x00000000e1600000, 0x00000000f5d00000, 0x00000000f5d00000)
  object space 334848K, 99% used [0x00000000e1600000,0x00000000f5b4d738,0x00000000f5d00000)
 Metaspace       used 51930K, capacity 55540K, committed 55680K, reserved 1097728K
  class space    used 6607K, capacity 7507K, committed 7552K, reserved 1048576K
}
Event: 13588.112 GC heap before
{Heap before GC invocations=5478 (full 13):
 PSYoungGen      total 160768K, used 160134K [0x00000000f5d00000, 0x0000000100000000, 0x0000000100000000)
  eden space 155648K, 100% used [0x00000000f5d00000,0x00000000ff500000,0x00000000ff500000)
  from space 5120K, 87% used [0x00000000ffb00000,0x00000000fff61960,0x0000000100000000)
  to   space 5632K, 0% used [0x00000000ff500000,0x00000000ff500000,0x00000000ffa80000)
 ParOldGen       total 334848K, used 333109K [0x00000000e1600000, 0x00000000f5d00000, 0x00000000f5d00000)
  object space 334848K, 99% used [0x00000000e1600000,0x00000000f5b4d738,0x00000000f5d00000)
 Metaspace       used 51930K, capacity 55540K, committed 55680K, reserved 1097728K
  class space    used 6607K, capacity 7507K, committed 7552K, reserved 1048576K
Event: 13588.118 GC heap after
Heap after GC invocations=5478 (full 13):
 PSYoungGen      total 161280K, used 4293K [0x00000000f5d00000, 0x0000000100000000, 0x0000000100000000)
  eden space 155648K, 0% used [0x00000000f5d00000,0x00000000f5d00000,0x00000000ff500000)
  from space 5632K, 76% used [0x00000000ff500000,0x00000000ff931520,0x00000000ffa80000)
  to   space 5632K, 0% used [0x00000000ffa80000,0x00000000ffa80000,0x0000000100000000)
 ParOldGen       total 334848K, used 333157K [0x00000000e1600000, 0x00000000f5d00000, 0x00000000f5d00000)
  object space 334848K, 99% used [0x00000000e1600000,0x00000000f5b59738,0x00000000f5d00000)
 Metaspace       used 51930K, capacity 55540K, committed 55680K, reserved 1097728K
  class space    used 6607K, capacity 7507K, committed 7552K, reserved 1048576K
}
Event: 13589.614 GC heap before
{Heap before GC invocations=5479 (full 13):
 PSYoungGen      total 161280K, used 159941K [0x00000000f5d00000, 0x0000000100000000, 0x0000000100000000)
  eden space 155648K, 100% used [0x00000000f5d00000,0x00000000ff500000,0x00000000ff500000)
  from space 5632K, 76% used [0x00000000ff500000,0x00000000ff931520,0x00000000ffa80000)
  to   space 5632K, 0% used [0x00000000ffa80000,0x00000000ffa80000,0x0000000100000000)
 ParOldGen       total 334848K, used 333157K [0x00000000e1600000, 0x00000000f5d00000, 0x00000000f5d00000)
  object space 334848K, 99% used [0x00000000e1600000,0x00000000f5b59738,0x00000000f5d00000)
 Metaspace       used 51930K, capacity 55540K, committed 55680K, reserved 1097728K
  class space    used 6607K, capacity 7507K, committed 7552K, reserved 1048576K
Event: 13589.621 GC heap after
Heap after GC invocations=5479 (full 13):
 PSYoungGen      total 161280K, used 3813K [0x00000000f5d00000, 0x0000000100000000, 0x0000000100000000)
  eden space 155648K, 0% used [0x00000000f5d00000,0x00000000f5d00000,0x00000000ff500000)
  from space 5632K, 67% used [0x00000000ffa80000,0x00000000ffe39520,0x0000000100000000)
  to   space 5632K, 0% used [0x00000000ff500000,0x00000000ff500000,0x00000000ffa80000)
 ParOldGen       total 334848K, used 333861K [0x00000000e1600000, 0x00000000f5d00000, 0x00000000f5d00000)
  object space 334848K, 99% used [0x00000000e1600000,0x00000000f5c09738,0x00000000f5d00000)
 Metaspace       used 51930K, capacity 55540K, committed 55680K, reserved 1097728K
  class space    used 6607K, capacity 7507K, committed 7552K, reserved 1048576K
}
Event: 13591.161 GC heap before
{Heap before GC invocations=5480 (full 13):
 PSYoungGen      total 161280K, used 159461K [0x00000000f5d00000, 0x0000000100000000, 0x0000000100000000)
  eden space 155648K, 100% used [0x00000000f5d00000,0x00000000ff500000,0x00000000ff500000)
  from space 5632K, 67% used [0x00000000ffa80000,0x00000000ffe39520,0x0000000100000000)
  to   space 5632K, 0% used [0x00000000ff500000,0x00000000ff500000,0x00000000ffa80000)
 ParOldGen       total 334848K, used 333861K [0x00000000e1600000, 0x00000000f5d00000, 0x00000000f5d00000)
  object space 334848K, 99% used [0x00000000e1600000,0x00000000f5c09738,0x00000000f5d00000)
 Metaspace       used 51930K, capacity 55540K, committed 55680K, reserved 1097728K
  class space    used 6607K, capacity 7507K, committed 7552K, reserved 1048576K
Event: 13591.213 GC heap after
Heap after GC invocations=5480 (full 13):
 PSYoungGen      total 161280K, used 159461K [0x00000000f5d00000, 0x0000000100000000, 0x0000000100000000)
  eden space 155648K, 100% used [0x00000000f5d00000,0x00000000ff500000,0x00000000ff500000)
  from space 5632K, 67% used [0x00000000ffa80000,0x00000000ffe39520,0x0000000100000000)
  to   space 5632K, 43% used [0x00000000ff500000,0x00000000ff75fc70,0x00000000ffa80000)
 ParOldGen       total 334848K, used 334843K [0x00000000e1600000, 0x00000000f5d00000, 0x00000000f5d00000)
  object space 334848K, 99% used [0x00000000e1600000,0x00000000f5cfefe8,0x00000000f5d00000)
 Metaspace       used 51930K, capacity 55540K, committed 55680K, reserved 1097728K
  class space    used 6607K, capacity 7507K, committed 7552K, reserved 1048576K
}
Event: 13591.214 GC heap before
{Heap before GC invocations=5481 (full 14):
 PSYoungGen      total 161280K, used 159461K [0x00000000f5d00000, 0x0000000100000000, 0x0000000100000000)
  eden space 155648K, 100% used [0x00000000f5d00000,0x00000000ff500000,0x00000000ff500000)
  from space 5632K, 67% used [0x00000000ffa80000,0x00000000ffe39520,0x0000000100000000)
  to   space 5632K, 43% used [0x00000000ff500000,0x00000000ff75fc70,0x00000000ffa80000)
 ParOldGen       total 334848K, used 334843K [0x00000000e1600000, 0x00000000f5d00000, 0x00000000f5d00000)
  object space 334848K, 99% used [0x00000000e1600000,0x00000000f5cfefe8,0x00000000f5d00000)
 Metaspace       used 51930K, capacity 55540K, committed 55680K, reserved 1097728K
  class space    used 6607K, capacity 7507K, committed 7552K, reserved 1048576K
Event: 13591.587 GC heap after
Heap after GC invocations=5481 (full 14):
 PSYoungGen      total 161280K, used 0K [0x00000000f5d00000, 0x0000000100000000, 0x0000000100000000)
  eden space 155648K, 0% used [0x00000000f5d00000,0x00000000f5d00000,0x00000000ff500000)
  from space 5632K, 0% used [0x00000000ffa80000,0x00000000ffa80000,0x0000000100000000)
  to   space 5632K, 0% used [0x00000000ff500000,0x00000000ff500000,0x00000000ffa80000)
 ParOldGen       total 334848K, used 217470K [0x00000000e1600000, 0x00000000f5d00000, 0x00000000f5d00000)
  object space 334848K, 64% used [0x00000000e1600000,0x00000000eea5f8c0,0x00000000f5d00000)
 Metaspace       used 51912K, capacity 55510K, committed 55680K, reserved 1097728K
  class space    used 6604K, capacity 7502K, committed 7552K, reserved 1048576K
}
Event: 13592.712 GC heap before
{Heap before GC invocations=5482 (full 14):
 PSYoungGen      total 161280K, used 155648K [0x00000000f5d00000, 0x0000000100000000, 0x0000000100000000)
  eden space 155648K, 100% used [0x00000000f5d00000,0x00000000ff500000,0x00000000ff500000)
  from space 5632K, 0% used [0x00000000ffa80000,0x00000000ffa80000,0x0000000100000000)
  to   space 5632K, 0% used [0x00000000ff500000,0x00000000ff500000,0x00000000ffa80000)
 ParOldGen       total 334848K, used 217470K [0x00000000e1600000, 0x00000000f5d00000, 0x00000000f5d00000)
  object space 334848K, 64% used [0x00000000e1600000,0x00000000eea5f8c0,0x00000000f5d00000)
 Metaspace       used 51912K, capacity 55510K, committed 55680K, reserved 1097728K
  class space    used 6604K, capacity 7502K, committed 7552K, reserved 1048576K
Event: 13592.724 GC heap after
Heap after GC invocations=5482 (full 14):
 PSYoungGen      total 156160K, used 96K [0x00000000f5d00000, 0x0000000100000000, 0x0000000100000000)
  eden space 155648K, 0% used [0x00000000f5d00000,0x00000000f5d00000,0x00000000ff500000)
  from space 512K, 18% used [0x00000000ff500000,0x00000000ff518000,0x00000000ff580000)
  to   space 6144K, 0% used [0x00000000ffa00000,0x00000000ffa00000,0x0000000100000000)
 ParOldGen       total 334848K, used 217470K [0x00000000e1600000, 0x00000000f5d00000, 0x00000000f5d00000)
  object space 334848K, 64% used [0x00000000e1600000,0x00000000eea5f8c0,0x00000000f5d00000)
 Metaspace       used 51912K, capacity 55510K, committed 55680K, reserved 1097728K
  class space    used 6604K, capacity 7502K, committed 7552K, reserved 1048576K
}
Event: 13594.264 GC heap before
{Heap before GC invocations=5483 (full 14):
 PSYoungGen      total 156160K, used 155744K [0x00000000f5d00000, 0x0000000100000000, 0x0000000100000000)
  eden space 155648K, 100% used [0x00000000f5d00000,0x00000000ff500000,0x00000000ff500000)
  from space 512K, 18% used [0x00000000ff500000,0x00000000ff518000,0x00000000ff580000)
  to   space 6144K, 0% used [0x00000000ffa00000,0x00000000ffa00000,0x0000000100000000)
 ParOldGen       total 334848K, used 217470K [0x00000000e1600000, 0x00000000f5d00000, 0x00000000f5d00000)
  object space 334848K, 64% used [0x00000000e1600000,0x00000000eea5f8c0,0x00000000f5d00000)
 Metaspace       used 51912K, capacity 55510K, committed 55680K, reserved 1097728K
  class space    used 6604K, capacity 7502K, committed 7552K, reserved 1048576K
Event: 13594.267 GC heap after
Heap after GC invocations=5483 (full 14):
 PSYoungGen      total 160768K, used 160K [0x00000000f5d00000, 0x0000000100000000, 0x0000000100000000)
  eden space 154624K, 0% used [0x00000000f5d00000,0x00000000f5d00000,0x00000000ff400000)
  from space 6144K, 2% used [0x00000000ffa00000,0x00000000ffa28000,0x0000000100000000)
  to   space 6144K, 0% used [0x00000000ff400000,0x00000000ff400000,0x00000000ffa00000)
 ParOldGen       total 334848K, used 217470K [0x00000000e1600000, 0x00000000f5d00000, 0x00000000f5d00000)
  object space 334848K, 64% used [0x00000000e1600000,0x00000000eea5f8c0,0x00000000f5d00000)
 Metaspace       used 51912K, capacity 55510K, committed 55680K, reserved 1097728K
  class space    used 6604K, capacity 7502K, committed 7552K, reserved 1048576K
}
Event: 13595.810 GC heap before
{Heap before GC invocations=5484 (full 14):
 PSYoungGen      total 160768K, used 154784K [0x00000000f5d00000, 0x0000000100000000, 0x0000000100000000)
  eden space 154624K, 100% used [0x00000000f5d00000,0x00000000ff400000,0x00000000ff400000)
  from space 6144K, 2% used [0x00000000ffa00000,0x00000000ffa28000,0x0000000100000000)
  to   space 6144K, 0% used [0x00000000ff400000,0x00000000ff400000,0x00000000ffa00000)
 ParOldGen       total 334848K, used 217470K [0x00000000e1600000, 0x00000000f5d00000, 0x00000000f5d00000)
  object space 334848K, 64% used [0x00000000e1600000,0x00000000eea5f8c0,0x00000000f5d00000)
 Metaspace       used 51912K, capacity 55510K, committed 55680K, reserved 1097728K
  class space    used 6604K, capacity 7502K, committed 7552K, reserved 1048576K
Event: 13595.814 GC heap after
Heap after GC invocations=5484 (full 14):
 PSYoungGen      total 160768K, used 383K [0x00000000f5d00000, 0x0000000100000000, 0x0000000100000000)
  eden space 154624K, 0% used [0x00000000f5d00000,0x00000000f5d00000,0x00000000ff400000)
  from space 6144K, 6% used [0x00000000ff400000,0x00000000ff45fe88,0x00000000ffa00000)
  to   space 6144K, 0% used [0x00000000ffa00000,0x00000000ffa00000,0x0000000100000000)
 ParOldGen       total 334848K, used 217470K [0x00000000e1600000, 0x00000000f5d00000, 0x00000000f5d00000)
  object space 334848K, 64% used [0x00000000e1600000,0x00000000eea5f8c0,0x00000000f5d00000)
 Metaspace       used 51912K, capacity 55510K, committed 55680K, reserved 1097728K
  class space    used 6604K, capacity 7502K, committed 7552K, reserved 1048576K
}
Event: 13597.313 GC heap before
{Heap before GC invocations=5485 (full 14):
 PSYoungGen      total 160768K, used 155007K [0x00000000f5d00000, 0x0000000100000000, 0x0000000100000000)
  eden space 154624K, 100% used [0x00000000f5d00000,0x00000000ff400000,0x00000000ff400000)
  from space 6144K, 6% used [0x00000000ff400000,0x00000000ff45fe88,0x00000000ffa00000)
  to   space 6144K, 0% used [0x00000000ffa00000,0x00000000ffa00000,0x0000000100000000)
 ParOldGen       total 334848K, used 217470K [0x00000000e1600000, 0x00000000f5d00000, 0x00000000f5d00000)
  object space 334848K, 64% used [0x00000000e1600000,0x00000000eea5f8c0,0x00000000f5d00000)
 Metaspace       used 51912K, capacity 55510K, committed 55680K, reserved 1097728K
  class space    used 6604K, capacity 7502K, committed 7552K, reserved 1048576K
Event: 13597.317 GC heap after
Heap after GC invocations=5485 (full 14):
 PSYoungGen      total 160768K, used 1246K [0x00000000f5d00000, 0x0000000100000000, 0x0000000100000000)
  eden space 154624K, 0% used [0x00000000f5d00000,0x00000000f5d00000,0x00000000ff400000)
  from space 6144K, 20% used [0x00000000ffa00000,0x00000000ffb37b08,0x0000000100000000)
  to   space 6144K, 0% used [0x00000000ff400000,0x00000000ff400000,0x00000000ffa00000)
 ParOldGen       total 334848K, used 217470K [0x00000000e1600000, 0x00000000f5d00000, 0x00000000f5d00000)
  object space 334848K, 64% used [0x00000000e1600000,0x00000000eea5f8c0,0x00000000f5d00000)
 Metaspace       used 51912K, capacity 55510K, committed 55680K, reserved 1097728K
  class space    used 6604K, capacity 7502K, committed 7552K, reserved 1048576K
}
Event: 13598.818 GC heap before
{Heap before GC invocations=5486 (full 14):
 PSYoungGen      total 160768K, used 155870K [0x00000000f5d00000, 0x0000000100000000, 0x0000000100000000)
  eden space 154624K, 100% used [0x00000000f5d00000,0x00000000ff400000,0x00000000ff400000)
  from space 6144K, 20% used [0x00000000ffa00000,0x00000000ffb37b08,0x0000000100000000)
  to   space 6144K, 0% used [0x00000000ff400000,0x00000000ff400000,0x00000000ffa00000)
 ParOldGen       total 334848K, used 217470K [0x00000000e1600000, 0x00000000f5d00000, 0x00000000f5d00000)
  object space 334848K, 64% used [0x00000000e1600000,0x00000000eea5f8c0,0x00000000f5d00000)
 Metaspace       used 51912K, capacity 55510K, committed 55680K, reserved 1097728K
  class space    used 6604K, capacity 7502K, committed 7552K, reserved 1048576K
Event: 13598.823 GC heap after
Heap after GC invocations=5486 (full 14):
 PSYoungGen      total 160768K, used 1824K [0x00000000f5d00000, 0x0000000100000000, 0x0000000100000000)
  eden space 154624K, 0% used [0x00000000f5d00000,0x00000000f5d00000,0x00000000ff400000)
  from space 6144K, 29% used [0x00000000ff400000,0x00000000ff5c8160,0x00000000ffa00000)
  to   space 6144K, 0% used [0x00000000ffa00000,0x00000000ffa00000,0x0000000100000000)
 ParOldGen       total 334848K, used 217470K [0x00000000e1600000, 0x00000000f5d00000, 0x00000000f5d00000)
  object space 334848K, 64% used [0x00000000e1600000,0x00000000eea5f8c0,0x00000000f5d00000)
 Metaspace       used 51912K, capacity 55510K, committed 55680K, reserved 1097728K
  class space    used 6604K, capacity 7502K, committed 7552K, reserved 1048576K
}
Event: 13600.460 GC heap before
{Heap before GC invocations=5487 (full 14):
 PSYoungGen      total 160768K, used 156448K [0x00000000f5d00000, 0x0000000100000000, 0x0000000100000000)
  eden space 154624K, 100% used [0x00000000f5d00000,0x00000000ff400000,0x00000000ff400000)
  from space 6144K, 29% used [0x00000000ff400000,0x00000000ff5c8160,0x00000000ffa00000)
  to   space 6144K, 0% used [0x00000000ffa00000,0x00000000ffa00000,0x0000000100000000)
 ParOldGen       total 334848K, used 217470K [0x00000000e1600000, 0x00000000f5d00000, 0x00000000f5d00000)
  object space 334848K, 64% used [0x00000000e1600000,0x00000000eea5f8c0,0x00000000f5d00000)
 Metaspace       used 51912K, capacity 55510K, committed 55680K, reserved 1097728K
  class space    used 6604K, capacity 7502K, committed 7552K, reserved 1048576K
Event: 13600.464 GC heap after
Heap after GC invocations=5487 (full 14):
 PSYoungGen      total 159744K, used 1952K [0x00000000f5d00000, 0x00000000fff00000, 0x0000000100000000)
  eden space 154624K, 0% used [0x00000000f5d00000,0x00000000f5d00000,0x00000000ff400000)
  from space 5120K, 38% used [0x00000000ffa00000,0x00000000ffbe8160,0x00000000fff00000)
  to   space 5632K, 0% used [0x00000000ff400000,0x00000000ff400000,0x00000000ff980000)
 ParOldGen       total 334848K, used 217470K [0x00000000e1600000, 0x00000000f5d00000, 0x00000000f5d00000)
  object space 334848K, 64% used [0x00000000e1600000,0x00000000eea5f8c0,0x00000000f5d00000)
 Metaspace       used 51912K, capacity 55510K, committed 55680K, reserved 1097728K
  class space    used 6604K, capacity 7502K, committed 7552K, reserved 1048576K
}
Event: 13601.916 GC heap before
{Heap before GC invocations=5488 (full 14):
 PSYoungGen      total 159744K, used 156576K [0x00000000f5d00000, 0x00000000fff00000, 0x0000000100000000)
  eden space 154624K, 100% used [0x00000000f5d00000,0x00000000ff400000,0x00000000ff400000)
  from space 5120K, 38% used [0x00000000ffa00000,0x00000000ffbe8160,0x00000000fff00000)
  to   space 5632K, 0% used [0x00000000ff400000,0x00000000ff400000,0x00000000ff980000)
 ParOldGen       total 334848K, used 217470K [0x00000000e1600000, 0x00000000f5d00000, 0x00000000f5d00000)
  object space 334848K, 64% used [0x00000000e1600000,0x00000000eea5f8c0,0x00000000f5d00000)
 Metaspace       used 51912K, capacity 55510K, committed 55680K, reserved 1097728K
  class space    used 6604K, capacity 7502K, committed 7552K, reserved 1048576K

