# JRE version: OpenJDK Runtime Environment (8.0_191-b12) (build 1.8.0_191-b12)
# Java VM: OpenJDK 64-Bit Server VM (25.191-b12 mixed mode linux-amd64 compressed oops)
Heap:
 PSYoungGen      total 151552K, used 2912K [0x00000000f5d00000, 0x00000000ffe00000, 0x0000000100000000)
  eden space 138240K, 0% used [0x00000000f5d00000,0x00000000f5d00000,0x00000000fe400000)
  from space 13312K, 21% used [0x00000000fe400000,0x00000000fe6d8000,0x00000000ff100000)
  to   space 12800K, 0% used [0x00000000ff180000,0x00000000ff180000,0x00000000ffe00000)
 ParOldGen       total 334848K, used 252976K [0x00000000e1600000, 0x00000000f5d00000, 0x00000000f5d00000)
  object space 334848K, 75% used [0x00000000e1600000,0x00000000f0d0c3e8,0x00000000f5d00000)
 Metaspace       used 51970K, capacity 55532K, committed 55680K, reserved 1097728K
  class space    used 6650K, capacity 7519K, committed 7552K, reserved 1048576K
GC Heap History (250 events):
Event: 925.996 GC heap after
Heap after GC invocations=624 (full 8):
 PSYoungGen      total 126464K, used 4997K [0x00000000f5d00000, 0x00000000ffe80000, 0x0000000100000000)
  eden space 87552K, 0% used [0x00000000f5d00000,0x00000000f5d00000,0x00000000fb280000)
  from space 38912K, 12% used [0x00000000fd880000,0x00000000fdd616a0,0x00000000ffe80000)
  to   space 38912K, 0% used [0x00000000fb280000,0x00000000fb280000,0x00000000fd880000)
 ParOldGen       total 334848K, used 300851K [0x00000000e1600000, 0x00000000f5d00000, 0x00000000f5d00000)
  object space 334848K, 89% used [0x00000000e1600000,0x00000000f3bcced8,0x00000000f5d00000)
 Metaspace       used 51410K, capacity 54906K, committed 55168K, reserved 1097728K
  class space    used 6577K, capacity 7450K, committed 7552K, reserved 1048576K
}
Event: 926.433 GC heap before
{Heap before GC invocations=625 (full 8):
 PSYoungGen      total 126464K, used 92549K [0x00000000f5d00000, 0x00000000ffe80000, 0x0000000100000000)
  eden space 87552K, 100% used [0x00000000f5d00000,0x00000000fb280000,0x00000000fb280000)
  from space 38912K, 12% used [0x00000000fd880000,0x00000000fdd616a0,0x00000000ffe80000)
  to   space 38912K, 0% used [0x00000000fb280000,0x00000000fb280000,0x00000000fd880000)
 ParOldGen       total 334848K, used 300851K [0x00000000e1600000, 0x00000000f5d00000, 0x00000000f5d00000)
  object space 334848K, 89% used [0x00000000e1600000,0x00000000f3bcced8,0x00000000f5d00000)
 Metaspace       used 51410K, capacity 54906K, committed 55168K, reserved 1097728K
  class space    used 6577K, capacity 7450K, committed 7552K, reserved 1048576K
Event: 926.442 GC heap after
Heap after GC invocations=625 (full 8):
 PSYoungGen      total 126464K, used 2981K [0x00000000f5d00000, 0x0000000100000000, 0x0000000100000000)
  eden space 87552K, 0% used [0x00000000f5d00000,0x00000000f5d00000,0x00000000fb280000)
  from space 38912K, 7% used [0x00000000fb280000,0x00000000fb5696a0,0x00000000fd880000)
  to   space 38912K, 0% used [0x00000000fda00000,0x00000000fda00000,0x0000000100000000)
 ParOldGen       total 334848K, used 300851K [0x00000000e1600000, 0x00000000f5d00000, 0x00000000f5d00000)
  object space 334848K, 89% used [0x00000000e1600000,0x00000000f3bcced8,0x00000000f5d00000)
 Metaspace       used 51410K, capacity 54906K, committed 55168K, reserved 1097728K
  class space    used 6577K, capacity 7450K, committed 7552K, reserved 1048576K
}
Event: 926.917 GC heap before
{Heap before GC invocations=626 (full 8):
 PSYoungGen      total 126464K, used 90533K [0x00000000f5d00000, 0x0000000100000000, 0x0000000100000000)
  eden space 87552K, 100% used [0x00000000f5d00000,0x00000000fb280000,0x00000000fb280000)
  from space 38912K, 7% used [0x00000000fb280000,0x00000000fb5696a0,0x00000000fd880000)
  to   space 38912K, 0% used [0x00000000fda00000,0x00000000fda00000,0x0000000100000000)
 ParOldGen       total 334848K, used 300851K [0x00000000e1600000, 0x00000000f5d00000, 0x00000000f5d00000)
  object space 334848K, 89% used [0x00000000e1600000,0x00000000f3bcced8,0x00000000f5d00000)
 Metaspace       used 51410K, capacity 54906K, committed 55168K, reserved 1097728K
  class space    used 6577K, capacity 7450K, committed 7552K, reserved 1048576K
Event: 926.926 GC heap after
Heap after GC invocations=626 (full 8):
 PSYoungGen      total 125952K, used 2917K [0x00000000f5d00000, 0x00000000ffe00000, 0x0000000100000000)
  eden space 89088K, 0% used [0x00000000f5d00000,0x00000000f5d00000,0x00000000fb400000)
  from space 36864K, 7% used [0x00000000fda00000,0x00000000fdcd96a0,0x00000000ffe00000)
  to   space 37888K, 0% used [0x00000000fb400000,0x00000000fb400000,0x00000000fd900000)
 ParOldGen       total 334848K, used 300939K [0x00000000e1600000, 0x00000000f5d00000, 0x00000000f5d00000)
  object space 334848K, 89% used [0x00000000e1600000,0x00000000f3be2ed8,0x00000000f5d00000)
 Metaspace       used 51410K, capacity 54906K, committed 55168K, reserved 1097728K
  class space    used 6577K, capacity 7450K, committed 7552K, reserved 1048576K
}
Event: 927.387 GC heap before
{Heap before GC invocations=627 (full 8):
 PSYoungGen      total 125952K, used 92005K [0x00000000f5d00000, 0x00000000ffe00000, 0x0000000100000000)
  eden space 89088K, 100% used [0x00000000f5d00000,0x00000000fb400000,0x00000000fb400000)
  from space 36864K, 7% used [0x00000000fda00000,0x00000000fdcd96a0,0x00000000ffe00000)
  to   space 37888K, 0% used [0x00000000fb400000,0x00000000fb400000,0x00000000fd900000)
 ParOldGen       total 334848K, used 300939K [0x00000000e1600000, 0x00000000f5d00000, 0x00000000f5d00000)
  object space 334848K, 89% used [0x00000000e1600000,0x00000000f3be2ed8,0x00000000f5d00000)
 Metaspace       used 51410K, capacity 54906K, committed 55168K, reserved 1097728K
  class space    used 6577K, capacity 7450K, committed 7552K, reserved 1048576K
Event: 927.396 GC heap after
Heap after GC invocations=627 (full 8):
 PSYoungGen      total 126976K, used 2821K [0x00000000f5d00000, 0x0000000100000000, 0x0000000100000000)
  eden space 89088K, 0% used [0x00000000f5d00000,0x00000000f5d00000,0x00000000fb400000)
  from space 37888K, 7% used [0x00000000fb400000,0x00000000fb6c16a0,0x00000000fd900000)
  to   space 37376K, 0% used [0x00000000fdb80000,0x00000000fdb80000,0x0000000100000000)
 ParOldGen       total 334848K, used 301043K [0x00000000e1600000, 0x00000000f5d00000, 0x00000000f5d00000)
  object space 334848K, 89% used [0x00000000e1600000,0x00000000f3bfced8,0x00000000f5d00000)
 Metaspace       used 51410K, capacity 54906K, committed 55168K, reserved 1097728K
  class space    used 6577K, capacity 7450K, committed 7552K, reserved 1048576K
}
Event: 927.921 GC heap before
{Heap before GC invocations=628 (full 8):
 PSYoungGen      total 126976K, used 91909K [0x00000000f5d00000, 0x0000000100000000, 0x0000000100000000)
  eden space 89088K, 100% used [0x00000000f5d00000,0x00000000fb400000,0x00000000fb400000)
  from space 37888K, 7% used [0x00000000fb400000,0x00000000fb6c16a0,0x00000000fd900000)
  to   space 37376K, 0% used [0x00000000fdb80000,0x00000000fdb80000,0x0000000100000000)
 ParOldGen       total 334848K, used 301043K [0x00000000e1600000, 0x00000000f5d00000, 0x00000000f5d00000)
  object space 334848K, 89% used [0x00000000e1600000,0x00000000f3bfced8,0x00000000f5d00000)
 Metaspace       used 51480K, capacity 54970K, committed 55168K, reserved 1097728K
  class space    used 6589K, capacity 7450K, committed 7552K, reserved 1048576K
Event: 927.946 GC heap after
Heap after GC invocations=628 (full 8):
 PSYoungGen      total 124416K, used 25856K [0x00000000f5d00000, 0x0000000100000000, 0x0000000100000000)
  eden space 87040K, 0% used [0x00000000f5d00000,0x00000000f5d00000,0x00000000fb200000)
  from space 37376K, 69% used [0x00000000fdb80000,0x00000000ff4c0000,0x0000000100000000)
  to   space 39936K, 0% used [0x00000000fb200000,0x00000000fb200000,0x00000000fd900000)
 ParOldGen       total 334848K, used 301163K [0x00000000e1600000, 0x00000000f5d00000, 0x00000000f5d00000)
  object space 334848K, 89% used [0x00000000e1600000,0x00000000f3c1aed8,0x00000000f5d00000)
 Metaspace       used 51480K, capacity 54970K, committed 55168K, reserved 1097728K
  class space    used 6589K, capacity 7450K, committed 7552K, reserved 1048576K
}
Event: 928.321 GC heap before
{Heap before GC invocations=629 (full 8):
 PSYoungGen      total 124416K, used 112896K [0x00000000f5d00000, 0x0000000100000000, 0x0000000100000000)
  eden space 87040K, 100% used [0x00000000f5d00000,0x00000000fb200000,0x00000000fb200000)
  from space 37376K, 69% used [0x00000000fdb80000,0x00000000ff4c0000,0x0000000100000000)
  to   space 39936K, 0% used [0x00000000fb200000,0x00000000fb200000,0x00000000fd900000)
 ParOldGen       total 334848K, used 301163K [0x00000000e1600000, 0x00000000f5d00000, 0x00000000f5d00000)
  object space 334848K, 89% used [0x00000000e1600000,0x00000000f3c1aed8,0x00000000f5d00000)
 Metaspace       used 51482K, capacity 54970K, committed 55168K, reserved 1097728K
  class space    used 6589K, capacity 7450K, committed 7552K, reserved 1048576K
Event: 928.351 GC heap after
Heap after GC invocations=629 (full 8):
 PSYoungGen      total 118784K, used 31584K [0x00000000f5d00000, 0x0000000100000000, 0x0000000100000000)
  eden space 87040K, 0% used [0x00000000f5d00000,0x00000000f5d00000,0x00000000fb200000)
  from space 31744K, 99% used [0x00000000fb200000,0x00000000fd0d8000,0x00000000fd100000)
  to   space 44032K, 0% used [0x00000000fd500000,0x00000000fd500000,0x0000000100000000)
 ParOldGen       total 334848K, used 301419K [0x00000000e1600000, 0x00000000f5d00000, 0x00000000f5d00000)
  object space 334848K, 90% used [0x00000000e1600000,0x00000000f3c5aed8,0x00000000f5d00000)
 Metaspace       used 51482K, capacity 54970K, committed 55168K, reserved 1097728K
  class space    used 6589K, capacity 7450K, committed 7552K, reserved 1048576K
}
Event: 928.667 GC heap before
{Heap before GC invocations=630 (full 8):
 PSYoungGen      total 118784K, used 118624K [0x00000000f5d00000, 0x0000000100000000, 0x0000000100000000)
  eden space 87040K, 100% used [0x00000000f5d00000,0x00000000fb200000,0x00000000fb200000)
  from space 31744K, 99% used [0x00000000fb200000,0x00000000fd0d8000,0x00000000fd100000)
  to   space 44032K, 0% used [0x00000000fd500000,0x00000000fd500000,0x0000000100000000)
 ParOldGen       total 334848K, used 301419K [0x00000000e1600000, 0x00000000f5d00000, 0x00000000f5d00000)
  object space 334848K, 90% used [0x00000000e1600000,0x00000000f3c5aed8,0x00000000f5d00000)
 Metaspace       used 51486K, capacity 54970K, committed 55168K, reserved 1097728K
  class space    used 6589K, capacity 7450K, committed 7552K, reserved 1048576K
Event: 928.696 GC heap after
Heap after GC invocations=630 (full 8):
 PSYoungGen      total 116736K, used 30976K [0x00000000f5d00000, 0x0000000100000000, 0x0000000100000000)
  eden space 72704K, 0% used [0x00000000f5d00000,0x00000000f5d00000,0x00000000fa400000)
  from space 44032K, 70% used [0x00000000fd500000,0x00000000ff340060,0x0000000100000000)
  to   space 47104K, 0% used [0x00000000fa400000,0x00000000fa400000,0x00000000fd200000)
 ParOldGen       total 334848K, used 301467K [0x00000000e1600000, 0x00000000f5d00000, 0x00000000f5d00000)
  object space 334848K, 90% used [0x00000000e1600000,0x00000000f3c66ed8,0x00000000f5d00000)
 Metaspace       used 51486K, capacity 54970K, committed 55168K, reserved 1097728K
  class space    used 6589K, capacity 7450K, committed 7552K, reserved 1048576K
}
Event: 929.027 GC heap before
{Heap before GC invocations=631 (full 8):
 PSYoungGen      total 116736K, used 103680K [0x00000000f5d00000, 0x0000000100000000, 0x0000000100000000)
  eden space 72704K, 100% used [0x00000000f5d00000,0x00000000fa400000,0x00000000fa400000)
  from space 44032K, 70% used [0x00000000fd500000,0x00000000ff340060,0x0000000100000000)
  to   space 47104K, 0% used [0x00000000fa400000,0x00000000fa400000,0x00000000fd200000)
 ParOldGen       total 334848K, used 301467K [0x00000000e1600000, 0x00000000f5d00000, 0x00000000f5d00000)
  object space 334848K, 90% used [0x00000000e1600000,0x00000000f3c66ed8,0x00000000f5d00000)
 Metaspace       used 51486K, capacity 54970K, committed 55168K, reserved 1097728K
  class space    used 6589K, capacity 7450K, committed 7552K, reserved 1048576K
Event: 929.060 GC heap after
Heap after GC invocations=631 (full 8):
 PSYoungGen      total 102912K, used 29984K [0x00000000f5d00000, 0x0000000100000000, 0x0000000100000000)
  eden space 72704K, 0% used [0x00000000f5d00000,0x00000000f5d00000,0x00000000fa400000)
  from space 30208K, 99% used [0x00000000fa400000,0x00000000fc148060,0x00000000fc180000)
  to   space 49152K, 0% used [0x00000000fd000000,0x00000000fd000000,0x0000000100000000)
 ParOldGen       total 334848K, used 301603K [0x00000000e1600000, 0x00000000f5d00000, 0x00000000f5d00000)
  object space 334848K, 90% used [0x00000000e1600000,0x00000000f3c88ed8,0x00000000f5d00000)
 Metaspace       used 51486K, capacity 54970K, committed 55168K, reserved 1097728K
  class space    used 6589K, capacity 7450K, committed 7552K, reserved 1048576K
}
Event: 929.606 GC heap before
{Heap before GC invocations=632 (full 8):
 PSYoungGen      total 102912K, used 102688K [0x00000000f5d00000, 0x0000000100000000, 0x0000000100000000)
  eden space 72704K, 100% used [0x00000000f5d00000,0x00000000fa400000,0x00000000fa400000)
  from space 30208K, 99% used [0x00000000fa400000,0x00000000fc148060,0x00000000fc180000)
  to   space 49152K, 0% used [0x00000000fd000000,0x00000000fd000000,0x0000000100000000)
 ParOldGen       total 334848K, used 301603K [0x00000000e1600000, 0x00000000f5d00000, 0x00000000f5d00000)
  object space 334848K, 90% used [0x00000000e1600000,0x00000000f3c88ed8,0x00000000f5d00000)
 Metaspace       used 51495K, capacity 54970K, committed 55168K, reserved 1097728K
  class space    used 6590K, capacity 7450K, committed 7552K, reserved 1048576K
Event: 929.648 GC heap after
Heap after GC invocations=632 (full 8):
 PSYoungGen      total 115712K, used 29376K [0x00000000f5d00000, 0x0000000100000000, 0x0000000100000000)
  eden space 66560K, 0% used [0x00000000f5d00000,0x00000000f5d00000,0x00000000f9e00000)
  from space 49152K, 59% used [0x00000000fd000000,0x00000000fecb0060,0x0000000100000000)
  to   space 50176K, 0% used [0x00000000f9e00000,0x00000000f9e00000,0x00000000fcf00000)
 ParOldGen       total 334848K, used 301707K [0x00000000e1600000, 0x00000000f5d00000, 0x00000000f5d00000)
  object space 334848K, 90% used [0x00000000e1600000,0x00000000f3ca2ed8,0x00000000f5d00000)
 Metaspace       used 51495K, capacity 54970K, committed 55168K, reserved 1097728K
  class space    used 6590K, capacity 7450K, committed 7552K, reserved 1048576K
}
Event: 930.171 GC heap before
{Heap before GC invocations=633 (full 8):
 PSYoungGen      total 115712K, used 95936K [0x00000000f5d00000, 0x0000000100000000, 0x0000000100000000)
  eden space 66560K, 100% used [0x00000000f5d00000,0x00000000f9e00000,0x00000000f9e00000)
  from space 49152K, 59% used [0x00000000fd000000,0x00000000fecb0060,0x0000000100000000)
  to   space 50176K, 0% used [0x00000000f9e00000,0x00000000f9e00000,0x00000000fcf00000)
 ParOldGen       total 334848K, used 301707K [0x00000000e1600000, 0x00000000f5d00000, 0x00000000f5d00000)
  object space 334848K, 90% used [0x00000000e1600000,0x00000000f3ca2ed8,0x00000000f5d00000)
 Metaspace       used 51499K, capacity 54970K, committed 55168K, reserved 1097728K
  class space    used 6591K, capacity 7450K, committed 7552K, reserved 1048576K
Event: 930.195 GC heap after
Heap after GC invocations=633 (full 8):
 PSYoungGen      total 116736K, used 27200K [0x00000000f5d00000, 0x0000000100000000, 0x0000000100000000)
  eden space 66560K, 0% used [0x00000000f5d00000,0x00000000f5d00000,0x00000000f9e00000)
  from space 50176K, 54% used [0x00000000f9e00000,0x00000000fb890060,0x00000000fcf00000)
  to   space 50176K, 0% used [0x00000000fcf00000,0x00000000fcf00000,0x0000000100000000)
 ParOldGen       total 334848K, used 301755K [0x00000000e1600000, 0x00000000f5d00000, 0x00000000f5d00000)
  object space 334848K, 90% used [0x00000000e1600000,0x00000000f3caeed8,0x00000000f5d00000)
 Metaspace       used 51499K, capacity 54970K, committed 55168K, reserved 1097728K
  class space    used 6591K, capacity 7450K, committed 7552K, reserved 1048576K
}
Event: 930.712 GC heap before
{Heap before GC invocations=634 (full 8):
 PSYoungGen      total 116736K, used 93760K [0x00000000f5d00000, 0x0000000100000000, 0x0000000100000000)
  eden space 66560K, 100% used [0x00000000f5d00000,0x00000000f9e00000,0x00000000f9e00000)
  from space 50176K, 54% used [0x00000000f9e00000,0x00000000fb890060,0x00000000fcf00000)
  to   space 50176K, 0% used [0x00000000fcf00000,0x00000000fcf00000,0x0000000100000000)
 ParOldGen       total 334848K, used 301755K [0x00000000e1600000, 0x00000000f5d00000, 0x00000000f5d00000)
  object space 334848K, 90% used [0x00000000e1600000,0x00000000f3caeed8,0x00000000f5d00000)
 Metaspace       used 51793K, capacity 55346K, committed 55424K, reserved 1097728K
  class space    used 6642K, capacity 7514K, committed 7552K, reserved 1048576K
Event: 930.745 GC heap after
Heap after GC invocations=634 (full 8):
 PSYoungGen      total 116736K, used 27872K [0x00000000f5d00000, 0x0000000100000000, 0x0000000100000000)
  eden space 66560K, 0% used [0x00000000f5d00000,0x00000000f5d00000,0x00000000f9e00000)
  from space 50176K, 55% used [0x00000000fcf00000,0x00000000fea38080,0x0000000100000000)
  to   space 50176K, 0% used [0x00000000f9e00000,0x00000000f9e00000,0x00000000fcf00000)
 ParOldGen       total 334848K, used 301835K [0x00000000e1600000, 0x00000000f5d00000, 0x00000000f5d00000)
  object space 334848K, 90% used [0x00000000e1600000,0x00000000f3cc2ed8,0x00000000f5d00000)
 Metaspace       used 51793K, capacity 55346K, committed 55424K, reserved 1097728K
  class space    used 6642K, capacity 7514K, committed 7552K, reserved 1048576K
}
Event: 931.115 GC heap before
{Heap before GC invocations=635 (full 8):
 PSYoungGen      total 116736K, used 94432K [0x00000000f5d00000, 0x0000000100000000, 0x0000000100000000)
  eden space 66560K, 100% used [0x00000000f5d00000,0x00000000f9e00000,0x00000000f9e00000)
  from space 50176K, 55% used [0x00000000fcf00000,0x00000000fea38080,0x0000000100000000)
  to   space 50176K, 0% used [0x00000000f9e00000,0x00000000f9e00000,0x00000000fcf00000)
 ParOldGen       total 334848K, used 301835K [0x00000000e1600000, 0x00000000f5d00000, 0x00000000f5d00000)
  object space 334848K, 90% used [0x00000000e1600000,0x00000000f3cc2ed8,0x00000000f5d00000)
 Metaspace       used 51793K, capacity 55346K, committed 55424K, reserved 1097728K
  class space    used 6642K, capacity 7514K, committed 7552K, reserved 1048576K
Event: 931.143 GC heap after
Heap after GC invocations=635 (full 8):
 PSYoungGen      total 93184K, used 26496K [0x00000000f5d00000, 0x00000000ffe00000, 0x0000000100000000)
  eden space 66560K, 0% used [0x00000000f5d00000,0x00000000f5d00000,0x00000000f9e00000)
  from space 26624K, 99% used [0x00000000f9e00000,0x00000000fb7e0080,0x00000000fb800000)
  to   space 49152K, 0% used [0x00000000fce00000,0x00000000fce00000,0x00000000ffe00000)
 ParOldGen       total 334848K, used 301923K [0x00000000e1600000, 0x00000000f5d00000, 0x00000000f5d00000)
  object space 334848K, 90% used [0x00000000e1600000,0x00000000f3cd8ed8,0x00000000f5d00000)
 Metaspace       used 51793K, capacity 55346K, committed 55424K, reserved 1097728K
  class space    used 6642K, capacity 7514K, committed 7552K, reserved 1048576K
}
Event: 931.533 GC heap before
{Heap before GC invocations=636 (full 8):
 PSYoungGen      total 93184K, used 93056K [0x00000000f5d00000, 0x00000000ffe00000, 0x0000000100000000)
  eden space 66560K, 100% used [0x00000000f5d00000,0x00000000f9e00000,0x00000000f9e00000)
  from space 26624K, 99% used [0x00000000f9e00000,0x00000000fb7e0080,0x00000000fb800000)
  to   space 49152K, 0% used [0x00000000fce00000,0x00000000fce00000,0x00000000ffe00000)
 ParOldGen       total 334848K, used 301923K [0x00000000e1600000, 0x00000000f5d00000, 0x00000000f5d00000)
  object space 334848K, 90% used [0x00000000e1600000,0x00000000f3cd8ed8,0x00000000f5d00000)
 Metaspace       used 51794K, capacity 55346K, committed 55424K, reserved 1097728K
  class space    used 6642K, capacity 7514K, committed 7552K, reserved 1048576K
Event: 931.554 GC heap after
Heap after GC invocations=636 (full 8):
 PSYoungGen      total 117248K, used 24768K [0x00000000f5d00000, 0x0000000100000000, 0x0000000100000000)
  eden space 68096K, 0% used [0x00000000f5d00000,0x00000000f5d00000,0x00000000f9f80000)
  from space 49152K, 50% used [0x00000000fce00000,0x00000000fe630080,0x00000000ffe00000)
  to   space 47616K, 0% used [0x00000000f9f80000,0x00000000f9f80000,0x00000000fce00000)
 ParOldGen       total 334848K, used 302083K [0x00000000e1600000, 0x00000000f5d00000, 0x00000000f5d00000)
  object space 334848K, 90% used [0x00000000e1600000,0x00000000f3d00ed8,0x00000000f5d00000)
 Metaspace       used 51794K, capacity 55346K, committed 55424K, reserved 1097728K
  class space    used 6642K, capacity 7514K, committed 7552K, reserved 1048576K
}
Event: 931.891 GC heap before
{Heap before GC invocations=637 (full 8):
 PSYoungGen      total 117248K, used 92864K [0x00000000f5d00000, 0x0000000100000000, 0x0000000100000000)
  eden space 68096K, 100% used [0x00000000f5d00000,0x00000000f9f80000,0x00000000f9f80000)
  from space 49152K, 50% used [0x00000000fce00000,0x00000000fe630080,0x00000000ffe00000)
  to   space 47616K, 0% used [0x00000000f9f80000,0x00000000f9f80000,0x00000000fce00000)
 ParOldGen       total 334848K, used 302083K [0x00000000e1600000, 0x00000000f5d00000, 0x00000000f5d00000)
  object space 334848K, 90% used [0x00000000e1600000,0x00000000f3d00ed8,0x00000000f5d00000)
 Metaspace       used 51795K, capacity 55346K, committed 55424K, reserved 1097728K
  class space    used 6642K, capacity 7514K, committed 7552K, reserved 1048576K
Event: 931.918 GC heap after
Heap after GC invocations=637 (full 8):
 PSYoungGen      total 115712K, used 23200K [0x00000000f5d00000, 0x00000000ffa80000, 0x0000000100000000)
  eden space 68096K, 0% used [0x00000000f5d00000,0x00000000f5d00000,0x00000000f9f80000)
  from space 47616K, 48% used [0x00000000f9f80000,0x00000000fb628080,0x00000000fce00000)
  to   space 45568K, 0% used [0x00000000fce00000,0x00000000fce00000,0x00000000ffa80000)
 ParOldGen       total 334848K, used 302270K [0x00000000e1600000, 0x00000000f5d00000, 0x00000000f5d00000)
  object space 334848K, 90% used [0x00000000e1600000,0x00000000f3d2f840,0x00000000f5d00000)
 Metaspace       used 51795K, capacity 55346K, committed 55424K, reserved 1097728K
  class space    used 6642K, capacity 7514K, committed 7552K, reserved 1048576K
}
Event: 932.257 GC heap before
{Heap before GC invocations=638 (full 8):
 PSYoungGen      total 115712K, used 91296K [0x00000000f5d00000, 0x00000000ffa80000, 0x0000000100000000)
  eden space 68096K, 100% used [0x00000000f5d00000,0x00000000f9f80000,0x00000000f9f80000)
  from space 47616K, 48% used [0x00000000f9f80000,0x00000000fb628080,0x00000000fce00000)
  to   space 45568K, 0% used [0x00000000fce00000,0x00000000fce00000,0x00000000ffa80000)
 ParOldGen       total 334848K, used 302270K [0x00000000e1600000, 0x00000000f5d00000, 0x00000000f5d00000)
  object space 334848K, 90% used [0x00000000e1600000,0x00000000f3d2f840,0x00000000f5d00000)
 Metaspace       used 51803K, capacity 55346K, committed 55424K, reserved 1097728K
  class space    used 6642K, capacity 7514K, committed 7552K, reserved 1048576K
Event: 932.285 GC heap after
Heap after GC invocations=638 (full 8):
 PSYoungGen      total 117248K, used 21760K [0x00000000f5d00000, 0x00000000ffa00000, 0x0000000100000000)
  eden space 72192K, 0% used [0x00000000f5d00000,0x00000000f5d00000,0x00000000fa380000)
  from space 45056K, 48% used [0x00000000fce00000,0x00000000fe340080,0x00000000ffa00000)
  to   space 43520K, 0% used [0x00000000fa380000,0x00000000fa380000,0x00000000fce00000)
 ParOldGen       total 334848K, used 302310K [0x00000000e1600000, 0x00000000f5d00000, 0x00000000f5d00000)
  object space 334848K, 90% used [0x00000000e1600000,0x00000000f3d39840,0x00000000f5d00000)
 Metaspace       used 51803K, capacity 55346K, committed 55424K, reserved 1097728K
  class space    used 6642K, capacity 7514K, committed 7552K, reserved 1048576K
}
Event: 932.630 GC heap before
{Heap before GC invocations=639 (full 8):
 PSYoungGen      total 117248K, used 93952K [0x00000000f5d00000, 0x00000000ffa00000, 0x0000000100000000)
  eden space 72192K, 100% used [0x00000000f5d00000,0x00000000fa380000,0x00000000fa380000)
  from space 45056K, 48% used [0x00000000fce00000,0x00000000fe340080,0x00000000ffa00000)
  to   space 43520K, 0% used [0x00000000fa380000,0x00000000fa380000,0x00000000fce00000)
 ParOldGen       total 334848K, used 302310K [0x00000000e1600000, 0x00000000f5d00000, 0x00000000f5d00000)
  object space 334848K, 90% used [0x00000000e1600000,0x00000000f3d39840,0x00000000f5d00000)
 Metaspace       used 51803K, capacity 55346K, committed 55424K, reserved 1097728K
  class space    used 6642K, capacity 7514K, committed 7552K, reserved 1048576K
Event: 932.662 GC heap after
Heap after GC invocations=639 (full 8):
 PSYoungGen      total 115712K, used 20128K [0x00000000f5d00000, 0x00000000ffa80000, 0x0000000100000000)
  eden space 72192K, 0% used [0x00000000f5d00000,0x00000000f5d00000,0x00000000fa380000)
  from space 43520K, 46% used [0x00000000fa380000,0x00000000fb728070,0x00000000fce00000)
  to   space 41472K, 0% used [0x00000000fd200000,0x00000000fd200000,0x00000000ffa80000)
 ParOldGen       total 334848K, used 302526K [0x00000000e1600000, 0x00000000f5d00000, 0x00000000f5d00000)
  object space 334848K, 90% used [0x00000000e1600000,0x00000000f3d6f840,0x00000000f5d00000)
 Metaspace       used 51803K, capacity 55346K, committed 55424K, reserved 1097728K
  class space    used 6642K, capacity 7514K, committed 7552K, reserved 1048576K
}
Event: 933.045 GC heap before
{Heap before GC invocations=640 (full 8):
 PSYoungGen      total 115712K, used 92320K [0x00000000f5d00000, 0x00000000ffa80000, 0x0000000100000000)
  eden space 72192K, 100% used [0x00000000f5d00000,0x00000000fa380000,0x00000000fa380000)
  from space 43520K, 46% used [0x00000000fa380000,0x00000000fb728070,0x00000000fce00000)
  to   space 41472K, 0% used [0x00000000fd200000,0x00000000fd200000,0x00000000ffa80000)
 ParOldGen       total 334848K, used 302526K [0x00000000e1600000, 0x00000000f5d00000, 0x00000000f5d00000)
  object space 334848K, 90% used [0x00000000e1600000,0x00000000f3d6f840,0x00000000f5d00000)
 Metaspace       used 51812K, capacity 55352K, committed 55424K, reserved 1097728K
  class space    used 6642K, capacity 7515K, committed 7552K, reserved 1048576K
Event: 933.078 GC heap after
Heap after GC invocations=640 (full 8):
 PSYoungGen      total 120320K, used 20665K [0x00000000f5d00000, 0x00000000ff980000, 0x0000000100000000)
  eden space 79872K, 0% used [0x00000000f5d00000,0x00000000f5d00000,0x00000000fab00000)
  from space 40448K, 51% used [0x00000000fd200000,0x00000000fe62e6e0,0x00000000ff980000)
  to   space 39936K, 0% used [0x00000000fab00000,0x00000000fab00000,0x00000000fd200000)
 ParOldGen       total 334848K, used 302622K [0x00000000e1600000, 0x00000000f5d00000, 0x00000000f5d00000)
  object space 334848K, 90% used [0x00000000e1600000,0x00000000f3d87840,0x00000000f5d00000)
 Metaspace       used 51812K, capacity 55352K, committed 55424K, reserved 1097728K
  class space    used 6642K, capacity 7515K, committed 7552K, reserved 1048576K
}
Event: 933.443 GC heap before
{Heap before GC invocations=641 (full 8):
 PSYoungGen      total 120320K, used 100537K [0x00000000f5d00000, 0x00000000ff980000, 0x0000000100000000)
  eden space 79872K, 100% used [0x00000000f5d00000,0x00000000fab00000,0x00000000fab00000)
  from space 40448K, 51% used [0x00000000fd200000,0x00000000fe62e6e0,0x00000000ff980000)
  to   space 39936K, 0% used [0x00000000fab00000,0x00000000fab00000,0x00000000fd200000)
 ParOldGen       total 334848K, used 302622K [0x00000000e1600000, 0x00000000f5d00000, 0x00000000f5d00000)
  object space 334848K, 90% used [0x00000000e1600000,0x00000000f3d87840,0x00000000f5d00000)
 Metaspace       used 51813K, capacity 55352K, committed 55424K, reserved 1097728K
  class space    used 6642K, capacity 7515K, committed 7552K, reserved 1048576K
Event: 933.477 GC heap after
Heap after GC invocations=641 (full 8):
 PSYoungGen      total 119808K, used 8288K [0x00000000f5d00000, 0x0000000100000000, 0x0000000100000000)
  eden space 79872K, 0% used [0x00000000f5d00000,0x00000000f5d00000,0x00000000fab00000)
  from space 39936K, 20% used [0x00000000fab00000,0x00000000fb318070,0x00000000fd200000)
  to   space 40448K, 0% used [0x00000000fd880000,0x00000000fd880000,0x0000000100000000)
 ParOldGen       total 334848K, used 314366K [0x00000000e1600000, 0x00000000f5d00000, 0x00000000f5d00000)
  object space 334848K, 93% used [0x00000000e1600000,0x00000000f48ff8d8,0x00000000f5d00000)
 Metaspace       used 51813K, capacity 55352K, committed 55424K, reserved 1097728K
  class space    used 6642K, capacity 7515K, committed 7552K, reserved 1048576K
}
Event: 933.847 GC heap before
{Heap before GC invocations=642 (full 8):
 PSYoungGen      total 119808K, used 88160K [0x00000000f5d00000, 0x0000000100000000, 0x0000000100000000)
  eden space 79872K, 100% used [0x00000000f5d00000,0x00000000fab00000,0x00000000fab00000)
  from space 39936K, 20% used [0x00000000fab00000,0x00000000fb318070,0x00000000fd200000)
  to   space 40448K, 0% used [0x00000000fd880000,0x00000000fd880000,0x0000000100000000)
 ParOldGen       total 334848K, used 314366K [0x00000000e1600000, 0x00000000f5d00000, 0x00000000f5d00000)
  object space 334848K, 93% used [0x00000000e1600000,0x00000000f48ff8d8,0x00000000f5d00000)
 Metaspace       used 51813K, capacity 55352K, committed 55424K, reserved 1097728K
  class space    used 6642K, capacity 7515K, committed 7552K, reserved 1048576K
Event: 933.867 GC heap after
Heap after GC invocations=642 (full 8):
 PSYoungGen      total 126464K, used 7193K [0x00000000f5d00000, 0x0000000100000000, 0x0000000100000000)
  eden space 86016K, 0% used [0x00000000f5d00000,0x00000000f5d00000,0x00000000fb100000)
  from space 40448K, 17% used [0x00000000fd880000,0x00000000fdf86680,0x0000000100000000)
  to   space 40448K, 0% used [0x00000000fb100000,0x00000000fb100000,0x00000000fd880000)
 ParOldGen       total 334848K, used 315478K [0x00000000e1600000, 0x00000000f5d00000, 0x00000000f5d00000)
  object space 334848K, 94% used [0x00000000e1600000,0x00000000f4a15938,0x00000000f5d00000)
 Metaspace       used 51813K, capacity 55352K, committed 55424K, reserved 1097728K
  class space    used 6642K, capacity 7515K, committed 7552K, reserved 1048576K
}
Event: 934.217 GC heap before
{Heap before GC invocations=643 (full 8):
 PSYoungGen      total 126464K, used 93209K [0x00000000f5d00000, 0x0000000100000000, 0x0000000100000000)
  eden space 86016K, 100% used [0x00000000f5d00000,0x00000000fb100000,0x00000000fb100000)
  from space 40448K, 17% used [0x00000000fd880000,0x00000000fdf86680,0x0000000100000000)
  to   space 40448K, 0% used [0x00000000fb100000,0x00000000fb100000,0x00000000fd880000)
 ParOldGen       total 334848K, used 315478K [0x00000000e1600000, 0x00000000f5d00000, 0x00000000f5d00000)
  object space 334848K, 94% used [0x00000000e1600000,0x00000000f4a15938,0x00000000f5d00000)
 Metaspace       used 51813K, capacity 55352K, committed 55424K, reserved 1097728K
  class space    used 6642K, capacity 7515K, committed 7552K, reserved 1048576K
Event: 934.236 GC heap after
Heap after GC invocations=643 (full 8):
 PSYoungGen      total 91136K, used 4761K [0x00000000f5d00000, 0x0000000100000000, 0x0000000100000000)
  eden space 86016K, 0% used [0x00000000f5d00000,0x00000000f5d00000,0x00000000fb100000)
  from space 5120K, 93% used [0x00000000fb100000,0x00000000fb5a6680,0x00000000fb600000)
  to   space 40960K, 0% used [0x00000000fd800000,0x00000000fd800000,0x0000000100000000)
 ParOldGen       total 334848K, used 317974K [0x00000000e1600000, 0x00000000f5d00000, 0x00000000f5d00000)
  object space 334848K, 94% used [0x00000000e1600000,0x00000000f4c85938,0x00000000f5d00000)
 Metaspace       used 51813K, capacity 55352K, committed 55424K, reserved 1097728K
  class space    used 6642K, capacity 7515K, committed 7552K, reserved 1048576K
}
Event: 934.664 GC heap before
{Heap before GC invocations=644 (full 8):
 PSYoungGen      total 91136K, used 90777K [0x00000000f5d00000, 0x0000000100000000, 0x0000000100000000)
  eden space 86016K, 100% used [0x00000000f5d00000,0x00000000fb100000,0x00000000fb100000)
  from space 5120K, 93% used [0x00000000fb100000,0x00000000fb5a6680,0x00000000fb600000)
  to   space 40960K, 0% used [0x00000000fd800000,0x00000000fd800000,0x0000000100000000)
 ParOldGen       total 334848K, used 317974K [0x00000000e1600000, 0x00000000f5d00000, 0x00000000f5d00000)
  object space 334848K, 94% used [0x00000000e1600000,0x00000000f4c85938,0x00000000f5d00000)
 Metaspace       used 51825K, capacity 55352K, committed 55424K, reserved 1097728K
  class space    used 6642K, capacity 7515K, committed 7552K, reserved 1048576K
Event: 934.671 GC heap after
Heap after GC invocations=644 (full 8):
 PSYoungGen      total 126464K, used 4793K [0x00000000f5d00000, 0x0000000100000000, 0x0000000100000000)
  eden space 85504K, 0% used [0x00000000f5d00000,0x00000000f5d00000,0x00000000fb080000)
  from space 40960K, 11% used [0x00000000fd800000,0x00000000fdcae680,0x0000000100000000)
  to   space 40448K, 0% used [0x00000000fb080000,0x00000000fb080000,0x00000000fd800000)
 ParOldGen       total 334848K, used 318038K [0x00000000e1600000, 0x00000000f5d00000, 0x00000000f5d00000)
  object space 334848K, 94% used [0x00000000e1600000,0x00000000f4c95938,0x00000000f5d00000)
 Metaspace       used 51825K, capacity 55352K, committed 55424K, reserved 1097728K
  class space    used 6642K, capacity 7515K, committed 7552K, reserved 1048576K
}
Event: 935.180 GC heap before
{Heap before GC invocations=645 (full 8):
 PSYoungGen      total 126464K, used 90297K [0x00000000f5d00000, 0x0000000100000000, 0x0000000100000000)
  eden space 85504K, 100% used [0x00000000f5d00000,0x00000000fb080000,0x00000000fb080000)
  from space 40960K, 11% used [0x00000000fd800000,0x00000000fdcae680,0x0000000100000000)
  to   space 40448K, 0% used [0x00000000fb080000,0x00000000fb080000,0x00000000fd800000)
 ParOldGen       total 334848K, used 318038K [0x00000000e1600000, 0x00000000f5d00000, 0x00000000f5d00000)
  object space 334848K, 94% used [0x00000000e1600000,0x00000000f4c95938,0x00000000f5d00000)
 Metaspace       used 51830K, capacity 55352K, committed 55424K, reserved 1097728K
  class space    used 6642K, capacity 7515K, committed 7552K, reserved 1048576K
Event: 935.188 GC heap after
Heap after GC invocations=645 (full 8):
 PSYoungGen      total 90624K, used 4825K [0x00000000f5d00000, 0x00000000ffe80000, 0x0000000100000000)
  eden space 85504K, 0% used [0x00000000f5d00000,0x00000000f5d00000,0x00000000fb080000)
  from space 5120K, 94% used [0x00000000fb080000,0x00000000fb536680,0x00000000fb580000)
  to   space 39936K, 0% used [0x00000000fd780000,0x00000000fd780000,0x00000000ffe80000)
 ParOldGen       total 334848K, used 318038K [0x00000000e1600000, 0x00000000f5d00000, 0x00000000f5d00000)
  object space 334848K, 94% used [0x00000000e1600000,0x00000000f4c95938,0x00000000f5d00000)
 Metaspace       used 51830K, capacity 55352K, committed 55424K, reserved 1097728K
  class space    used 6642K, capacity 7515K, committed 7552K, reserved 1048576K
}
Event: 935.725 GC heap before
{Heap before GC invocations=646 (full 8):
 PSYoungGen      total 90624K, used 90329K [0x00000000f5d00000, 0x00000000ffe80000, 0x0000000100000000)
  eden space 85504K, 100% used [0x00000000f5d00000,0x00000000fb080000,0x00000000fb080000)
  from space 5120K, 94% used [0x00000000fb080000,0x00000000fb536680,0x00000000fb580000)
  to   space 39936K, 0% used [0x00000000fd780000,0x00000000fd780000,0x00000000ffe80000)
 ParOldGen       total 334848K, used 318038K [0x00000000e1600000, 0x00000000f5d00000, 0x00000000f5d00000)
  object space 334848K, 94% used [0x00000000e1600000,0x00000000f4c95938,0x00000000f5d00000)
 Metaspace       used 51830K, capacity 55352K, committed 55424K, reserved 1097728K
  class space    used 6642K, capacity 7515K, committed 7552K, reserved 1048576K
Event: 935.732 GC heap after
Heap after GC invocations=646 (full 8):
 PSYoungGen      total 125952K, used 4832K [0x00000000f5d00000, 0x0000000100000000, 0x0000000100000000)
  eden space 86016K, 0% used [0x00000000f5d00000,0x00000000f5d00000,0x00000000fb100000)
  from space 39936K, 12% used [0x00000000fd780000,0x00000000fdc38010,0x00000000ffe80000)
  to   space 39424K, 0% used [0x00000000fb100000,0x00000000fb100000,0x00000000fd780000)
 ParOldGen       total 334848K, used 318038K [0x00000000e1600000, 0x00000000f5d00000, 0x00000000f5d00000)
  object space 334848K, 94% used [0x00000000e1600000,0x00000000f4c95938,0x00000000f5d00000)
 Metaspace       used 51830K, capacity 55352K, committed 55424K, reserved 1097728K
  class space    used 6642K, capacity 7515K, committed 7552K, reserved 1048576K
}
Event: 936.274 GC heap before
{Heap before GC invocations=647 (full 8):
 PSYoungGen      total 125952K, used 90848K [0x00000000f5d00000, 0x0000000100000000, 0x0000000100000000)
  eden space 86016K, 100% used [0x00000000f5d00000,0x00000000fb100000,0x00000000fb100000)
  from space 39936K, 12% used [0x00000000fd780000,0x00000000fdc38010,0x00000000ffe80000)
  to   space 39424K, 0% used [0x00000000fb100000,0x00000000fb100000,0x00000000fd780000)
 ParOldGen       total 334848K, used 318038K [0x00000000e1600000, 0x00000000f5d00000, 0x00000000f5d00000)
  object space 334848K, 94% used [0x00000000e1600000,0x00000000f4c95938,0x00000000f5d00000)
 Metaspace       used 51831K, capacity 55352K, committed 55424K, reserved 1097728K
  class space    used 6642K, capacity 7515K, committed 7552K, reserved 1048576K
Event: 936.282 GC heap after
Heap after GC invocations=647 (full 8):
 PSYoungGen      total 125440K, used 4953K [0x00000000f5d00000, 0x00000000ffd80000, 0x0000000100000000)
  eden space 86016K, 0% used [0x00000000f5d00000,0x00000000f5d00000,0x00000000fb100000)
  from space 39424K, 12% used [0x00000000fb100000,0x00000000fb5d6680,0x00000000fd780000)
  to   space 38400K, 0% used [0x00000000fd800000,0x00000000fd800000,0x00000000ffd80000)
 ParOldGen       total 334848K, used 318038K [0x00000000e1600000, 0x00000000f5d00000, 0x00000000f5d00000)
  object space 334848K, 94% used [0x00000000e1600000,0x00000000f4c95938,0x00000000f5d00000)
 Metaspace       used 51831K, capacity 55352K, committed 55424K, reserved 1097728K
  class space    used 6642K, capacity 7515K, committed 7552K, reserved 1048576K
}
Event: 936.825 GC heap before
{Heap before GC invocations=648 (full 8):
 PSYoungGen      total 125440K, used 90969K [0x00000000f5d00000, 0x00000000ffd80000, 0x0000000100000000)
  eden space 86016K, 100% used [0x00000000f5d00000,0x00000000fb100000,0x00000000fb100000)
  from space 39424K, 12% used [0x00000000fb100000,0x00000000fb5d6680,0x00000000fd780000)
  to   space 38400K, 0% used [0x00000000fd800000,0x00000000fd800000,0x00000000ffd80000)
 ParOldGen       total 334848K, used 318038K [0x00000000e1600000, 0x00000000f5d00000, 0x00000000f5d00000)
  object space 334848K, 94% used [0x00000000e1600000,0x00000000f4c95938,0x00000000f5d00000)
 Metaspace       used 51831K, capacity 55352K, committed 55424K, reserved 1097728K
  class space    used 6642K, capacity 7515K, committed 7552K, reserved 1048576K
Event: 936.833 GC heap after
Heap after GC invocations=648 (full 8):
 PSYoungGen      total 126464K, used 4928K [0x00000000f5d00000, 0x00000000ffd00000, 0x0000000100000000)
  eden space 88576K, 0% used [0x00000000f5d00000,0x00000000f5d00000,0x00000000fb380000)
  from space 37888K, 13% used [0x00000000fd800000,0x00000000fdcd0010,0x00000000ffd00000)
  to   space 37376K, 0% used [0x00000000fb380000,0x00000000fb380000,0x00000000fd800000)
 ParOldGen       total 334848K, used 318038K [0x00000000e1600000, 0x00000000f5d00000, 0x00000000f5d00000)
  object space 334848K, 94% used [0x00000000e1600000,0x00000000f4c95938,0x00000000f5d00000)
 Metaspace       used 51831K, capacity 55352K, committed 55424K, reserved 1097728K
  class space    used 6642K, capacity 7515K, committed 7552K, reserved 1048576K
}
Event: 937.413 GC heap before
{Heap before GC invocations=649 (full 8):
 PSYoungGen      total 126464K, used 93504K [0x00000000f5d00000, 0x00000000ffd00000, 0x0000000100000000)
  eden space 88576K, 100% used [0x00000000f5d00000,0x00000000fb380000,0x00000000fb380000)
  from space 37888K, 13% used [0x00000000fd800000,0x00000000fdcd0010,0x00000000ffd00000)
  to   space 37376K, 0% used [0x00000000fb380000,0x00000000fb380000,0x00000000fd800000)
 ParOldGen       total 334848K, used 318038K [0x00000000e1600000, 0x00000000f5d00000, 0x00000000f5d00000)
  object space 334848K, 94% used [0x00000000e1600000,0x00000000f4c95938,0x00000000f5d00000)
 Metaspace       used 51831K, capacity 55352K, committed 55424K, reserved 1097728K
  class space    used 6642K, capacity 7515K, committed 7552K, reserved 1048576K
Event: 937.423 GC heap after
Heap after GC invocations=649 (full 8):
 PSYoungGen      total 125952K, used 2361K [0x00000000f5d00000, 0x00000000ffd80000, 0x0000000100000000)
  eden space 88576K, 0% used [0x00000000f5d00000,0x00000000f5d00000,0x00000000fb380000)
  from space 37376K, 6% used [0x00000000fb380000,0x00000000fb5ce670,0x00000000fd800000)
  to   space 36352K, 0% used [0x00000000fda00000,0x00000000fda00000,0x00000000ffd80000)
 ParOldGen       total 334848K, used 320710K [0x00000000e1600000, 0x00000000f5d00000, 0x00000000f5d00000)
  object space 334848K, 95% used [0x00000000e1600000,0x00000000f4f319e8,0x00000000f5d00000)
 Metaspace       used 51831K, capacity 55352K, committed 55424K, reserved 1097728K
  class space    used 6642K, capacity 7515K, committed 7552K, reserved 1048576K
}
Event: 937.970 GC heap before
{Heap before GC invocations=650 (full 8):
 PSYoungGen      total 125952K, used 90937K [0x00000000f5d00000, 0x00000000ffd80000, 0x0000000100000000)
  eden space 88576K, 100% used [0x00000000f5d00000,0x00000000fb380000,0x00000000fb380000)
  from space 37376K, 6% used [0x00000000fb380000,0x00000000fb5ce670,0x00000000fd800000)
  to   space 36352K, 0% used [0x00000000fda00000,0x00000000fda00000,0x00000000ffd80000)
 ParOldGen       total 334848K, used 320710K [0x00000000e1600000, 0x00000000f5d00000, 0x00000000f5d00000)
  object space 334848K, 95% used [0x00000000e1600000,0x00000000f4f319e8,0x00000000f5d00000)
 Metaspace       used 51833K, capacity 55352K, committed 55424K, reserved 1097728K
  class space    used 6642K, capacity 7515K, committed 7552K, reserved 1048576K
Event: 937.976 GC heap after
Heap after GC invocations=650 (full 8):
 PSYoungGen      total 128512K, used 2169K [0x00000000f5d00000, 0x00000000ffe00000, 0x0000000100000000)
  eden space 92160K, 0% used [0x00000000f5d00000,0x00000000f5d00000,0x00000000fb700000)
  from space 36352K, 5% used [0x00000000fda00000,0x00000000fdc1e670,0x00000000ffd80000)
  to   space 35840K, 0% used [0x00000000fb700000,0x00000000fb700000,0x00000000fda00000)
 ParOldGen       total 334848K, used 320950K [0x00000000e1600000, 0x00000000f5d00000, 0x00000000f5d00000)
  object space 334848K, 95% used [0x00000000e1600000,0x00000000f4f6d9e8,0x00000000f5d00000)
 Metaspace       used 51833K, capacity 55352K, committed 55424K, reserved 1097728K
  class space    used 6642K, capacity 7515K, committed 7552K, reserved 1048576K
}
Event: 938.567 GC heap before
{Heap before GC invocations=651 (full 8):
 PSYoungGen      total 128512K, used 94329K [0x00000000f5d00000, 0x00000000ffe00000, 0x0000000100000000)
  eden space 92160K, 100% used [0x00000000f5d00000,0x00000000fb700000,0x00000000fb700000)
  from space 36352K, 5% used [0x00000000fda00000,0x00000000fdc1e670,0x00000000ffd80000)
  to   space 35840K, 0% used [0x00000000fb700000,0x00000000fb700000,0x00000000fda00000)
 ParOldGen       total 334848K, used 320950K [0x00000000e1600000, 0x00000000f5d00000, 0x00000000f5d00000)
  object space 334848K, 95% used [0x00000000e1600000,0x00000000f4f6d9e8,0x00000000f5d00000)
 Metaspace       used 51834K, capacity 55352K, committed 55424K, reserved 1097728K
  class space    used 6642K, capacity 7515K, committed 7552K, reserved 1048576K
Event: 938.573 GC heap after
Heap after GC invocations=651 (full 8):
 PSYoungGen      total 128000K, used 2169K [0x00000000f5d00000, 0x00000000ffc80000, 0x0000000100000000)
  eden space 92160K, 0% used [0x00000000f5d00000,0x00000000f5d00000,0x00000000fb700000)
  from space 35840K, 6% used [0x00000000fb700000,0x00000000fb91e670,0x00000000fda00000)
  to   space 34304K, 0% used [0x00000000fdb00000,0x00000000fdb00000,0x00000000ffc80000)
 ParOldGen       total 334848K, used 320982K [0x00000000e1600000, 0x00000000f5d00000, 0x00000000f5d00000)
  object space 334848K, 95% used [0x00000000e1600000,0x00000000f4f759e8,0x00000000f5d00000)
 Metaspace       used 51834K, capacity 55352K, committed 55424K, reserved 1097728K
  class space    used 6642K, capacity 7515K, committed 7552K, reserved 1048576K
}
Event: 939.165 GC heap before
{Heap before GC invocations=652 (full 8):
 PSYoungGen      total 128000K, used 94329K [0x00000000f5d00000, 0x00000000ffc80000, 0x0000000100000000)
  eden space 92160K, 100% used [0x00000000f5d00000,0x00000000fb700000,0x00000000fb700000)
  from space 35840K, 6% used [0x00000000fb700000,0x00000000fb91e670,0x00000000fda00000)
  to   space 34304K, 0% used [0x00000000fdb00000,0x00000000fdb00000,0x00000000ffc80000)
 ParOldGen       total 334848K, used 320982K [0x00000000e1600000, 0x00000000f5d00000, 0x00000000f5d00000)
  object space 334848K, 95% used [0x00000000e1600000,0x00000000f4f759e8,0x00000000f5d00000)
 Metaspace       used 51838K, capacity 55358K, committed 55424K, reserved 1097728K
  class space    used 6643K, capacity 7516K, committed 7552K, reserved 1048576K
Event: 939.172 GC heap after
Heap after GC invocations=652 (full 8):
 PSYoungGen      total 129536K, used 2169K [0x00000000f5d00000, 0x00000000ffc00000, 0x0000000100000000)
  eden space 95744K, 0% used [0x00000000f5d00000,0x00000000f5d00000,0x00000000fba80000)
  from space 33792K, 6% used [0x00000000fdb00000,0x00000000fdd1e670,0x00000000ffc00000)
  to   space 33280K, 0% used [0x00000000fba80000,0x00000000fba80000,0x00000000fdb00000)
 ParOldGen       total 334848K, used 321030K [0x00000000e1600000, 0x00000000f5d00000, 0x00000000f5d00000)
  object space 334848K, 95% used [0x00000000e1600000,0x00000000f4f819e8,0x00000000f5d00000)
 Metaspace       used 51838K, capacity 55358K, committed 55424K, reserved 1097728K
  class space    used 6643K, capacity 7516K, committed 7552K, reserved 1048576K
}
Event: 939.770 GC heap before
{Heap before GC invocations=653 (full 8):
 PSYoungGen      total 129536K, used 97913K [0x00000000f5d00000, 0x00000000ffc00000, 0x0000000100000000)
  eden space 95744K, 100% used [0x00000000f5d00000,0x00000000fba80000,0x00000000fba80000)
  from space 33792K, 6% used [0x00000000fdb00000,0x00000000fdd1e670,0x00000000ffc00000)
  to   space 33280K, 0% used [0x00000000fba80000,0x00000000fba80000,0x00000000fdb00000)
 ParOldGen       total 334848K, used 321030K [0x00000000e1600000, 0x00000000f5d00000, 0x00000000f5d00000)
  object space 334848K, 95% used [0x00000000e1600000,0x00000000f4f819e8,0x00000000f5d00000)
 Metaspace       used 51839K, capacity 55358K, committed 55424K, reserved 1097728K
  class space    used 6643K, capacity 7516K, committed 7552K, reserved 1048576K
Event: 939.776 GC heap after
Heap after GC invocations=653 (full 8):
 PSYoungGen      total 129024K, used 2105K [0x00000000f5d00000, 0x00000000ffd80000, 0x0000000100000000)
  eden space 95744K, 0% used [0x00000000f5d00000,0x00000000f5d00000,0x00000000fba80000)
  from space 33280K, 6% used [0x00000000fba80000,0x00000000fbc8e670,0x00000000fdb00000)
  to   space 32256K, 0% used [0x00000000fde00000,0x00000000fde00000,0x00000000ffd80000)
 ParOldGen       total 334848K, used 321118K [0x00000000e1600000, 0x00000000f5d00000, 0x00000000f5d00000)
  object space 334848K, 95% used [0x00000000e1600000,0x00000000f4f979e8,0x00000000f5d00000)
 Metaspace       used 51839K, capacity 55358K, committed 55424K, reserved 1097728K
  class space    used 6643K, capacity 7516K, committed 7552K, reserved 1048576K
}
Event: 940.378 GC heap before
{Heap before GC invocations=654 (full 8):
 PSYoungGen      total 129024K, used 97849K [0x00000000f5d00000, 0x00000000ffd80000, 0x0000000100000000)
  eden space 95744K, 100% used [0x00000000f5d00000,0x00000000fba80000,0x00000000fba80000)
  from space 33280K, 6% used [0x00000000fba80000,0x00000000fbc8e670,0x00000000fdb00000)
  to   space 32256K, 0% used [0x00000000fde00000,0x00000000fde00000,0x00000000ffd80000)
 ParOldGen       total 334848K, used 321118K [0x00000000e1600000, 0x00000000f5d00000, 0x00000000f5d00000)
  object space 334848K, 95% used [0x00000000e1600000,0x00000000f4f979e8,0x00000000f5d00000)
 Metaspace       used 51840K, capacity 55358K, committed 55424K, reserved 1097728K
  class space    used 6643K, capacity 7516K, committed 7552K, reserved 1048576K
Event: 940.384 GC heap after
Heap after GC invocations=654 (full 8):
 PSYoungGen      total 128000K, used 2041K [0x00000000f5d00000, 0x00000000ffa00000, 0x0000000100000000)
  eden space 99328K, 0% used [0x00000000f5d00000,0x00000000f5d00000,0x00000000fbe00000)
  from space 28672K, 7% used [0x00000000fde00000,0x00000000fdffe670,0x00000000ffa00000)
  to   space 30720K, 0% used [0x00000000fbe00000,0x00000000fbe00000,0x00000000fdc00000)
 ParOldGen       total 334848K, used 321190K [0x00000000e1600000, 0x00000000f5d00000, 0x00000000f5d00000)
  object space 334848K, 95% used [0x00000000e1600000,0x00000000f4fa99e8,0x00000000f5d00000)
 Metaspace       used 51840K, capacity 55358K, committed 55424K, reserved 1097728K
  class space    used 6643K, capacity 7516K, committed 7552K, reserved 1048576K
}
Event: 941.025 GC heap before
{Heap before GC invocations=655 (full 8):
 PSYoungGen      total 128000K, used 101369K [0x00000000f5d00000, 0x00000000ffa00000, 0x0000000100000000)
  eden space 99328K, 100% used [0x00000000f5d00000,0x00000000fbe00000,0x00000000fbe00000)
  from space 28672K, 7% used [0x00000000fde00000,0x00000000fdffe670,0x00000000ffa00000)
  to   space 30720K, 0% used [0x00000000fbe00000,0x00000000fbe00000,0x00000000fdc00000)
 ParOldGen       total 334848K, used 321190K [0x00000000e1600000, 0x00000000f5d00000, 0x00000000f5d00000)
  object space 334848K, 95% used [0x00000000e1600000,0x00000000f4fa99e8,0x00000000f5d00000)
 Metaspace       used 51840K, capacity 55358K, committed 55424K, reserved 1097728K
  class space    used 6643K, capacity 7516K, committed 7552K, reserved 1048576K
Event: 941.032 GC heap after
Heap after GC invocations=655 (full 8):
 PSYoungGen      total 130048K, used 992K [0x00000000f5d00000, 0x00000000ffb80000, 0x0000000100000000)
  eden space 99328K, 0% used [0x00000000f5d00000,0x00000000f5d00000,0x00000000fbe00000)
  from space 30720K, 3% used [0x00000000fbe00000,0x00000000fbef8000,0x00000000fdc00000)
  to   space 29696K, 0% used [0x00000000fde80000,0x00000000fde80000,0x00000000ffb80000)
 ParOldGen       total 334848K, used 322392K [0x00000000e1600000, 0x00000000f5d00000, 0x00000000f5d00000)
  object space 334848K, 96% used [0x00000000e1600000,0x00000000f50d6058,0x00000000f5d00000)
 Metaspace       used 51840K, capacity 55358K, committed 55424K, reserved 1097728K
  class space    used 6643K, capacity 7516K, committed 7552K, reserved 1048576K
}
Event: 941.672 GC heap before
{Heap before GC invocations=656 (full 8):
 PSYoungGen      total 130048K, used 100320K [0x00000000f5d00000, 0x00000000ffb80000, 0x0000000100000000)
  eden space 99328K, 100% used [0x00000000f5d00000,0x00000000fbe00000,0x00000000fbe00000)
  from space 30720K, 3% used [0x00000000fbe00000,0x00000000fbef8000,0x00000000fdc00000)
  to   space 29696K, 0% used [0x00000000fde80000,0x00000000fde80000,0x00000000ffb80000)
 ParOldGen       total 334848K, used 322392K [0x00000000e1600000, 0x00000000f5d00000, 0x00000000f5d00000)
  object space 334848K, 96% used [0x00000000e1600000,0x00000000f50d6058,0x00000000f5d00000)
 Metaspace       used 51840K, capacity 55358K, committed 55424K, reserved 1097728K
  class space    used 6643K, capacity 7516K, committed 7552K, reserved 1048576K
Event: 941.678 GC heap after
Heap after GC invocations=656 (full 8):
 PSYoungGen      total 129536K, used 992K [0x00000000f5d00000, 0x00000000ff880000, 0x0000000100000000)
  eden space 102912K, 0% used [0x00000000f5d00000,0x00000000f5d00000,0x00000000fc180000)
  from space 26624K, 3% used [0x00000000fde80000,0x00000000fdf78000,0x00000000ff880000)
  to   space 28160K, 0% used [0x00000000fc180000,0x00000000fc180000,0x00000000fdd00000)
 ParOldGen       total 334848K, used 322448K [0x00000000e1600000, 0x00000000f5d00000, 0x00000000f5d00000)
  object space 334848K, 96% used [0x00000000e1600000,0x00000000f50e4058,0x00000000f5d00000)
 Metaspace       used 51840K, capacity 55358K, committed 55424K, reserved 1097728K
  class space    used 6643K, capacity 7516K, committed 7552K, reserved 1048576K
}
Event: 942.327 GC heap before
{Heap before GC invocations=657 (full 8):
 PSYoungGen      total 129536K, used 103904K [0x00000000f5d00000, 0x00000000ff880000, 0x0000000100000000)
  eden space 102912K, 100% used [0x00000000f5d00000,0x00000000fc180000,0x00000000fc180000)
  from space 26624K, 3% used [0x00000000fde80000,0x00000000fdf78000,0x00000000ff880000)
  to   space 28160K, 0% used [0x00000000fc180000,0x00000000fc180000,0x00000000fdd00000)
 ParOldGen       total 334848K, used 322448K [0x00000000e1600000, 0x00000000f5d00000, 0x00000000f5d00000)
  object space 334848K, 96% used [0x00000000e1600000,0x00000000f50e4058,0x00000000f5d00000)
 Metaspace       used 51847K, capacity 55426K, committed 55680K, reserved 1097728K
  class space    used 6643K, capacity 7516K, committed 7552K, reserved 1048576K
Event: 942.332 GC heap after
Heap after GC invocations=657 (full 8):
 PSYoungGen      total 131072K, used 928K [0x00000000f5d00000, 0x00000000ffa00000, 0x0000000100000000)
  eden space 102912K, 0% used [0x00000000f5d00000,0x00000000f5d00000,0x00000000fc180000)
  from space 28160K, 3% used [0x00000000fc180000,0x00000000fc268000,0x00000000fdd00000)
  to   space 27136K, 0% used [0x00000000fdf80000,0x00000000fdf80000,0x00000000ffa00000)
 ParOldGen       total 334848K, used 322560K [0x00000000e1600000, 0x00000000f5d00000, 0x00000000f5d00000)
  object space 334848K, 96% used [0x00000000e1600000,0x00000000f5100058,0x00000000f5d00000)
 Metaspace       used 51847K, capacity 55426K, committed 55680K, reserved 1097728K
  class space    used 6643K, capacity 7516K, committed 7552K, reserved 1048576K
}
Event: 943.011 GC heap before
{Heap before GC invocations=658 (full 8):
 PSYoungGen      total 131072K, used 103840K [0x00000000f5d00000, 0x00000000ffa00000, 0x0000000100000000)
  eden space 102912K, 100% used [0x00000000f5d00000,0x00000000fc180000,0x00000000fc180000)
  from space 28160K, 3% used [0x00000000fc180000,0x00000000fc268000,0x00000000fdd00000)
  to   space 27136K, 0% used [0x00000000fdf80000,0x00000000fdf80000,0x00000000ffa00000)
 ParOldGen       total 334848K, used 322560K [0x00000000e1600000, 0x00000000f5d00000, 0x00000000f5d00000)
  object space 334848K, 96% used [0x00000000e1600000,0x00000000f5100058,0x00000000f5d00000)
 Metaspace       used 51848K, capacity 55426K, committed 55680K, reserved 1097728K
  class space    used 6643K, capacity 7516K, committed 7552K, reserved 1048576K
Event: 943.017 GC heap after
Heap after GC invocations=658 (full 8):
 PSYoungGen      total 129536K, used 1024K [0x00000000f5d00000, 0x00000000ff680000, 0x0000000100000000)
  eden space 105984K, 0% used [0x00000000f5d00000,0x00000000f5d00000,0x00000000fc480000)
  from space 23552K, 4% used [0x00000000fdf80000,0x00000000fe080000,0x00000000ff680000)
  to   space 25600K, 0% used [0x00000000fc480000,0x00000000fc480000,0x00000000fdd80000)
 ParOldGen       total 334848K, used 322576K [0x00000000e1600000, 0x00000000f5d00000, 0x00000000f5d00000)
  object space 334848K, 96% used [0x00000000e1600000,0x00000000f5104058,0x00000000f5d00000)
 Metaspace       used 51848K, capacity 55426K, committed 55680K, reserved 1097728K
  class space    used 6643K, capacity 7516K, committed 7552K, reserved 1048576K
}
Event: 943.674 GC heap before
{Heap before GC invocations=659 (full 8):
 PSYoungGen      total 129536K, used 107008K [0x00000000f5d00000, 0x00000000ff680000, 0x0000000100000000)
  eden space 105984K, 100% used [0x00000000f5d00000,0x00000000fc480000,0x00000000fc480000)
  from space 23552K, 4% used [0x00000000fdf80000,0x00000000fe080000,0x00000000ff680000)
  to   space 25600K, 0% used [0x00000000fc480000,0x00000000fc480000,0x00000000fdd80000)
 ParOldGen       total 334848K, used 322576K [0x00000000e1600000, 0x00000000f5d00000, 0x00000000f5d00000)
  object space 334848K, 96% used [0x00000000e1600000,0x00000000f5104058,0x00000000f5d00000)
 Metaspace       used 51848K, capacity 55426K, committed 55680K, reserved 1097728K
  class space    used 6643K, capacity 7516K, committed 7552K, reserved 1048576K
Event: 943.679 GC heap after
Heap after GC invocations=659 (full 8):
 PSYoungGen      total 131584K, used 992K [0x00000000f5d00000, 0x00000000ff780000, 0x0000000100000000)
  eden space 105984K, 0% used [0x00000000f5d00000,0x00000000f5d00000,0x00000000fc480000)
  from space 25600K, 3% used [0x00000000fc480000,0x00000000fc578000,0x00000000fdd80000)
  to   space 24576K, 0% used [0x00000000fdf80000,0x00000000fdf80000,0x00000000ff780000)
 ParOldGen       total 334848K, used 322608K [0x00000000e1600000, 0x00000000f5d00000, 0x00000000f5d00000)
  object space 334848K, 96% used [0x00000000e1600000,0x00000000f510c058,0x00000000f5d00000)
 Metaspace       used 51848K, capacity 55426K, committed 55680K, reserved 1097728K
  class space    used 6643K, capacity 7516K, committed 7552K, reserved 1048576K
}
Event: 944.366 GC heap before
{Heap before GC invocations=660 (full 8):
 PSYoungGen      total 131584K, used 106976K [0x00000000f5d00000, 0x00000000ff780000, 0x0000000100000000)
  eden space 105984K, 100% used [0x00000000f5d00000,0x00000000fc480000,0x00000000fc480000)
  from space 25600K, 3% used [0x00000000fc480000,0x00000000fc578000,0x00000000fdd80000)
  to   space 24576K, 0% used [0x00000000fdf80000,0x00000000fdf80000,0x00000000ff780000)
 ParOldGen       total 334848K, used 322608K [0x00000000e1600000, 0x00000000f5d00000, 0x00000000f5d00000)
  object space 334848K, 96% used [0x00000000e1600000,0x00000000f510c058,0x00000000f5d00000)
 Metaspace       used 51848K, capacity 55426K, committed 55680K, reserved 1097728K
  class space    used 6643K, capacity 7516K, committed 7552K, reserved 1048576K
Event: 944.372 GC heap after
Heap after GC invocations=660 (full 8):
 PSYoungGen      total 130560K, used 960K [0x00000000f5d00000, 0x00000000ff480000, 0x0000000100000000)
  eden space 109056K, 0% used [0x00000000f5d00000,0x00000000f5d00000,0x00000000fc780000)
  from space 21504K, 4% used [0x00000000fdf80000,0x00000000fe070000,0x00000000ff480000)
  to   space 23040K, 0% used [0x00000000fc780000,0x00000000fc780000,0x00000000fde00000)
 ParOldGen       total 334848K, used 322672K [0x00000000e1600000, 0x00000000f5d00000, 0x00000000f5d00000)
  object space 334848K, 96% used [0x00000000e1600000,0x00000000f511c058,0x00000000f5d00000)
 Metaspace       used 51848K, capacity 55426K, committed 55680K, reserved 1097728K
  class space    used 6643K, capacity 7516K, committed 7552K, reserved 1048576K
}
Event: 945.068 GC heap before
{Heap before GC invocations=661 (full 8):
 PSYoungGen      total 130560K, used 110016K [0x00000000f5d00000, 0x00000000ff480000, 0x0000000100000000)
  eden space 109056K, 100% used [0x00000000f5d00000,0x00000000fc780000,0x00000000fc780000)
  from space 21504K, 4% used [0x00000000fdf80000,0x00000000fe070000,0x00000000ff480000)
  to   space 23040K, 0% used [0x00000000fc780000,0x00000000fc780000,0x00000000fde00000)
 ParOldGen       total 334848K, used 322672K [0x00000000e1600000, 0x00000000f5d00000, 0x00000000f5d00000)
  object space 334848K, 96% used [0x00000000e1600000,0x00000000f511c058,0x00000000f5d00000)
 Metaspace       used 51849K, capacity 55426K, committed 55680K, reserved 1097728K
  class space    used 6643K, capacity 7516K, committed 7552K, reserved 1048576K
Event: 945.073 GC heap after
Heap after GC invocations=661 (full 8):
 PSYoungGen      total 132096K, used 1024K [0x00000000f5d00000, 0x00000000ff580000, 0x0000000100000000)
  eden space 109056K, 0% used [0x00000000f5d00000,0x00000000f5d00000,0x00000000fc780000)
  from space 23040K, 4% used [0x00000000fc780000,0x00000000fc880000,0x00000000fde00000)
  to   space 22016K, 0% used [0x00000000fe000000,0x00000000fe000000,0x00000000ff580000)
 ParOldGen       total 334848K, used 322736K [0x00000000e1600000, 0x00000000f5d00000, 0x00000000f5d00000)
  object space 334848K, 96% used [0x00000000e1600000,0x00000000f512c058,0x00000000f5d00000)
 Metaspace       used 51849K, capacity 55426K, committed 55680K, reserved 1097728K
  class space    used 6643K, capacity 7516K, committed 7552K, reserved 1048576K
}
Event: 945.663 GC heap before
{Heap before GC invocations=662 (full 8):
 PSYoungGen      total 132096K, used 110080K [0x00000000f5d00000, 0x00000000ff580000, 0x0000000100000000)
  eden space 109056K, 100% used [0x00000000f5d00000,0x00000000fc780000,0x00000000fc780000)
  from space 23040K, 4% used [0x00000000fc780000,0x00000000fc880000,0x00000000fde00000)
  to   space 22016K, 0% used [0x00000000fe000000,0x00000000fe000000,0x00000000ff580000)
 ParOldGen       total 334848K, used 322736K [0x00000000e1600000, 0x00000000f5d00000, 0x00000000f5d00000)
  object space 334848K, 96% used [0x00000000e1600000,0x00000000f512c058,0x00000000f5d00000)
 Metaspace       used 51885K, capacity 55438K, committed 55680K, reserved 1097728K
  class space    used 6643K, capacity 7516K, committed 7552K, reserved 1048576K
Event: 945.671 GC heap after
Heap after GC invocations=662 (full 8):
 PSYoungGen      total 131072K, used 4352K [0x00000000f5d00000, 0x00000000ff280000, 0x0000000100000000)
  eden space 112128K, 0% used [0x00000000f5d00000,0x00000000f5d00000,0x00000000fca80000)
  from space 18944K, 22% used [0x00000000fe000000,0x00000000fe440010,0x00000000ff280000)
  to   space 20480K, 0% used [0x00000000fca80000,0x00000000fca80000,0x00000000fde80000)
 ParOldGen       total 334848K, used 322784K [0x00000000e1600000, 0x00000000f5d00000, 0x00000000f5d00000)
  object space 334848K, 96% used [0x00000000e1600000,0x00000000f5138058,0x00000000f5d00000)
 Metaspace       used 51885K, capacity 55438K, committed 55680K, reserved 1097728K
  class space    used 6643K, capacity 7516K, committed 7552K, reserved 1048576K
}
Event: 946.369 GC heap before
{Heap before GC invocations=663 (full 8):
 PSYoungGen      total 131072K, used 116480K [0x00000000f5d00000, 0x00000000ff280000, 0x0000000100000000)
  eden space 112128K, 100% used [0x00000000f5d00000,0x00000000fca80000,0x00000000fca80000)
  from space 18944K, 22% used [0x00000000fe000000,0x00000000fe440010,0x00000000ff280000)
  to   space 20480K, 0% used [0x00000000fca80000,0x00000000fca80000,0x00000000fde80000)
 ParOldGen       total 334848K, used 322784K [0x00000000e1600000, 0x00000000f5d00000, 0x00000000f5d00000)
  object space 334848K, 96% used [0x00000000e1600000,0x00000000f5138058,0x00000000f5d00000)
 Metaspace       used 51887K, capacity 55438K, committed 55680K, reserved 1097728K
  class space    used 6643K, capacity 7516K, committed 7552K, reserved 1048576K
Event: 946.377 GC heap after
Heap after GC invocations=663 (full 8):
 PSYoungGen      total 132608K, used 4384K [0x00000000f5d00000, 0x00000000ff280000, 0x0000000100000000)
  eden space 112128K, 0% used [0x00000000f5d00000,0x00000000f5d00000,0x00000000fca80000)
  from space 20480K, 21% used [0x00000000fca80000,0x00000000fcec8010,0x00000000fde80000)
  to   space 18944K, 0% used [0x00000000fe000000,0x00000000fe000000,0x00000000ff280000)
 ParOldGen       total 334848K, used 322800K [0x00000000e1600000, 0x00000000f5d00000, 0x00000000f5d00000)
  object space 334848K, 96% used [0x00000000e1600000,0x00000000f513c058,0x00000000f5d00000)
 Metaspace       used 51887K, capacity 55438K, committed 55680K, reserved 1097728K
  class space    used 6643K, capacity 7516K, committed 7552K, reserved 1048576K
}
Event: 947.077 GC heap before
{Heap before GC invocations=664 (full 8):
 PSYoungGen      total 132608K, used 116512K [0x00000000f5d00000, 0x00000000ff280000, 0x0000000100000000)
  eden space 112128K, 100% used [0x00000000f5d00000,0x00000000fca80000,0x00000000fca80000)
  from space 20480K, 21% used [0x00000000fca80000,0x00000000fcec8010,0x00000000fde80000)
  to   space 18944K, 0% used [0x00000000fe000000,0x00000000fe000000,0x00000000ff280000)
 ParOldGen       total 334848K, used 322800K [0x00000000e1600000, 0x00000000f5d00000, 0x00000000f5d00000)
  object space 334848K, 96% used [0x00000000e1600000,0x00000000f513c058,0x00000000f5d00000)
 Metaspace       used 51889K, capacity 55438K, committed 55680K, reserved 1097728K
  class space    used 6643K, capacity 7516K, committed 7552K, reserved 1048576K
Event: 947.084 GC heap after
Heap after GC invocations=664 (full 8):
 PSYoungGen      total 132096K, used 4384K [0x00000000f5d00000, 0x00000000ff000000, 0x0000000100000000)
  eden space 115712K, 0% used [0x00000000f5d00000,0x00000000f5d00000,0x00000000fce00000)
  from space 16384K, 26% used [0x00000000fe000000,0x00000000fe448010,0x00000000ff000000)
  to   space 17408K, 0% used [0x00000000fce00000,0x00000000fce00000,0x00000000fdf00000)
 ParOldGen       total 334848K, used 322840K [0x00000000e1600000, 0x00000000f5d00000, 0x00000000f5d00000)
  object space 334848K, 96% used [0x00000000e1600000,0x00000000f5146058,0x00000000f5d00000)
 Metaspace       used 51889K, capacity 55438K, committed 55680K, reserved 1097728K
  class space    used 6643K, capacity 7516K, committed 7552K, reserved 1048576K
}
Event: 947.822 GC heap before
{Heap before GC invocations=665 (full 8):
 PSYoungGen      total 132096K, used 120096K [0x00000000f5d00000, 0x00000000ff000000, 0x0000000100000000)
  eden space 115712K, 100% used [0x00000000f5d00000,0x00000000fce00000,0x00000000fce00000)
  from space 16384K, 26% used [0x00000000fe000000,0x00000000fe448010,0x00000000ff000000)
  to   space 17408K, 0% used [0x00000000fce00000,0x00000000fce00000,0x00000000fdf00000)
 ParOldGen       total 334848K, used 322840K [0x00000000e1600000, 0x00000000f5d00000, 0x00000000f5d00000)
  object space 334848K, 96% used [0x00000000e1600000,0x00000000f5146058,0x00000000f5d00000)
 Metaspace       used 51893K, capacity 55438K, committed 55680K, reserved 1097728K
  class space    used 6643K, capacity 7516K, committed 7552K, reserved 1048576K
Event: 947.830 GC heap after
Heap after GC invocations=665 (full 8):
 PSYoungGen      total 133120K, used 4352K [0x00000000f5d00000, 0x00000000ff180000, 0x0000000100000000)
  eden space 115712K, 0% used [0x00000000f5d00000,0x00000000f5d00000,0x00000000fce00000)
  from space 17408K, 25% used [0x00000000fce00000,0x00000000fd240000,0x00000000fdf00000)
  to   space 16384K, 0% used [0x00000000fe180000,0x00000000fe180000,0x00000000ff180000)
 ParOldGen       total 334848K, used 322888K [0x00000000e1600000, 0x00000000f5d00000, 0x00000000f5d00000)
  object space 334848K, 96% used [0x00000000e1600000,0x00000000f5152058,0x00000000f5d00000)
 Metaspace       used 51893K, capacity 55438K, committed 55680K, reserved 1097728K
  class space    used 6643K, capacity 7516K, committed 7552K, reserved 1048576K
}
Event: 948.571 GC heap before
{Heap before GC invocations=666 (full 8):
 PSYoungGen      total 133120K, used 120064K [0x00000000f5d00000, 0x00000000ff180000, 0x0000000100000000)
  eden space 115712K, 100% used [0x00000000f5d00000,0x00000000fce00000,0x00000000fce00000)
  from space 17408K, 25% used [0x00000000fce00000,0x00000000fd240000,0x00000000fdf00000)
  to   space 16384K, 0% used [0x00000000fe180000,0x00000000fe180000,0x00000000ff180000)
 ParOldGen       total 334848K, used 322888K [0x00000000e1600000, 0x00000000f5d00000, 0x00000000f5d00000)
  object space 334848K, 96% used [0x00000000e1600000,0x00000000f5152058,0x00000000f5d00000)
 Metaspace       used 51893K, capacity 55438K, committed 55680K, reserved 1097728K
  class space    used 6643K, capacity 7516K, committed 7552K, reserved 1048576K
Event: 948.580 GC heap after
Heap after GC invocations=666 (full 8):
 PSYoungGen      total 132608K, used 4352K [0x00000000f5d00000, 0x00000000fee80000, 0x0000000100000000)
  eden space 119296K, 0% used [0x00000000f5d00000,0x00000000f5d00000,0x00000000fd180000)
  from space 13312K, 32% used [0x00000000fe180000,0x00000000fe5c0000,0x00000000fee80000)
  to   space 14848K, 0% used [0x00000000fd180000,0x00000000fd180000,0x00000000fe000000)
 ParOldGen       total 334848K, used 322920K [0x00000000e1600000, 0x00000000f5d00000, 0x00000000f5d00000)
  object space 334848K, 96% used [0x00000000e1600000,0x00000000f515a058,0x00000000f5d00000)
 Metaspace       used 51893K, capacity 55438K, committed 55680K, reserved 1097728K
  class space    used 6643K, capacity 7516K, committed 7552K, reserved 1048576K
}
Event: 949.324 GC heap before
{Heap before GC invocations=667 (full 8):
 PSYoungGen      total 132608K, used 123648K [0x00000000f5d00000, 0x00000000fee80000, 0x0000000100000000)
  eden space 119296K, 100% used [0x00000000f5d00000,0x00000000fd180000,0x00000000fd180000)
  from space 13312K, 32% used [0x00000000fe180000,0x00000000fe5c0000,0x00000000fee80000)
  to   space 14848K, 0% used [0x00000000fd180000,0x00000000fd180000,0x00000000fe000000)
 ParOldGen       total 334848K, used 322920K [0x00000000e1600000, 0x00000000f5d00000, 0x00000000f5d00000)
  object space 334848K, 96% used [0x00000000e1600000,0x00000000f515a058,0x00000000f5d00000)
 Metaspace       used 51894K, capacity 55438K, committed 55680K, reserved 1097728K
  class space    used 6643K, capacity 7516K, committed 7552K, reserved 1048576K
Event: 949.331 GC heap after
Heap after GC invocations=667 (full 8):
 PSYoungGen      total 134144K, used 4384K [0x00000000f5d00000, 0x00000000ff000000, 0x0000000100000000)
  eden space 119296K, 0% used [0x00000000f5d00000,0x00000000f5d00000,0x00000000fd180000)
  from space 14848K, 29% used [0x00000000fd180000,0x00000000fd5c8000,0x00000000fe000000)
  to   space 13824K, 0% used [0x00000000fe280000,0x00000000fe280000,0x00000000ff000000)
 ParOldGen       total 334848K, used 322968K [0x00000000e1600000, 0x00000000f5d00000, 0x00000000f5d00000)
  object space 334848K, 96% used [0x00000000e1600000,0x00000000f5166058,0x00000000f5d00000)
 Metaspace       used 51894K, capacity 55438K, committed 55680K, reserved 1097728K
  class space    used 6643K, capacity 7516K, committed 7552K, reserved 1048576K
}
Event: 950.112 GC heap before
{Heap before GC invocations=668 (full 8):
 PSYoungGen      total 134144K, used 123680K [0x00000000f5d00000, 0x00000000ff000000, 0x0000000100000000)
  eden space 119296K, 100% used [0x00000000f5d00000,0x00000000fd180000,0x00000000fd180000)
  from space 14848K, 29% used [0x00000000fd180000,0x00000000fd5c8000,0x00000000fe000000)
  to   space 13824K, 0% used [0x00000000fe280000,0x00000000fe280000,0x00000000ff000000)
 ParOldGen       total 334848K, used 322968K [0x00000000e1600000, 0x00000000f5d00000, 0x00000000f5d00000)
  object space 334848K, 96% used [0x00000000e1600000,0x00000000f5166058,0x00000000f5d00000)
 Metaspace       used 51897K, capacity 55442K, committed 55680K, reserved 1097728K
  class space    used 6643K, capacity 7516K, committed 7552K, reserved 1048576K
Event: 950.119 GC heap after
Heap after GC invocations=668 (full 8):
 PSYoungGen      total 135680K, used 4448K [0x00000000f5d00000, 0x00000000fef00000, 0x0000000100000000)
  eden space 122880K, 0% used [0x00000000f5d00000,0x00000000f5d00000,0x00000000fd500000)
  from space 12800K, 34% used [0x00000000fe280000,0x00000000fe6d8000,0x00000000fef00000)
  to   space 13312K, 0% used [0x00000000fd500000,0x00000000fd500000,0x00000000fe200000)
 ParOldGen       total 334848K, used 322984K [0x00000000e1600000, 0x00000000f5d00000, 0x00000000f5d00000)
  object space 334848K, 96% used [0x00000000e1600000,0x00000000f516a058,0x00000000f5d00000)
 Metaspace       used 51897K, capacity 55442K, committed 55680K, reserved 1097728K
  class space    used 6643K, capacity 7516K, committed 7552K, reserved 1048576K
}
Event: 950.882 GC heap before
{Heap before GC invocations=669 (full 8):
 PSYoungGen      total 135680K, used 127328K [0x00000000f5d00000, 0x00000000fef00000, 0x0000000100000000)
  eden space 122880K, 100% used [0x00000000f5d00000,0x00000000fd500000,0x00000000fd500000)
  from space 12800K, 34% used [0x00000000fe280000,0x00000000fe6d8000,0x00000000fef00000)
  to   space 13312K, 0% used [0x00000000fd500000,0x00000000fd500000,0x00000000fe200000)
 ParOldGen       total 334848K, used 322984K [0x00000000e1600000, 0x00000000f5d00000, 0x00000000f5d00000)
  object space 334848K, 96% used [0x00000000e1600000,0x00000000f516a058,0x00000000f5d00000)
 Metaspace       used 51903K, capacity 55442K, committed 55680K, reserved 1097728K
  class space    used 6643K, capacity 7516K, committed 7552K, reserved 1048576K
Event: 950.889 GC heap after
Heap after GC invocations=669 (full 8):
 PSYoungGen      total 136192K, used 4448K [0x00000000f5d00000, 0x00000000ff080000, 0x0000000100000000)
  eden space 122880K, 0% used [0x00000000f5d00000,0x00000000f5d00000,0x00000000fd500000)
  from space 13312K, 33% used [0x00000000fd500000,0x00000000fd958000,0x00000000fe200000)
  to   space 12288K, 0% used [0x00000000fe480000,0x00000000fe480000,0x00000000ff080000)
 ParOldGen       total 334848K, used 323024K [0x00000000e1600000, 0x00000000f5d00000, 0x00000000f5d00000)
  object space 334848K, 96% used [0x00000000e1600000,0x00000000f5174058,0x00000000f5d00000)
 Metaspace       used 51903K, capacity 55442K, committed 55680K, reserved 1097728K
  class space    used 6643K, capacity 7516K, committed 7552K, reserved 1048576K
}
Event: 951.676 GC heap before
{Heap before GC invocations=670 (full 8):
 PSYoungGen      total 136192K, used 127328K [0x00000000f5d00000, 0x00000000ff080000, 0x0000000100000000)
  eden space 122880K, 100% used [0x00000000f5d00000,0x00000000fd500000,0x00000000fd500000)
  from space 13312K, 33% used [0x00000000fd500000,0x00000000fd958000,0x00000000fe200000)
  to   space 12288K, 0% used [0x00000000fe480000,0x00000000fe480000,0x00000000ff080000)
 ParOldGen       total 334848K, used 323024K [0x00000000e1600000, 0x00000000f5d00000, 0x00000000f5d00000)
  object space 334848K, 96% used [0x00000000e1600000,0x00000000f5174058,0x00000000f5d00000)
 Metaspace       used 51905K, capacity 55442K, committed 55680K, reserved 1097728K
  class space    used 6643K, capacity 7516K, committed 7552K, reserved 1048576K
Event: 951.683 GC heap after
Heap after GC invocations=670 (full 8):
 PSYoungGen      total 137728K, used 4480K [0x00000000f5d00000, 0x00000000fef80000, 0x0000000100000000)
  eden space 126464K, 0% used [0x00000000f5d00000,0x00000000f5d00000,0x00000000fd880000)
  from space 11264K, 39% used [0x00000000fe480000,0x00000000fe8e0000,0x00000000fef80000)
  to   space 11776K, 0% used [0x00000000fd880000,0x00000000fd880000,0x00000000fe400000)
 ParOldGen       total 334848K, used 323072K [0x00000000e1600000, 0x00000000f5d00000, 0x00000000f5d00000)
  object space 334848K, 96% used [0x00000000e1600000,0x00000000f5180058,0x00000000f5d00000)
 Metaspace       used 51905K, capacity 55442K, committed 55680K, reserved 1097728K
  class space    used 6643K, capacity 7516K, committed 7552K, reserved 1048576K
}
Event: 952.513 GC heap before
{Heap before GC invocations=671 (full 8):
 PSYoungGen      total 137728K, used 130944K [0x00000000f5d00000, 0x00000000fef80000, 0x0000000100000000)
  eden space 126464K, 100% used [0x00000000f5d00000,0x00000000fd880000,0x00000000fd880000)
  from space 11264K, 39% used [0x00000000fe480000,0x00000000fe8e0000,0x00000000fef80000)
  to   space 11776K, 0% used [0x00000000fd880000,0x00000000fd880000,0x00000000fe400000)
 ParOldGen       total 334848K, used 323072K [0x00000000e1600000, 0x00000000f5d00000, 0x00000000f5d00000)
  object space 334848K, 96% used [0x00000000e1600000,0x00000000f5180058,0x00000000f5d00000)
 Metaspace       used 51905K, capacity 55442K, committed 55680K, reserved 1097728K
  class space    used 6643K, capacity 7516K, committed 7552K, reserved 1048576K
Event: 952.520 GC heap after
Heap after GC invocations=671 (full 8):
 PSYoungGen      total 138240K, used 4480K [0x00000000f5d00000, 0x00000000ff200000, 0x0000000100000000)
  eden space 126464K, 0% used [0x00000000f5d00000,0x00000000f5d00000,0x00000000fd880000)
  from space 11776K, 38% used [0x00000000fd880000,0x00000000fdce0000,0x00000000fe400000)
  to   space 11264K, 0% used [0x00000000fe700000,0x00000000fe700000,0x00000000ff200000)
 ParOldGen       total 334848K, used 323088K [0x00000000e1600000, 0x00000000f5d00000, 0x00000000f5d00000)
  object space 334848K, 96% used [0x00000000e1600000,0x00000000f5184058,0x00000000f5d00000)
 Metaspace       used 51905K, capacity 55442K, committed 55680K, reserved 1097728K
  class space    used 6643K, capacity 7516K, committed 7552K, reserved 1048576K
}
Event: 953.320 GC heap before
{Heap before GC invocations=672 (full 8):
 PSYoungGen      total 138240K, used 130944K [0x00000000f5d00000, 0x00000000ff200000, 0x0000000100000000)
  eden space 126464K, 100% used [0x00000000f5d00000,0x00000000fd880000,0x00000000fd880000)
  from space 11776K, 38% used [0x00000000fd880000,0x00000000fdce0000,0x00000000fe400000)
  to   space 11264K, 0% used [0x00000000fe700000,0x00000000fe700000,0x00000000ff200000)
 ParOldGen       total 334848K, used 323088K [0x00000000e1600000, 0x00000000f5d00000, 0x00000000f5d00000)
  object space 334848K, 96% used [0x00000000e1600000,0x00000000f5184058,0x00000000f5d00000)
 Metaspace       used 51905K, capacity 55442K, committed 55680K, reserved 1097728K
  class space    used 6643K, capacity 7516K, committed 7552K, reserved 1048576K
Event: 953.327 GC heap after
Heap after GC invocations=672 (full 8):
 PSYoungGen      total 139264K, used 4480K [0x00000000f5d00000, 0x00000000ff000000, 0x0000000100000000)
  eden space 130048K, 0% used [0x00000000f5d00000,0x00000000f5d00000,0x00000000fdc00000)
  from space 9216K, 48% used [0x00000000fe700000,0x00000000feb60000,0x00000000ff000000)
  to   space 10240K, 0% used [0x00000000fdc00000,0x00000000fdc00000,0x00000000fe600000)
 ParOldGen       total 334848K, used 323128K [0x00000000e1600000, 0x00000000f5d00000, 0x00000000f5d00000)
  object space 334848K, 96% used [0x00000000e1600000,0x00000000f518e058,0x00000000f5d00000)
 Metaspace       used 51905K, capacity 55442K, committed 55680K, reserved 1097728K
  class space    used 6643K, capacity 7516K, committed 7552K, reserved 1048576K
}
Event: 954.169 GC heap before
{Heap before GC invocations=673 (full 8):
 PSYoungGen      total 139264K, used 134528K [0x00000000f5d00000, 0x00000000ff000000, 0x0000000100000000)
  eden space 130048K, 100% used [0x00000000f5d00000,0x00000000fdc00000,0x00000000fdc00000)
  from space 9216K, 48% used [0x00000000fe700000,0x00000000feb60000,0x00000000ff000000)
  to   space 10240K, 0% used [0x00000000fdc00000,0x00000000fdc00000,0x00000000fe600000)
 ParOldGen       total 334848K, used 323128K [0x00000000e1600000, 0x00000000f5d00000, 0x00000000f5d00000)
  object space 334848K, 96% used [0x00000000e1600000,0x00000000f518e058,0x00000000f5d00000)
 Metaspace       used 51905K, capacity 55442K, committed 55680K, reserved 1097728K
  class space    used 6643K, capacity 7516K, committed 7552K, reserved 1048576K
Event: 954.177 GC heap after
Heap after GC invocations=673 (full 8):
 PSYoungGen      total 140288K, used 4544K [0x00000000f5d00000, 0x00000000ff280000, 0x0000000100000000)
  eden space 130048K, 0% used [0x00000000f5d00000,0x00000000f5d00000,0x00000000fdc00000)
  from space 10240K, 44% used [0x00000000fdc00000,0x00000000fe070000,0x00000000fe600000)
  to   space 9728K, 0% used [0x00000000fe900000,0x00000000fe900000,0x00000000ff280000)
 ParOldGen       total 334848K, used 323144K [0x00000000e1600000, 0x00000000f5d00000, 0x00000000f5d00000)
  object space 334848K, 96% used [0x00000000e1600000,0x00000000f5192058,0x00000000f5d00000)
 Metaspace       used 51905K, capacity 55442K, committed 55680K, reserved 1097728K
  class space    used 6643K, capacity 7516K, committed 7552K, reserved 1048576K
}
Event: 955.012 GC heap before
{Heap before GC invocations=674 (full 8):
 PSYoungGen      total 140288K, used 134592K [0x00000000f5d00000, 0x00000000ff280000, 0x0000000100000000)
  eden space 130048K, 100% used [0x00000000f5d00000,0x00000000fdc00000,0x00000000fdc00000)
  from space 10240K, 44% used [0x00000000fdc00000,0x00000000fe070000,0x00000000fe600000)
  to   space 9728K, 0% used [0x00000000fe900000,0x00000000fe900000,0x00000000ff280000)
 ParOldGen       total 334848K, used 323144K [0x00000000e1600000, 0x00000000f5d00000, 0x00000000f5d00000)
  object space 334848K, 96% used [0x00000000e1600000,0x00000000f5192058,0x00000000f5d00000)
 Metaspace       used 51905K, capacity 55442K, committed 55680K, reserved 1097728K
  class space    used 6643K, capacity 7516K, committed 7552K, reserved 1048576K
Event: 955.022 GC heap after
Heap after GC invocations=674 (full 8):
 PSYoungGen      total 143360K, used 4576K [0x00000000f5d00000, 0x00000000ff280000, 0x0000000100000000)
  eden space 133632K, 0% used [0x00000000f5d00000,0x00000000f5d00000,0x00000000fdf80000)
  from space 9728K, 47% used [0x00000000fe900000,0x00000000fed78000,0x00000000ff280000)
  to   space 9728K, 0% used [0x00000000fdf80000,0x00000000fdf80000,0x00000000fe900000)
 ParOldGen       total 334848K, used 323184K [0x00000000e1600000, 0x00000000f5d00000, 0x00000000f5d00000)
  object space 334848K, 96% used [0x00000000e1600000,0x00000000f519c058,0x00000000f5d00000)
 Metaspace       used 51905K, capacity 55442K, committed 55680K, reserved 1097728K
  class space    used 6643K, capacity 7516K, committed 7552K, reserved 1048576K
}
Event: 955.864 GC heap before
{Heap before GC invocations=675 (full 8):
 PSYoungGen      total 143360K, used 138208K [0x00000000f5d00000, 0x00000000ff280000, 0x0000000100000000)
  eden space 133632K, 100% used [0x00000000f5d00000,0x00000000fdf80000,0x00000000fdf80000)
  from space 9728K, 47% used [0x00000000fe900000,0x00000000fed78000,0x00000000ff280000)
  to   space 9728K, 0% used [0x00000000fdf80000,0x00000000fdf80000,0x00000000fe900000)
 ParOldGen       total 334848K, used 323184K [0x00000000e1600000, 0x00000000f5d00000, 0x00000000f5d00000)
  object space 334848K, 96% used [0x00000000e1600000,0x00000000f519c058,0x00000000f5d00000)
 Metaspace       used 51905K, capacity 55442K, committed 55680K, reserved 1097728K
  class space    used 6643K, capacity 7516K, committed 7552K, reserved 1048576K
Event: 955.872 GC heap after
Heap after GC invocations=675 (full 8):
 PSYoungGen      total 143360K, used 4608K [0x00000000f5d00000, 0x00000000ff500000, 0x0000000100000000)
  eden space 133632K, 0% used [0x00000000f5d00000,0x00000000f5d00000,0x00000000fdf80000)
  from space 9728K, 47% used [0x00000000fdf80000,0x00000000fe400000,0x00000000fe900000)
  to   space 9216K, 0% used [0x00000000fec00000,0x00000000fec00000,0x00000000ff500000)
 ParOldGen       total 334848K, used 323232K [0x00000000e1600000, 0x00000000f5d00000, 0x00000000f5d00000)
  object space 334848K, 96% used [0x00000000e1600000,0x00000000f51a8058,0x00000000f5d00000)
 Metaspace       used 51905K, capacity 55442K, committed 55680K, reserved 1097728K
  class space    used 6643K, capacity 7516K, committed 7552K, reserved 1048576K
}
Event: 956.722 GC heap before
{Heap before GC invocations=676 (full 8):
 PSYoungGen      total 143360K, used 138240K [0x00000000f5d00000, 0x00000000ff500000, 0x0000000100000000)
  eden space 133632K, 100% used [0x00000000f5d00000,0x00000000fdf80000,0x00000000fdf80000)
  from space 9728K, 47% used [0x00000000fdf80000,0x00000000fe400000,0x00000000fe900000)
  to   space 9216K, 0% used [0x00000000fec00000,0x00000000fec00000,0x00000000ff500000)
 ParOldGen       total 334848K, used 323232K [0x00000000e1600000, 0x00000000f5d00000, 0x00000000f5d00000)
  object space 334848K, 96% used [0x00000000e1600000,0x00000000f51a8058,0x00000000f5d00000)
 Metaspace       used 51905K, capacity 55442K, committed 55680K, reserved 1097728K
  class space    used 6643K, capacity 7516K, committed 7552K, reserved 1048576K
Event: 956.733 GC heap after
Heap after GC invocations=676 (full 8):
 PSYoungGen      total 146432K, used 4640K [0x00000000f5d00000, 0x00000000ff480000, 0x0000000100000000)
  eden space 137728K, 0% used [0x00000000f5d00000,0x00000000f5d00000,0x00000000fe380000)
  from space 8704K, 53% used [0x00000000fec00000,0x00000000ff088000,0x00000000ff480000)
  to   space 8704K, 0% used [0x00000000fe380000,0x00000000fe380000,0x00000000fec00000)
 ParOldGen       total 334848K, used 323280K [0x00000000e1600000, 0x00000000f5d00000, 0x00000000f5d00000)
  object space 334848K, 96% used [0x00000000e1600000,0x00000000f51b4058,0x00000000f5d00000)
 Metaspace       used 51905K, capacity 55442K, committed 55680K, reserved 1097728K
  class space    used 6643K, capacity 7516K, committed 7552K, reserved 1048576K
}
Event: 957.611 GC heap before
{Heap before GC invocations=677 (full 8):
 PSYoungGen      total 146432K, used 142368K [0x00000000f5d00000, 0x00000000ff480000, 0x0000000100000000)
  eden space 137728K, 100% used [0x00000000f5d00000,0x00000000fe380000,0x00000000fe380000)
  from space 8704K, 53% used [0x00000000fec00000,0x00000000ff088000,0x00000000ff480000)
  to   space 8704K, 0% used [0x00000000fe380000,0x00000000fe380000,0x00000000fec00000)
 ParOldGen       total 334848K, used 323280K [0x00000000e1600000, 0x00000000f5d00000, 0x00000000f5d00000)
  object space 334848K, 96% used [0x00000000e1600000,0x00000000f51b4058,0x00000000f5d00000)
 Metaspace       used 51908K, capacity 55442K, committed 55680K, reserved 1097728K
  class space    used 6643K, capacity 7516K, committed 7552K, reserved 1048576K
Event: 957.620 GC heap after
Heap after GC invocations=677 (full 8):
 PSYoungGen      total 146432K, used 1312K [0x00000000f5d00000, 0x00000000ff880000, 0x0000000100000000)
  eden space 137728K, 0% used [0x00000000f5d00000,0x00000000f5d00000,0x00000000fe380000)
  from space 8704K, 15% used [0x00000000fe380000,0x00000000fe4c8000,0x00000000fec00000)
  to   space 8704K, 0% used [0x00000000ff000000,0x00000000ff000000,0x00000000ff880000)
 ParOldGen       total 334848K, used 326768K [0x00000000e1600000, 0x00000000f5d00000, 0x00000000f5d00000)
  object space 334848K, 97% used [0x00000000e1600000,0x00000000f551c108,0x00000000f5d00000)
 Metaspace       used 51908K, capacity 55442K, committed 55680K, reserved 1097728K
  class space    used 6643K, capacity 7516K, committed 7552K, reserved 1048576K
}
Event: 958.478 GC heap before
{Heap before GC invocations=678 (full 8):
 PSYoungGen      total 146432K, used 139040K [0x00000000f5d00000, 0x00000000ff880000, 0x0000000100000000)
  eden space 137728K, 100% used [0x00000000f5d00000,0x00000000fe380000,0x00000000fe380000)
  from space 8704K, 15% used [0x00000000fe380000,0x00000000fe4c8000,0x00000000fec00000)
  to   space 8704K, 0% used [0x00000000ff000000,0x00000000ff000000,0x00000000ff880000)
 ParOldGen       total 334848K, used 326768K [0x00000000e1600000, 0x00000000f5d00000, 0x00000000f5d00000)
  object space 334848K, 97% used [0x00000000e1600000,0x00000000f551c108,0x00000000f5d00000)
 Metaspace       used 51909K, capacity 55442K, committed 55680K, reserved 1097728K
  class space    used 6643K, capacity 7516K, committed 7552K, reserved 1048576K
Event: 958.484 GC heap after
Heap after GC invocations=678 (full 8):
 PSYoungGen      total 149504K, used 1280K [0x00000000f5d00000, 0x00000000ff800000, 0x0000000100000000)
  eden space 141312K, 0% used [0x00000000f5d00000,0x00000000f5d00000,0x00000000fe700000)
  from space 8192K, 15% used [0x00000000ff000000,0x00000000ff140000,0x00000000ff800000)
  to   space 8704K, 0% used [0x00000000fe700000,0x00000000fe700000,0x00000000fef80000)
 ParOldGen       total 334848K, used 326816K [0x00000000e1600000, 0x00000000f5d00000, 0x00000000f5d00000)
  object space 334848K, 97% used [0x00000000e1600000,0x00000000f5528108,0x00000000f5d00000)
 Metaspace       used 51909K, capacity 55442K, committed 55680K, reserved 1097728K
  class space    used 6643K, capacity 7516K, committed 7552K, reserved 1048576K
}
Event: 959.371 GC heap before
{Heap before GC invocations=679 (full 8):
 PSYoungGen      total 149504K, used 142592K [0x00000000f5d00000, 0x00000000ff800000, 0x0000000100000000)
  eden space 141312K, 100% used [0x00000000f5d00000,0x00000000fe700000,0x00000000fe700000)
  from space 8192K, 15% used [0x00000000ff000000,0x00000000ff140000,0x00000000ff800000)
  to   space 8704K, 0% used [0x00000000fe700000,0x00000000fe700000,0x00000000fef80000)
 ParOldGen       total 334848K, used 326816K [0x00000000e1600000, 0x00000000f5d00000, 0x00000000f5d00000)
  object space 334848K, 97% used [0x00000000e1600000,0x00000000f5528108,0x00000000f5d00000)
 Metaspace       used 51909K, capacity 55442K, committed 55680K, reserved 1097728K
  class space    used 6643K, capacity 7516K, committed 7552K, reserved 1048576K
Event: 959.377 GC heap after
Heap after GC invocations=679 (full 8):
 PSYoungGen      total 150016K, used 1504K [0x00000000f5d00000, 0x00000000ffb80000, 0x0000000100000000)
  eden space 141312K, 0% used [0x00000000f5d00000,0x00000000f5d00000,0x00000000fe700000)
  from space 8704K, 17% used [0x00000000fe700000,0x00000000fe878000,0x00000000fef80000)
  to   space 8704K, 0% used [0x00000000ff300000,0x00000000ff300000,0x00000000ffb80000)
 ParOldGen       total 334848K, used 326856K [0x00000000e1600000, 0x00000000f5d00000, 0x00000000f5d00000)
  object space 334848K, 97% used [0x00000000e1600000,0x00000000f5532108,0x00000000f5d00000)
 Metaspace       used 51909K, capacity 55442K, committed 55680K, reserved 1097728K
  class space    used 6643K, capacity 7516K, committed 7552K, reserved 1048576K
}
Event: 960.269 GC heap before
{Heap before GC invocations=680 (full 8):
 PSYoungGen      total 150016K, used 142816K [0x00000000f5d00000, 0x00000000ffb80000, 0x0000000100000000)
  eden space 141312K, 100% used [0x00000000f5d00000,0x00000000fe700000,0x00000000fe700000)
  from space 8704K, 17% used [0x00000000fe700000,0x00000000fe878000,0x00000000fef80000)
  to   space 8704K, 0% used [0x00000000ff300000,0x00000000ff300000,0x00000000ffb80000)
 ParOldGen       total 334848K, used 326856K [0x00000000e1600000, 0x00000000f5d00000, 0x00000000f5d00000)
  object space 334848K, 97% used [0x00000000e1600000,0x00000000f5532108,0x00000000f5d00000)
 Metaspace       used 51909K, capacity 55442K, committed 55680K, reserved 1097728K
  class space    used 6643K, capacity 7516K, committed 7552K, reserved 1048576K
Event: 960.276 GC heap after
Heap after GC invocations=680 (full 8):
 PSYoungGen      total 153600K, used 1600K [0x00000000f5d00000, 0x00000000ffb80000, 0x0000000100000000)
  eden space 144896K, 0% used [0x00000000f5d00000,0x00000000f5d00000,0x00000000fea80000)
  from space 8704K, 18% used [0x00000000ff300000,0x00000000ff490000,0x00000000ffb80000)
  to   space 8704K, 0% used [0x00000000fea80000,0x00000000fea80000,0x00000000ff300000)
 ParOldGen       total 334848K, used 326904K [0x00000000e1600000, 0x00000000f5d00000, 0x00000000f5d00000)
  object space 334848K, 97% used [0x00000000e1600000,0x00000000f553e108,0x00000000f5d00000)
 Metaspace       used 51909K, capacity 55442K, committed 55680K, reserved 1097728K
  class space    used 6643K, capacity 7516K, committed 7552K, reserved 1048576K
}
Event: 961.179 GC heap before
{Heap before GC invocations=681 (full 8):
 PSYoungGen      total 153600K, used 146496K [0x00000000f5d00000, 0x00000000ffb80000, 0x0000000100000000)
  eden space 144896K, 100% used [0x00000000f5d00000,0x00000000fea80000,0x00000000fea80000)
  from space 8704K, 18% used [0x00000000ff300000,0x00000000ff490000,0x00000000ffb80000)
  to   space 8704K, 0% used [0x00000000fea80000,0x00000000fea80000,0x00000000ff300000)
 ParOldGen       total 334848K, used 326904K [0x00000000e1600000, 0x00000000f5d00000, 0x00000000f5d00000)
  object space 334848K, 97% used [0x00000000e1600000,0x00000000f553e108,0x00000000f5d00000)
 Metaspace       used 51909K, capacity 55442K, committed 55680K, reserved 1097728K
  class space    used 6643K, capacity 7516K, committed 7552K, reserved 1048576K
Event: 961.186 GC heap after
Heap after GC invocations=681 (full 8):
 PSYoungGen      total 153600K, used 1760K [0x00000000f5d00000, 0x00000000ffe00000, 0x0000000100000000)
  eden space 144896K, 0% used [0x00000000f5d00000,0x00000000f5d00000,0x00000000fea80000)
  from space 8704K, 20% used [0x00000000fea80000,0x00000000fec38000,0x00000000ff300000)
  to   space 8192K, 0% used [0x00000000ff600000,0x00000000ff600000,0x00000000ffe00000)
 ParOldGen       total 334848K, used 326952K [0x00000000e1600000, 0x00000000f5d00000, 0x00000000f5d00000)
  object space 334848K, 97% used [0x00000000e1600000,0x00000000f554a108,0x00000000f5d00000)
 Metaspace       used 51909K, capacity 55442K, committed 55680K, reserved 1097728K
  class space    used 6643K, capacity 7516K, committed 7552K, reserved 1048576K
}
Event: 962.027 GC heap before
{Heap before GC invocations=682 (full 8):
 PSYoungGen      total 153600K, used 146656K [0x00000000f5d00000, 0x00000000ffe00000, 0x0000000100000000)
  eden space 144896K, 100% used [0x00000000f5d00000,0x00000000fea80000,0x00000000fea80000)
  from space 8704K, 20% used [0x00000000fea80000,0x00000000fec38000,0x00000000ff300000)
  to   space 8192K, 0% used [0x00000000ff600000,0x00000000ff600000,0x00000000ffe00000)
 ParOldGen       total 334848K, used 326952K [0x00000000e1600000, 0x00000000f5d00000, 0x00000000f5d00000)
  object space 334848K, 97% used [0x00000000e1600000,0x00000000f554a108,0x00000000f5d00000)
 Metaspace       used 51914K, capacity 55442K, committed 55680K, reserved 1097728K
  class space    used 6643K, capacity 7516K, committed 7552K, reserved 1048576K
Event: 962.036 GC heap after
Heap after GC invocations=682 (full 8):
 PSYoungGen      total 156672K, used 3840K [0x00000000f5d00000, 0x00000000ffe00000, 0x0000000100000000)
  eden space 148480K, 0% used [0x00000000f5d00000,0x00000000f5d00000,0x00000000fee00000)
  from space 8192K, 46% used [0x00000000ff600000,0x00000000ff9c0010,0x00000000ffe00000)
  to   space 8192K, 0% used [0x00000000fee00000,0x00000000fee00000,0x00000000ff600000)
 ParOldGen       total 334848K, used 327064K [0x00000000e1600000, 0x00000000f5d00000, 0x00000000f5d00000)
  object space 334848K, 97% used [0x00000000e1600000,0x00000000f5566108,0x00000000f5d00000)
 Metaspace       used 51914K, capacity 55442K, committed 55680K, reserved 1097728K
  class space    used 6643K, capacity 7516K, committed 7552K, reserved 1048576K
}
Event: 962.968 GC heap before
{Heap before GC invocations=683 (full 8):
 PSYoungGen      total 156672K, used 152320K [0x00000000f5d00000, 0x00000000ffe00000, 0x0000000100000000)
  eden space 148480K, 100% used [0x00000000f5d00000,0x00000000fee00000,0x00000000fee00000)
  from space 8192K, 46% used [0x00000000ff600000,0x00000000ff9c0010,0x00000000ffe00000)
  to   space 8192K, 0% used [0x00000000fee00000,0x00000000fee00000,0x00000000ff600000)
 ParOldGen       total 334848K, used 327064K [0x00000000e1600000, 0x00000000f5d00000, 0x00000000f5d00000)
  object space 334848K, 97% used [0x00000000e1600000,0x00000000f5566108,0x00000000f5d00000)
 Metaspace       used 51918K, capacity 55442K, committed 55680K, reserved 1097728K
  class space    used 6643K, capacity 7516K, committed 7552K, reserved 1048576K
Event: 962.976 GC heap after
Heap after GC invocations=683 (full 8):
 PSYoungGen      total 156672K, used 3776K [0x00000000f5d00000, 0x00000000fff00000, 0x0000000100000000)
  eden space 148480K, 0% used [0x00000000f5d00000,0x00000000f5d00000,0x00000000fee00000)
  from space 8192K, 46% used [0x00000000fee00000,0x00000000ff1b0010,0x00000000ff600000)
  to   space 7680K, 0% used [0x00000000ff780000,0x00000000ff780000,0x00000000fff00000)
 ParOldGen       total 334848K, used 327136K [0x00000000e1600000, 0x00000000f5d00000, 0x00000000f5d00000)
  object space 334848K, 97% used [0x00000000e1600000,0x00000000f5578108,0x00000000f5d00000)
 Metaspace       used 51918K, capacity 55442K, committed 55680K, reserved 1097728K
  class space    used 6643K, capacity 7516K, committed 7552K, reserved 1048576K
}
Event: 963.921 GC heap before
{Heap before GC invocations=684 (full 8):
 PSYoungGen      total 156672K, used 152256K [0x00000000f5d00000, 0x00000000fff00000, 0x0000000100000000)
  eden space 148480K, 100% used [0x00000000f5d00000,0x00000000fee00000,0x00000000fee00000)
  from space 8192K, 46% used [0x00000000fee00000,0x00000000ff1b0010,0x00000000ff600000)
  to   space 7680K, 0% used [0x00000000ff780000,0x00000000ff780000,0x00000000fff00000)
 ParOldGen       total 334848K, used 327136K [0x00000000e1600000, 0x00000000f5d00000, 0x00000000f5d00000)
  object space 334848K, 97% used [0x00000000e1600000,0x00000000f5578108,0x00000000f5d00000)
 Metaspace       used 51918K, capacity 55442K, committed 55680K, reserved 1097728K
  class space    used 6643K, capacity 7516K, committed 7552K, reserved 1048576K
Event: 963.929 GC heap after
Heap after GC invocations=684 (full 8):
 PSYoungGen      total 158208K, used 3776K [0x00000000f5d00000, 0x00000000fff80000, 0x0000000100000000)
  eden space 150528K, 0% used [0x00000000f5d00000,0x00000000f5d00000,0x00000000ff000000)
  from space 7680K, 49% used [0x00000000ff780000,0x00000000ffb30000,0x00000000fff00000)
  to   space 7680K, 0% used [0x00000000ff000000,0x00000000ff000000,0x00000000ff780000)
 ParOldGen       total 334848K, used 327160K [0x00000000e1600000, 0x00000000f5d00000, 0x00000000f5d00000)
  object space 334848K, 97% used [0x00000000e1600000,0x00000000f557e108,0x00000000f5d00000)
 Metaspace       used 51918K, capacity 55442K, committed 55680K, reserved 1097728K
  class space    used 6643K, capacity 7516K, committed 7552K, reserved 1048576K
}
Event: 964.876 GC heap before
{Heap before GC invocations=685 (full 8):
 PSYoungGen      total 158208K, used 154304K [0x00000000f5d00000, 0x00000000fff80000, 0x0000000100000000)
  eden space 150528K, 100% used [0x00000000f5d00000,0x00000000ff000000,0x00000000ff000000)
  from space 7680K, 49% used [0x00000000ff780000,0x00000000ffb30000,0x00000000fff00000)
  to   space 7680K, 0% used [0x00000000ff000000,0x00000000ff000000,0x00000000ff780000)
 ParOldGen       total 334848K, used 327160K [0x00000000e1600000, 0x00000000f5d00000, 0x00000000f5d00000)
  object space 334848K, 97% used [0x00000000e1600000,0x00000000f557e108,0x00000000f5d00000)
 Metaspace       used 51918K, capacity 55442K, committed 55680K, reserved 1097728K
  class space    used 6643K, capacity 7516K, committed 7552K, reserved 1048576K
Event: 964.884 GC heap after
Heap after GC invocations=685 (full 8):
 PSYoungGen      total 158208K, used 3680K [0x00000000f5d00000, 0x00000000fff00000, 0x0000000100000000)
  eden space 150528K, 0% used [0x00000000f5d00000,0x00000000f5d00000,0x00000000ff000000)
  from space 7680K, 47% used [0x00000000ff000000,0x00000000ff398000,0x00000000ff780000)
  to   space 7168K, 0% used [0x00000000ff800000,0x00000000ff800000,0x00000000fff00000)
 ParOldGen       total 334848K, used 327208K [0x00000000e1600000, 0x00000000f5d00000, 0x00000000f5d00000)
  object space 334848K, 97% used [0x00000000e1600000,0x00000000f558a108,0x00000000f5d00000)
 Metaspace       used 51918K, capacity 55442K, committed 55680K, reserved 1097728K
  class space    used 6643K, capacity 7516K, committed 7552K, reserved 1048576K
}
Event: 965.864 GC heap before
{Heap before GC invocations=686 (full 8):
 PSYoungGen      total 158208K, used 154208K [0x00000000f5d00000, 0x00000000fff00000, 0x0000000100000000)
  eden space 150528K, 100% used [0x00000000f5d00000,0x00000000ff000000,0x00000000ff000000)
  from space 7680K, 47% used [0x00000000ff000000,0x00000000ff398000,0x00000000ff780000)
  to   space 7168K, 0% used [0x00000000ff800000,0x00000000ff800000,0x00000000fff00000)
 ParOldGen       total 334848K, used 327208K [0x00000000e1600000, 0x00000000f5d00000, 0x00000000f5d00000)
  object space 334848K, 97% used [0x00000000e1600000,0x00000000f558a108,0x00000000f5d00000)
 Metaspace       used 51918K, capacity 55442K, committed 55680K, reserved 1097728K
  class space    used 6643K, capacity 7516K, committed 7552K, reserved 1048576K
Event: 965.872 GC heap after
Heap after GC invocations=686 (full 8):
 PSYoungGen      total 158720K, used 3744K [0x00000000f5d00000, 0x00000000fff80000, 0x0000000100000000)
  eden space 151552K, 0% used [0x00000000f5d00000,0x00000000f5d00000,0x00000000ff100000)
  from space 7168K, 52% used [0x00000000ff800000,0x00000000ffba8000,0x00000000fff00000)
  to   space 7168K, 0% used [0x00000000ff100000,0x00000000ff100000,0x00000000ff800000)
 ParOldGen       total 334848K, used 327224K [0x00000000e1600000, 0x00000000f5d00000, 0x00000000f5d00000)
  object space 334848K, 97% used [0x00000000e1600000,0x00000000f558e108,0x00000000f5d00000)
 Metaspace       used 51918K, capacity 55442K, committed 55680K, reserved 1097728K
  class space    used 6643K, capacity 7516K, committed 7552K, reserved 1048576K
}
Event: 966.516 GC heap before
{Heap before GC invocations=687 (full 8):
 PSYoungGen      total 158720K, used 155296K [0x00000000f5d00000, 0x00000000fff80000, 0x0000000100000000)
  eden space 151552K, 100% used [0x00000000f5d00000,0x00000000ff100000,0x00000000ff100000)
  from space 7168K, 52% used [0x00000000ff800000,0x00000000ffba8000,0x00000000fff00000)
  to   space 7168K, 0% used [0x00000000ff100000,0x00000000ff100000,0x00000000ff800000)
 ParOldGen       total 334848K, used 327224K [0x00000000e1600000, 0x00000000f5d00000, 0x00000000f5d00000)
  object space 334848K, 97% used [0x00000000e1600000,0x00000000f558e108,0x00000000f5d00000)
 Metaspace       used 51932K, capacity 55446K, committed 55680K, reserved 1097728K
  class space    used 6644K, capacity 7516K, committed 7552K, reserved 1048576K
Event: 966.587 GC heap after
Heap after GC invocations=687 (full 8):
 PSYoungGen      total 158720K, used 155296K [0x00000000f5d00000, 0x00000000fff80000, 0x0000000100000000)
  eden space 151552K, 100% used [0x00000000f5d00000,0x00000000ff100000,0x00000000ff100000)
  from space 7168K, 52% used [0x00000000ff800000,0x00000000ffba8000,0x00000000fff00000)
  to   space 7168K, 100% used [0x00000000ff100000,0x00000000ff800000,0x00000000ff800000)
 ParOldGen       total 334848K, used 334840K [0x00000000e1600000, 0x00000000f5d00000, 0x00000000f5d00000)
  object space 334848K, 99% used [0x00000000e1600000,0x00000000f5cfe108,0x00000000f5d00000)
 Metaspace       used 51932K, capacity 55446K, committed 55680K, reserved 1097728K
  class space    used 6644K, capacity 7516K, committed 7552K, reserved 1048576K
}
Event: 966.587 GC heap before
{Heap before GC invocations=688 (full 9):
 PSYoungGen      total 158720K, used 155296K [0x00000000f5d00000, 0x00000000fff80000, 0x0000000100000000)
  eden space 151552K, 100% used [0x00000000f5d00000,0x00000000ff100000,0x00000000ff100000)
  from space 7168K, 52% used [0x00000000ff800000,0x00000000ffba8000,0x00000000fff00000)
  to   space 7168K, 100% used [0x00000000ff100000,0x00000000ff800000,0x00000000ff800000)
 ParOldGen       total 334848K, used 334840K [0x00000000e1600000, 0x00000000f5d00000, 0x00000000f5d00000)
  object space 334848K, 99% used [0x00000000e1600000,0x00000000f5cfe108,0x00000000f5d00000)
 Metaspace       used 51932K, capacity 55446K, committed 55680K, reserved 1097728K
  class space    used 6644K, capacity 7516K, committed 7552K, reserved 1048576K
Event: 967.041 GC heap after
Heap after GC invocations=688 (full 9):
 PSYoungGen      total 158720K, used 0K [0x00000000f5d00000, 0x00000000fff80000, 0x0000000100000000)
  eden space 151552K, 0% used [0x00000000f5d00000,0x00000000f5d00000,0x00000000ff100000)
  from space 7168K, 0% used [0x00000000ff800000,0x00000000ff800000,0x00000000fff00000)
  to   space 7168K, 0% used [0x00000000ff100000,0x00000000ff100000,0x00000000ff800000)
 ParOldGen       total 334848K, used 212943K [0x00000000e1600000, 0x00000000f5d00000, 0x00000000f5d00000)
  object space 334848K, 63% used [0x00000000e1600000,0x00000000ee5f3e70,0x00000000f5d00000)
 Metaspace       used 51921K, capacity 55428K, committed 55680K, reserved 1097728K
  class space    used 6643K, capacity 7513K, committed 7552K, reserved 1048576K
}
Event: 967.496 GC heap before
{Heap before GC invocations=689 (full 9):
 PSYoungGen      total 158720K, used 151552K [0x00000000f5d00000, 0x00000000fff80000, 0x0000000100000000)
  eden space 151552K, 100% used [0x00000000f5d00000,0x00000000ff100000,0x00000000ff100000)
  from space 7168K, 0% used [0x00000000ff800000,0x00000000ff800000,0x00000000fff00000)
  to   space 7168K, 0% used [0x00000000ff100000,0x00000000ff100000,0x00000000ff800000)
 ParOldGen       total 334848K, used 212943K [0x00000000e1600000, 0x00000000f5d00000, 0x00000000f5d00000)
  object space 334848K, 63% used [0x00000000e1600000,0x00000000ee5f3e70,0x00000000f5d00000)
 Metaspace       used 51922K, capacity 55492K, committed 55680K, reserved 1097728K
  class space    used 6643K, capacity 7513K, committed 7552K, reserved 1048576K
Event: 967.501 GC heap after
Heap after GC invocations=689 (full 9):
 PSYoungGen      total 158720K, used 480K [0x00000000f5d00000, 0x0000000100000000, 0x0000000100000000)
  eden space 151552K, 0% used [0x00000000f5d00000,0x00000000f5d00000,0x00000000ff100000)
  from space 7168K, 6% used [0x00000000ff100000,0x00000000ff178000,0x00000000ff800000)
  to   space 7168K, 0% used [0x00000000ff900000,0x00000000ff900000,0x0000000100000000)
 ParOldGen       total 334848K, used 212943K [0x00000000e1600000, 0x00000000f5d00000, 0x00000000f5d00000)
  object space 334848K, 63% used [0x00000000e1600000,0x00000000ee5f3e70,0x00000000f5d00000)
 Metaspace       used 51922K, capacity 55492K, committed 55680K, reserved 1097728K
  class space    used 6643K, capacity 7513K, committed 7552K, reserved 1048576K
}
Event: 968.420 GC heap before
{Heap before GC invocations=690 (full 9):
 PSYoungGen      total 158720K, used 152032K [0x00000000f5d00000, 0x0000000100000000, 0x0000000100000000)
  eden space 151552K, 100% used [0x00000000f5d00000,0x00000000ff100000,0x00000000ff100000)
  from space 7168K, 6% used [0x00000000ff100000,0x00000000ff178000,0x00000000ff800000)
  to   space 7168K, 0% used [0x00000000ff900000,0x00000000ff900000,0x0000000100000000)
 ParOldGen       total 334848K, used 212943K [0x00000000e1600000, 0x00000000f5d00000, 0x00000000f5d00000)
  object space 334848K, 63% used [0x00000000e1600000,0x00000000ee5f3e70,0x00000000f5d00000)
 Metaspace       used 51923K, capacity 55496K, committed 55680K, reserved 1097728K
  class space    used 6643K, capacity 7513K, committed 7552K, reserved 1048576K
Event: 968.427 GC heap after
Heap after GC invocations=690 (full 9):
 PSYoungGen      total 159744K, used 1824K [0x00000000f5d00000, 0x0000000100000000, 0x0000000100000000)
  eden space 152576K, 0% used [0x00000000f5d00000,0x00000000f5d00000,0x00000000ff200000)
  from space 7168K, 25% used [0x00000000ff900000,0x00000000ffac8010,0x0000000100000000)
  to   space 7168K, 0% used [0x00000000ff200000,0x00000000ff200000,0x00000000ff900000)
 ParOldGen       total 334848K, used 212943K [0x00000000e1600000, 0x00000000f5d00000, 0x00000000f5d00000)
  object space 334848K, 63% used [0x00000000e1600000,0x00000000ee5f3e70,0x00000000f5d00000)
 Metaspace       used 51923K, capacity 55496K, committed 55680K, reserved 1097728K
  class space    used 6643K, capacity 7513K, committed 7552K, reserved 1048576K
}
Event: 969.376 GC heap before
{Heap before GC invocations=691 (full 9):
 PSYoungGen      total 159744K, used 154400K [0x00000000f5d00000, 0x0000000100000000, 0x0000000100000000)
  eden space 152576K, 100% used [0x00000000f5d00000,0x00000000ff200000,0x00000000ff200000)
  from space 7168K, 25% used [0x00000000ff900000,0x00000000ffac8010,0x0000000100000000)
  to   space 7168K, 0% used [0x00000000ff200000,0x00000000ff200000,0x00000000ff900000)
 ParOldGen       total 334848K, used 212943K [0x00000000e1600000, 0x00000000f5d00000, 0x00000000f5d00000)
  object space 334848K, 63% used [0x00000000e1600000,0x00000000ee5f3e70,0x00000000f5d00000)
 Metaspace       used 51923K, capacity 55496K, committed 55680K, reserved 1097728K
  class space    used 6643K, capacity 7513K, committed 7552K, reserved 1048576K
Event: 969.383 GC heap after
Heap after GC invocations=691 (full 9):
 PSYoungGen      total 155136K, used 2464K [0x00000000f5d00000, 0x00000000fff00000, 0x0000000100000000)
  eden space 152576K, 0% used [0x00000000f5d00000,0x00000000f5d00000,0x00000000ff200000)
  from space 2560K, 96% used [0x00000000ff200000,0x00000000ff468010,0x00000000ff480000)
  to   space 6656K, 0% used [0x00000000ff880000,0x00000000ff880000,0x00000000fff00000)
 ParOldGen       total 334848K, used 212943K [0x00000000e1600000, 0x00000000f5d00000, 0x00000000f5d00000)
  object space 334848K, 63% used [0x00000000e1600000,0x00000000ee5f3e70,0x00000000f5d00000)
 Metaspace       used 51923K, capacity 55496K, committed 55680K, reserved 1097728K
  class space    used 6643K, capacity 7513K, committed 7552K, reserved 1048576K
}
Event: 970.363 GC heap before
{Heap before GC invocations=692 (full 9):
 PSYoungGen      total 155136K, used 155040K [0x00000000f5d00000, 0x00000000fff00000, 0x0000000100000000)
  eden space 152576K, 100% used [0x00000000f5d00000,0x00000000ff200000,0x00000000ff200000)
  from space 2560K, 96% used [0x00000000ff200000,0x00000000ff468010,0x00000000ff480000)
  to   space 6656K, 0% used [0x00000000ff880000,0x00000000ff880000,0x00000000fff00000)
 ParOldGen       total 334848K, used 212943K [0x00000000e1600000, 0x00000000f5d00000, 0x00000000f5d00000)
  object space 334848K, 63% used [0x00000000e1600000,0x00000000ee5f3e70,0x00000000f5d00000)
 Metaspace       used 51923K, capacity 55496K, committed 55680K, reserved 1097728K
  class space    used 6643K, capacity 7513K, committed 7552K, reserved 1048576K
Event: 970.372 GC heap after
Heap after GC invocations=692 (full 9):
 PSYoungGen      total 159232K, used 2752K [0x00000000f5d00000, 0x0000000100000000, 0x0000000100000000)
  eden space 152576K, 0% used [0x00000000f5d00000,0x00000000f5d00000,0x00000000ff200000)
  from space 6656K, 41% used [0x00000000ff880000,0x00000000ffb30000,0x00000000fff00000)
  to   space 6656K, 0% used [0x00000000ff200000,0x00000000ff200000,0x00000000ff880000)
 ParOldGen       total 334848K, used 212943K [0x00000000e1600000, 0x00000000f5d00000, 0x00000000f5d00000)
  object space 334848K, 63% used [0x00000000e1600000,0x00000000ee5f3e70,0x00000000f5d00000)
 Metaspace       used 51923K, capacity 55496K, committed 55680K, reserved 1097728K
  class space    used 6643K, capacity 7513K, committed 7552K, reserved 1048576K
}
Event: 971.320 GC heap before
{Heap before GC invocations=693 (full 9):
 PSYoungGen      total 159232K, used 155328K [0x00000000f5d00000, 0x0000000100000000, 0x0000000100000000)
  eden space 152576K, 100% used [0x00000000f5d00000,0x00000000ff200000,0x00000000ff200000)
  from space 6656K, 41% used [0x00000000ff880000,0x00000000ffb30000,0x00000000fff00000)
  to   space 6656K, 0% used [0x00000000ff200000,0x00000000ff200000,0x00000000ff880000)
 ParOldGen       total 334848K, used 212943K [0x00000000e1600000, 0x00000000f5d00000, 0x00000000f5d00000)
  object space 334848K, 63% used [0x00000000e1600000,0x00000000ee5f3e70,0x00000000f5d00000)
 Metaspace       used 51923K, capacity 55496K, committed 55680K, reserved 1097728K
  class space    used 6643K, capacity 7513K, committed 7552K, reserved 1048576K
Event: 971.330 GC heap after
Heap after GC invocations=693 (full 9):
 PSYoungGen      total 159232K, used 2944K [0x00000000f5d00000, 0x00000000fff00000, 0x0000000100000000)
  eden space 152576K, 0% used [0x00000000f5d00000,0x00000000f5d00000,0x00000000ff200000)
  from space 6656K, 44% used [0x00000000ff200000,0x00000000ff4e0000,0x00000000ff880000)
  to   space 6144K, 0% used [0x00000000ff900000,0x00000000ff900000,0x00000000fff00000)
 ParOldGen       total 334848K, used 212943K [0x00000000e1600000, 0x00000000f5d00000, 0x00000000f5d00000)
  object space 334848K, 63% used [0x00000000e1600000,0x00000000ee5f3e70,0x00000000f5d00000)
 Metaspace       used 51923K, capacity 55496K, committed 55680K, reserved 1097728K
  class space    used 6643K, capacity 7513K, committed 7552K, reserved 1048576K
}
Event: 972.274 GC heap before
{Heap before GC invocations=694 (full 9):
 PSYoungGen      total 159232K, used 155520K [0x00000000f5d00000, 0x00000000fff00000, 0x0000000100000000)
  eden space 152576K, 100% used [0x00000000f5d00000,0x00000000ff200000,0x00000000ff200000)
  from space 6656K, 44% used [0x00000000ff200000,0x00000000ff4e0000,0x00000000ff880000)
  to   space 6144K, 0% used [0x00000000ff900000,0x00000000ff900000,0x00000000fff00000)
 ParOldGen       total 334848K, used 212943K [0x00000000e1600000, 0x00000000f5d00000, 0x00000000f5d00000)
  object space 334848K, 63% used [0x00000000e1600000,0x00000000ee5f3e70,0x00000000f5d00000)
 Metaspace       used 51923K, capacity 55496K, committed 55680K, reserved 1097728K
  class space    used 6643K, capacity 7513K, committed 7552K, reserved 1048576K
Event: 972.284 GC heap after
Heap after GC invocations=694 (full 9):
 PSYoungGen      total 159744K, used 3072K [0x00000000f5d00000, 0x00000000fff80000, 0x0000000100000000)
  eden space 153600K, 0% used [0x00000000f5d00000,0x00000000f5d00000,0x00000000ff300000)
  from space 6144K, 50% used [0x00000000ff900000,0x00000000ffc00000,0x00000000fff00000)
  to   space 6144K, 0% used [0x00000000ff300000,0x00000000ff300000,0x00000000ff900000)
 ParOldGen       total 334848K, used 212943K [0x00000000e1600000, 0x00000000f5d00000, 0x00000000f5d00000)
  object space 334848K, 63% used [0x00000000e1600000,0x00000000ee5f3e70,0x00000000f5d00000)
 Metaspace       used 51923K, capacity 55496K, committed 55680K, reserved 1097728K
  class space    used 6643K, capacity 7513K, committed 7552K, reserved 1048576K
}
Event: 973.262 GC heap before
{Heap before GC invocations=695 (full 9):
 PSYoungGen      total 159744K, used 156672K [0x00000000f5d00000, 0x00000000fff80000, 0x0000000100000000)
  eden space 153600K, 100% used [0x00000000f5d00000,0x00000000ff300000,0x00000000ff300000)
  from space 6144K, 50% used [0x00000000ff900000,0x00000000ffc00000,0x00000000fff00000)
  to   space 6144K, 0% used [0x00000000ff300000,0x00000000ff300000,0x00000000ff900000)
 ParOldGen       total 334848K, used 212943K [0x00000000e1600000, 0x00000000f5d00000, 0x00000000f5d00000)
  object space 334848K, 63% used [0x00000000e1600000,0x00000000ee5f3e70,0x00000000f5d00000)
 Metaspace       used 51923K, capacity 55496K, committed 55680K, reserved 1097728K
  class space    used 6643K, capacity 7513K, committed 7552K, reserved 1048576K
Event: 973.273 GC heap after
Heap after GC invocations=695 (full 9):
 PSYoungGen      total 159744K, used 3360K [0x00000000f5d00000, 0x00000000fff00000, 0x0000000100000000)
  eden space 153600K, 0% used [0x00000000f5d00000,0x00000000f5d00000,0x00000000ff300000)
  from space 6144K, 54% used [0x00000000ff300000,0x00000000ff648000,0x00000000ff900000)
  to   space 5632K, 0% used [0x00000000ff980000,0x00000000ff980000,0x00000000fff00000)
 ParOldGen       total 334848K, used 212943K [0x00000000e1600000, 0x00000000f5d00000, 0x00000000f5d00000)
  object space 334848K, 63% used [0x00000000e1600000,0x00000000ee5f3e70,0x00000000f5d00000)
 Metaspace       used 51923K, capacity 55496K, committed 55680K, reserved 1097728K
  class space    used 6643K, capacity 7513K, committed 7552K, reserved 1048576K
}
Event: 974.219 GC heap before
{Heap before GC invocations=696 (full 9):
 PSYoungGen      total 159744K, used 156960K [0x00000000f5d00000, 0x00000000fff00000, 0x0000000100000000)
  eden space 153600K, 100% used [0x00000000f5d00000,0x00000000ff300000,0x00000000ff300000)
  from space 6144K, 54% used [0x00000000ff300000,0x00000000ff648000,0x00000000ff900000)
  to   space 5632K, 0% used [0x00000000ff980000,0x00000000ff980000,0x00000000fff00000)
 ParOldGen       total 334848K, used 212943K [0x00000000e1600000, 0x00000000f5d00000, 0x00000000f5d00000)
  object space 334848K, 63% used [0x00000000e1600000,0x00000000ee5f3e70,0x00000000f5d00000)
 Metaspace       used 51923K, capacity 55496K, committed 55680K, reserved 1097728K
  class space    used 6643K, capacity 7513K, committed 7552K, reserved 1048576K
Event: 974.230 GC heap after
Heap after GC invocations=696 (full 9):
 PSYoungGen      total 160256K, used 3360K [0x00000000f5d00000, 0x00000000fff80000, 0x0000000100000000)
  eden space 154624K, 0% used [0x00000000f5d00000,0x00000000f5d00000,0x00000000ff400000)
  from space 5632K, 59% used [0x00000000ff980000,0x00000000ffcc8000,0x00000000fff00000)
  to   space 5632K, 0% used [0x00000000ff400000,0x00000000ff400000,0x00000000ff980000)
 ParOldGen       total 334848K, used 212943K [0x00000000e1600000, 0x00000000f5d00000, 0x00000000f5d00000)
  object space 334848K, 63% used [0x00000000e1600000,0x00000000ee5f3e70,0x00000000f5d00000)
 Metaspace       used 51923K, capacity 55496K, committed 55680K, reserved 1097728K
  class space    used 6643K, capacity 7513K, committed 7552K, reserved 1048576K
}
Event: 975.208 GC heap before
{Heap before GC invocations=697 (full 9):
 PSYoungGen      total 160256K, used 157984K [0x00000000f5d00000, 0x00000000fff80000, 0x0000000100000000)
  eden space 154624K, 100% used [0x00000000f5d00000,0x00000000ff400000,0x00000000ff400000)
  from space 5632K, 59% used [0x00000000ff980000,0x00000000ffcc8000,0x00000000fff00000)
  to   space 5632K, 0% used [0x00000000ff400000,0x00000000ff400000,0x00000000ff980000)
 ParOldGen       total 334848K, used 212943K [0x00000000e1600000, 0x00000000f5d00000, 0x00000000f5d00000)
  object space 334848K, 63% used [0x00000000e1600000,0x00000000ee5f3e70,0x00000000f5d00000)
 Metaspace       used 51923K, capacity 55496K, committed 55680K, reserved 1097728K
  class space    used 6643K, capacity 7513K, committed 7552K, reserved 1048576K
Event: 975.218 GC heap after
Heap after GC invocations=697 (full 9):
 PSYoungGen      total 160256K, used 3424K [0x00000000f5d00000, 0x0000000100000000, 0x0000000100000000)
  eden space 154624K, 0% used [0x00000000f5d00000,0x00000000f5d00000,0x00000000ff400000)
  from space 5632K, 60% used [0x00000000ff400000,0x00000000ff758000,0x00000000ff980000)
  to   space 5632K, 0% used [0x00000000ffa80000,0x00000000ffa80000,0x0000000100000000)
 ParOldGen       total 334848K, used 212943K [0x00000000e1600000, 0x00000000f5d00000, 0x00000000f5d00000)
  object space 334848K, 63% used [0x00000000e1600000,0x00000000ee5f3e70,0x00000000f5d00000)
 Metaspace       used 51923K, capacity 55496K, committed 55680K, reserved 1097728K
  class space    used 6643K, capacity 7513K, committed 7552K, reserved 1048576K
}
Event: 976.173 GC heap before
{Heap before GC invocations=698 (full 9):
 PSYoungGen      total 160256K, used 158048K [0x00000000f5d00000, 0x0000000100000000, 0x0000000100000000)
  eden space 154624K, 100% used [0x00000000f5d00000,0x00000000ff400000,0x00000000ff400000)
  from space 5632K, 60% used [0x00000000ff400000,0x00000000ff758000,0x00000000ff980000)
  to   space 5632K, 0% used [0x00000000ffa80000,0x00000000ffa80000,0x0000000100000000)
 ParOldGen       total 334848K, used 212943K [0x00000000e1600000, 0x00000000f5d00000, 0x00000000f5d00000)
  object space 334848K, 63% used [0x00000000e1600000,0x00000000ee5f3e70,0x00000000f5d00000)
 Metaspace       used 51923K, capacity 55496K, committed 55680K, reserved 1097728K
  class space    used 6643K, capacity 7513K, committed 7552K, reserved 1048576K
Event: 976.183 GC heap after
Heap after GC invocations=698 (full 9):
 PSYoungGen      total 161280K, used 3520K [0x00000000f5d00000, 0x0000000100000000, 0x0000000100000000)
  eden space 155648K, 0% used [0x00000000f5d00000,0x00000000f5d00000,0x00000000ff500000)
  from space 5632K, 62% used [0x00000000ffa80000,0x00000000ffdf0000,0x0000000100000000)
  to   space 5632K, 0% used [0x00000000ff500000,0x00000000ff500000,0x00000000ffa80000)
 ParOldGen       total 334848K, used 212943K [0x00000000e1600000, 0x00000000f5d00000, 0x00000000f5d00000)
  object space 334848K, 63% used [0x00000000e1600000,0x00000000ee5f3e70,0x00000000f5d00000)
 Metaspace       used 51923K, capacity 55496K, committed 55680K, reserved 1097728K
  class space    used 6643K, capacity 7513K, committed 7552K, reserved 1048576K
}
Event: 977.169 GC heap before
{Heap before GC invocations=699 (full 9):
 PSYoungGen      total 161280K, used 159168K [0x00000000f5d00000, 0x0000000100000000, 0x0000000100000000)
  eden space 155648K, 100% used [0x00000000f5d00000,0x00000000ff500000,0x00000000ff500000)
  from space 5632K, 62% used [0x00000000ffa80000,0x00000000ffdf0000,0x0000000100000000)
  to   space 5632K, 0% used [0x00000000ff500000,0x00000000ff500000,0x00000000ffa80000)
 ParOldGen       total 334848K, used 212943K [0x00000000e1600000, 0x00000000f5d00000, 0x00000000f5d00000)
  object space 334848K, 63% used [0x00000000e1600000,0x00000000ee5f3e70,0x00000000f5d00000)
 Metaspace       used 51923K, capacity 55496K, committed 55680K, reserved 1097728K
  class space    used 6643K, capacity 7513K, committed 7552K, reserved 1048576K
Event: 977.180 GC heap after
Heap after GC invocations=699 (full 9):
 PSYoungGen      total 161280K, used 3552K [0x00000000f5d00000, 0x0000000100000000, 0x0000000100000000)
  eden space 155648K, 0% used [0x00000000f5d00000,0x00000000f5d00000,0x00000000ff500000)
  from space 5632K, 63% used [0x00000000ff500000,0x00000000ff878000,0x00000000ffa80000)
  to   space 5632K, 0% used [0x00000000ffa80000,0x00000000ffa80000,0x0000000100000000)
 ParOldGen       total 334848K, used 212943K [0x00000000e1600000, 0x00000000f5d00000, 0x00000000f5d00000)
  object space 334848K, 63% used [0x00000000e1600000,0x00000000ee5f3e70,0x00000000f5d00000)
 Metaspace       used 51923K, capacity 55496K, committed 55680K, reserved 1097728K
  class space    used 6643K, capacity 7513K, committed 7552K, reserved 1048576K
}
Event: 978.164 GC heap before
{Heap before GC invocations=700 (full 9):
 PSYoungGen      total 161280K, used 159200K [0x00000000f5d00000, 0x0000000100000000, 0x0000000100000000)
  eden space 155648K, 100% used [0x00000000f5d00000,0x00000000ff500000,0x00000000ff500000)
  from space 5632K, 63% used [0x00000000ff500000,0x00000000ff878000,0x00000000ffa80000)
  to   space 5632K, 0% used [0x00000000ffa80000,0x00000000ffa80000,0x0000000100000000)
 ParOldGen       total 334848K, used 212943K [0x00000000e1600000, 0x00000000f5d00000, 0x00000000f5d00000)
  object space 334848K, 63% used [0x00000000e1600000,0x00000000ee5f3e70,0x00000000f5d00000)
 Metaspace       used 51923K, capacity 55496K, committed 55680K, reserved 1097728K
  class space    used 6643K, capacity 7513K, committed 7552K, reserved 1048576K
Event: 978.175 GC heap after
Heap after GC invocations=700 (full 9):
 PSYoungGen      total 161280K, used 3680K [0x00000000f5d00000, 0x0000000100000000, 0x0000000100000000)
  eden space 155648K, 0% used [0x00000000f5d00000,0x00000000f5d00000,0x00000000ff500000)
  from space 5632K, 65% used [0x00000000ffa80000,0x00000000ffe18000,0x0000000100000000)
  to   space 5632K, 0% used [0x00000000ff500000,0x00000000ff500000,0x00000000ffa80000)
 ParOldGen       total 334848K, used 212943K [0x00000000e1600000, 0x00000000f5d00000, 0x00000000f5d00000)
  object space 334848K, 63% used [0x00000000e1600000,0x00000000ee5f3e70,0x00000000f5d00000)
 Metaspace       used 51923K, capacity 55496K, committed 55680K, reserved 1097728K
  class space    used 6643K, capacity 7513K, committed 7552K, reserved 1048576K
}
Event: 979.118 GC heap before
{Heap before GC invocations=701 (full 9):
 PSYoungGen      total 161280K, used 159328K [0x00000000f5d00000, 0x0000000100000000, 0x0000000100000000)
  eden space 155648K, 100% used [0x00000000f5d00000,0x00000000ff500000,0x00000000ff500000)
  from space 5632K, 65% used [0x00000000ffa80000,0x00000000ffe18000,0x0000000100000000)
  to   space 5632K, 0% used [0x00000000ff500000,0x00000000ff500000,0x00000000ffa80000)
 ParOldGen       total 334848K, used 212943K [0x00000000e1600000, 0x00000000f5d00000, 0x00000000f5d00000)
  object space 334848K, 63% used [0x00000000e1600000,0x00000000ee5f3e70,0x00000000f5d00000)
 Metaspace       used 51950K, capacity 55524K, committed 55680K, reserved 1097728K
  class space    used 6650K, capacity 7519K, committed 7552K, reserved 1048576K
Event: 979.129 GC heap after
Heap after GC invocations=701 (full 9):
 PSYoungGen      total 161280K, used 3808K [0x00000000f5d00000, 0x0000000100000000, 0x0000000100000000)
  eden space 155648K, 0% used [0x00000000f5d00000,0x00000000f5d00000,0x00000000ff500000)
  from space 5632K, 67% used [0x00000000ff500000,0x00000000ff8b8000,0x00000000ffa80000)
  to   space 5632K, 0% used [0x00000000ffa80000,0x00000000ffa80000,0x0000000100000000)
 ParOldGen       total 334848K, used 212943K [0x00000000e1600000, 0x00000000f5d00000, 0x00000000f5d00000)
  object space 334848K, 63% used [0x00000000e1600000,0x00000000ee5f3e70,0x00000000f5d00000)
 Metaspace       used 51950K, capacity 55524K, committed 55680K, reserved 1097728K
  class space    used 6650K, capacity 7519K, committed 7552K, reserved 1048576K
}
Event: 980.016 GC heap before
{Heap before GC invocations=702 (full 9):
 PSYoungGen      total 161280K, used 159456K [0x00000000f5d00000, 0x0000000100000000, 0x0000000100000000)
  eden space 155648K, 100% used [0x00000000f5d00000,0x00000000ff500000,0x00000000ff500000)
  from space 5632K, 67% used [0x00000000ff500000,0x00000000ff8b8000,0x00000000ffa80000)
  to   space 5632K, 0% used [0x00000000ffa80000,0x00000000ffa80000,0x0000000100000000)
 ParOldGen       total 334848K, used 212943K [0x00000000e1600000, 0x00000000f5d00000, 0x00000000f5d00000)
  object space 334848K, 63% used [0x00000000e1600000,0x00000000ee5f3e70,0x00000000f5d00000)
 Metaspace       used 51962K, capacity 55528K, committed 55680K, reserved 1097728K
  class space    used 6650K, capacity 7519K, committed 7552K, reserved 1048576K
Event: 980.033 GC heap after
Heap after GC invocations=702 (full 9):
 PSYoungGen      total 160256K, used 5600K [0x00000000f5d00000, 0x0000000100000000, 0x0000000100000000)
  eden space 154624K, 0% used [0x00000000f5d00000,0x00000000f5d00000,0x00000000ff400000)
  from space 5632K, 99% used [0x00000000ffa80000,0x00000000ffff8050,0x0000000100000000)
  to   space 6144K, 0% used [0x00000000ff400000,0x00000000ff400000,0x00000000ffa00000)
 ParOldGen       total 334848K, used 213287K [0x00000000e1600000, 0x00000000f5d00000, 0x00000000f5d00000)
  object space 334848K, 63% used [0x00000000e1600000,0x00000000ee649e70,0x00000000f5d00000)
 Metaspace       used 51962K, capacity 55528K, committed 55680K, reserved 1097728K
  class space    used 6650K, capacity 7519K, committed 7552K, reserved 1048576K
}
Event: 980.973 GC heap before
{Heap before GC invocations=703 (full 9):
 PSYoungGen      total 160256K, used 160224K [0x00000000f5d00000, 0x0000000100000000, 0x0000000100000000)
  eden space 154624K, 100% used [0x00000000f5d00000,0x00000000ff400000,0x00000000ff400000)
  from space 5632K, 99% used [0x00000000ffa80000,0x00000000ffff8050,0x0000000100000000)
  to   space 6144K, 0% used [0x00000000ff400000,0x00000000ff400000,0x00000000ffa00000)
 ParOldGen       total 334848K, used 213287K [0x00000000e1600000, 0x00000000f5d00000, 0x00000000f5d00000)
  object space 334848K, 63% used [0x00000000e1600000,0x00000000ee649e70,0x00000000f5d00000)
 Metaspace       used 51962K, capacity 55528K, committed 55680K, reserved 1097728K
  class space    used 6650K, capacity 7519K, committed 7552K, reserved 1048576K
Event: 980.983 GC heap after
Heap after GC invocations=703 (full 9):
 PSYoungGen      total 160256K, used 5600K [0x00000000f5d00000, 0x0000000100000000, 0x0000000100000000)
  eden space 154624K, 0% used [0x00000000f5d00000,0x00000000f5d00000,0x00000000ff400000)
  from space 5632K, 99% used [0x00000000ff400000,0x00000000ff978050,0x00000000ff980000)
  to   space 6656K, 0% used [0x00000000ff980000,0x00000000ff980000,0x0000000100000000)
 ParOldGen       total 334848K, used 213343K [0x00000000e1600000, 0x00000000f5d00000, 0x00000000f5d00000)
  object space 334848K, 63% used [0x00000000e1600000,0x00000000ee657e70,0x00000000f5d00000)
 Metaspace       used 51962K, capacity 55528K, committed 55680K, reserved 1097728K
  class space    used 6650K, capacity 7519K, committed 7552K, reserved 1048576K
}
Event: 981.935 GC heap before
{Heap before GC invocations=704 (full 9):
 PSYoungGen      total 160256K, used 160224K [0x00000000f5d00000, 0x0000000100000000, 0x0000000100000000)
  eden space 154624K, 100% used [0x00000000f5d00000,0x00000000ff400000,0x00000000ff400000)
  from space 5632K, 99% used [0x00000000ff400000,0x00000000ff978050,0x00000000ff980000)
  to   space 6656K, 0% used [0x00000000ff980000,0x00000000ff980000,0x0000000100000000)
 ParOldGen       total 334848K, used 213343K [0x00000000e1600000, 0x00000000f5d00000, 0x00000000f5d00000)
  object space 334848K, 63% used [0x00000000e1600000,0x00000000ee657e70,0x00000000f5d00000)
 Metaspace       used 51962K, capacity 55528K, committed 55680K, reserved 1097728K
  class space    used 6650K, capacity 7519K, committed 7552K, reserved 1048576K
Event: 981.956 GC heap after
Heap after GC invocations=704 (full 9):
 PSYoungGen      total 159232K, used 5632K [0x00000000f5d00000, 0x0000000100000000, 0x0000000100000000)
  eden space 152576K, 0% used [0x00000000f5d00000,0x00000000f5d00000,0x00000000ff200000)
  from space 6656K, 84% used [0x00000000ff980000,0x00000000fff00040,0x0000000100000000)
  to   space 7168K, 0% used [0x00000000ff200000,0x00000000ff200000,0x00000000ff900000)
 ParOldGen       total 334848K, used 213343K [0x00000000e1600000, 0x00000000f5d00000, 0x00000000f5d00000)
  object space 334848K, 63% used [0x00000000e1600000,0x00000000ee657e70,0x00000000f5d00000)
 Metaspace       used 51962K, capacity 55528K, committed 55680K, reserved 1097728K
  class space    used 6650K, capacity 7519K, committed 7552K, reserved 1048576K
}
Event: 982.930 GC heap before
{Heap before GC invocations=705 (full 9):
 PSYoungGen      total 159232K, used 158208K [0x00000000f5d00000, 0x0000000100000000, 0x0000000100000000)
  eden space 152576K, 100% used [0x00000000f5d00000,0x00000000ff200000,0x00000000ff200000)
  from space 6656K, 84% used [0x00000000ff980000,0x00000000fff00040,0x0000000100000000)
  to   space 7168K, 0% used [0x00000000ff200000,0x00000000ff200000,0x00000000ff900000)
 ParOldGen       total 334848K, used 213343K [0x00000000e1600000, 0x00000000f5d00000, 0x00000000f5d00000)
  object space 334848K, 63% used [0x00000000e1600000,0x00000000ee657e70,0x00000000f5d00000)
 Metaspace       used 51965K, capacity 55528K, committed 55680K, reserved 1097728K
  class space    used 6650K, capacity 7519K, committed 7552K, reserved 1048576K
Event: 982.951 GC heap after
Heap after GC invocations=705 (full 9):
 PSYoungGen      total 159744K, used 7168K [0x00000000f5d00000, 0x0000000100000000, 0x0000000100000000)
  eden space 152576K, 0% used [0x00000000f5d00000,0x00000000f5d00000,0x00000000ff200000)
  from space 7168K, 100% used [0x00000000ff200000,0x00000000ff900000,0x00000000ff900000)
  to   space 7168K, 0% used [0x00000000ff900000,0x00000000ff900000,0x0000000100000000)
 ParOldGen       total 334848K, used 226312K [0x00000000e1600000, 0x00000000f5d00000, 0x00000000f5d00000)
  object space 334848K, 67% used [0x00000000e1600000,0x00000000ef302378,0x00000000f5d00000)
 Metaspace       used 51965K, capacity 55528K, committed 55680K, reserved 1097728K
  class space    used 6650K, capacity 7519K, committed 7552K, reserved 1048576K
}
Event: 983.403 GC heap before
{Heap before GC invocations=706 (full 9):
 PSYoungGen      total 159744K, used 159744K [0x00000000f5d00000, 0x0000000100000000, 0x0000000100000000)
  eden space 152576K, 100% used [0x00000000f5d00000,0x00000000ff200000,0x00000000ff200000)
  from space 7168K, 100% used [0x00000000ff200000,0x00000000ff900000,0x00000000ff900000)
  to   space 7168K, 0% used [0x00000000ff900000,0x00000000ff900000,0x0000000100000000)
 ParOldGen       total 334848K, used 226312K [0x00000000e1600000, 0x00000000f5d00000, 0x00000000f5d00000)
  object space 334848K, 67% used [0x00000000e1600000,0x00000000ef302378,0x00000000f5d00000)
 Metaspace       used 51966K, capacity 55528K, committed 55680K, reserved 1097728K
  class space    used 6650K, capacity 7519K, committed 7552K, reserved 1048576K
Event: 983.414 GC heap after
Heap after GC invocations=706 (full 9):
 PSYoungGen      total 145408K, used 7168K [0x00000000f5d00000, 0x0000000100000000, 0x0000000100000000)
  eden space 138240K, 0% used [0x00000000f5d00000,0x00000000f5d00000,0x00000000fe400000)
  from space 7168K, 100% used [0x00000000ff900000,0x0000000100000000,0x0000000100000000)
  to   space 14336K, 0% used [0x00000000fe400000,0x00000000fe400000,0x00000000ff200000)
 ParOldGen       total 334848K, used 230888K [0x00000000e1600000, 0x00000000f5d00000, 0x00000000f5d00000)
  object space 334848K, 68% used [0x00000000e1600000,0x00000000ef77a398,0x00000000f5d00000)
 Metaspace       used 51966K, capacity 55528K, committed 55680K, reserved 1097728K
  class space    used 6650K, capacity 7519K, committed 7552K, reserved 1048576K
}
Event: 983.965 GC heap before
{Heap before GC invocations=707 (full 9):
 PSYoungGen      total 145408K, used 145408K [0x00000000f5d00000, 0x0000000100000000, 0x0000000100000000)
  eden space 138240K, 100% used [0x00000000f5d00000,0x00000000fe400000,0x00000000fe400000)
  from space 7168K, 100% used [0x00000000ff900000,0x0000000100000000,0x0000000100000000)
  to   space 14336K, 0% used [0x00000000fe400000,0x00000000fe400000,0x00000000ff200000)
 ParOldGen       total 334848K, used 230888K [0x00000000e1600000, 0x00000000f5d00000, 0x00000000f5d00000)
  object space 334848K, 68% used [0x00000000e1600000,0x00000000ef77a398,0x00000000f5d00000)
 Metaspace       used 51966K, capacity 55528K, committed 55680K, reserved 1097728K
  class space    used 6650K, capacity 7519K, committed 7552K, reserved 1048576K
Event: 983.974 GC heap after
Heap after GC invocations=707 (full 9):
 PSYoungGen      total 152576K, used 7392K [0x00000000f5d00000, 0x0000000100000000, 0x0000000100000000)
  eden space 138240K, 0% used [0x00000000f5d00000,0x00000000f5d00000,0x00000000fe400000)
  from space 14336K, 51% used [0x00000000fe400000,0x00000000feb38000,0x00000000ff200000)
  to   space 14336K, 0% used [0x00000000ff200000,0x00000000ff200000,0x0000000100000000)
 ParOldGen       total 334848K, used 230896K [0x00000000e1600000, 0x00000000f5d00000, 0x00000000f5d00000)
  object space 334848K, 68% used [0x00000000e1600000,0x00000000ef77c398,0x00000000f5d00000)
 Metaspace       used 51966K, capacity 55528K, committed 55680K, reserved 1097728K
  class space    used 6650K, capacity 7519K, committed 7552K, reserved 1048576K
}
Event: 984.767 GC heap before
{Heap before GC invocations=708 (full 9):
 PSYoungGen      total 152576K, used 145632K [0x00000000f5d00000, 0x0000000100000000, 0x0000000100000000)
  eden space 138240K, 100% used [0x00000000f5d00000,0x00000000fe400000,0x00000000fe400000)
  from space 14336K, 51% used [0x00000000fe400000,0x00000000feb38000,0x00000000ff200000)
  to   space 14336K, 0% used [0x00000000ff200000,0x00000000ff200000,0x0000000100000000)
 ParOldGen       total 334848K, used 230896K [0x00000000e1600000, 0x00000000f5d00000, 0x00000000f5d00000)
  object space 334848K, 68% used [0x00000000e1600000,0x00000000ef77c398,0x00000000f5d00000)
 Metaspace       used 51966K, capacity 55528K, committed 55680K, reserved 1097728K
  class space    used 6650K, capacity 7519K, committed 7552K, reserved 1048576K
Event: 984.776 GC heap after
Heap after GC invocations=708 (full 9):
 PSYoungGen      total 151552K, used 7488K [0x00000000f5d00000, 0x00000000fff00000, 0x0000000100000000)
  eden space 138240K, 0% used [0x00000000f5d00000,0x00000000f5d00000,0x00000000fe400000)
  from space 13312K, 56% used [0x00000000ff200000,0x00000000ff950000,0x00000000fff00000)
  to   space 13824K, 0% used [0x00000000fe400000,0x00000000fe400000,0x00000000ff180000)
 ParOldGen       total 334848K, used 230896K [0x00000000e1600000, 0x00000000f5d00000, 0x00000000f5d00000)
  object space 334848K, 68% used [0x00000000e1600000,0x00000000ef77c398,0x00000000f5d00000)
 Metaspace       used 51966K, capacity 55528K, committed 55680K, reserved 1097728K
  class space    used 6650K, capacity 7519K, committed 7552K, reserved 1048576K
}
Event: 985.571 GC heap before
{Heap before GC invocations=709 (full 9):
 PSYoungGen      total 151552K, used 145728K [0x00000000f5d00000, 0x00000000fff00000, 0x0000000100000000)
  eden space 138240K, 100% used [0x00000000f5d00000,0x00000000fe400000,0x00000000fe400000)
  from space 13312K, 56% used [0x00000000ff200000,0x00000000ff950000,0x00000000fff00000)
  to   space 13824K, 0% used [0x00000000fe400000,0x00000000fe400000,0x00000000ff180000)
 ParOldGen       total 334848K, used 230896K [0x00000000e1600000, 0x00000000f5d00000, 0x00000000f5d00000)
  object space 334848K, 68% used [0x00000000e1600000,0x00000000ef77c398,0x00000000f5d00000)
 Metaspace       used 51966K, capacity 55528K, committed 55680K, reserved 1097728K
  class space    used 6650K, capacity 7519K, committed 7552K, reserved 1048576K
Event: 985.580 GC heap after
Heap after GC invocations=709 (full 9):
 PSYoungGen      total 152064K, used 7760K [0x00000000f5d00000, 0x0000000100000000, 0x0000000100000000)
  eden space 138240K, 0% used [0x00000000f5d00000,0x00000000f5d00000,0x00000000fe400000)
  from space 13824K, 56% used [0x00000000fe400000,0x00000000feb94020,0x00000000ff180000)
  to   space 13824K, 0% used [0x00000000ff280000,0x00000000ff280000,0x0000000100000000)
 ParOldGen       total 334848K, used 230896K [0x00000000e1600000, 0x00000000f5d00000, 0x00000000f5d00000)
  object space 334848K, 68% used [0x00000000e1600000,0x00000000ef77c398,0x00000000f5d00000)
 Metaspace       used 51966K, capacity 55528K, committed 55680K, reserved 1097728K
  class space    used 6650K, capacity 7519K, committed 7552K, reserved 1048576K
}
Event: 986.374 GC heap before
{Heap before GC invocations=710 (full 9):
 PSYoungGen      total 152064K, used 146000K [0x00000000f5d00000, 0x0000000100000000, 0x0000000100000000)
  eden space 138240K, 100% used [0x00000000f5d00000,0x00000000fe400000,0x00000000fe400000)
  from space 13824K, 56% used [0x00000000fe400000,0x00000000feb94020,0x00000000ff180000)
  to   space 13824K, 0% used [0x00000000ff280000,0x00000000ff280000,0x0000000100000000)
 ParOldGen       total 334848K, used 230896K [0x00000000e1600000, 0x00000000f5d00000, 0x00000000f5d00000)
  object space 334848K, 68% used [0x00000000e1600000,0x00000000ef77c398,0x00000000f5d00000)
 Metaspace       used 51966K, capacity 55528K, committed 55680K, reserved 1097728K
  class space    used 6650K, capacity 7519K, committed 7552K, reserved 1048576K
Event: 986.383 GC heap after
Heap after GC invocations=710 (full 9):
 PSYoungGen      total 152064K, used 7856K [0x00000000f5d00000, 0x00000000fff00000, 0x0000000100000000)
  eden space 139264K, 0% used [0x00000000f5d00000,0x00000000f5d00000,0x00000000fe500000)
  from space 12800K, 61% used [0x00000000ff280000,0x00000000ffa2c020,0x00000000fff00000)
  to   space 13312K, 0% used [0x00000000fe500000,0x00000000fe500000,0x00000000ff200000)
 ParOldGen       total 334848K, used 230896K [0x00000000e1600000, 0x00000000f5d00000, 0x00000000f5d00000)
  object space 334848K, 68% used [0x00000000e1600000,0x00000000ef77c398,0x00000000f5d00000)
 Metaspace       used 51966K, capacity 55528K, committed 55680K, reserved 1097728K
  class space    used 6650K, capacity 7519K, committed 7552K, reserved 1048576K
}
Event: 987.181 GC heap before
{Heap before GC invocations=711 (full 9):
 PSYoungGen      total 152064K, used 147120K [0x00000000f5d00000, 0x00000000fff00000, 0x0000000100000000)
  eden space 139264K, 100% used [0x00000000f5d00000,0x00000000fe500000,0x00000000fe500000)
  from space 12800K, 61% used [0x00000000ff280000,0x00000000ffa2c020,0x00000000fff00000)
  to   space 13312K, 0% used [0x00000000fe500000,0x00000000fe500000,0x00000000ff200000)
 ParOldGen       total 334848K, used 230896K [0x00000000e1600000, 0x00000000f5d00000, 0x00000000f5d00000)
  object space 334848K, 68% used [0x00000000e1600000,0x00000000ef77c398,0x00000000f5d00000)
 Metaspace       used 51966K, capacity 55528K, committed 55680K, reserved 1097728K
  class space    used 6650K, capacity 7519K, committed 7552K, reserved 1048576K
Event: 987.191 GC heap after
Heap after GC invocations=711 (full 9):
 PSYoungGen      total 152576K, used 7984K [0x00000000f5d00000, 0x0000000100000000, 0x0000000100000000)
  eden space 139264K, 0% used [0x00000000f5d00000,0x00000000f5d00000,0x00000000fe500000)
  from space 13312K, 59% used [0x00000000fe500000,0x00000000feccc020,0x00000000ff200000)
  to   space 13312K, 0% used [0x00000000ff300000,0x00000000ff300000,0x0000000100000000)
 ParOldGen       total 334848K, used 230896K [0x00000000e1600000, 0x00000000f5d00000, 0x00000000f5d00000)
  object space 334848K, 68% used [0x00000000e1600000,0x00000000ef77c398,0x00000000f5d00000)
 Metaspace       used 51966K, capacity 55528K, committed 55680K, reserved 1097728K
  class space    used 6650K, capacity 7519K, committed 7552K, reserved 1048576K
}
Event: 987.714 GC heap before
{Heap before GC invocations=712 (full 9):
 PSYoungGen      total 152576K, used 147248K [0x00000000f5d00000, 0x0000000100000000, 0x0000000100000000)
  eden space 139264K, 100% used [0x00000000f5d00000,0x00000000fe500000,0x00000000fe500000)
  from space 13312K, 59% used [0x00000000fe500000,0x00000000feccc020,0x00000000ff200000)
  to   space 13312K, 0% used [0x00000000ff300000,0x00000000ff300000,0x0000000100000000)
 ParOldGen       total 334848K, used 230896K [0x00000000e1600000, 0x00000000f5d00000, 0x00000000f5d00000)
  object space 334848K, 68% used [0x00000000e1600000,0x00000000ef77c398,0x00000000f5d00000)
 Metaspace       used 51968K, capacity 55532K, committed 55680K, reserved 1097728K
  class space    used 6650K, capacity 7519K, committed 7552K, reserved 1048576K
Event: 987.737 GC heap after
Heap after GC invocations=712 (full 9):
 PSYoungGen      total 146432K, used 13296K [0x00000000f5d00000, 0x0000000100000000, 0x0000000100000000)
  eden space 133120K, 0% used [0x00000000f5d00000,0x00000000f5d00000,0x00000000fdf00000)
  from space 13312K, 99% used [0x00000000ff300000,0x00000000ffffc020,0x0000000100000000)
  to   space 16896K, 0% used [0x00000000fdf00000,0x00000000fdf00000,0x00000000fef80000)
 ParOldGen       total 334848K, used 236264K [0x00000000e1600000, 0x00000000f5d00000, 0x00000000f5d00000)
  object space 334848K, 70% used [0x00000000e1600000,0x00000000efcba358,0x00000000f5d00000)
 Metaspace       used 51968K, capacity 55532K, committed 55680K, reserved 1097728K
  class space    used 6650K, capacity 7519K, committed 7552K, reserved 1048576K
}
Event: 988.282 GC heap before
{Heap before GC invocations=713 (full 9):
 PSYoungGen      total 146432K, used 146416K [0x00000000f5d00000, 0x0000000100000000, 0x0000000100000000)
  eden space 133120K, 100% used [0x00000000f5d00000,0x00000000fdf00000,0x00000000fdf00000)
  from space 13312K, 99% used [0x00000000ff300000,0x00000000ffffc020,0x0000000100000000)
  to   space 16896K, 0% used [0x00000000fdf00000,0x00000000fdf00000,0x00000000fef80000)
 ParOldGen       total 334848K, used 236264K [0x00000000e1600000, 0x00000000f5d00000, 0x00000000f5d00000)
  object space 334848K, 70% used [0x00000000e1600000,0x00000000efcba358,0x00000000f5d00000)
 Metaspace       used 51968K, capacity 55532K, committed 55680K, reserved 1097728K
  class space    used 6650K, capacity 7519K, committed 7552K, reserved 1048576K
Event: 988.299 GC heap after
Heap after GC invocations=713 (full 9):
 PSYoungGen      total 147456K, used 14048K [0x00000000f5d00000, 0x0000000100000000, 0x0000000100000000)
  eden space 133120K, 0% used [0x00000000f5d00000,0x00000000f5d00000,0x00000000fdf00000)
  from space 14336K, 97% used [0x00000000fdf00000,0x00000000fecb8000,0x00000000fed00000)
  to   space 18432K, 0% used [0x00000000fee00000,0x00000000fee00000,0x0000000100000000)
 ParOldGen       total 334848K, used 236264K [0x00000000e1600000, 0x00000000f5d00000, 0x00000000f5d00000)
  object space 334848K, 70% used [0x00000000e1600000,0x00000000efcba358,0x00000000f5d00000)
 Metaspace       used 51968K, capacity 55532K, committed 55680K, reserved 1097728K
  class space    used 6650K, capacity 7519K, committed 7552K, reserved 1048576K
}
Event: 988.834 GC heap before
{Heap before GC invocations=714 (full 9):
 PSYoungGen      total 147456K, used 147168K [0x00000000f5d00000, 0x0000000100000000, 0x0000000100000000)
  eden space 133120K, 100% used [0x00000000f5d00000,0x00000000fdf00000,0x00000000fdf00000)
  from space 14336K, 97% used [0x00000000fdf00000,0x00000000fecb8000,0x00000000fed00000)
  to   space 18432K, 0% used [0x00000000fee00000,0x00000000fee00000,0x0000000100000000)
 ParOldGen       total 334848K, used 236264K [0x00000000e1600000, 0x00000000f5d00000, 0x00000000f5d00000)
  object space 334848K, 70% used [0x00000000e1600000,0x00000000efcba358,0x00000000f5d00000)
 Metaspace       used 51968K, capacity 55532K, committed 55680K, reserved 1097728K
  class space    used 6650K, capacity 7519K, committed 7552K, reserved 1048576K
Event: 988.852 GC heap after
Heap after GC invocations=714 (full 9):
 PSYoungGen      total 145408K, used 14944K [0x00000000f5d00000, 0x0000000100000000, 0x0000000100000000)
  eden space 126976K, 0% used [0x00000000f5d00000,0x00000000f5d00000,0x00000000fd900000)
  from space 18432K, 81% used [0x00000000fee00000,0x00000000ffc98000,0x0000000100000000)
  to   space 19968K, 0% used [0x00000000fd900000,0x00000000fd900000,0x00000000fec80000)
 ParOldGen       total 334848K, used 236264K [0x00000000e1600000, 0x00000000f5d00000, 0x00000000f5d00000)
  object space 334848K, 70% used [0x00000000e1600000,0x00000000efcba358,0x00000000f5d00000)
 Metaspace       used 51968K, capacity 55532K, committed 55680K, reserved 1097728K
  class space    used 6650K, capacity 7519K, committed 7552K, reserved 1048576K
}
Event: 989.374 GC heap before
{Heap before GC invocations=715 (full 9):
 PSYoungGen      total 145408K, used 141920K [0x00000000f5d00000, 0x0000000100000000, 0x0000000100000000)
  eden space 126976K, 100% used [0x00000000f5d00000,0x00000000fd900000,0x00000000fd900000)
  from space 18432K, 81% used [0x00000000fee00000,0x00000000ffc98000,0x0000000100000000)
  to   space 19968K, 0% used [0x00000000fd900000,0x00000000fd900000,0x00000000fec80000)
 ParOldGen       total 334848K, used 236264K [0x00000000e1600000, 0x00000000f5d00000, 0x00000000f5d00000)
  object space 334848K, 70% used [0x00000000e1600000,0x00000000efcba358,0x00000000f5d00000)
 Metaspace       used 51968K, capacity 55532K, committed 55680K, reserved 1097728K
  class space    used 6650K, capacity 7519K, committed 7552K, reserved 1048576K
Event: 989.392 GC heap after
Heap after GC invocations=715 (full 9):
 PSYoungGen      total 142336K, used 15312K [0x00000000f5d00000, 0x0000000100000000, 0x0000000100000000)
  eden space 126976K, 0% used [0x00000000f5d00000,0x00000000f5d00000,0x00000000fd900000)
  from space 15360K, 99% used [0x00000000fd900000,0x00000000fe7f4020,0x00000000fe800000)
  to   space 20992K, 0% used [0x00000000feb80000,0x00000000feb80000,0x0000000100000000)
 ParOldGen       total 334848K, used 236272K [0x00000000e1600000, 0x00000000f5d00000, 0x00000000f5d00000)
  object space 334848K, 70% used [0x00000000e1600000,0x00000000efcbc358,0x00000000f5d00000)
 Metaspace       used 51968K, capacity 55532K, committed 55680K, reserved 1097728K
  class space    used 6650K, capacity 7519K, committed 7552K, reserved 1048576K
}
Event: 989.887 GC heap before
{Heap before GC invocations=716 (full 9):
 PSYoungGen      total 142336K, used 142288K [0x00000000f5d00000, 0x0000000100000000, 0x0000000100000000)
  eden space 126976K, 100% used [0x00000000f5d00000,0x00000000fd900000,0x00000000fd900000)
  from space 15360K, 99% used [0x00000000fd900000,0x00000000fe7f4020,0x00000000fe800000)
  to   space 20992K, 0% used [0x00000000feb80000,0x00000000feb80000,0x0000000100000000)
 ParOldGen       total 334848K, used 236272K [0x00000000e1600000, 0x00000000f5d00000, 0x00000000f5d00000)
  object space 334848K, 70% used [0x00000000e1600000,0x00000000efcbc358,0x00000000f5d00000)
 Metaspace       used 51968K, capacity 55532K, committed 55680K, reserved 1097728K
  class space    used 6650K, capacity 7519K, committed 7552K, reserved 1048576K
Event: 989.907 GC heap after
Heap after GC invocations=716 (full 9):
 PSYoungGen      total 143872K, used 15856K [0x00000000f5d00000, 0x0000000100000000, 0x0000000100000000)
  eden space 122880K, 0% used [0x00000000f5d00000,0x00000000f5d00000,0x00000000fd500000)
  from space 20992K, 75% used [0x00000000feb80000,0x00000000ffafc020,0x0000000100000000)
  to   space 22016K, 0% used [0x00000000fd500000,0x00000000fd500000,0x00000000fea80000)
 ParOldGen       total 334848K, used 236288K [0x00000000e1600000, 0x00000000f5d00000, 0x00000000f5d00000)
  object space 334848K, 70% used [0x00000000e1600000,0x00000000efcc0358,0x00000000f5d00000)
 Metaspace       used 51968K, capacity 55532K, committed 55680K, reserved 1097728K
  class space    used 6650K, capacity 7519K, committed 7552K, reserved 1048576K
}
Event: 990.385 GC heap before
{Heap before GC invocations=717 (full 9):
 PSYoungGen      total 143872K, used 138736K [0x00000000f5d00000, 0x0000000100000000, 0x0000000100000000)
  eden space 122880K, 100% used [0x00000000f5d00000,0x00000000fd500000,0x00000000fd500000)
  from space 20992K, 75% used [0x00000000feb80000,0x00000000ffafc020,0x0000000100000000)
  to   space 22016K, 0% used [0x00000000fd500000,0x00000000fd500000,0x00000000fea80000)
 ParOldGen       total 334848K, used 236288K [0x00000000e1600000, 0x00000000f5d00000, 0x00000000f5d00000)
  object space 334848K, 70% used [0x00000000e1600000,0x00000000efcc0358,0x00000000f5d00000)
 Metaspace       used 51968K, capacity 55532K, committed 55680K, reserved 1097728K
  class space    used 6650K, capacity 7519K, committed 7552K, reserved 1048576K
Event: 990.404 GC heap after
Heap after GC invocations=717 (full 9):
 PSYoungGen      total 138752K, used 15472K [0x00000000f5d00000, 0x0000000100000000, 0x0000000100000000)
  eden space 122880K, 0% used [0x00000000f5d00000,0x00000000f5d00000,0x00000000fd500000)
  from space 15872K, 97% used [0x00000000fd500000,0x00000000fe41c020,0x00000000fe480000)
  to   space 23040K, 0% used [0x00000000fe980000,0x00000000fe980000,0x0000000100000000)
 ParOldGen       total 334848K, used 236928K [0x00000000e1600000, 0x00000000f5d00000, 0x00000000f5d00000)
  object space 334848K, 70% used [0x00000000e1600000,0x00000000efd603c8,0x00000000f5d00000)
 Metaspace       used 51968K, capacity 55532K, committed 55680K, reserved 1097728K
  class space    used 6650K, capacity 7519K, committed 7552K, reserved 1048576K
}
Event: 990.884 GC heap before
{Heap before GC invocations=718 (full 9):
 PSYoungGen      total 138752K, used 138352K [0x00000000f5d00000, 0x0000000100000000, 0x0000000100000000)
  eden space 122880K, 100% used [0x00000000f5d00000,0x00000000fd500000,0x00000000fd500000)
  from space 15872K, 97% used [0x00000000fd500000,0x00000000fe41c020,0x00000000fe480000)
  to   space 23040K, 0% used [0x00000000fe980000,0x00000000fe980000,0x0000000100000000)
 ParOldGen       total 334848K, used 236928K [0x00000000e1600000, 0x00000000f5d00000, 0x00000000f5d00000)
  object space 334848K, 70% used [0x00000000e1600000,0x00000000efd603c8,0x00000000f5d00000)
 Metaspace       used 51968K, capacity 55532K, committed 55680K, reserved 1097728K
  class space    used 6650K, capacity 7519K, committed 7552K, reserved 1048576K
Event: 990.904 GC heap after
Heap after GC invocations=718 (full 9):
 PSYoungGen      total 142848K, used 15776K [0x00000000f5d00000, 0x0000000100000000, 0x0000000100000000)
  eden space 119808K, 0% used [0x00000000f5d00000,0x00000000f5d00000,0x00000000fd200000)
  from space 23040K, 68% used [0x00000000fe980000,0x00000000ff8e8000,0x0000000100000000)
  to   space 23552K, 0% used [0x00000000fd200000,0x00000000fd200000,0x00000000fe900000)
 ParOldGen       total 334848K, used 236928K [0x00000000e1600000, 0x00000000f5d00000, 0x00000000f5d00000)
  object space 334848K, 70% used [0x00000000e1600000,0x00000000efd603c8,0x00000000f5d00000)
 Metaspace       used 51968K, capacity 55532K, committed 55680K, reserved 1097728K
  class space    used 6650K, capacity 7519K, committed 7552K, reserved 1048576K
}
Event: 991.370 GC heap before
{Heap before GC invocations=719 (full 9):
 PSYoungGen      total 142848K, used 135584K [0x00000000f5d00000, 0x0000000100000000, 0x0000000100000000)
  eden space 119808K, 100% used [0x00000000f5d00000,0x00000000fd200000,0x00000000fd200000)
  from space 23040K, 68% used [0x00000000fe980000,0x00000000ff8e8000,0x0000000100000000)
  to   space 23552K, 0% used [0x00000000fd200000,0x00000000fd200000,0x00000000fe900000)
 ParOldGen       total 334848K, used 236928K [0x00000000e1600000, 0x00000000f5d00000, 0x00000000f5d00000)
  object space 334848K, 70% used [0x00000000e1600000,0x00000000efd603c8,0x00000000f5d00000)
 Metaspace       used 51968K, capacity 55532K, committed 55680K, reserved 1097728K
  class space    used 6650K, capacity 7519K, committed 7552K, reserved 1048576K
Event: 991.390 GC heap after
Heap after GC invocations=719 (full 9):
 PSYoungGen      total 136192K, used 16192K [0x00000000f5d00000, 0x0000000100000000, 0x0000000100000000)
  eden space 119808K, 0% used [0x00000000f5d00000,0x00000000f5d00000,0x00000000fd200000)
  from space 16384K, 98% used [0x00000000fd200000,0x00000000fe1d0000,0x00000000fe200000)
  to   space 24064K, 0% used [0x00000000fe880000,0x00000000fe880000,0x0000000100000000)
 ParOldGen       total 334848K, used 236928K [0x00000000e1600000, 0x00000000f5d00000, 0x00000000f5d00000)
  object space 334848K, 70% used [0x00000000e1600000,0x00000000efd603c8,0x00000000f5d00000)
 Metaspace       used 51968K, capacity 55532K, committed 55680K, reserved 1097728K
  class space    used 6650K, capacity 7519K, committed 7552K, reserved 1048576K
}
Event: 991.834 GC heap before
{Heap before GC invocations=720 (full 9):
 PSYoungGen      total 136192K, used 136000K [0x00000000f5d00000, 0x0000000100000000, 0x0000000100000000)
  eden space 119808K, 100% used [0x00000000f5d00000,0x00000000fd200000,0x00000000fd200000)
  from space 16384K, 98% used [0x00000000fd200000,0x00000000fe1d0000,0x00000000fe200000)
  to   space 24064K, 0% used [0x00000000fe880000,0x00000000fe880000,0x0000000100000000)
 ParOldGen       total 334848K, used 236928K [0x00000000e1600000, 0x00000000f5d00000, 0x00000000f5d00000)
  object space 334848K, 70% used [0x00000000e1600000,0x00000000efd603c8,0x00000000f5d00000)
 Metaspace       used 51968K, capacity 55532K, committed 55680K, reserved 1097728K
  class space    used 6650K, capacity 7519K, committed 7552K, reserved 1048576K
Event: 991.853 GC heap after
Heap after GC invocations=720 (full 9):
 PSYoungGen      total 142848K, used 15072K [0x00000000f5d00000, 0x0000000100000000, 0x0000000100000000)
  eden space 118784K, 0% used [0x00000000f5d00000,0x00000000f5d00000,0x00000000fd100000)
  from space 24064K, 62% used [0x00000000fe880000,0x00000000ff738000,0x0000000100000000)
  to   space 24064K, 0% used [0x00000000fd100000,0x00000000fd100000,0x00000000fe880000)
 ParOldGen       total 334848K, used 238312K [0x00000000e1600000, 0x00000000f5d00000, 0x00000000f5d00000)
  object space 334848K, 71% used [0x00000000e1600000,0x00000000efeba3c8,0x00000000f5d00000)
 Metaspace       used 51968K, capacity 55532K, committed 55680K, reserved 1097728K
  class space    used 6650K, capacity 7519K, committed 7552K, reserved 1048576K
}
Event: 992.317 GC heap before
{Heap before GC invocations=721 (full 9):
 PSYoungGen      total 142848K, used 133856K [0x00000000f5d00000, 0x0000000100000000, 0x0000000100000000)
  eden space 118784K, 100% used [0x00000000f5d00000,0x00000000fd100000,0x00000000fd100000)
  from space 24064K, 62% used [0x00000000fe880000,0x00000000ff738000,0x0000000100000000)
  to   space 24064K, 0% used [0x00000000fd100000,0x00000000fd100000,0x00000000fe880000)
 ParOldGen       total 334848K, used 238312K [0x00000000e1600000, 0x00000000f5d00000, 0x00000000f5d00000)
  object space 334848K, 71% used [0x00000000e1600000,0x00000000efeba3c8,0x00000000f5d00000)
 Metaspace       used 51968K, capacity 55532K, committed 55680K, reserved 1097728K
  class space    used 6650K, capacity 7519K, committed 7552K, reserved 1048576K
Event: 992.336 GC heap after
Heap after GC invocations=721 (full 9):
 PSYoungGen      total 133632K, used 14496K [0x00000000f5d00000, 0x00000000fff00000, 0x0000000100000000)
  eden space 118784K, 0% used [0x00000000f5d00000,0x00000000f5d00000,0x00000000fd100000)
  from space 14848K, 97% used [0x00000000fd100000,0x00000000fdf28000,0x00000000fdf80000)
  to   space 23552K, 0% used [0x00000000fe800000,0x00000000fe800000,0x00000000fff00000)
 ParOldGen       total 334848K, used 239224K [0x00000000e1600000, 0x00000000f5d00000, 0x00000000f5d00000)
  object space 334848K, 71% used [0x00000000e1600000,0x00000000eff9e3e8,0x00000000f5d00000)
 Metaspace       used 51968K, capacity 55532K, committed 55680K, reserved 1097728K
  class space    used 6650K, capacity 7519K, committed 7552K, reserved 1048576K
}
Event: 992.790 GC heap before
{Heap before GC invocations=722 (full 9):
 PSYoungGen      total 133632K, used 133280K [0x00000000f5d00000, 0x00000000fff00000, 0x0000000100000000)
  eden space 118784K, 100% used [0x00000000f5d00000,0x00000000fd100000,0x00000000fd100000)
  from space 14848K, 97% used [0x00000000fd100000,0x00000000fdf28000,0x00000000fdf80000)
  to   space 23552K, 0% used [0x00000000fe800000,0x00000000fe800000,0x00000000fff00000)
 ParOldGen       total 334848K, used 239224K [0x00000000e1600000, 0x00000000f5d00000, 0x00000000f5d00000)
  object space 334848K, 71% used [0x00000000e1600000,0x00000000eff9e3e8,0x00000000f5d00000)
 Metaspace       used 51968K, capacity 55532K, committed 55680K, reserved 1097728K
  class space    used 6650K, capacity 7519K, committed 7552K, reserved 1048576K
Event: 992.808 GC heap after
Heap after GC invocations=722 (full 9):
 PSYoungGen      total 142336K, used 14400K [0x00000000f5d00000, 0x0000000100000000, 0x0000000100000000)
  eden space 118784K, 0% used [0x00000000f5d00000,0x00000000f5d00000,0x00000000fd100000)
  from space 23552K, 61% used [0x00000000fe800000,0x00000000ff610000,0x00000000fff00000)
  to   space 23552K, 0% used [0x00000000fd100000,0x00000000fd100000,0x00000000fe800000)
 ParOldGen       total 334848K, used 239240K [0x00000000e1600000, 0x00000000f5d00000, 0x00000000f5d00000)
  object space 334848K, 71% used [0x00000000e1600000,0x00000000effa23e8,0x00000000f5d00000)
 Metaspace       used 51968K, capacity 55532K, committed 55680K, reserved 1097728K
  class space    used 6650K, capacity 7519K, committed 7552K, reserved 1048576K
}
Event: 993.282 GC heap before
{Heap before GC invocations=723 (full 9):
 PSYoungGen      total 142336K, used 133184K [0x00000000f5d00000, 0x0000000100000000, 0x0000000100000000)
  eden space 118784K, 100% used [0x00000000f5d00000,0x00000000fd100000,0x00000000fd100000)
  from space 23552K, 61% used [0x00000000fe800000,0x00000000ff610000,0x00000000fff00000)
  to   space 23552K, 0% used [0x00000000fd100000,0x00000000fd100000,0x00000000fe800000)
 ParOldGen       total 334848K, used 239240K [0x00000000e1600000, 0x00000000f5d00000, 0x00000000f5d00000)
  object space 334848K, 71% used [0x00000000e1600000,0x00000000effa23e8,0x00000000f5d00000)
 Metaspace       used 51968K, capacity 55532K, committed 55680K, reserved 1097728K
  class space    used 6650K, capacity 7519K, committed 7552K, reserved 1048576K
Event: 993.301 GC heap after
Heap after GC invocations=723 (full 9):
 PSYoungGen      total 142336K, used 14496K [0x00000000f5d00000, 0x00000000fff00000, 0x0000000100000000)
  eden space 118784K, 0% used [0x00000000f5d00000,0x00000000f5d00000,0x00000000fd100000)
  from space 23552K, 61% used [0x00000000fd100000,0x00000000fdf28000,0x00000000fe800000)
  to   space 23040K, 0% used [0x00000000fe880000,0x00000000fe880000,0x00000000fff00000)
 ParOldGen       total 334848K, used 239336K [0x00000000e1600000, 0x00000000f5d00000, 0x00000000f5d00000)
  object space 334848K, 71% used [0x00000000e1600000,0x00000000effba3e8,0x00000000f5d00000)
 Metaspace       used 51968K, capacity 55532K, committed 55680K, reserved 1097728K
  class space    used 6650K, capacity 7519K, committed 7552K, reserved 1048576K
}
Event: 993.783 GC heap before
{Heap before GC invocations=724 (full 9):
 PSYoungGen      total 142336K, used 133280K [0x00000000f5d00000, 0x00000000fff00000, 0x0000000100000000)
  eden space 118784K, 100% used [0x00000000f5d00000,0x00000000fd100000,0x00000000fd100000)
  from space 23552K, 61% used [0x00000000fd100000,0x00000000fdf28000,0x00000000fe800000)
  to   space 23040K, 0% used [0x00000000fe880000,0x00000000fe880000,0x00000000fff00000)
 ParOldGen       total 334848K, used 239336K [0x00000000e1600000, 0x00000000f5d00000, 0x00000000f5d00000)
  object space 334848K, 71% used [0x00000000e1600000,0x00000000effba3e8,0x00000000f5d00000)
 Metaspace       used 51968K, capacity 55532K, committed 55680K, reserved 1097728K
  class space    used 6650K, capacity 7519K, committed 7552K, reserved 1048576K
Event: 993.801 GC heap after
Heap after GC invocations=724 (full 9):
 PSYoungGen      total 142848K, used 14464K [0x00000000f5d00000, 0x00000000ffe80000, 0x0000000100000000)
  eden space 120320K, 0% used [0x00000000f5d00000,0x00000000f5d00000,0x00000000fd280000)
  from space 22528K, 64% used [0x00000000fe880000,0x00000000ff6a0000,0x00000000ffe80000)
  to   space 22528K, 0% used [0x00000000fd280000,0x00000000fd280000,0x00000000fe880000)
 ParOldGen       total 334848K, used 239432K [0x00000000e1600000, 0x00000000f5d00000, 0x00000000f5d00000)
  object space 334848K, 71% used [0x00000000e1600000,0x00000000effd23e8,0x00000000f5d00000)
 Metaspace       used 51968K, capacity 55532K, committed 55680K, reserved 1097728K
  class space    used 6650K, capacity 7519K, committed 7552K, reserved 1048576K
}
Event: 994.288 GC heap before
{Heap before GC invocations=725 (full 9):
 PSYoungGen      total 142848K, used 134784K [0x00000000f5d00000, 0x00000000ffe80000, 0x0000000100000000)
  eden space 120320K, 100% used [0x00000000f5d00000,0x00000000fd280000,0x00000000fd280000)
  from space 22528K, 64% used [0x00000000fe880000,0x00000000ff6a0000,0x00000000ffe80000)
  to   space 22528K, 0% used [0x00000000fd280000,0x00000000fd280000,0x00000000fe880000)
 ParOldGen       total 334848K, used 239432K [0x00000000e1600000, 0x00000000f5d00000, 0x00000000f5d00000)
  object space 334848K, 71% used [0x00000000e1600000,0x00000000effd23e8,0x00000000f5d00000)
 Metaspace       used 51968K, capacity 55532K, committed 55680K, reserved 1097728K
  class space    used 6650K, capacity 7519K, committed 7552K, reserved 1048576K
Event: 994.305 GC heap after
Heap after GC invocations=725 (full 9):
 PSYoungGen      total 142848K, used 14400K [0x00000000f5d00000, 0x00000000fff00000, 0x0000000100000000)
  eden space 120320K, 0% used [0x00000000f5d00000,0x00000000f5d00000,0x00000000fd280000)
  from space 22528K, 63% used [0x00000000fd280000,0x00000000fe090000,0x00000000fe880000)
  to   space 22016K, 0% used [0x00000000fe980000,0x00000000fe980000,0x00000000fff00000)
 ParOldGen       total 334848K, used 239480K [0x00000000e1600000, 0x00000000f5d00000, 0x00000000f5d00000)
  object space 334848K, 71% used [0x00000000e1600000,0x00000000effde3e8,0x00000000f5d00000)
 Metaspace       used 51968K, capacity 55532K, committed 55680K, reserved 1097728K
  class space    used 6650K, capacity 7519K, committed 7552K, reserved 1048576K
}
Event: 994.791 GC heap before
{Heap before GC invocations=726 (full 9):
 PSYoungGen      total 142848K, used 134720K [0x00000000f5d00000, 0x00000000fff00000, 0x0000000100000000)
  eden space 120320K, 100% used [0x00000000f5d00000,0x00000000fd280000,0x00000000fd280000)
  from space 22528K, 63% used [0x00000000fd280000,0x00000000fe090000,0x00000000fe880000)
  to   space 22016K, 0% used [0x00000000fe980000,0x00000000fe980000,0x00000000fff00000)
 ParOldGen       total 334848K, used 239480K [0x00000000e1600000, 0x00000000f5d00000, 0x00000000f5d00000)
  object space 334848K, 71% used [0x00000000e1600000,0x00000000effde3e8,0x00000000f5d00000)
 Metaspace       used 51968K, capacity 55532K, committed 55680K, reserved 1097728K
  class space    used 6650K, capacity 7519K, committed 7552K, reserved 1048576K
Event: 994.808 GC heap after
Heap after GC invocations=726 (full 9):
 PSYoungGen      total 143872K, used 14496K [0x00000000f5d00000, 0x00000000fff80000, 0x0000000100000000)
  eden space 121856K, 0% used [0x00000000f5d00000,0x00000000f5d00000,0x00000000fd400000)
  from space 22016K, 65% used [0x00000000fe980000,0x00000000ff7a8000,0x00000000fff00000)
  to   space 22016K, 0% used [0x00000000fd400000,0x00000000fd400000,0x00000000fe980000)
 ParOldGen       total 334848K, used 239528K [0x00000000e1600000, 0x00000000f5d00000, 0x00000000f5d00000)
  object space 334848K, 71% used [0x00000000e1600000,0x00000000effea3e8,0x00000000f5d00000)
 Metaspace       used 51968K, capacity 55532K, committed 55680K, reserved 1097728K
  class space    used 6650K, capacity 7519K, committed 7552K, reserved 1048576K
}
Event: 995.318 GC heap before
{Heap before GC invocations=727 (full 9):
 PSYoungGen      total 143872K, used 136352K [0x00000000f5d00000, 0x00000000fff80000, 0x0000000100000000)
  eden space 121856K, 100% used [0x00000000f5d00000,0x00000000fd400000,0x00000000fd400000)
  from space 22016K, 65% used [0x00000000fe980000,0x00000000ff7a8000,0x00000000fff00000)
  to   space 22016K, 0% used [0x00000000fd400000,0x00000000fd400000,0x00000000fe980000)
 ParOldGen       total 334848K, used 239528K [0x00000000e1600000, 0x00000000f5d00000, 0x00000000f5d00000)
  object space 334848K, 71% used [0x00000000e1600000,0x00000000effea3e8,0x00000000f5d00000)
 Metaspace       used 51968K, capacity 55532K, committed 55680K, reserved 1097728K
  class space    used 6650K, capacity 7519K, committed 7552K, reserved 1048576K
Event: 995.335 GC heap after
Heap after GC invocations=727 (full 9):
 PSYoungGen      total 143872K, used 8160K [0x00000000f5d00000, 0x0000000100000000, 0x0000000100000000)
  eden space 121856K, 0% used [0x00000000f5d00000,0x00000000f5d00000,0x00000000fd400000)
  from space 22016K, 37% used [0x00000000fd400000,0x00000000fdbf8000,0x00000000fe980000)
  to   space 22016K, 0% used [0x00000000fea80000,0x00000000fea80000,0x0000000100000000)
 ParOldGen       total 334848K, used 245896K [0x00000000e1600000, 0x00000000f5d00000, 0x00000000f5d00000)
  object space 334848K, 73% used [0x00000000e1600000,0x00000000f06223e8,0x00000000f5d00000)
 Metaspace       used 51968K, capacity 55532K, committed 55680K, reserved 1097728K
  class space    used 6650K, capacity 7519K, committed 7552K, reserved 1048576K
}
Event: 995.833 GC heap before
{Heap before GC invocations=728 (full 9):
 PSYoungGen      total 143872K, used 130016K [0x00000000f5d00000, 0x0000000100000000, 0x0000000100000000)
  eden space 121856K, 100% used [0x00000000f5d00000,0x00000000fd400000,0x00000000fd400000)
  from space 22016K, 37% used [0x00000000fd400000,0x00000000fdbf8000,0x00000000fe980000)
  to   space 22016K, 0% used [0x00000000fea80000,0x00000000fea80000,0x0000000100000000)
 ParOldGen       total 334848K, used 245896K [0x00000000e1600000, 0x00000000f5d00000, 0x00000000f5d00000)
  object space 334848K, 73% used [0x00000000e1600000,0x00000000f06223e8,0x00000000f5d00000)
 Metaspace       used 51968K, capacity 55532K, committed 55680K, reserved 1097728K
  class space    used 6650K, capacity 7519K, committed 7552K, reserved 1048576K
Event: 995.844 GC heap after
Heap after GC invocations=728 (full 9):
 PSYoungGen      total 144896K, used 7680K [0x00000000f5d00000, 0x0000000100000000, 0x0000000100000000)
  eden space 122880K, 0% used [0x00000000f5d00000,0x00000000f5d00000,0x00000000fd500000)
  from space 22016K, 34% used [0x00000000fea80000,0x00000000ff200000,0x0000000100000000)
  to   space 22016K, 0% used [0x00000000fd500000,0x00000000fd500000,0x00000000fea80000)
 ParOldGen       total 334848K, used 246360K [0x00000000e1600000, 0x00000000f5d00000, 0x00000000f5d00000)
  object space 334848K, 73% used [0x00000000e1600000,0x00000000f06963e8,0x00000000f5d00000)
 Metaspace       used 51968K, capacity 55532K, committed 55680K, reserved 1097728K
  class space    used 6650K, capacity 7519K, committed 7552K, reserved 1048576K
}
Event: 996.370 GC heap before
{Heap before GC invocations=729 (full 9):
 PSYoungGen      total 144896K, used 130560K [0x00000000f5d00000, 0x0000000100000000, 0x0000000100000000)
  eden space 122880K, 100% used [0x00000000f5d00000,0x00000000fd500000,0x00000000fd500000)
  from space 22016K, 34% used [0x00000000fea80000,0x00000000ff200000,0x0000000100000000)
  to   space 22016K, 0% used [0x00000000fd500000,0x00000000fd500000,0x00000000fea80000)
 ParOldGen       total 334848K, used 246360K [0x00000000e1600000, 0x00000000f5d00000, 0x00000000f5d00000)
  object space 334848K, 73% used [0x00000000e1600000,0x00000000f06963e8,0x00000000f5d00000)
 Metaspace       used 51968K, capacity 55532K, committed 55680K, reserved 1097728K
  class space    used 6650K, capacity 7519K, committed 7552K, reserved 1048576K
Event: 996.381 GC heap after
Heap after GC invocations=729 (full 9):
 PSYoungGen      total 144896K, used 7008K [0x00000000f5d00000, 0x0000000100000000, 0x0000000100000000)
  eden space 122880K, 0% used [0x00000000f5d00000,0x00000000f5d00000,0x00000000fd500000)
  from space 22016K, 31% used [0x00000000fd500000,0x00000000fdbd8000,0x00000000fea80000)
  to   space 22016K, 0% used [0x00000000fea80000,0x00000000fea80000,0x0000000100000000)
 ParOldGen       total 334848K, used 247080K [0x00000000e1600000, 0x00000000f5d00000, 0x00000000f5d00000)
  object space 334848K, 73% used [0x00000000e1600000,0x00000000f074a3e8,0x00000000f5d00000)
 Metaspace       used 51968K, capacity 55532K, committed 55680K, reserved 1097728K
  class space    used 6650K, capacity 7519K, committed 7552K, reserved 1048576K
}
Event: 996.888 GC heap before
{Heap before GC invocations=730 (full 9):
 PSYoungGen      total 144896K, used 129888K [0x00000000f5d00000, 0x0000000100000000, 0x0000000100000000)
  eden space 122880K, 100% used [0x00000000f5d00000,0x00000000fd500000,0x00000000fd500000)
  from space 22016K, 31% used [0x00000000fd500000,0x00000000fdbd8000,0x00000000fea80000)
  to   space 22016K, 0% used [0x00000000fea80000,0x00000000fea80000,0x0000000100000000)
 ParOldGen       total 334848K, used 247080K [0x00000000e1600000, 0x00000000f5d00000, 0x00000000f5d00000)
  object space 334848K, 73% used [0x00000000e1600000,0x00000000f074a3e8,0x00000000f5d00000)
 Metaspace       used 51968K, capacity 55532K, committed 55680K, reserved 1097728K
  class space    used 6650K, capacity 7519K, committed 7552K, reserved 1048576K
Event: 996.898 GC heap after
Heap after GC invocations=730 (full 9):
 PSYoungGen      total 143872K, used 6624K [0x00000000f5d00000, 0x00000000fff00000, 0x0000000100000000)
  eden space 122880K, 0% used [0x00000000f5d00000,0x00000000f5d00000,0x00000000fd500000)
  from space 20992K, 31% used [0x00000000fea80000,0x00000000ff0f8000,0x00000000fff00000)
  to   space 21504K, 0% used [0x00000000fd500000,0x00000000fd500000,0x00000000fea00000)
 ParOldGen       total 334848K, used 247480K [0x00000000e1600000, 0x00000000f5d00000, 0x00000000f5d00000)
  object space 334848K, 73% used [0x00000000e1600000,0x00000000f07ae3e8,0x00000000f5d00000)
 Metaspace       used 51968K, capacity 55532K, committed 55680K, reserved 1097728K
  class space    used 6650K, capacity 7519K, committed 7552K, reserved 1048576K
}
Event: 997.424 GC heap before
{Heap before GC invocations=731 (full 9):
 PSYoungGen      total 143872K, used 129504K [0x00000000f5d00000, 0x00000000fff00000, 0x0000000100000000)
  eden space 122880K, 100% used [0x00000000f5d00000,0x00000000fd500000,0x00000000fd500000)
  from space 20992K, 31% used [0x00000000fea80000,0x00000000ff0f8000,0x00000000fff00000)
  to   space 21504K, 0% used [0x00000000fd500000,0x00000000fd500000,0x00000000fea00000)
 ParOldGen       total 334848K, used 247480K [0x00000000e1600000, 0x00000000f5d00000, 0x00000000f5d00000)
  object space 334848K, 73% used [0x00000000e1600000,0x00000000f07ae3e8,0x00000000f5d00000)
 Metaspace       used 51968K, capacity 55532K, committed 55680K, reserved 1097728K
  class space    used 6650K, capacity 7519K, committed 7552K, reserved 1048576K
Event: 997.435 GC heap after
Heap after GC invocations=731 (full 9):
 PSYoungGen      total 144384K, used 6048K [0x00000000f5d00000, 0x0000000100000000, 0x0000000100000000)
  eden space 122880K, 0% used [0x00000000f5d00000,0x00000000f5d00000,0x00000000fd500000)
  from space 21504K, 28% used [0x00000000fd500000,0x00000000fdae8000,0x00000000fea00000)
  to   space 21504K, 0% used [0x00000000feb00000,0x00000000feb00000,0x0000000100000000)
 ParOldGen       total 334848K, used 248048K [0x00000000e1600000, 0x00000000f5d00000, 0x00000000f5d00000)
  object space 334848K, 74% used [0x00000000e1600000,0x00000000f083c3e8,0x00000000f5d00000)
 Metaspace       used 51968K, capacity 55532K, committed 55680K, reserved 1097728K
  class space    used 6650K, capacity 7519K, committed 7552K, reserved 1048576K
}
Event: 997.944 GC heap before
{Heap before GC invocations=732 (full 9):
 PSYoungGen      total 144384K, used 128928K [0x00000000f5d00000, 0x0000000100000000, 0x0000000100000000)
  eden space 122880K, 100% used [0x00000000f5d00000,0x00000000fd500000,0x00000000fd500000)
  from space 21504K, 28% used [0x00000000fd500000,0x00000000fdae8000,0x00000000fea00000)
  to   space 21504K, 0% used [0x00000000feb00000,0x00000000feb00000,0x0000000100000000)
 ParOldGen       total 334848K, used 248048K [0x00000000e1600000, 0x00000000f5d00000, 0x00000000f5d00000)
  object space 334848K, 74% used [0x00000000e1600000,0x00000000f083c3e8,0x00000000f5d00000)
 Metaspace       used 51969K, capacity 55532K, committed 55680K, reserved 1097728K
  class space    used 6650K, capacity 7519K, committed 7552K, reserved 1048576K
Event: 997.954 GC heap after
Heap after GC invocations=732 (full 9):
 PSYoungGen      total 145408K, used 5504K [0x00000000f5d00000, 0x0000000100000000, 0x0000000100000000)
  eden space 123904K, 0% used [0x00000000f5d00000,0x00000000f5d00000,0x00000000fd600000)
  from space 21504K, 25% used [0x00000000feb00000,0x00000000ff060000,0x0000000100000000)
  to   space 21504K, 0% used [0x00000000fd600000,0x00000000fd600000,0x00000000feb00000)
 ParOldGen       total 334848K, used 248472K [0x00000000e1600000, 0x00000000f5d00000, 0x00000000f5d00000)
  object space 334848K, 74% used [0x00000000e1600000,0x00000000f08a63e8,0x00000000f5d00000)
 Metaspace       used 51969K, capacity 55532K, committed 55680K, reserved 1097728K
  class space    used 6650K, capacity 7519K, committed 7552K, reserved 1048576K
}
Event: 998.476 GC heap before
{Heap before GC invocations=733 (full 9):
 PSYoungGen      total 145408K, used 129408K [0x00000000f5d00000, 0x0000000100000000, 0x0000000100000000)
  eden space 123904K, 100% used [0x00000000f5d00000,0x00000000fd600000,0x00000000fd600000)
  from space 21504K, 25% used [0x00000000feb00000,0x00000000ff060000,0x0000000100000000)
  to   space 21504K, 0% used [0x00000000fd600000,0x00000000fd600000,0x00000000feb00000)
 ParOldGen       total 334848K, used 248472K [0x00000000e1600000, 0x00000000f5d00000, 0x00000000f5d00000)
  object space 334848K, 74% used [0x00000000e1600000,0x00000000f08a63e8,0x00000000f5d00000)
 Metaspace       used 51969K, capacity 55532K, committed 55680K, reserved 1097728K
  class space    used 6650K, capacity 7519K, committed 7552K, reserved 1048576K
Event: 998.486 GC heap after
Heap after GC invocations=733 (full 9):
 PSYoungGen      total 129536K, used 5184K [0x00000000f5d00000, 0x00000000fff00000, 0x0000000100000000)
  eden space 123904K, 0% used [0x00000000f5d00000,0x00000000f5d00000,0x00000000fd600000)
  from space 5632K, 92% used [0x00000000fd600000,0x00000000fdb10000,0x00000000fdb80000)
  to   space 20992K, 0% used [0x00000000fea80000,0x00000000fea80000,0x00000000fff00000)
 ParOldGen       total 334848K, used 248952K [0x00000000e1600000, 0x00000000f5d00000, 0x00000000f5d00000)
  object space 334848K, 74% used [0x00000000e1600000,0x00000000f091e3e8,0x00000000f5d00000)
 Metaspace       used 51969K, capacity 55532K, committed 55680K, reserved 1097728K
  class space    used 6650K, capacity 7519K, committed 7552K, reserved 1048576K
}
Event: 999.017 GC heap before
{Heap before GC invocations=734 (full 9):
 PSYoungGen      total 129536K, used 129088K [0x00000000f5d00000, 0x00000000fff00000, 0x0000000100000000)
  eden space 123904K, 100% used [0x00000000f5d00000,0x00000000fd600000,0x00000000fd600000)
  from space 5632K, 92% used [0x00000000fd600000,0x00000000fdb10000,0x00000000fdb80000)
  to   space 20992K, 0% used [0x00000000fea80000,0x00000000fea80000,0x00000000fff00000)
 ParOldGen       total 334848K, used 248952K [0x00000000e1600000, 0x00000000f5d00000, 0x00000000f5d00000)
  object space 334848K, 74% used [0x00000000e1600000,0x00000000f091e3e8,0x00000000f5d00000)
 Metaspace       used 51969K, capacity 55532K, committed 55680K, reserved 1097728K
  class space    used 6650K, capacity 7519K, committed 7552K, reserved 1048576K
Event: 999.026 GC heap after
Heap after GC invocations=734 (full 9):
 PSYoungGen      total 144896K, used 4800K [0x00000000f5d00000, 0x0000000100000000, 0x0000000100000000)
  eden space 123904K, 0% used [0x00000000f5d00000,0x00000000f5d00000,0x00000000fd600000)
  from space 20992K, 22% used [0x00000000fea80000,0x00000000fef30000,0x00000000fff00000)
  to   space 20992K, 0% used [0x00000000fd600000,0x00000000fd600000,0x00000000fea80000)
 ParOldGen       total 334848K, used 249432K [0x00000000e1600000, 0x00000000f5d00000, 0x00000000f5d00000)
  object space 334848K, 74% used [0x00000000e1600000,0x00000000f09963e8,0x00000000f5d00000)
 Metaspace       used 51969K, capacity 55532K, committed 55680K, reserved 1097728K
  class space    used 6650K, capacity 7519K, committed 7552K, reserved 1048576K
}
Event: 999.539 GC heap before
{Heap before GC invocations=735 (full 9):
 PSYoungGen      total 144896K, used 128704K [0x00000000f5d00000, 0x0000000100000000, 0x0000000100000000)
  eden space 123904K, 100% used [0x00000000f5d00000,0x00000000fd600000,0x00000000fd600000)
  from space 20992K, 22% used [0x00000000fea80000,0x00000000fef30000,0x00000000fff00000)
  to   space 20992K, 0% used [0x00000000fd600000,0x00000000fd600000,0x00000000fea80000)
 ParOldGen       total 334848K, used 249432K [0x00000000e1600000, 0x00000000f5d00000, 0x00000000f5d00000)
  object space 334848K, 74% used [0x00000000e1600000,0x00000000f09963e8,0x00000000f5d00000)
 Metaspace       used 51969K, capacity 55532K, committed 55680K, reserved 1097728K
  class space    used 6650K, capacity 7519K, committed 7552K, reserved 1048576K
Event: 999.548 GC heap after
Heap after GC invocations=735 (full 9):
 PSYoungGen      total 144896K, used 4384K [0x00000000f5d00000, 0x00000000fff00000, 0x0000000100000000)
  eden space 123904K, 0% used [0x00000000f5d00000,0x00000000f5d00000,0x00000000fd600000)
  from space 20992K, 20% used [0x00000000fd600000,0x00000000fda48000,0x00000000fea80000)
  to   space 20480K, 0% used [0x00000000feb00000,0x00000000feb00000,0x00000000fff00000)
 ParOldGen       total 334848K, used 249920K [0x00000000e1600000, 0x00000000f5d00000, 0x00000000f5d00000)
  object space 334848K, 74% used [0x00000000e1600000,0x00000000f0a103e8,0x00000000f5d00000)
 Metaspace       used 51969K, capacity 55532K, committed 55680K, reserved 1097728K
  class space    used 6650K, capacity 7519K, committed 7552K, reserved 1048576K
}
Event: 1000.083 GC heap before
{Heap before GC invocations=736 (full 9):
 PSYoungGen      total 144896K, used 128288K [0x00000000f5d00000, 0x00000000fff00000, 0x0000000100000000)
  eden space 123904K, 100% used [0x00000000f5d00000,0x00000000fd600000,0x00000000fd600000)
  from space 20992K, 20% used [0x00000000fd600000,0x00000000fda48000,0x00000000fea80000)
  to   space 20480K, 0% used [0x00000000feb00000,0x00000000feb00000,0x00000000fff00000)
 ParOldGen       total 334848K, used 249920K [0x00000000e1600000, 0x00000000f5d00000, 0x00000000f5d00000)
  object space 334848K, 74% used [0x00000000e1600000,0x00000000f0a103e8,0x00000000f5d00000)
 Metaspace       used 51969K, capacity 55532K, committed 55680K, reserved 1097728K
  class space    used 6650K, capacity 7519K, committed 7552K, reserved 1048576K
Event: 1000.094 GC heap after
Heap after GC invocations=736 (full 9):
 PSYoungGen      total 145408K, used 3776K [0x00000000f5d00000, 0x00000000ffe80000, 0x0000000100000000)
  eden space 125440K, 0% used [0x00000000f5d00000,0x00000000f5d00000,0x00000000fd780000)
  from space 19968K, 18% used [0x00000000feb00000,0x00000000feeb0000,0x00000000ffe80000)
  to   space 19968K, 0% used [0x00000000fd780000,0x00000000fd780000,0x00000000feb00000)
 ParOldGen       total 334848K, used 250696K [0x00000000e1600000, 0x00000000f5d00000, 0x00000000f5d00000)
  object space 334848K, 74% used [0x00000000e1600000,0x00000000f0ad23e8,0x00000000f5d00000)
 Metaspace       used 51969K, capacity 55532K, committed 55680K, reserved 1097728K
  class space    used 6650K, capacity 7519K, committed 7552K, reserved 1048576K
}
Event: 1000.622 GC heap before
{Heap before GC invocations=737 (full 9):
 PSYoungGen      total 145408K, used 129216K [0x00000000f5d00000, 0x00000000ffe80000, 0x0000000100000000)
  eden space 125440K, 100% used [0x00000000f5d00000,0x00000000fd780000,0x00000000fd780000)
  from space 19968K, 18% used [0x00000000feb00000,0x00000000feeb0000,0x00000000ffe80000)
  to   space 19968K, 0% used [0x00000000fd780000,0x00000000fd780000,0x00000000feb00000)
 ParOldGen       total 334848K, used 250696K [0x00000000e1600000, 0x00000000f5d00000, 0x00000000f5d00000)
  object space 334848K, 74% used [0x00000000e1600000,0x00000000f0ad23e8,0x00000000f5d00000)
 Metaspace       used 51969K, capacity 55532K, committed 55680K, reserved 1097728K
  class space    used 6650K, capacity 7519K, committed 7552K, reserved 1048576K
Event: 1000.630 GC heap after
Heap after GC invocations=737 (full 9):
 PSYoungGen      total 145408K, used 3584K [0x00000000f5d00000, 0x0000000100000000, 0x0000000100000000)
  eden space 125440K, 0% used [0x00000000f5d00000,0x00000000f5d00000,0x00000000fd780000)
  from space 19968K, 17% used [0x00000000fd780000,0x00000000fdb00000,0x00000000feb00000)
  to   space 19968K, 0% used [0x00000000fec80000,0x00000000fec80000,0x0000000100000000)
 ParOldGen       total 334848K, used 250912K [0x00000000e1600000, 0x00000000f5d00000, 0x00000000f5d00000)
  object space 334848K, 74% used [0x00000000e1600000,0x00000000f0b083e8,0x00000000f5d00000)
 Metaspace       used 51969K, capacity 55532K, committed 55680K, reserved 1097728K
  class space    used 6650K, capacity 7519K, committed 7552K, reserved 1048576K
}
Event: 1001.167 GC heap before
{Heap before GC invocations=738 (full 9):
 PSYoungGen      total 145408K, used 129024K [0x00000000f5d00000, 0x0000000100000000, 0x0000000100000000)
  eden space 125440K, 100% used [0x00000000f5d00000,0x00000000fd780000,0x00000000fd780000)
  from space 19968K, 17% used [0x00000000fd780000,0x00000000fdb00000,0x00000000feb00000)
  to   space 19968K, 0% used [0x00000000fec80000,0x00000000fec80000,0x0000000100000000)
 ParOldGen       total 334848K, used 250912K [0x00000000e1600000, 0x00000000f5d00000, 0x00000000f5d00000)
  object space 334848K, 74% used [0x00000000e1600000,0x00000000f0b083e8,0x00000000f5d00000)
 Metaspace       used 51969K, capacity 55532K, committed 55680K, reserved 1097728K
  class space    used 6650K, capacity 7519K, committed 7552K, reserved 1048576K
Event: 1001.174 GC heap after
Heap after GC invocations=738 (full 9):
 PSYoungGen      total 145920K, used 3360K [0x00000000f5d00000, 0x00000000fff00000, 0x0000000100000000)
  eden space 126976K, 0% used [0x00000000f5d00000,0x00000000f5d00000,0x00000000fd900000)
  from space 18944K, 17% used [0x00000000fec80000,0x00000000fefc8000,0x00000000fff00000)
  to   space 19456K, 0% used [0x00000000fd900000,0x00000000fd900000,0x00000000fec00000)
 ParOldGen       total 334848K, used 251192K [0x00000000e1600000, 0x00000000f5d00000, 0x00000000f5d00000)
  object space 334848K, 75% used [0x00000000e1600000,0x00000000f0b4e3e8,0x00000000f5d00000)
 Metaspace       used 51969K, capacity 55532K, committed 55680K, reserved 1097728K
  class space    used 6650K, capacity 7519K, committed 7552K, reserved 1048576K
}
Event: 1001.715 GC heap before
{Heap before GC invocations=739 (full 9):
 PSYoungGen      total 145920K, used 130336K [0x00000000f5d00000, 0x00000000fff00000, 0x0000000100000000)
  eden space 126976K, 100% used [0x00000000f5d00000,0x00000000fd900000,0x00000000fd900000)
  from space 18944K, 17% used [0x00000000fec80000,0x00000000fefc8000,0x00000000fff00000)
  to   space 19456K, 0% used [0x00000000fd900000,0x00000000fd900000,0x00000000fec00000)
 ParOldGen       total 334848K, used 251192K [0x00000000e1600000, 0x00000000f5d00000, 0x00000000f5d00000)
  object space 334848K, 75% used [0x00000000e1600000,0x00000000f0b4e3e8,0x00000000f5d00000)
 Metaspace       used 51970K, capacity 55532K, committed 55680K, reserved 1097728K
  class space    used 6650K, capacity 7519K, committed 7552K, reserved 1048576K
Event: 1001.723 GC heap after
Heap after GC invocations=739 (full 9):
 PSYoungGen      total 146432K, used 3136K [0x00000000f5d00000, 0x00000000fff80000, 0x0000000100000000)
  eden space 126976K, 0% used [0x00000000f5d00000,0x00000000f5d00000,0x00000000fd900000)
  from space 19456K, 16% used [0x00000000fd900000,0x00000000fdc10000,0x00000000fec00000)
  to   space 18944K, 0% used [0x00000000fed00000,0x00000000fed00000,0x00000000fff80000)
 ParOldGen       total 334848K, used 251448K [0x00000000e1600000, 0x00000000f5d00000, 0x00000000f5d00000)
  object space 334848K, 75% used [0x00000000e1600000,0x00000000f0b8e3e8,0x00000000f5d00000)
 Metaspace       used 51970K, capacity 55532K, committed 55680K, reserved 1097728K
  class space    used 6650K, capacity 7519K, committed 7552K, reserved 1048576K
}
Event: 1002.262 GC heap before
{Heap before GC invocations=740 (full 9):
 PSYoungGen      total 146432K, used 130112K [0x00000000f5d00000, 0x00000000fff80000, 0x0000000100000000)
  eden space 126976K, 100% used [0x00000000f5d00000,0x00000000fd900000,0x00000000fd900000)
  from space 19456K, 16% used [0x00000000fd900000,0x00000000fdc10000,0x00000000fec00000)
  to   space 18944K, 0% used [0x00000000fed00000,0x00000000fed00000,0x00000000fff80000)
 ParOldGen       total 334848K, used 251448K [0x00000000e1600000, 0x00000000f5d00000, 0x00000000f5d00000)
  object space 334848K, 75% used [0x00000000e1600000,0x00000000f0b8e3e8,0x00000000f5d00000)
 Metaspace       used 51970K, capacity 55532K, committed 55680K, reserved 1097728K
  class space    used 6650K, capacity 7519K, committed 7552K, reserved 1048576K
Event: 1002.269 GC heap after
Heap after GC invocations=740 (full 9):
 PSYoungGen      total 146432K, used 3040K [0x00000000f5d00000, 0x00000000ffe80000, 0x0000000100000000)
  eden space 128512K, 0% used [0x00000000f5d00000,0x00000000f5d00000,0x00000000fda80000)
  from space 17920K, 16% used [0x00000000fed00000,0x00000000feff8000,0x00000000ffe80000)
  to   space 18432K, 0% used [0x00000000fda80000,0x00000000fda80000,0x00000000fec80000)
 ParOldGen       total 334848K, used 251640K [0x00000000e1600000, 0x00000000f5d00000, 0x00000000f5d00000)
  object space 334848K, 75% used [0x00000000e1600000,0x00000000f0bbe3e8,0x00000000f5d00000)
 Metaspace       used 51970K, capacity 55532K, committed 55680K, reserved 1097728K
  class space    used 6650K, capacity 7519K, committed 7552K, reserved 1048576K
}
Event: 1002.790 GC heap before
{Heap before GC invocations=741 (full 9):
 PSYoungGen      total 146432K, used 131552K [0x00000000f5d00000, 0x00000000ffe80000, 0x0000000100000000)
  eden space 128512K, 100% used [0x00000000f5d00000,0x00000000fda80000,0x00000000fda80000)
  from space 17920K, 16% used [0x00000000fed00000,0x00000000feff8000,0x00000000ffe80000)
  to   space 18432K, 0% used [0x00000000fda80000,0x00000000fda80000,0x00000000fec80000)
 ParOldGen       total 334848K, used 251640K [0x00000000e1600000, 0x00000000f5d00000, 0x00000000f5d00000)
  object space 334848K, 75% used [0x00000000e1600000,0x00000000f0bbe3e8,0x00000000f5d00000)
 Metaspace       used 51970K, capacity 55532K, committed 55680K, reserved 1097728K
  class space    used 6650K, capacity 7519K, committed 7552K, reserved 1048576K
Event: 1002.797 GC heap after
Heap after GC invocations=741 (full 9):
 PSYoungGen      total 146944K, used 2944K [0x00000000f5d00000, 0x00000000fff80000, 0x0000000100000000)
  eden space 128512K, 0% used [0x00000000f5d00000,0x00000000f5d00000,0x00000000fda80000)
  from space 18432K, 15% used [0x00000000fda80000,0x00000000fdd60000,0x00000000fec80000)
  to   space 17920K, 0% used [0x00000000fee00000,0x00000000fee00000,0x00000000fff80000)
 ParOldGen       total 334848K, used 251848K [0x00000000e1600000, 0x00000000f5d00000, 0x00000000f5d00000)
  object space 334848K, 75% used [0x00000000e1600000,0x00000000f0bf23e8,0x00000000f5d00000)
 Metaspace       used 51970K, capacity 55532K, committed 55680K, reserved 1097728K
  class space    used 6650K, capacity 7519K, committed 7552K, reserved 1048576K
}
Event: 1003.366 GC heap before
{Heap before GC invocations=742 (full 9):
 PSYoungGen      total 146944K, used 131456K [0x00000000f5d00000, 0x00000000fff80000, 0x0000000100000000)
  eden space 128512K, 100% used [0x00000000f5d00000,0x00000000fda80000,0x00000000fda80000)
  from space 18432K, 15% used [0x00000000fda80000,0x00000000fdd60000,0x00000000fec80000)
  to   space 17920K, 0% used [0x00000000fee00000,0x00000000fee00000,0x00000000fff80000)
 ParOldGen       total 334848K, used 251848K [0x00000000e1600000, 0x00000000f5d00000, 0x00000000f5d00000)
  object space 334848K, 75% used [0x00000000e1600000,0x00000000f0bf23e8,0x00000000f5d00000)
 Metaspace       used 51970K, capacity 55532K, committed 55680K, reserved 1097728K
  class space    used 6650K, capacity 7519K, committed 7552K, reserved 1048576K
Event: 1003.373 GC heap after
Heap after GC invocations=742 (full 9):
 PSYoungGen      total 147456K, used 2784K [0x00000000f5d00000, 0x00000000ffe80000, 0x0000000100000000)
  eden space 130560K, 0% used [0x00000000f5d00000,0x00000000f5d00000,0x00000000fdc80000)
  from space 16896K, 16% used [0x00000000fee00000,0x00000000ff0b8000,0x00000000ffe80000)
  to   space 17408K, 0% used [0x00000000fdc80000,0x00000000fdc80000,0x00000000fed80000)
 ParOldGen       total 334848K, used 252072K [0x00000000e1600000, 0x00000000f5d00000, 0x00000000f5d00000)
  object space 334848K, 75% used [0x00000000e1600000,0x00000000f0c2a3e8,0x00000000f5d00000)
 Metaspace       used 51970K, capacity 55532K, committed 55680K, reserved 1097728K
  class space    used 6650K, capacity 7519K, committed 7552K, reserved 1048576K
}
Event: 1003.926 GC heap before
{Heap before GC invocations=743 (full 9):
 PSYoungGen      total 147456K, used 133344K [0x00000000f5d00000, 0x00000000ffe80000, 0x0000000100000000)
  eden space 130560K, 100% used [0x00000000f5d00000,0x00000000fdc80000,0x00000000fdc80000)
  from space 16896K, 16% used [0x00000000fee00000,0x00000000ff0b8000,0x00000000ffe80000)
  to   space 17408K, 0% used [0x00000000fdc80000,0x00000000fdc80000,0x00000000fed80000)
 ParOldGen       total 334848K, used 252072K [0x00000000e1600000, 0x00000000f5d00000, 0x00000000f5d00000)
  object space 334848K, 75% used [0x00000000e1600000,0x00000000f0c2a3e8,0x00000000f5d00000)
 Metaspace       used 51970K, capacity 55532K, committed 55680K, reserved 1097728K
  class space    used 6650K, capacity 7519K, committed 7552K, reserved 1048576K
Event: 1003.934 GC heap after
Heap after GC invocations=743 (full 9):
 PSYoungGen      total 147968K, used 2720K [0x00000000f5d00000, 0x00000000fff80000, 0x0000000100000000)
  eden space 130560K, 0% used [0x00000000f5d00000,0x00000000f5d00000,0x00000000fdc80000)
  from space 17408K, 15% used [0x00000000fdc80000,0x00000000fdf28000,0x00000000fed80000)
  to   space 16896K, 0% used [0x00000000fef00000,0x00000000fef00000,0x00000000fff80000)
 ParOldGen       total 334848K, used 252248K [0x00000000e1600000, 0x00000000f5d00000, 0x00000000f5d00000)
  object space 334848K, 75% used [0x00000000e1600000,0x00000000f0c563e8,0x00000000f5d00000)
 Metaspace       used 51970K, capacity 55532K, committed 55680K, reserved 1097728K
  class space    used 6650K, capacity 7519K, committed 7552K, reserved 1048576K
}
Event: 1004.487 GC heap before
{Heap before GC invocations=744 (full 9):
 PSYoungGen      total 147968K, used 133280K [0x00000000f5d00000, 0x00000000fff80000, 0x0000000100000000)
  eden space 130560K, 100% used [0x00000000f5d00000,0x00000000fdc80000,0x00000000fdc80000)
  from space 17408K, 15% used [0x00000000fdc80000,0x00000000fdf28000,0x00000000fed80000)
  to   space 16896K, 0% used [0x00000000fef00000,0x00000000fef00000,0x00000000fff80000)
 ParOldGen       total 334848K, used 252248K [0x00000000e1600000, 0x00000000f5d00000, 0x00000000f5d00000)
  object space 334848K, 75% used [0x00000000e1600000,0x00000000f0c563e8,0x00000000f5d00000)
 Metaspace       used 51970K, capacity 55532K, committed 55680K, reserved 1097728K
  class space    used 6650K, capacity 7519K, committed 7552K, reserved 1048576K
Event: 1004.502 GC heap after
Heap after GC invocations=744 (full 9):
 PSYoungGen      total 147456K, used 2912K [0x00000000f5d00000, 0x00000000ffd80000, 0x0000000100000000)
  eden space 132608K, 0% used [0x00000000f5d00000,0x00000000f5d00000,0x00000000fde80000)
  from space 14848K, 19% used [0x00000000fef00000,0x00000000ff1d8000,0x00000000ffd80000)
  to   space 15872K, 0% used [0x00000000fde80000,0x00000000fde80000,0x00000000fee00000)
 ParOldGen       total 334848K, used 252328K [0x00000000e1600000, 0x00000000f5d00000, 0x00000000f5d00000)
  object space 334848K, 75% used [0x00000000e1600000,0x00000000f0c6a3e8,0x00000000f5d00000)
 Metaspace       used 51970K, capacity 55532K, committed 55680K, reserved 1097728K
  class space    used 6650K, capacity 7519K, committed 7552K, reserved 1048576K
}
Event: 1005.060 GC heap before
{Heap before GC invocations=745 (full 9):
 PSYoungGen      total 147456K, used 135520K [0x00000000f5d00000, 0x00000000ffd80000, 0x0000000100000000)
  eden space 132608K, 100% used [0x00000000f5d00000,0x00000000fde80000,0x00000000fde80000)
  from space 14848K, 19% used [0x00000000fef00000,0x00000000ff1d8000,0x00000000ffd80000)
  to   space 15872K, 0% used [0x00000000fde80000,0x00000000fde80000,0x00000000fee00000)
 ParOldGen       total 334848K, used 252328K [0x00000000e1600000, 0x00000000f5d00000, 0x00000000f5d00000)
  object space 334848K, 75% used [0x00000000e1600000,0x00000000f0c6a3e8,0x00000000f5d00000)
 Metaspace       used 51970K, capacity 55532K, committed 55680K, reserved 1097728K
  class space    used 6650K, capacity 7519K, committed 7552K, reserved 1048576K
Event: 1005.079 GC heap after
Heap after GC invocations=745 (full 9):
 PSYoungGen      total 148480K, used 3040K [0x00000000f5d00000, 0x0000000100000000, 0x0000000100000000)
  eden space 132608K, 0% used [0x00000000f5d00000,0x00000000f5d00000,0x00000000fde80000)
  from space 15872K, 19% used [0x00000000fde80000,0x00000000fe178000,0x00000000fee00000)
  to   space 15360K, 0% used [0x00000000ff100000,0x00000000ff100000,0x0000000100000000)
 ParOldGen       total 334848K, used 252400K [0x00000000e1600000, 0x00000000f5d00000, 0x00000000f5d00000)
  object space 334848K, 75% used [0x00000000e1600000,0x00000000f0c7c3e8,0x00000000f5d00000)
 Metaspace       used 51970K, capacity 55532K, committed 55680K, reserved 1097728K
  class space    used 6650K, capacity 7519K, committed 7552K, reserved 1048576K
}
Event: 1005.627 GC heap before
{Heap before GC invocations=746 (full 9):
 PSYoungGen      total 148480K, used 135648K [0x00000000f5d00000, 0x0000000100000000, 0x0000000100000000)
  eden space 132608K, 100% used [0x00000000f5d00000,0x00000000fde80000,0x00000000fde80000)
  from space 15872K, 19% used [0x00000000fde80000,0x00000000fe178000,0x00000000fee00000)
  to   space 15360K, 0% used [0x00000000ff100000,0x00000000ff100000,0x0000000100000000)
 ParOldGen       total 334848K, used 252400K [0x00000000e1600000, 0x00000000f5d00000, 0x00000000f5d00000)
  object space 334848K, 75% used [0x00000000e1600000,0x00000000f0c7c3e8,0x00000000f5d00000)
 Metaspace       used 51970K, capacity 55532K, committed 55680K, reserved 1097728K
  class space    used 6650K, capacity 7519K, committed 7552K, reserved 1048576K
Event: 1005.641 GC heap after
Heap after GC invocations=746 (full 9):
 PSYoungGen      total 149504K, used 3040K [0x00000000f5d00000, 0x00000000ffe80000, 0x0000000100000000)
  eden space 135680K, 0% used [0x00000000f5d00000,0x00000000f5d00000,0x00000000fe180000)
  from space 13824K, 21% used [0x00000000ff100000,0x00000000ff3f8000,0x00000000ffe80000)
  to   space 14848K, 0% used [0x00000000fe180000,0x00000000fe180000,0x00000000ff000000)
 ParOldGen       total 334848K, used 252528K [0x00000000e1600000, 0x00000000f5d00000, 0x00000000f5d00000)
  object space 334848K, 75% used [0x00000000e1600000,0x00000000f0c9c3e8,0x00000000f5d00000)
 Metaspace       used 51970K, capacity 55532K, committed 55680K, reserved 1097728K
  class space    used 6650K, capacity 7519K, committed 7552K, reserved 1048576K
}
Event: 1006.204 GC heap before
{Heap before GC invocations=747 (full 9):
 PSYoungGen      total 149504K, used 138720K [0x00000000f5d00000, 0x00000000ffe80000, 0x0000000100000000)
  eden space 135680K, 100% used [0x00000000f5d00000,0x00000000fe180000,0x00000000fe180000)
  from space 13824K, 21% used [0x00000000ff100000,0x00000000ff3f8000,0x00000000ffe80000)
  to   space 14848K, 0% used [0x00000000fe180000,0x00000000fe180000,0x00000000ff000000)
 ParOldGen       total 334848K, used 252528K [0x00000000e1600000, 0x00000000f5d00000, 0x00000000f5d00000)
  object space 334848K, 75% used [0x00000000e1600000,0x00000000f0c9c3e8,0x00000000f5d00000)
 Metaspace       used 51970K, capacity 55532K, committed 55680K, reserved 1097728K
  class space    used 6650K, capacity 7519K, committed 7552K, reserved 1048576K
Event: 1006.224 GC heap after
Heap after GC invocations=747 (full 9):
 PSYoungGen      total 150528K, used 2976K [0x00000000f5d00000, 0x00000000fff00000, 0x0000000100000000)
  eden space 135680K, 0% used [0x00000000f5d00000,0x00000000f5d00000,0x00000000fe180000)
  from space 14848K, 20% used [0x00000000fe180000,0x00000000fe468000,0x00000000ff000000)
  to   space 13824K, 0% used [0x00000000ff180000,0x00000000ff180000,0x00000000fff00000)
 ParOldGen       total 334848K, used 252656K [0x00000000e1600000, 0x00000000f5d00000, 0x00000000f5d00000)
  object space 334848K, 75% used [0x00000000e1600000,0x00000000f0cbc3e8,0x00000000f5d00000)
 Metaspace       used 51970K, capacity 55532K, committed 55680K, reserved 1097728K
  class space    used 6650K, capacity 7519K, committed 7552K, reserved 1048576K
}
Event: 1006.811 GC heap before
{Heap before GC invocations=748 (full 9):
 PSYoungGen      total 150528K, used 138656K [0x00000000f5d00000, 0x00000000fff00000, 0x0000000100000000)
  eden space 135680K, 100% used [0x00000000f5d00000,0x00000000fe180000,0x00000000fe180000)
  from space 14848K, 20% used [0x00000000fe180000,0x00000000fe468000,0x00000000ff000000)
  to   space 13824K, 0% used [0x00000000ff180000,0x00000000ff180000,0x00000000fff00000)
 ParOldGen       total 334848K, used 252656K [0x00000000e1600000, 0x00000000f5d00000, 0x00000000f5d00000)
  object space 334848K, 75% used [0x00000000e1600000,0x00000000f0cbc3e8,0x00000000f5d00000)
 Metaspace       used 51970K, capacity 55532K, committed 55680K, reserved 1097728K
  class space    used 6650K, capacity 7519K, committed 7552K, reserved 1048576K
Event: 1006.872 GC heap after
Heap after GC invocations=748 (full 9):
 PSYoungGen      total 151040K, used 2944K [0x00000000f5d00000, 0x00000000ffe00000, 0x0000000100000000)
  eden space 138240K, 0% used [0x00000000f5d00000,0x00000000f5d00000,0x00000000fe400000)
  from space 12800K, 23% used [0x00000000ff180000,0x00000000ff460000,0x00000000ffe00000)
  to   space 13312K, 0% used [0x00000000fe400000,0x00000000fe400000,0x00000000ff100000)
 ParOldGen       total 334848K, used 252840K [0x00000000e1600000, 0x00000000f5d00000, 0x00000000f5d00000)
  object space 334848K, 75% used [0x00000000e1600000,0x00000000f0cea3e8,0x00000000f5d00000)
 Metaspace       used 51970K, capacity 55532K, committed 55680K, reserved 1097728K
  class space    used 6650K, capacity 7519K, committed 7552K, reserved 1048576K
}
Event: 1007.536 GC heap before
{Heap before GC invocations=749 (full 9):
 PSYoungGen      total 151040K, used 141184K [0x00000000f5d00000, 0x00000000ffe00000, 0x0000000100000000)
  eden space 138240K, 100% used [0x00000000f5d00000,0x00000000fe400000,0x00000000fe400000)
  from space 12800K, 23% used [0x00000000ff180000,0x00000000ff460000,0x00000000ffe00000)
  to   space 13312K, 0% used [0x00000000fe400000,0x00000000fe400000,0x00000000ff100000)
 ParOldGen       total 334848K, used 252840K [0x00000000e1600000, 0x00000000f5d00000, 0x00000000f5d00000)
  object space 334848K, 75% used [0x00000000e1600000,0x00000000f0cea3e8,0x00000000f5d00000)
 Metaspace       used 51970K, capacity 55532K, committed 55680K, reserved 1097728K
  class space    used 6650K, capacity 7519K, committed 7552K, reserved 1048576K

